2024-09-25 14:50:59,775 Coefficient beta: 0.0000
2024-09-25 14:50:59,763 nqd:  2 even [-2. -1. -1. -1.  1.]
2024-09-25 14:50:59,763 nqb:  4 even [-2.00000000e+00 -1.00000000e+00 -1.00000000e+00 -1.00000000e+00 -1.24214405e-16]
2024-09-25 14:50:59,794 nqd:  3  odd [-3. -3. -3. -2. -1.]
2024-09-25 14:50:59,794 nqb:  6  odd [-3. -3. -3. -2. -2.]
2024-09-25 14:50:59,831 nqd:  4 even [-4.64575131 -4.13658152 -4.13658152 -4.13658152 -2.79128785]
2024-09-25 14:50:59,831 nqb:  8 even [-4.64575131 -4.13658152 -4.13658152 -4.13658152 -3.        ]
2024-09-25 14:50:59,917 nqd:  5  odd [-5.83021252 -5.83021252 -5.83021252 -5.28356705 -4.40526186]
2024-09-25 14:50:59,917 nqb: 10  odd [-5.83021252 -5.83021252 -5.83021252 -5.28356705 -4.64575131]
2024-09-25 14:51:00,109 nqd:  6 even [-7.37027497 -7.06248941 -7.06248941 -7.06248941 -6.0185334 ]
2024-09-25 14:51:00,109 nqb: 12 even [-7.37027497 -7.06248941 -7.06248941 -7.06248941 -6.0185334 ]
2024-09-25 14:51:00,585 nqd:  7  odd [-8.63453198 -8.63453198 -8.63453198 -8.30357642 -7.52385106]
2024-09-25 14:51:00,586 nqb: 14  odd [-8.63453198 -8.63453198 -8.63453198 -8.30357642 -7.52385106]
2024-09-25 14:51:02,987 nqd:  8 even [-10.12463722  -9.92275855  -9.92275855  -9.92275855  -9.04914106]
2024-09-25 14:51:02,987 nqb: 16 even [-10.12463722  -9.92275855  -9.92275855  -9.92275855  -9.04914106]
2024-09-25 14:51:14,973 nqd:  9  odd [-11.43293164 -11.43293164 -11.43293164 -11.22022865 -10.51108839]
2024-09-25 14:51:14,973 nqb: 18  odd [-11.43293164 -11.43293164 -11.43293164 -11.22022865 -10.51108839]
2024-09-25 14:52:12,927 nqd: 10 even [-12.89456013 -12.7562292  -12.7562292  -12.7562292  -11.99072611]
2024-09-25 14:52:12,927 nqb: 20 even [-12.89456013 -12.7562292  -12.7562292  -12.7562292  -11.99072611]
2024-09-25 14:54:53,497 Coefficient beta: -0.3333
2024-09-25 14:54:53,507 nqd:  2 even [-0.66666667 -0.66666667 -0.66666667 -0.66666667  1.33333333]
2024-09-25 14:54:53,507 nqb:  4 even [-6.66666667e-01 -6.66666667e-01 -6.66666667e-01 -6.66666667e-01 -9.46343583e-24]
2024-09-25 14:54:53,527 nqd:  3  odd [-1.33333333 -1.33333333 -1.33333333 -1.33333333 -0.33333333]
2024-09-25 14:54:53,527 nqb:  6  odd [-1.33333333 -1.33333333 -1.33333333 -1.33333333 -0.66666667]
2024-09-25 14:54:53,579 nqd:  4 even [-2.         -2.         -2.         -2.         -1.10208827]
2024-09-25 14:54:53,579 nqb:  8 even [-2.         -2.         -2.         -2.         -1.33333333]
2024-09-25 14:54:53,709 nqd:  5  odd [-2.66666667 -2.66666667 -2.66666667 -2.66666667 -1.84018705]
2024-09-25 14:54:53,709 nqb: 10  odd [-2.66666667 -2.66666667 -2.66666667 -2.66666667 -2.        ]
2024-09-25 14:54:53,970 nqd:  6 even [-3.33333333 -3.33333333 -3.33333333 -3.33333333 -2.53643087]
2024-09-25 14:54:53,970 nqb: 12 even [-3.33333333 -3.33333333 -3.33333333 -3.33333333 -2.66666667]
2024-09-25 14:54:54,718 nqd:  7  odd [-4.         -4.         -4.         -4.         -3.22680947]
2024-09-25 14:54:54,718 nqb: 14  odd [-4.         -4.         -4.         -4.         -3.33333333]
2024-09-25 14:54:58,147 nqd:  8 even [-4.66666667 -4.66666667 -4.66666667 -4.66666667 -3.9079684 ]
2024-09-25 14:54:58,147 nqb: 16 even [-4.66666667 -4.66666667 -4.66666667 -4.66666667 -4.        ]
2024-09-25 14:55:13,781 nqd:  9  odd [-5.33333333 -5.33333333 -5.33333333 -5.33333333 -4.58566774]
2024-09-25 14:55:13,781 nqb: 18  odd [-5.33333333 -5.33333333 -5.33333333 -5.33333333 -4.66666667]
2024-09-25 15:00:45,760 Coefficient beta: -0.3000
2024-09-25 15:00:45,770 nqd:  2 even [-0.8 -0.7 -0.7 -0.7  1.3]
2024-09-25 15:00:45,771 nqb:  4 even [-8.00000000e-01 -7.00000000e-01 -7.00000000e-01 -7.00000000e-01 -7.74448523e-17]
2024-09-25 15:00:45,788 nqd:  3  odd [-1.48743421 -1.48743421 -1.48743421 -1.4        -0.4       ]
2024-09-25 15:00:45,789 nqb:  6  odd [-1.48743421 -1.48743421 -1.48743421 -1.4        -0.8       ]
2024-09-25 15:00:45,839 nqd:  4 even [-2.23303746 -2.19365799 -2.19365799 -2.19365799 -1.24697092]
2024-09-25 15:00:45,839 nqb:  8 even [-2.23303746 -2.19365799 -2.19365799 -2.19365799 -1.48743421]
2024-09-25 15:00:45,942 nqd:  5  odd [-2.94425491 -2.94425491 -2.94425491 -2.92103044 -2.08510431]
2024-09-25 15:00:45,943 nqb: 10  odd [-2.94425491 -2.94425491 -2.94425491 -2.92103044 -2.23303746]
2024-09-25 15:00:46,192 nqd:  6 even [-3.68159428 -3.66998601 -3.66998601 -3.66998601 -2.8576759 ]
2024-09-25 15:00:46,192 nqb: 12 even [-3.68159428 -3.66998601 -3.66998601 -3.66998601 -2.94425491]
2024-09-25 15:00:46,796 nqd:  7  odd [-4.40869948 -4.40869948 -4.40869948 -4.40233539 -3.62851593]
2024-09-25 15:00:46,796 nqb: 14  odd [-4.40869948 -4.40869948 -4.40869948 -4.40233539 -3.68159428]
2024-09-25 15:00:49,710 nqd:  8 even [-5.14375807 -5.1404479  -5.1404479  -5.1404479  -4.38252295]
2024-09-25 15:00:49,710 nqb: 16 even [-5.14375807 -5.1404479  -5.1404479  -5.1404479  -4.40869948]
2024-09-25 15:01:07,423 nqd:  9  odd [-5.875868   -5.875868   -5.875868   -5.87409423 -5.13398039]
2024-09-25 15:01:07,423 nqb: 18  odd [-5.875868   -5.875868   -5.875868   -5.87409423 -5.14375807]
2024-09-25 15:02:56,364 nqd: 10 even [-6.61026985 -6.60933504 -6.60933504 -6.60933504 -5.8796631 ]
2024-09-25 15:02:56,365 nqb: 20 even [-6.61026985 -6.60933504 -6.60933504 -6.60933504 -5.8796631 ]
2024-09-25 15:02:56,365 Coefficient beta: -0.4000
2024-09-25 15:02:56,399 nqd:  2 even [-0.6 -0.6 -0.6 -0.4  1.4]
2024-09-25 15:02:56,399 nqb:  4 even [-6.00000000e-01 -6.00000000e-01 -6.00000000e-01 -4.00000000e-01 -1.39658702e-24]
2024-09-25 15:02:56,418 nqd:  3  odd [-1.2        -1.03578167 -1.03578167 -1.03578167 -0.2       ]
2024-09-25 15:02:56,418 nqb:  6  odd [-1.2        -1.03578167 -1.03578167 -1.03578167 -0.6       ]
2024-09-25 15:02:56,460 nqd:  4 even [-1.63659003 -1.63659003 -1.63659003 -1.56106511 -0.82525122]
2024-09-25 15:02:56,460 nqb:  8 even [-1.63659003 -1.63659003 -1.63659003 -1.56106511 -1.2       ]
2024-09-25 15:02:56,567 nqd:  5  odd [-2.16443779 -2.15385343 -2.15385343 -2.15385343 -1.36122954]
2024-09-25 15:02:56,567 nqb: 10  odd [-2.16443779 -2.15385343 -2.15385343 -2.15385343 -1.63659003]
2024-09-25 15:02:56,830 nqd:  6 even [-2.69867535 -2.69149696 -2.69149696 -2.69149696 -1.9148995 ]
2024-09-25 15:02:56,830 nqb: 12 even [-2.69867535 -2.69149696 -2.69149696 -2.69149696 -2.16443779]
2024-09-25 15:02:57,367 nqd:  7  odd [-3.23179975 -3.23179975 -3.23179975 -3.22464708 -2.45383589]
2024-09-25 15:02:57,367 nqb: 14  odd [-3.23179975 -3.23179975 -3.22464708 -2.69867535 -2.69149696]
2024-09-25 15:03:00,023 nqd:  8 even [-3.76931741 -3.76592826 -3.76592826 -3.76592826 -2.99373329]
2024-09-25 15:03:00,023 nqb: 16 even [-3.76931741 -3.76592826 -3.76592826 -3.76592826 -3.23179975]
2024-09-25 15:03:10,541 nqd:  9  odd [-4.3037469  -4.3037469  -4.3037469  -4.30289757 -3.53285499]
2024-09-25 15:03:10,541 nqb: 18  odd [-4.3037469  -4.3037469  -4.30289757 -3.76931741 -3.76592826]
2024-09-25 15:04:00,495 nqd: 10 even [-4.84032151 -4.84032151 -4.84032151 -4.84019018 -4.07050541]
2024-09-25 15:04:00,495 nqb: 20 even [-4.84032151 -4.84032151 -4.84019018 -4.3037469  -4.30289757]
