2024-09-25 14:50:59,775 Coefficient beta: 0.0000
2024-09-25 14:50:59,763 nqd:  2 even [-2. -1. -1. -1.  1.]
2024-09-25 14:50:59,763 nqb:  4 even [-2.00000000e+00 -1.00000000e+00 -1.00000000e+00 -1.00000000e+00 -1.24214405e-16]
2024-09-25 14:50:59,794 nqd:  3  odd [-3. -3. -3. -2. -1.]
2024-09-25 14:50:59,794 nqb:  6  odd [-3. -3. -3. -2. -2.]
2024-09-25 14:50:59,831 nqd:  4 even [-4.64575131 -4.13658152 -4.13658152 -4.13658152 -2.79128785]
2024-09-25 14:50:59,831 nqb:  8 even [-4.64575131 -4.13658152 -4.13658152 -4.13658152 -3.        ]
2024-09-25 14:50:59,917 nqd:  5  odd [-5.83021252 -5.83021252 -5.83021252 -5.28356705 -4.40526186]
2024-09-25 14:50:59,917 nqb: 10  odd [-5.83021252 -5.83021252 -5.83021252 -5.28356705 -4.64575131]
2024-09-25 14:51:00,109 nqd:  6 even [-7.37027497 -7.06248941 -7.06248941 -7.06248941 -6.0185334 ]
2024-09-25 14:51:00,109 nqb: 12 even [-7.37027497 -7.06248941 -7.06248941 -7.06248941 -6.0185334 ]
2024-09-25 14:51:00,585 nqd:  7  odd [-8.63453198 -8.63453198 -8.63453198 -8.30357642 -7.52385106]
2024-09-25 14:51:00,586 nqb: 14  odd [-8.63453198 -8.63453198 -8.63453198 -8.30357642 -7.52385106]
2024-09-25 14:51:02,987 nqd:  8 even [-10.12463722  -9.92275855  -9.92275855  -9.92275855  -9.04914106]
2024-09-25 14:51:02,987 nqb: 16 even [-10.12463722  -9.92275855  -9.92275855  -9.92275855  -9.04914106]
2024-09-25 14:51:14,973 nqd:  9  odd [-11.43293164 -11.43293164 -11.43293164 -11.22022865 -10.51108839]
2024-09-25 14:51:14,973 nqb: 18  odd [-11.43293164 -11.43293164 -11.43293164 -11.22022865 -10.51108839]
2024-09-25 14:52:12,927 nqd: 10 even [-12.89456013 -12.7562292  -12.7562292  -12.7562292  -11.99072611]
2024-09-25 14:52:12,927 nqb: 20 even [-12.89456013 -12.7562292  -12.7562292  -12.7562292  -11.99072611]
2024-09-25 14:54:53,497 Coefficient beta: -0.3333
2024-09-25 14:54:53,507 nqd:  2 even [-0.66666667 -0.66666667 -0.66666667 -0.66666667  1.33333333]
2024-09-25 14:54:53,507 nqb:  4 even [-6.66666667e-01 -6.66666667e-01 -6.66666667e-01 -6.66666667e-01 -9.46343583e-24]
2024-09-25 14:54:53,527 nqd:  3  odd [-1.33333333 -1.33333333 -1.33333333 -1.33333333 -0.33333333]
2024-09-25 14:54:53,527 nqb:  6  odd [-1.33333333 -1.33333333 -1.33333333 -1.33333333 -0.66666667]
2024-09-25 14:54:53,579 nqd:  4 even [-2.         -2.         -2.         -2.         -1.10208827]
2024-09-25 14:54:53,579 nqb:  8 even [-2.         -2.         -2.         -2.         -1.33333333]
2024-09-25 14:54:53,709 nqd:  5  odd [-2.66666667 -2.66666667 -2.66666667 -2.66666667 -1.84018705]
2024-09-25 14:54:53,709 nqb: 10  odd [-2.66666667 -2.66666667 -2.66666667 -2.66666667 -2.        ]
2024-09-25 14:54:53,970 nqd:  6 even [-3.33333333 -3.33333333 -3.33333333 -3.33333333 -2.53643087]
2024-09-25 14:54:53,970 nqb: 12 even [-3.33333333 -3.33333333 -3.33333333 -3.33333333 -2.66666667]
2024-09-25 14:54:54,718 nqd:  7  odd [-4.         -4.         -4.         -4.         -3.22680947]
2024-09-25 14:54:54,718 nqb: 14  odd [-4.         -4.         -4.         -4.         -3.33333333]
2024-09-25 14:54:58,147 nqd:  8 even [-4.66666667 -4.66666667 -4.66666667 -4.66666667 -3.9079684 ]
2024-09-25 14:54:58,147 nqb: 16 even [-4.66666667 -4.66666667 -4.66666667 -4.66666667 -4.        ]
2024-09-25 14:55:13,781 nqd:  9  odd [-5.33333333 -5.33333333 -5.33333333 -5.33333333 -4.58566774]
2024-09-25 14:55:13,781 nqb: 18  odd [-5.33333333 -5.33333333 -5.33333333 -5.33333333 -4.66666667]
2024-09-25 15:00:45,760 Coefficient beta: -0.3000
2024-09-25 15:00:45,770 nqd:  2 even [-0.8 -0.7 -0.7 -0.7  1.3]
2024-09-25 15:00:45,771 nqb:  4 even [-8.00000000e-01 -7.00000000e-01 -7.00000000e-01 -7.00000000e-01 -7.74448523e-17]
2024-09-25 15:00:45,788 nqd:  3  odd [-1.48743421 -1.48743421 -1.48743421 -1.4        -0.4       ]
2024-09-25 15:00:45,789 nqb:  6  odd [-1.48743421 -1.48743421 -1.48743421 -1.4        -0.8       ]
2024-09-25 15:00:45,839 nqd:  4 even [-2.23303746 -2.19365799 -2.19365799 -2.19365799 -1.24697092]
2024-09-25 15:00:45,839 nqb:  8 even [-2.23303746 -2.19365799 -2.19365799 -2.19365799 -1.48743421]
2024-09-25 15:00:45,942 nqd:  5  odd [-2.94425491 -2.94425491 -2.94425491 -2.92103044 -2.08510431]
2024-09-25 15:00:45,943 nqb: 10  odd [-2.94425491 -2.94425491 -2.94425491 -2.92103044 -2.23303746]
2024-09-25 15:00:46,192 nqd:  6 even [-3.68159428 -3.66998601 -3.66998601 -3.66998601 -2.8576759 ]
2024-09-25 15:00:46,192 nqb: 12 even [-3.68159428 -3.66998601 -3.66998601 -3.66998601 -2.94425491]
2024-09-25 15:00:46,796 nqd:  7  odd [-4.40869948 -4.40869948 -4.40869948 -4.40233539 -3.62851593]
2024-09-25 15:00:46,796 nqb: 14  odd [-4.40869948 -4.40869948 -4.40869948 -4.40233539 -3.68159428]
2024-09-25 15:00:49,710 nqd:  8 even [-5.14375807 -5.1404479  -5.1404479  -5.1404479  -4.38252295]
2024-09-25 15:00:49,710 nqb: 16 even [-5.14375807 -5.1404479  -5.1404479  -5.1404479  -4.40869948]
2024-09-25 15:01:07,423 nqd:  9  odd [-5.875868   -5.875868   -5.875868   -5.87409423 -5.13398039]
2024-09-25 15:01:07,423 nqb: 18  odd [-5.875868   -5.875868   -5.875868   -5.87409423 -5.14375807]
2024-09-25 15:02:56,364 nqd: 10 even [-6.61026985 -6.60933504 -6.60933504 -6.60933504 -5.8796631 ]
2024-09-25 15:02:56,365 nqb: 20 even [-6.61026985 -6.60933504 -6.60933504 -6.60933504 -5.8796631 ]
2024-09-25 15:02:56,365 Coefficient beta: -0.4000
2024-09-25 15:02:56,399 nqd:  2 even [-0.6 -0.6 -0.6 -0.4  1.4]
2024-09-25 15:02:56,399 nqb:  4 even [-6.00000000e-01 -6.00000000e-01 -6.00000000e-01 -4.00000000e-01 -1.39658702e-24]
2024-09-25 15:02:56,418 nqd:  3  odd [-1.2        -1.03578167 -1.03578167 -1.03578167 -0.2       ]
2024-09-25 15:02:56,418 nqb:  6  odd [-1.2        -1.03578167 -1.03578167 -1.03578167 -0.6       ]
2024-09-25 15:02:56,460 nqd:  4 even [-1.63659003 -1.63659003 -1.63659003 -1.56106511 -0.82525122]
2024-09-25 15:02:56,460 nqb:  8 even [-1.63659003 -1.63659003 -1.63659003 -1.56106511 -1.2       ]
2024-09-25 15:02:56,567 nqd:  5  odd [-2.16443779 -2.15385343 -2.15385343 -2.15385343 -1.36122954]
2024-09-25 15:02:56,567 nqb: 10  odd [-2.16443779 -2.15385343 -2.15385343 -2.15385343 -1.63659003]
2024-09-25 15:02:56,830 nqd:  6 even [-2.69867535 -2.69149696 -2.69149696 -2.69149696 -1.9148995 ]
2024-09-25 15:02:56,830 nqb: 12 even [-2.69867535 -2.69149696 -2.69149696 -2.69149696 -2.16443779]
2024-09-25 15:02:57,367 nqd:  7  odd [-3.23179975 -3.23179975 -3.23179975 -3.22464708 -2.45383589]
2024-09-25 15:02:57,367 nqb: 14  odd [-3.23179975 -3.23179975 -3.22464708 -2.69867535 -2.69149696]
2024-09-25 15:03:00,023 nqd:  8 even [-3.76931741 -3.76592826 -3.76592826 -3.76592826 -2.99373329]
2024-09-25 15:03:00,023 nqb: 16 even [-3.76931741 -3.76592826 -3.76592826 -3.76592826 -3.23179975]
2024-09-25 15:03:10,541 nqd:  9  odd [-4.3037469  -4.3037469  -4.3037469  -4.30289757 -3.53285499]
2024-09-25 15:03:10,541 nqb: 18  odd [-4.3037469  -4.3037469  -4.30289757 -3.76931741 -3.76592826]
2024-09-25 15:04:00,495 nqd: 10 even [-4.84032151 -4.84032151 -4.84032151 -4.84019018 -4.07050541]
2024-09-25 15:04:00,495 nqb: 20 even [-4.84032151 -4.84032151 -4.84019018 -4.3037469  -4.30289757]
2024-12-17 13:37:31,243 Coefficient theta: -0.68π
2024-12-17 13:37:31,258 nqd:  2 even [-2.30565811 -1.38015472 -1.38015472 -1.38015472 -1.38015472 -1.38015472 -0.30850113]
2024-12-17 13:37:31,259 nqb:  4 even [-2.30565811 -1.38015472 -1.38015472 -1.38015472 -1.38015472 -1.38015472 -0.30850113]
2024-12-17 13:37:31,286 nqd:  3  odd [-3.87276463 -3.87276463 -3.87276463 -2.84148491 -2.84148491 -2.84148491 -2.76030944 -2.76030944]
2024-12-17 13:37:31,287 nqb:  6  odd [-3.87276463 -3.87276463 -3.87276463 -2.84148491 -2.84148491 -2.84148491 -2.76030944 -2.76030944]
2024-12-17 13:37:31,329 nqd:  4 even [-5.96726292 -5.35583655 -5.35583655 -5.35583655 -5.35583655 -5.35583655 -4.79409186 -4.79409186]
2024-12-17 13:37:31,330 nqb:  8 even [-5.96726292 -5.35583655 -5.35583655 -5.35583655 -5.35583655 -5.35583655 -4.79409186 -4.79409186]
2024-12-17 13:37:31,434 nqd:  5  odd [-7.62650737 -7.62650737 -7.62650737 -6.90773017 -6.90773017 -6.90773017 -6.79707602 -6.79707602]
2024-12-17 13:37:31,434 nqb: 10  odd [-7.62650737 -7.62650737 -7.62650737 -6.90773017 -6.90773017 -6.90773017 -6.79707602 -6.79707602]
2024-12-17 13:37:31,782 nqd:  6 even [-9.64821217 -9.18847805 -9.18847805 -9.18847805 -9.18847805 -8.80612386 -8.80612386 -8.80612386]
2024-12-17 13:37:31,782 nqb: 12 even [-9.64821217 -9.18847805 -9.18847805 -9.18847805 -9.18847805 -9.18847805 -8.80612386 -8.80612386]
2024-12-17 13:37:32,541 nqd:  7  odd [-11.35132483 -11.35132483 -11.35132483 -10.80531429 -10.80531429 -10.80531429 -10.69281817 -10.69281817]
2024-12-17 13:37:32,541 nqb: 14  odd [-11.35132483 -11.35132483 -11.35132483 -10.80531429 -10.80531429 -10.80531429 -10.69281817 -10.69281817]
2024-12-17 13:37:35,796 nqd:  8 even [-13.33500076 -12.96418566 -12.96418566 -12.96418566 -12.96418566 -12.67594494 -12.67594494 -12.67594494]
2024-12-17 13:37:35,796 nqb: 16 even [-13.33500076 -12.96418566 -12.96418566 -12.96418566 -12.96418566 -12.67594494 -12.67594494 -12.67594494]
2024-12-17 13:37:35,797 Coefficient theta: -0.55π
2024-12-17 13:37:35,817 nqd:  2 even [-3.63788443 -1.14412281 -1.14412281 -1.14412281 -1.14412281 -1.14412281 -0.83125388]
2024-12-17 13:37:35,817 nqb:  4 even [-3.63788443 -1.14412281 -1.14412281 -1.14412281 -1.14412281 -1.14412281 -0.83125388]
2024-12-17 13:37:35,845 nqd:  3  odd [-5.54343318 -5.54343318 -5.54343318 -3.7943189  -3.7943189  -3.7943189  -2.28824561 -2.28824561]
2024-12-17 13:37:35,845 nqb:  6  odd [-5.54343318 -5.54343318 -5.54343318 -3.7943189  -3.7943189  -3.7943189  -3.63788443 -3.63788443]
2024-12-17 13:37:35,900 nqd:  4 even [-8.7979332  -7.02230638 -7.02230638 -7.02230638 -7.02230638 -7.02230638 -6.78964292 -6.78964292]
2024-12-17 13:37:35,900 nqb:  8 even [-8.7979332  -7.02230638 -7.02230638 -7.02230638 -7.02230638 -7.02230638 -6.78964292 -6.78964292]
2024-12-17 13:37:35,983 nqd:  5  odd [-10.88046187 -10.88046187 -10.88046187  -9.60252079  -9.60252079  -9.60252079  -8.57604104  -8.57604104]
2024-12-17 13:37:35,983 nqb: 10  odd [-10.88046187 -10.88046187 -10.88046187  -9.60252079  -9.60252079  -9.60252079  -8.7979332   -8.7979332 ]
2024-12-17 13:37:36,223 nqd:  6 even [-13.97625044 -12.5787827  -12.5787827  -12.5787827  -12.5787827  -12.39975281 -12.39975281 -12.39975281]
2024-12-17 13:37:36,224 nqb: 12 even [-13.97625044 -12.5787827  -12.5787827  -12.5787827  -12.5787827  -12.5787827  -12.39975281 -12.39975281]
2024-12-17 13:37:39,765 nqd:  7  odd [-16.15354028 -16.15354028 -16.15354028 -15.16303409 -15.16303409 -15.16303409 -14.23602131 -14.23602131]
2024-12-17 13:37:39,766 nqb: 14  odd [-16.15354028 -16.15354028 -16.15354028 -15.16303409 -15.16303409 -15.16303409 -14.23602131 -14.23602131]
2024-12-17 13:37:46,540 nqd:  8 even [-19.1600837  -17.99574935 -17.99574935 -17.99574935 -17.99574935 -17.85270187 -17.85270187 -17.85270187]
2024-12-17 13:37:46,540 nqb: 16 even [-19.1600837  -17.99574935 -17.99574935 -17.99574935 -17.99574935 -17.99574935 -17.85270187 -17.85270187]
2024-12-17 13:37:46,541 Coefficient theta: -0.30π
2024-12-17 13:37:46,560 nqd:  2 even [-4.41163848 -1.39680225 -1.39680225 -1.39680225 -0.22123174 -0.22123174 -0.22123174]
2024-12-17 13:37:46,561 nqb:  4 even [-4.41163848 -1.39680225 -1.39680225 -1.39680225 -0.22123174 -0.22123174 -0.22123174]
2024-12-17 13:37:46,595 nqd:  3  odd [-6.41937634 -6.41937634 -6.41937634 -3.82385323 -3.82385323 -3.82385323 -2.79360449 -2.20581924]
2024-12-17 13:37:46,596 nqb:  6  odd [-6.41937634 -6.41937634 -6.41937634 -4.41163848 -4.41163848 -3.82385323 -3.82385323 -3.82385323]
2024-12-17 13:37:46,735 nqd:  4 even [-10.26343789  -8.22754553  -8.22754553  -8.22754553  -7.27851071  -7.27851071  -7.27851071  -7.27851071]
2024-12-17 13:37:46,735 nqb:  8 even [-10.26343789  -8.22754553  -8.22754553  -8.22754553  -7.27851071  -7.27851071  -7.27851071  -7.27851071]
2024-12-17 13:37:46,828 nqd:  5  odd [-12.5393532  -12.5393532  -12.5393532  -10.63187212 -10.63187212 -10.63187212  -9.86173157  -9.34489366]
2024-12-17 13:37:46,828 nqb: 10  odd [-12.5393532  -12.5393532  -12.5393532  -10.63187212 -10.63187212 -10.63187212 -10.26343789 -10.26343789]
2024-12-17 13:37:47,047 nqd:  6 even [-16.15097766 -14.60295013 -14.60295013 -14.60295013 -13.82782563 -13.82782563 -13.82782563 -13.82782563]
2024-12-17 13:37:47,047 nqb: 12 even [-16.15097766 -14.60295013 -14.60295013 -14.60295013 -13.82782563 -13.82782563 -13.82782563 -13.82782563]
2024-12-17 13:37:47,635 nqd:  7  odd [-18.56814297 -18.56814297 -18.56814297 -17.08127878 -17.08127878 -17.08127878 -16.46057905 -16.01214581]
2024-12-17 13:37:47,635 nqb: 14  odd [-18.56814297 -18.56814297 -18.56814297 -17.08127878 -17.08127878 -17.08127878 -16.46057905 -16.15097766]
2024-12-17 13:37:50,790 nqd:  8 even [-22.05015431 -20.79337219 -20.79337219 -20.79337219 -20.14226116 -20.14226116 -20.14226116 -20.14226116]
2024-12-17 13:37:50,791 nqb: 16 even [-22.05015431 -20.79337219 -20.79337219 -20.79337219 -20.14226116 -20.14226116 -20.14226116 -20.14226116]
2024-12-17 13:37:50,791 Coefficient theta: -0.16π
2024-12-17 13:37:50,811 nqd:  2 even [-3.67962806 -1.35806035 -1.35806035 -1.35806035  0.39455301  0.39455301  0.39455301]
2024-12-17 13:37:50,812 nqb:  4 even [-3.67962806e+00 -1.35806035e+00 -1.35806035e+00 -1.35806035e+00 -1.07006426e-16 -2.75187718e-22 -2.77052998e-24]
2024-12-17 13:37:50,840 nqd:  3  odd [-5.32589488 -5.32589488 -5.32589488 -2.80332138 -2.80332138 -2.80332138 -2.71612071 -1.83981403]
2024-12-17 13:37:50,841 nqb:  6  odd [-5.32589488 -5.32589488 -5.32589488 -3.67962806 -3.67962806 -2.80332138 -2.80332138 -2.80332138]
2024-12-17 13:37:50,905 nqd:  4 even [-8.46443089 -7.01390453 -7.01390453 -7.01390453 -5.63143024 -5.63143024 -5.63143024 -5.63143024]
2024-12-17 13:37:50,905 nqb:  8 even [-8.46443089 -7.01390453 -7.01390453 -7.01390453 -5.63143024 -5.63143024 -5.63143024 -5.63143024]
2024-12-17 13:37:51,028 nqd:  5  odd [-10.37777972 -10.37777972 -10.37777972  -8.59153138  -8.50950684  -8.50950684  -8.50950684  -7.81506122]
2024-12-17 13:37:51,028 nqb: 10  odd [-10.37777972 -10.37777972 -10.37777972  -8.59153138  -8.50950684  -8.50950684  -8.50950684  -8.46443089]
2024-12-17 13:37:51,282 nqd:  6 even [-13.30302704 -12.26580982 -12.26580982 -12.26580982 -11.14666328 -11.14666328 -11.14666328 -11.14666328]
2024-12-17 13:37:51,282 nqb: 12 even [-13.30302704 -12.26580982 -12.26580982 -12.26580982 -11.14666328 -11.14666328 -11.14666328 -11.14666328]
2024-12-17 13:37:52,041 nqd:  7  odd [-15.35186892 -15.35186892 -15.35186892 -14.03137993 -13.88105363 -13.88105363 -13.88105363 -13.35136914]
2024-12-17 13:37:52,041 nqb: 14  odd [-15.35186892 -15.35186892 -15.35186892 -14.03137993 -13.88105363 -13.88105363 -13.88105363 -13.35136914]
2024-12-17 13:37:54,766 nqd:  8 even [-18.16127406 -17.36342358 -17.36342358 -17.36342358 -16.42420149 -16.42420149 -16.42420149 -16.42420149]
2024-12-17 13:37:54,766 nqb: 16 even [-18.16127406 -17.36342358 -17.36342358 -17.36342358 -16.42420149 -16.42420149 -16.42420149 -16.04842415]
2024-12-17 13:37:54,766 Coefficient theta: 0.32π
2024-12-17 13:37:54,788 nqd:  2 even [0.30850113 0.30850113 0.30850113 1.38015472 1.38015472 1.38015472 1.38015472]
2024-12-17 13:37:54,788 nqb:  4 even [-1.04482461e-18 -3.04591817e-25 -5.16263320e-33  8.77568657e-33  3.59703434e-32  2.23912569e-17  3.42548601e-17]
2024-12-17 13:37:54,822 nqd:  3  odd [0.61700226 1.15282906 1.15282906 1.15282906 1.15282906 1.15282906 1.27437838 1.27437838]
2024-12-17 13:37:54,823 nqb:  6  odd [-1.67076050e-16 -1.25714190e-16 -1.10524577e-16 -9.18187892e-17 -7.41606922e-17 -4.44464127e-17 -3.16747742e-17  1.04155426e-17]
2024-12-17 13:37:54,965 nqd:  4 even [1.26357581 1.26357581 1.26357581 1.6457447  1.6457447  1.6457447  1.6457447  1.6457447 ]
2024-12-17 13:37:54,965 nqb:  8 even [-5.04866421e-16 -2.15939598e-16 -1.59269917e-16 -2.59334041e-17  2.17472267e-17  1.21745470e-16  1.76419764e-16  2.40594828e-16]
2024-12-17 13:37:55,172 nqd:  5  odd [1.71046385 1.71046385 1.71046385 2.16281424 2.16281424 2.16281424 2.22178352 2.22178352]
2024-12-17 13:37:55,173 nqb: 10  odd [-8.32190817e-16 -6.98581030e-16 -5.73152853e-16 -5.35674154e-16 -2.17443978e-16  1.50870159e-16  1.99752179e-16  9.68158999e-16]
2024-12-17 13:37:55,719 nqd:  6 even [2.08244143 2.40914874 2.40914874 2.40914874 2.40914874 2.4876188  2.4876188  2.4876188 ]
2024-12-17 13:37:55,720 nqb: 12 even [-1.86815025e-15 -3.54398358e-16 -3.38335303e-16 -7.40992436e-18  4.68406139e-17  2.18959818e-16  2.28430569e-16  4.16543554e-16]
2024-12-17 13:37:57,015 nqd:  7  odd [2.66617242 2.66617242 2.66617242 2.94850233 2.94850233 2.94850233 3.0530443  3.16574321]
2024-12-17 13:37:57,015 nqb: 14  odd [-3.54384024e-15 -5.87527636e-16 -2.77456955e-16  9.81949602e-17  2.53465968e-16  3.38765718e-16  5.30063052e-16  5.48046953e-16]
2024-12-17 13:38:02,666 nqd:  8 even [3.13198413 3.13198413 3.13198413 3.46679445 3.46679445 3.46679445 3.46679445 3.46968678]
2024-12-17 13:38:02,666 nqb: 16 even [-2.83379049e-15 -6.85357781e-16  1.59822228e-16  3.63044371e-16  5.11885748e-16  6.85192195e-16  8.25734859e-16  1.33841952e-15]
2024-12-17 13:39:06,755 Coefficient theta: arctan(1/3)
2024-12-17 13:39:06,778 nqd:  2 even [-0.63245553 -0.63245553 -0.63245553 -0.63245553  1.26491106  1.26491106  1.26491106]
2024-12-17 13:39:06,778 nqb:  4 even [-6.32455532e-01 -6.32455532e-01 -6.32455532e-01 -6.32455532e-01 -1.07505880e-17 -3.38797068e-20 -4.08109469e-30]
2024-12-17 13:39:06,801 nqd:  3  odd [-1.26491106 -1.26491106 -1.26491106 -1.26491106 -0.31622777 -0.31622777 -0.31622777 -0.31622777]
2024-12-17 13:39:06,801 nqb:  6  odd [-1.26491106 -1.26491106 -1.26491106 -1.26491106 -0.63245553 -0.63245553 -0.63245553 -0.63245553]
2024-12-17 13:39:06,853 nqd:  4 even [-1.8973666  -1.8973666  -1.8973666  -1.8973666  -1.04553273 -1.04553273 -1.04553273 -1.04553273]
2024-12-17 13:39:06,853 nqb:  8 even [-1.8973666  -1.8973666  -1.8973666  -1.8973666  -1.26491106 -1.26491106 -1.26491106 -1.26491106]
2024-12-17 13:39:07,034 nqd:  5  odd [-2.52982213 -2.52982213 -2.52982213 -2.52982213 -1.74575472 -1.74575472 -1.74575472 -1.74575472]
2024-12-17 13:39:07,035 nqb: 10  odd [-2.52982213 -2.52982213 -2.52982213 -2.52982213 -1.8973666  -1.8973666  -1.8973666  -1.8973666 ]
2024-12-17 13:39:07,464 nqd:  6 even [-3.16227766 -3.16227766 -3.16227766 -3.16227766 -2.4062696  -2.4062696  -2.4062696  -2.38572933]
2024-12-17 13:39:07,464 nqb: 12 even [-3.16227766 -3.16227766 -3.16227766 -3.16227766 -2.52982213 -2.52982213 -2.52982213 -2.52982213]
2024-12-17 13:39:09,216 nqd:  7  odd [-3.79473319 -3.79473319 -3.79473319 -3.79473319 -3.06122025 -3.06122025 -3.06122025 -3.04184553]
2024-12-17 13:39:09,216 nqb: 14  odd [-3.79473319 -3.79473319 -3.79473319 -3.79473319 -3.16227766 -3.16227766 -3.16227766 -3.16227766]
2024-12-17 13:39:19,516 nqd:  8 even [-4.42718872 -4.42718872 -4.42718872 -4.42718872 -3.70742435 -3.70742435 -3.70742435 -3.70742435]
2024-12-17 13:39:19,516 nqb: 16 even [-4.42718872 -4.42718872 -4.42718872 -4.42718872 -3.79473319 -3.79473319 -3.79473319 -3.79473319]
2024-12-18 01:06:50,122 Coefficient theta: -0.68π
2024-12-18 01:06:50,352 nqd:  6 even [-9.64821217 -9.18847805 -9.18847805 -9.18847805 -9.18847805 -8.80612386 -8.80612386 -8.80612386]
2024-12-18 01:06:50,353 nqb: 12 even [-9.64821217 -9.18847805 -9.18847805 -9.18847805 -9.18847805 -9.18847805 -8.80612386 -8.80612386]
2024-12-18 01:06:50,354 Coefficient theta: -0.55π
2024-12-18 01:06:50,610 nqd:  6 even [-13.97625044 -12.5787827  -12.5787827  -12.5787827  -12.5787827  -12.39975281 -12.39975281 -12.39975281]
2024-12-18 01:06:50,611 nqb: 12 even [-13.97625044 -12.5787827  -12.5787827  -12.5787827  -12.5787827  -12.39975281 -12.39975281 -12.39975281]
2024-12-18 01:06:50,613 Coefficient theta: -0.30π
2024-12-18 01:06:50,924 nqd:  6 even [-16.15097766 -14.60295013 -14.60295013 -14.60295013 -13.82782563 -13.82782563 -13.82782563 -13.82782563]
2024-12-18 01:06:50,925 nqb: 12 even [-16.15097766 -14.60295013 -14.60295013 -14.60295013 -13.82782563 -13.82782563 -13.82782563 -13.82782563]
2024-12-18 01:06:50,926 Coefficient theta: -0.16π
2024-12-18 01:06:51,335 nqd:  6 even [-13.30302704 -12.26580982 -12.26580982 -12.26580982 -11.14666328 -11.14666328 -11.14666328 -11.14666328]
2024-12-18 01:06:51,335 nqb: 12 even [-13.30302704 -12.26580982 -12.26580982 -12.26580982 -11.14666328 -11.14666328 -11.14666328 -11.14666328]
2024-12-18 01:06:51,337 Coefficient theta: 0.32π
2024-12-18 01:06:52,065 nqd:  6 even [2.08244143 2.40914874 2.40914874 2.40914874 2.40914874 2.4876188  2.4876188  2.4876188 ]
2024-12-18 01:06:52,065 nqb: 12 even [-1.87781276e-15 -1.03769170e-15 -7.83247134e-16 -6.05912450e-16 -3.46644974e-16  2.45591022e-16  3.97859111e-16  8.57253689e-16]
2024-12-18 01:06:52,068 Coefficient theta: arctan(1/3)
2024-12-18 01:06:52,608 nqd:  6 even [-3.16227766 -3.16227766 -3.16227766 -3.16227766 -2.4062696  -2.4062696  -2.4062696  -2.38572933]
2024-12-18 01:06:52,609 nqb: 12 even [-3.16227766 -3.16227766 -3.16227766 -3.16227766 -2.52982213 -2.52982213 -2.52982213 -2.52982213]
2024-12-18 15:28:19,588 Coefficient theta: 0.32π
2024-12-18 15:28:20,001 nqd:  6 [2.08244143 2.40914874 2.40914874 2.40914874 2.40914874 2.4876188  2.4876188  2.4876188 ]
2024-12-18 15:28:20,001 nqb: 12 [-7.05532301e-16 -7.03970571e-16 -6.71476848e-16 -5.86434599e-16 -5.28604145e-16 -4.19274197e-16 -2.46829225e-16 -2.03936231e-16]
2024-12-18 15:28:20,002 Coefficient theta: -0.71π
2024-12-18 15:28:20,340 nqd:  6 [-8.50190201 -8.26259285 -8.26259285 -8.26259285 -8.26259285 -8.26259285 -7.92385684 -7.92385684]
2024-12-18 15:28:20,341 nqb: 12 [-8.50190201 -8.26259285 -8.26259285 -8.26259285 -8.26259285 -8.26259285 -7.92385684 -7.92385684]
2024-12-18 15:28:20,342 Coefficient theta: -0.30π
2024-12-18 15:28:20,600 nqd:  6 [-16.15097766 -14.60295013 -14.60295013 -14.60295013 -13.82782563 -13.82782563 -13.82782563 -13.82782563]
2024-12-18 15:28:20,600 nqb: 12 [-16.15097766 -14.60295013 -14.60295013 -14.60295013 -13.82782563 -13.82782563 -13.82782563 -13.82782563]
2024-12-18 15:28:20,601 Coefficient theta: -0.16π
2024-12-18 15:28:20,924 nqd:  6 [-13.30302704 -12.26580982 -12.26580982 -12.26580982 -11.14666328 -11.14666328 -11.14666328 -11.14666328]
2024-12-18 15:28:20,924 nqb: 12 [-13.30302704 -12.26580982 -12.26580982 -12.26580982 -11.14666328 -11.14666328 -11.14666328 -11.14666328]
2024-12-18 15:28:20,925 Coefficient theta: arctan(1/3)
2024-12-18 15:28:21,553 nqd:  6 [-3.16227766 -3.16227766 -3.16227766 -3.16227766 -2.4062696  -2.4062696  -2.4062696  -2.38572933]
2024-12-18 15:28:21,553 nqb: 12 [-3.16227766 -3.16227766 -3.16227766 -3.16227766 -2.52982213 -2.52982213 -2.52982213 -2.52982213]
