2025-06-04 22:46:07,873 Load: ./mats/VGON_nqd4_L10_20250604_223920.mat, 500/500
2025-06-04 22:46:07,873 PyTorch Device: cpu
2025-06-04 22:46:07,873 Number of layers: 10
2025-06-04 22:46:07,873 Number of qudits: 4
2025-06-04 22:46:07,873 Number of qubits: 8
2025-06-04 22:46:07,873 Coefficient phase: arctan(1/3)
2025-06-04 22:46:07,918 Ground State Energy: -1.89736660
2025-06-04 22:46:08,935 Energy: -1.50654972, -1.57643368, -1.70303148, Gap: 3.2093e-01, 8/8, 1/20, 1.01
2025-06-04 22:46:10,026 Energy: -1.49940212, -1.58162174, -1.72869996, Gap: 3.1574e-01, 16/16, 2/20, 2.10
2025-06-04 22:46:11,002 Energy: -1.48108311, -1.59780548, -1.70342136, Gap: 2.9956e-01, 24/24, 3/20, 3.07
2025-06-04 22:46:12,101 Energy: -1.44829548, -1.56977394, -1.68232537, Gap: 3.2759e-01, 32/32, 4/20, 4.17
2025-06-04 22:46:13,139 Energy: -1.41392257, -1.59539685, -1.72831219, Gap: 3.0197e-01, 40/40, 5/20, 5.21
2025-06-04 22:46:14,166 Energy: -1.34395488, -1.48352246, -1.62168532, Gap: 4.1384e-01, 46/48, 6/20, 6.24
2025-06-04 22:46:15,271 Energy: -1.20784264, -1.54265718, -1.67878417, Gap: 3.5471e-01, 53/56, 7/20, 7.34
2025-06-04 22:46:16,291 Energy: -1.47803431, -1.60165914, -1.70669413, Gap: 2.9571e-01, 61/64, 8/20, 8.36
2025-06-04 22:46:17,406 Energy: -1.51306609, -1.58980208, -1.70907464, Gap: 3.0756e-01, 69/72, 9/20, 9.48
2025-06-04 22:46:18,404 Energy: -1.40003533, -1.58198614, -1.67574893, Gap: 3.1538e-01, 77/80, 10/20, 10.48
2025-06-04 22:46:19,448 Energy: -1.32786448, -1.52572292, -1.73092356, Gap: 3.7164e-01, 84/88, 11/20, 11.52
2025-06-04 22:46:20,574 Energy: -1.50372227, -1.58415189, -1.70901800, Gap: 3.1321e-01, 92/96, 12/20, 12.65
2025-06-04 22:46:21,652 Energy: -1.40334229, -1.58194766, -1.69679852, Gap: 3.1542e-01, 100/104, 13/20, 13.73
2025-06-04 22:46:22,728 Energy: -1.36900194, -1.50662364, -1.56752934, Gap: 3.9074e-01, 107/112, 14/20, 14.80
2025-06-04 22:46:23,804 Energy: -1.39040903, -1.51720068, -1.59541691, Gap: 3.8017e-01, 114/120, 15/20, 15.88
2025-06-04 22:46:24,776 Energy: -1.14323773, -1.50278608, -1.70702109, Gap: 3.9458e-01, 121/128, 16/20, 16.85
2025-06-04 22:46:25,900 Energy: -1.50933660, -1.59137972, -1.72598007, Gap: 3.0599e-01, 129/136, 17/20, 17.97
2025-06-04 22:46:26,893 Energy: -1.41560156, -1.54720255, -1.67538015, Gap: 3.5016e-01, 137/144, 18/20, 18.97
2025-06-04 22:46:27,982 Energy: -1.54017458, -1.61371148, -1.67877271, Gap: 2.8366e-01, 145/152, 19/20, 20.06
2025-06-04 22:46:28,976 Energy: -1.37164262, -1.52637023, -1.67000815, Gap: 3.7100e-01, 152/160, 20/20, 21.05
2025-06-04 22:46:28,979 Save: ./mats/VGON_nqd4_L10_20250604_223920.mat with count and overlaps
2025-06-04 22:46:29,032 Load: ./mats/VGON_nqd4_L10_20250604_223919.mat, 499/500
2025-06-04 22:46:29,032 PyTorch Device: cpu
2025-06-04 22:46:29,032 Number of layers: 10
2025-06-04 22:46:29,032 Number of qudits: 4
2025-06-04 22:46:29,032 Number of qubits: 8
2025-06-04 22:46:29,032 Coefficient phase: arctan(1/3)
2025-06-04 22:46:29,083 Ground State Energy: -1.89736660
2025-06-04 22:46:30,099 Energy: -1.48787799, -1.57470152, -1.62281699, Gap: 3.2267e-01, 8/8, 1/20, 1.01
2025-06-04 22:46:31,240 Energy: -1.51687346, -1.58463073, -1.63066238, Gap: 3.1274e-01, 16/16, 2/20, 2.15
2025-06-04 22:46:32,265 Energy: -1.39852314, -1.55518711, -1.60532751, Gap: 3.4218e-01, 24/24, 3/20, 3.18
2025-06-04 22:46:33,237 Energy: -1.45943959, -1.58649090, -1.64501635, Gap: 3.1088e-01, 32/32, 4/20, 4.15
2025-06-04 22:46:34,335 Energy: -1.55618797, -1.60684313, -1.63697328, Gap: 2.9052e-01, 40/40, 5/20, 5.25
2025-06-04 22:46:35,389 Energy: -1.22267263, -1.55146075, -1.64256743, Gap: 3.4591e-01, 47/48, 6/20, 6.30
2025-06-04 22:46:36,562 Energy: -1.33972026, -1.57906227, -1.64788031, Gap: 3.1830e-01, 54/56, 7/20, 7.47
2025-06-04 22:46:37,537 Energy: -1.53387316, -1.59328753, -1.64020505, Gap: 3.0408e-01, 62/64, 8/20, 8.45
2025-06-04 22:46:38,680 Energy: -1.54872599, -1.58720529, -1.62160907, Gap: 3.1016e-01, 70/72, 9/20, 9.59
2025-06-04 22:46:39,710 Energy: -1.48974705, -1.58623553, -1.61954238, Gap: 3.1113e-01, 78/80, 10/20, 10.62
2025-06-04 22:46:40,764 Energy: -1.58338759, -1.61434327, -1.64243599, Gap: 2.8302e-01, 86/88, 11/20, 11.68
2025-06-04 22:46:41,949 Energy: -1.49662226, -1.60149714, -1.67028864, Gap: 2.9587e-01, 94/96, 12/20, 12.86
2025-06-04 22:46:43,001 Energy: -1.51450430, -1.60804226, -1.66750138, Gap: 2.8932e-01, 102/104, 13/20, 13.91
2025-06-04 22:46:44,196 Energy: -1.48868709, -1.58734913, -1.62678072, Gap: 3.1002e-01, 110/112, 14/20, 15.11
2025-06-04 22:46:45,210 Energy: -1.36862208, -1.58401629, -1.66635034, Gap: 3.1335e-01, 117/120, 15/20, 16.12
2025-06-04 22:46:46,261 Energy: -1.46796484, -1.59952880, -1.65119819, Gap: 2.9784e-01, 125/128, 16/20, 17.17
2025-06-04 22:46:47,381 Energy: -1.40659652, -1.56664977, -1.65265243, Gap: 3.3072e-01, 133/136, 17/20, 18.29
2025-06-04 22:46:48,448 Energy: -1.16907340, -1.53800343, -1.65805548, Gap: 3.5936e-01, 140/144, 18/20, 19.36
2025-06-04 22:46:49,454 Energy: -1.47895527, -1.58768111, -1.63404595, Gap: 3.0969e-01, 148/152, 19/20, 20.37
2025-06-04 22:46:50,526 Energy: -1.52099814, -1.58286282, -1.64179358, Gap: 3.1450e-01, 156/160, 20/20, 21.44
2025-06-04 22:46:50,529 Save: ./mats/VGON_nqd4_L10_20250604_223919.mat with count and overlaps
2025-06-04 22:46:50,590 Load: ./mats/VGON_nqd4_L10_20250604_223917.mat, 498/500
2025-06-04 22:46:50,591 PyTorch Device: cpu
2025-06-04 22:46:50,591 Number of layers: 10
2025-06-04 22:46:50,591 Number of qudits: 4
2025-06-04 22:46:50,591 Number of qubits: 8
2025-06-04 22:46:50,591 Coefficient phase: arctan(1/3)
2025-06-04 22:46:50,645 Ground State Energy: -1.89736660
2025-06-04 22:46:51,676 Energy: -1.32546655, -1.49951315, -1.61203315, Gap: 3.9785e-01, 7/8, 1/20, 1.02
2025-06-04 22:46:52,775 Energy: -1.11009257, -1.40055632, -1.59236903, Gap: 4.9681e-01, 12/16, 2/20, 2.12
2025-06-04 22:46:53,822 Energy: -1.36534914, -1.53045776, -1.59702972, Gap: 3.6691e-01, 19/24, 3/20, 3.17
2025-06-04 22:46:54,796 Energy: -0.63724994, -1.35932023, -1.57292391, Gap: 5.3805e-01, 23/32, 4/20, 4.15
2025-06-04 22:46:55,909 Energy: -1.46023689, -1.54643156, -1.61413406, Gap: 3.5094e-01, 31/40, 5/20, 5.26
2025-06-04 22:46:56,917 Energy: -0.47811798, -1.29117399, -1.57584720, Gap: 6.0619e-01, 36/48, 6/20, 6.27
2025-06-04 22:46:58,011 Energy: -1.49412595, -1.54865140, -1.59438941, Gap: 3.4872e-01, 44/56, 7/20, 7.36
2025-06-04 22:46:59,176 Energy: -1.40453477, -1.55907578, -1.59254893, Gap: 3.3829e-01, 52/64, 8/20, 8.53
2025-06-04 22:47:00,198 Energy: -1.20583175, -1.46348148, -1.58530644, Gap: 4.3389e-01, 58/72, 9/20, 9.55
2025-06-04 22:47:01,316 Energy: -1.15067973, -1.44866281, -1.60523584, Gap: 4.4870e-01, 63/80, 10/20, 10.67
2025-06-04 22:47:02,380 Energy: -1.37391278, -1.50467205, -1.60991480, Gap: 3.9269e-01, 68/88, 11/20, 11.73
2025-06-04 22:47:03,347 Energy: -1.33777075, -1.48364162, -1.59401083, Gap: 4.1372e-01, 75/96, 12/20, 12.70
2025-06-04 22:47:04,405 Energy: -1.09349225, -1.43832032, -1.60742170, Gap: 4.5905e-01, 81/104, 13/20, 13.75
2025-06-04 22:47:05,440 Energy: -1.51433301, -1.56064813, -1.59258804, Gap: 3.3672e-01, 89/112, 14/20, 14.79
2025-06-04 22:47:06,493 Energy: -1.49007875, -1.54679552, -1.58143628, Gap: 3.5057e-01, 97/120, 15/20, 15.84
2025-06-04 22:47:07,599 Energy: -1.40881273, -1.47817715, -1.58470083, Gap: 4.1919e-01, 105/128, 16/20, 16.95
2025-06-04 22:47:08,606 Energy: -1.11245799, -1.44007584, -1.62162603, Gap: 4.5729e-01, 110/136, 17/20, 17.95
2025-06-04 22:47:09,720 Energy: -1.41612769, -1.53133149, -1.58217863, Gap: 3.6604e-01, 118/144, 18/20, 19.07
2025-06-04 22:47:10,700 Energy: -0.67463987, -1.39242006, -1.58845773, Gap: 5.0495e-01, 124/152, 19/20, 20.05
2025-06-04 22:47:11,704 Energy: -0.55790995, -1.38626806, -1.59735857, Gap: 5.1110e-01, 129/160, 20/20, 21.05
2025-06-04 22:47:11,706 Save: ./mats/VGON_nqd4_L10_20250604_223917.mat with count and overlaps
2025-06-04 22:47:11,772 Load: ./mats/VGON_nqd4_L10_20250604_223916.mat, 497/500
2025-06-04 22:47:11,772 PyTorch Device: cpu
2025-06-04 22:47:11,772 Number of layers: 10
2025-06-04 22:47:11,772 Number of qudits: 4
2025-06-04 22:47:11,772 Number of qubits: 8
2025-06-04 22:47:11,772 Coefficient phase: arctan(1/3)
2025-06-04 22:47:11,830 Ground State Energy: -1.89736660
2025-06-04 22:47:12,904 Energy: -1.35766749, -1.53711188, -1.61117661, Gap: 3.6025e-01, 7/8, 1/20, 1.07
2025-06-04 22:47:13,894 Energy: -1.35760309, -1.53367431, -1.60238902, Gap: 3.6369e-01, 14/16, 2/20, 2.06
2025-06-04 22:47:14,975 Energy: -0.84772295, -1.32393717, -1.60998562, Gap: 5.7343e-01, 18/24, 3/20, 3.14
2025-06-04 22:47:15,939 Energy: -1.25989517, -1.50027103, -1.58244273, Gap: 3.9710e-01, 25/32, 4/20, 4.10
2025-06-04 22:47:17,021 Energy: -1.30850197, -1.50122369, -1.58658459, Gap: 3.9614e-01, 32/40, 5/20, 5.19
2025-06-04 22:47:18,027 Energy: -1.15620077, -1.46907959, -1.58583951, Gap: 4.2829e-01, 38/48, 6/20, 6.19
2025-06-04 22:47:19,070 Energy: -1.41113955, -1.54911375, -1.62076879, Gap: 3.4825e-01, 46/56, 7/20, 7.23
2025-06-04 22:47:20,154 Energy: -1.18514388, -1.51669837, -1.61278689, Gap: 3.8067e-01, 53/64, 8/20, 8.32
2025-06-04 22:47:21,130 Energy: -1.34660791, -1.52234774, -1.59128711, Gap: 3.7502e-01, 60/72, 9/20, 9.29
2025-06-04 22:47:22,122 Energy: -1.20200493, -1.50507160, -1.59562402, Gap: 3.9229e-01, 67/80, 10/20, 10.29
2025-06-04 22:47:23,211 Energy: -1.25880497, -1.49131608, -1.62724572, Gap: 4.0605e-01, 72/88, 11/20, 11.38
2025-06-04 22:47:24,183 Energy: -1.23269044, -1.51481002, -1.59445328, Gap: 3.8256e-01, 79/96, 12/20, 12.35
2025-06-04 22:47:25,333 Energy: -1.40525982, -1.52910765, -1.59767067, Gap: 3.6826e-01, 87/104, 13/20, 13.50
2025-06-04 22:47:26,307 Energy: -1.13557358, -1.50264526, -1.61028590, Gap: 3.9472e-01, 93/112, 14/20, 14.47
2025-06-04 22:47:27,410 Energy: -0.52082001, -1.35251061, -1.60788686, Gap: 5.4486e-01, 98/120, 15/20, 15.57
2025-06-04 22:47:28,410 Energy: -1.12896914, -1.41270586, -1.58256894, Gap: 4.8466e-01, 103/128, 16/20, 16.58
2025-06-04 22:47:29,391 Energy: -1.32778466, -1.53307949, -1.60004600, Gap: 3.6429e-01, 110/136, 17/20, 17.56
2025-06-04 22:47:30,485 Energy: -0.95351757, -1.50685106, -1.60700857, Gap: 3.9052e-01, 117/144, 18/20, 18.65
2025-06-04 22:47:31,481 Energy: -1.33782884, -1.50300461, -1.59914073, Gap: 3.9436e-01, 124/152, 19/20, 19.65
2025-06-04 22:47:32,455 Energy: -1.23247822, -1.50373513, -1.61740090, Gap: 3.9363e-01, 131/160, 20/20, 20.62
2025-06-04 22:47:32,457 Save: ./mats/VGON_nqd4_L10_20250604_223916.mat with count and overlaps
2025-06-04 23:00:14,454 Load: ./mats/VGON_nqd4_L15_20250604_225427.mat, 500/500
2025-06-04 23:00:14,455 PyTorch Device: cpu
2025-06-04 23:00:14,455 Number of layers: 15
2025-06-04 23:00:14,455 Number of qudits: 4
2025-06-04 23:00:14,455 Number of qubits: 8
2025-06-04 23:00:14,455 Coefficient phase: arctan(1/3)
2025-06-04 23:00:14,499 Ground State Energy: -1.89736660
2025-06-04 23:00:16,003 Energy: -1.72528806, -1.77991633, -1.83534550, Gap: 1.1745e-01, 8/8, 1/20, 1.49
2025-06-04 23:00:17,485 Energy: -1.75960679, -1.77489349, -1.78899169, Gap: 1.2247e-01, 16/16, 2/20, 2.98
2025-06-04 23:00:19,008 Energy: -1.67311399, -1.78486417, -1.83344456, Gap: 1.1250e-01, 23/24, 3/20, 4.50
2025-06-04 23:00:20,502 Energy: -1.70589098, -1.77989199, -1.85058905, Gap: 1.1747e-01, 31/32, 4/20, 5.99
2025-06-04 23:00:22,139 Energy: -1.75667159, -1.78443511, -1.81733911, Gap: 1.1293e-01, 39/40, 5/20, 7.63
2025-06-04 23:00:23,591 Energy: -1.71970128, -1.78774655, -1.82337313, Gap: 1.0962e-01, 47/48, 6/20, 9.08
2025-06-04 23:00:25,157 Energy: -1.76005154, -1.78524772, -1.81672767, Gap: 1.1212e-01, 55/56, 7/20, 10.65
2025-06-04 23:00:26,696 Energy: -1.74774560, -1.79011377, -1.83725693, Gap: 1.0725e-01, 63/64, 8/20, 12.19
2025-06-04 23:00:28,266 Energy: -1.75851438, -1.78742707, -1.82813985, Gap: 1.0994e-01, 71/72, 9/20, 13.76
2025-06-04 23:00:29,887 Energy: -1.69808810, -1.77069515, -1.84515878, Gap: 1.2667e-01, 79/80, 10/20, 15.38
2025-06-04 23:00:31,398 Energy: -1.75814059, -1.78114460, -1.82044503, Gap: 1.1622e-01, 87/88, 11/20, 16.89
2025-06-04 23:00:32,909 Energy: -1.73933390, -1.76910297, -1.78613397, Gap: 1.2826e-01, 95/96, 12/20, 18.40
2025-06-04 23:00:34,325 Energy: -1.75843282, -1.78116115, -1.80655119, Gap: 1.1621e-01, 103/104, 13/20, 19.81
2025-06-04 23:00:35,878 Energy: -1.77308177, -1.78918828, -1.80936973, Gap: 1.0818e-01, 111/112, 14/20, 21.37
2025-06-04 23:00:37,322 Energy: -1.73612360, -1.78869751, -1.83736791, Gap: 1.0867e-01, 119/120, 15/20, 22.81
2025-06-04 23:00:38,893 Energy: -1.71584049, -1.78719681, -1.81985107, Gap: 1.1017e-01, 127/128, 16/20, 24.38
2025-06-04 23:00:40,321 Energy: -1.72182113, -1.79307921, -1.84383294, Gap: 1.0429e-01, 135/136, 17/20, 25.81
2025-06-04 23:00:41,857 Energy: -1.77186172, -1.77993363, -1.78812795, Gap: 1.1743e-01, 143/144, 18/20, 27.35
2025-06-04 23:00:43,366 Energy: -1.75765709, -1.78001912, -1.81496970, Gap: 1.1735e-01, 151/152, 19/20, 28.86
2025-06-04 23:00:44,810 Energy: -1.75967661, -1.78554049, -1.82930249, Gap: 1.1183e-01, 159/160, 20/20, 30.30
2025-06-04 23:00:44,813 Save: ./mats/VGON_nqd4_L15_20250604_225427.mat with count and overlaps
2025-06-04 23:00:44,866 Load: ./mats/VGON_nqd4_L15_20250604_225426.mat, 499/500
2025-06-04 23:00:44,866 PyTorch Device: cpu
2025-06-04 23:00:44,866 Number of layers: 15
2025-06-04 23:00:44,866 Number of qudits: 4
2025-06-04 23:00:44,866 Number of qubits: 8
2025-06-04 23:00:44,866 Coefficient phase: arctan(1/3)
2025-06-04 23:00:44,919 Ground State Energy: -1.89736660
2025-06-04 23:00:46,426 Energy: -1.50644072, -1.69929961, -1.79127315, Gap: 1.9807e-01, 5/8, 1/20, 1.50
2025-06-04 23:00:47,804 Energy: -1.49934426, -1.68802986, -1.80438787, Gap: 2.0934e-01, 10/16, 2/20, 2.88
2025-06-04 23:00:49,365 Energy: -1.53072012, -1.75241525, -1.79437350, Gap: 1.4495e-01, 17/24, 3/20, 4.44
2025-06-04 23:00:50,768 Energy: -1.47878982, -1.71760551, -1.80729113, Gap: 1.7976e-01, 23/32, 4/20, 5.84
2025-06-04 23:00:52,239 Energy: -1.47311881, -1.70078116, -1.81526155, Gap: 1.9659e-01, 28/40, 5/20, 7.31
2025-06-04 23:00:53,734 Energy: -1.47035869, -1.68659396, -1.81297735, Gap: 2.1077e-01, 33/48, 6/20, 8.81
2025-06-04 23:00:55,254 Energy: -1.54374177, -1.68432422, -1.81275312, Gap: 2.1304e-01, 37/56, 7/20, 10.33
2025-06-04 23:00:56,766 Energy: -1.42887826, -1.64608388, -1.80589393, Gap: 2.5128e-01, 41/64, 8/20, 11.84
2025-06-04 23:00:58,185 Energy: -1.47076231, -1.71480606, -1.80589521, Gap: 1.8256e-01, 47/72, 9/20, 13.26
2025-06-04 23:00:59,654 Energy: -1.50594225, -1.75792735, -1.81034845, Gap: 1.3944e-01, 54/80, 10/20, 14.73
2025-06-04 23:01:01,081 Energy: -1.51224511, -1.65276880, -1.79355436, Gap: 2.4460e-01, 57/88, 11/20, 16.15
2025-06-04 23:01:02,592 Energy: -1.45475819, -1.59711329, -1.79654207, Gap: 3.0025e-01, 59/96, 12/20, 17.66
2025-06-04 23:01:03,995 Energy: -1.49610396, -1.69836637, -1.81810120, Gap: 1.9900e-01, 64/104, 13/20, 19.07
2025-06-04 23:01:05,583 Energy: -1.43337781, -1.61481653, -1.79881170, Gap: 2.8255e-01, 67/112, 14/20, 20.66
2025-06-04 23:01:07,070 Energy: -1.48222768, -1.72367050, -1.81147613, Gap: 1.7370e-01, 72/120, 15/20, 22.14
2025-06-04 23:01:08,558 Energy: -1.53924077, -1.68298086, -1.81442007, Gap: 2.1439e-01, 76/128, 16/20, 23.63
2025-06-04 23:01:10,091 Energy: -1.58548542, -1.68837257, -1.80416617, Gap: 2.0899e-01, 79/136, 17/20, 25.16
2025-06-04 23:01:11,540 Energy: -1.43263914, -1.58490986, -1.80335682, Gap: 3.1246e-01, 81/144, 18/20, 26.61
2025-06-04 23:01:13,080 Energy: -1.51367407, -1.75909921, -1.80797888, Gap: 1.3827e-01, 88/152, 19/20, 28.15
2025-06-04 23:01:14,533 Energy: -1.51107819, -1.75352023, -1.80499185, Gap: 1.4385e-01, 95/160, 20/20, 29.61
2025-06-04 23:01:14,536 Save: ./mats/VGON_nqd4_L15_20250604_225426.mat with count and overlaps
2025-06-04 23:01:14,590 Load: ./mats/VGON_nqd4_L15_20250604_225424.mat, 498/500
2025-06-04 23:01:14,590 PyTorch Device: cpu
2025-06-04 23:01:14,590 Number of layers: 15
2025-06-04 23:01:14,590 Number of qudits: 4
2025-06-04 23:01:14,591 Number of qubits: 8
2025-06-04 23:01:14,591 Coefficient phase: arctan(1/3)
2025-06-04 23:01:14,641 Ground State Energy: -1.89736660
2025-06-04 23:01:16,222 Energy: -1.39411669, -1.66189819, -1.87529174, Gap: 2.3547e-01, 4/8, 1/20, 1.57
2025-06-04 23:01:17,693 Energy: -1.36075573, -1.66309492, -1.87986349, Gap: 2.3427e-01, 8/16, 2/20, 3.04
2025-06-04 23:01:19,254 Energy: -1.39712193, -1.61879457, -1.87995677, Gap: 2.7857e-01, 11/24, 3/20, 4.60
2025-06-04 23:01:20,741 Energy: -1.45830905, -1.59952839, -1.87833962, Gap: 2.9784e-01, 13/32, 4/20, 6.09
2025-06-04 23:01:22,238 Energy: -1.47099678, -1.74831856, -1.88049822, Gap: 1.4905e-01, 18/40, 5/20, 7.59
2025-06-04 23:01:23,811 Energy: -1.49191060, -1.79626303, -1.88060077, Gap: 1.0110e-01, 25/48, 6/20, 9.16
2025-06-04 23:01:25,230 Energy: -1.41137235, -1.64899168, -1.87653722, Gap: 2.4837e-01, 29/56, 7/20, 10.58
2025-06-04 23:01:26,741 Energy: -1.41491093, -1.81267187, -1.87796277, Gap: 8.4695e-02, 36/64, 8/20, 12.09
2025-06-04 23:01:28,199 Energy: -1.49919526, -1.71892456, -1.87938228, Gap: 1.7844e-01, 40/72, 9/20, 13.55
2025-06-04 23:01:29,702 Energy: -1.45203933, -1.77427887, -1.88177935, Gap: 1.2309e-01, 46/80, 10/20, 15.05
2025-06-04 23:01:31,150 Energy: -1.50497971, -1.75758511, -1.87595871, Gap: 1.3978e-01, 52/88, 11/20, 16.50
2025-06-04 23:01:32,605 Energy: -1.49547375, -1.73679948, -1.86459405, Gap: 1.6057e-01, 57/96, 12/20, 17.95
2025-06-04 23:01:34,190 Energy: -1.45299997, -1.66572649, -1.87613168, Gap: 2.3164e-01, 61/104, 13/20, 19.54
2025-06-04 23:01:35,686 Energy: -1.45535157, -1.67377813, -1.87420397, Gap: 2.2359e-01, 65/112, 14/20, 21.03
2025-06-04 23:01:37,215 Energy: -1.43781838, -1.77215113, -1.87978940, Gap: 1.2522e-01, 71/120, 15/20, 22.56
2025-06-04 23:01:38,571 Energy: -1.44662546, -1.61518414, -1.87738458, Gap: 2.8218e-01, 74/128, 16/20, 23.92
2025-06-04 23:01:40,108 Energy: -1.45801152, -1.64995490, -1.87793496, Gap: 2.4741e-01, 77/136, 17/20, 25.46
2025-06-04 23:01:41,495 Energy: -1.46463879, -1.73148139, -1.87840014, Gap: 1.6589e-01, 83/144, 18/20, 26.84
2025-06-04 23:01:43,040 Energy: -1.45311473, -1.63875136, -1.87862504, Gap: 2.5862e-01, 86/152, 19/20, 28.39
2025-06-04 23:01:44,543 Energy: -1.44942330, -1.71584058, -1.87882226, Gap: 1.8153e-01, 91/160, 20/20, 29.89
2025-06-04 23:01:44,546 Save: ./mats/VGON_nqd4_L15_20250604_225424.mat with count and overlaps
2025-06-04 23:01:44,601 Load: ./mats/VGON_nqd4_L15_20250604_225423.mat, 497/500
2025-06-04 23:01:44,602 PyTorch Device: cpu
2025-06-04 23:01:44,602 Number of layers: 15
2025-06-04 23:01:44,602 Number of qudits: 4
2025-06-04 23:01:44,602 Number of qubits: 8
2025-06-04 23:01:44,602 Coefficient phase: arctan(1/3)
2025-06-04 23:01:44,652 Ground State Energy: -1.89736660
2025-06-04 23:01:46,139 Energy: -1.59570706, -1.71678944, -1.83369171, Gap: 1.8058e-01, 4/8, 1/20, 1.48
2025-06-04 23:01:47,742 Energy: -1.60100357, -1.74109283, -1.82828948, Gap: 1.5627e-01, 10/16, 2/20, 3.08
2025-06-04 23:01:49,154 Energy: -1.40879592, -1.62427652, -1.74704531, Gap: 2.7309e-01, 12/24, 3/20, 4.49
2025-06-04 23:01:50,693 Energy: -1.60370525, -1.73468532, -1.82354891, Gap: 1.6268e-01, 17/32, 4/20, 6.03
2025-06-04 23:01:52,168 Energy: -1.63778886, -1.77299604, -1.84440212, Gap: 1.2437e-01, 23/40, 5/20, 7.51
2025-06-04 23:01:53,660 Energy: -1.64254173, -1.73871464, -1.84484277, Gap: 1.5865e-01, 28/48, 6/20, 9.00
2025-06-04 23:01:55,134 Energy: -1.51693613, -1.72550586, -1.84353599, Gap: 1.7186e-01, 33/56, 7/20, 10.47
2025-06-04 23:01:56,619 Energy: -1.61365034, -1.67625782, -1.78386041, Gap: 2.2111e-01, 36/64, 8/20, 11.96
2025-06-04 23:01:58,143 Energy: -1.61742567, -1.72919859, -1.83099837, Gap: 1.6817e-01, 41/72, 9/20, 13.48
2025-06-04 23:01:59,585 Energy: -1.34964183, -1.63553829, -1.78929843, Gap: 2.6183e-01, 43/80, 10/20, 14.92
2025-06-04 23:02:01,111 Energy: -1.62030110, -1.70527339, -1.83479221, Gap: 1.9209e-01, 46/88, 11/20, 16.45
2025-06-04 23:02:02,553 Energy: -1.60759834, -1.66690151, -1.77909810, Gap: 2.3047e-01, 48/96, 12/20, 17.89
2025-06-04 23:02:04,114 Energy: -1.61777034, -1.69626961, -1.83135180, Gap: 2.0110e-01, 51/104, 13/20, 19.45
2025-06-04 23:02:05,538 Energy: -1.45964718, -1.65099580, -1.79157750, Gap: 2.4637e-01, 54/112, 14/20, 20.88
2025-06-04 23:02:07,107 Energy: -1.62365301, -1.72395254, -1.84465699, Gap: 1.7341e-01, 58/120, 15/20, 22.45
2025-06-04 23:02:08,660 Energy: -1.58311531, -1.63765392, -1.80678412, Gap: 2.5971e-01, 59/128, 16/20, 24.00
2025-06-04 23:02:10,136 Energy: -1.61732187, -1.72302768, -1.84907217, Gap: 1.7434e-01, 63/136, 17/20, 25.47
2025-06-04 23:02:11,735 Energy: -1.61951125, -1.73067502, -1.84191552, Gap: 1.6669e-01, 68/144, 18/20, 27.07
2025-06-04 23:02:13,196 Energy: -1.61254199, -1.72331422, -1.83940467, Gap: 1.7405e-01, 72/152, 19/20, 28.53
2025-06-04 23:02:14,693 Energy: -1.47558148, -1.69309679, -1.84331361, Gap: 2.0427e-01, 75/160, 20/20, 30.03
2025-06-04 23:02:14,696 Save: ./mats/VGON_nqd4_L15_20250604_225423.mat with count and overlaps
2025-06-04 23:12:20,953 Load: ./mats/VGON_nqd4_L20_20250604_231213.mat, 500/500
2025-06-04 23:12:20,953 PyTorch Device: cpu
2025-06-04 23:12:20,953 Number of layers: 20
2025-06-04 23:12:20,953 Number of qudits: 4
2025-06-04 23:12:20,953 Number of qubits: 8
2025-06-04 23:12:20,953 Coefficient phase: arctan(1/3)
2025-06-04 23:12:20,987 Ground State Energy: -1.89736660
2025-06-04 23:12:22,460 Energy: -1.67420321, -1.80026873, -1.84871800, Gap: 9.7098e-02, 7/8, 1/20, 1.46
2025-06-04 23:12:23,889 Energy: -1.77706146, -1.80870875, -1.85613049, Gap: 8.8658e-02, 15/16, 2/20, 2.89
2025-06-04 23:12:25,419 Energy: -1.79696313, -1.82739919, -1.85416796, Gap: 6.9967e-02, 23/24, 3/20, 4.42
2025-06-04 23:12:26,988 Energy: -1.74546704, -1.80917697, -1.85608446, Gap: 8.8190e-02, 31/32, 4/20, 5.99
2025-06-04 23:12:28,508 Energy: -1.77002962, -1.81309266, -1.85659840, Gap: 8.4274e-02, 39/40, 5/20, 7.51
2025-06-04 23:12:29,930 Energy: -1.77710386, -1.81045925, -1.85749537, Gap: 8.6907e-02, 47/48, 6/20, 8.93
2025-06-04 23:12:31,404 Energy: -1.72398776, -1.81286207, -1.85691416, Gap: 8.4505e-02, 55/56, 7/20, 10.41
2025-06-04 23:12:32,938 Energy: -1.77526596, -1.80722398, -1.85205201, Gap: 9.0143e-02, 63/64, 8/20, 11.94
2025-06-04 23:12:34,335 Energy: -1.77219143, -1.80268098, -1.81725858, Gap: 9.4686e-02, 71/72, 9/20, 13.34
2025-06-04 23:12:35,856 Energy: -1.80402843, -1.82756396, -1.85591062, Gap: 6.9803e-02, 79/80, 10/20, 14.86
2025-06-04 23:12:37,365 Energy: -1.77303116, -1.82198849, -1.85708649, Gap: 7.5378e-02, 87/88, 11/20, 16.37
2025-06-04 23:12:38,864 Energy: -1.78276958, -1.81274993, -1.84040227, Gap: 8.4617e-02, 95/96, 12/20, 17.87
2025-06-04 23:12:40,312 Energy: -1.78165045, -1.82142704, -1.85288516, Gap: 7.5940e-02, 103/104, 13/20, 19.31
2025-06-04 23:12:42,000 Energy: -1.77406054, -1.81143752, -1.85618611, Gap: 8.5929e-02, 111/112, 14/20, 21.00
2025-06-04 23:12:43,577 Energy: -1.78362741, -1.82090766, -1.85719457, Gap: 7.6459e-02, 119/120, 15/20, 22.58
2025-06-04 23:12:45,176 Energy: -1.77854381, -1.80361416, -1.85744783, Gap: 9.3752e-02, 127/128, 16/20, 24.18
2025-06-04 23:12:46,907 Energy: -1.79118849, -1.81710202, -1.85690848, Gap: 8.0265e-02, 135/136, 17/20, 25.91
2025-06-04 23:12:48,665 Energy: -1.77331276, -1.81790146, -1.85527337, Gap: 7.9465e-02, 143/144, 18/20, 27.67
2025-06-04 23:12:50,404 Energy: -1.73301258, -1.81029896, -1.84890865, Gap: 8.7068e-02, 151/152, 19/20, 29.41
2025-06-04 23:12:52,026 Energy: -1.77106922, -1.82194727, -1.85257786, Gap: 7.5419e-02, 159/160, 20/20, 31.03
2025-06-04 23:12:52,029 Save: ./mats/VGON_nqd4_L20_20250604_231213.mat with count and overlaps
2025-06-04 23:12:52,085 Load: ./mats/VGON_nqd4_L20_20250604_231211.mat, 499/500
2025-06-04 23:12:52,086 PyTorch Device: cpu
2025-06-04 23:12:52,086 Number of layers: 20
2025-06-04 23:12:52,086 Number of qudits: 4
2025-06-04 23:12:52,086 Number of qubits: 8
2025-06-04 23:12:52,086 Coefficient phase: arctan(1/3)
2025-06-04 23:12:52,125 Ground State Energy: -1.89736660
2025-06-04 23:12:53,843 Energy: -1.77275589, -1.82371941, -1.87559969, Gap: 7.3647e-02, 8/8, 1/20, 1.71
2025-06-04 23:12:55,563 Energy: -1.77536693, -1.83196996, -1.87522256, Gap: 6.5397e-02, 16/16, 2/20, 3.43
2025-06-04 23:12:57,277 Energy: -1.72451260, -1.78810518, -1.84388016, Gap: 1.0926e-01, 24/24, 3/20, 5.14
2025-06-04 23:12:58,953 Energy: -1.77823204, -1.80555478, -1.87570803, Gap: 9.1812e-02, 32/32, 4/20, 6.82
2025-06-04 23:13:00,705 Energy: -1.75343349, -1.78952299, -1.87794280, Gap: 1.0784e-01, 40/40, 5/20, 8.57
2025-06-04 23:13:02,431 Energy: -1.76343847, -1.81070698, -1.87192188, Gap: 8.6660e-02, 48/48, 6/20, 10.29
2025-06-04 23:13:04,068 Energy: -1.78008259, -1.83000192, -1.87515577, Gap: 6.7365e-02, 56/56, 7/20, 11.93
2025-06-04 23:13:05,705 Energy: -1.74688579, -1.81390033, -1.87718581, Gap: 8.3466e-02, 64/64, 8/20, 13.57
2025-06-04 23:13:07,180 Energy: -1.74250449, -1.79515517, -1.87680097, Gap: 1.0221e-01, 72/72, 9/20, 15.04
2025-06-04 23:13:08,628 Energy: -1.77161299, -1.82108023, -1.87341385, Gap: 7.6286e-02, 80/80, 10/20, 16.49
2025-06-04 23:13:09,997 Energy: -1.76485294, -1.81683500, -1.87293759, Gap: 8.0532e-02, 88/88, 11/20, 17.86
2025-06-04 23:13:11,514 Energy: -1.77070545, -1.79038012, -1.87441359, Gap: 1.0699e-01, 96/96, 12/20, 19.38
2025-06-04 23:13:13,042 Energy: -1.77202798, -1.84947588, -1.87676606, Gap: 4.7891e-02, 104/104, 13/20, 20.91
2025-06-04 23:13:14,459 Energy: -1.73136022, -1.83706835, -1.87586133, Gap: 6.0298e-02, 112/112, 14/20, 22.32
2025-06-04 23:13:15,965 Energy: -1.77800204, -1.80232937, -1.86285139, Gap: 9.5037e-02, 120/120, 15/20, 23.83
2025-06-04 23:13:17,473 Energy: -1.75724354, -1.79969012, -1.86540638, Gap: 9.7676e-02, 128/128, 16/20, 25.34
2025-06-04 23:13:18,968 Energy: -1.77216763, -1.82566046, -1.87504611, Gap: 7.1706e-02, 136/136, 17/20, 26.83
2025-06-04 23:13:20,384 Energy: -1.73896818, -1.81800225, -1.87551207, Gap: 7.9364e-02, 144/144, 18/20, 28.25
2025-06-04 23:13:21,887 Energy: -1.77460767, -1.80559639, -1.87281001, Gap: 9.1770e-02, 152/152, 19/20, 29.75
2025-06-04 23:13:23,349 Energy: -1.77206098, -1.80664660, -1.87292786, Gap: 9.0720e-02, 160/160, 20/20, 31.21
2025-06-04 23:13:23,351 Save: ./mats/VGON_nqd4_L20_20250604_231211.mat with count and overlaps
2025-06-04 23:13:23,400 Load: ./mats/VGON_nqd4_L20_20250604_231209.mat, 498/500
2025-06-04 23:13:23,400 PyTorch Device: cpu
2025-06-04 23:13:23,400 Number of layers: 20
2025-06-04 23:13:23,400 Number of qudits: 4
2025-06-04 23:13:23,400 Number of qubits: 8
2025-06-04 23:13:23,400 Coefficient phase: arctan(1/3)
2025-06-04 23:13:23,436 Ground State Energy: -1.89736660
2025-06-04 23:13:24,835 Energy: -1.71145120, -1.79362190, -1.85757997, Gap: 1.0374e-01, 8/8, 1/20, 1.39
2025-06-04 23:13:26,355 Energy: -1.74460543, -1.77932737, -1.85241943, Gap: 1.1804e-01, 16/16, 2/20, 2.91
2025-06-04 23:13:27,901 Energy: -1.76510743, -1.80749897, -1.85953843, Gap: 8.9868e-02, 24/24, 3/20, 4.46
2025-06-04 23:13:29,411 Energy: -1.74139795, -1.78700752, -1.84389470, Gap: 1.1036e-01, 32/32, 4/20, 5.97
2025-06-04 23:13:30,829 Energy: -1.74977442, -1.78148017, -1.84454492, Gap: 1.1589e-01, 40/40, 5/20, 7.39
2025-06-04 23:13:32,326 Energy: -1.75644578, -1.81987191, -1.85982246, Gap: 7.7495e-02, 48/48, 6/20, 8.88
2025-06-04 23:13:33,821 Energy: -1.76558745, -1.80802020, -1.85455297, Gap: 8.9346e-02, 56/56, 7/20, 10.38
2025-06-04 23:13:35,222 Energy: -1.73995647, -1.79470192, -1.85527027, Gap: 1.0266e-01, 64/64, 8/20, 11.78
2025-06-04 23:13:36,724 Energy: -1.76571456, -1.81764476, -1.85479616, Gap: 7.9722e-02, 72/72, 9/20, 13.28
2025-06-04 23:13:38,243 Energy: -1.73718539, -1.80107634, -1.85474304, Gap: 9.6290e-02, 80/80, 10/20, 14.80
2025-06-04 23:13:39,824 Energy: -1.76926800, -1.81655863, -1.85276283, Gap: 8.0808e-02, 88/88, 11/20, 16.38
2025-06-04 23:13:41,291 Energy: -1.73453133, -1.80325009, -1.85827975, Gap: 9.4117e-02, 96/96, 12/20, 17.85
2025-06-04 23:13:42,791 Energy: -1.72682167, -1.77300513, -1.84537470, Gap: 1.2436e-01, 104/104, 13/20, 19.35
2025-06-04 23:13:44,301 Energy: -1.76593420, -1.80967587, -1.86224057, Gap: 8.7691e-02, 112/112, 14/20, 20.86
2025-06-04 23:13:45,692 Energy: -1.77278651, -1.82530954, -1.86051475, Gap: 7.2057e-02, 120/120, 15/20, 22.25
2025-06-04 23:13:47,200 Energy: -1.76147260, -1.80368399, -1.85710373, Gap: 9.3683e-02, 128/128, 16/20, 23.76
2025-06-04 23:13:48,723 Energy: -1.77499538, -1.82541623, -1.85983520, Gap: 7.1950e-02, 136/136, 17/20, 25.28
2025-06-04 23:13:50,215 Energy: -1.77391907, -1.81885515, -1.85722332, Gap: 7.8511e-02, 144/144, 18/20, 26.77
2025-06-04 23:13:51,643 Energy: -1.75530020, -1.79426060, -1.85252178, Gap: 1.0311e-01, 152/152, 19/20, 28.20
2025-06-04 23:13:53,129 Energy: -1.75615470, -1.79439314, -1.85165363, Gap: 1.0297e-01, 160/160, 20/20, 29.69
2025-06-04 23:13:53,131 Save: ./mats/VGON_nqd4_L20_20250604_231209.mat with count and overlaps
2025-06-04 23:13:53,185 Load: ./mats/VGON_nqd4_L20_20250604_231207.mat, 497/500
2025-06-04 23:13:53,186 PyTorch Device: cpu
2025-06-04 23:13:53,186 Number of layers: 20
2025-06-04 23:13:53,186 Number of qudits: 4
2025-06-04 23:13:53,186 Number of qubits: 8
2025-06-04 23:13:53,186 Coefficient phase: arctan(1/3)
2025-06-04 23:13:53,218 Ground State Energy: -1.89736660
2025-06-04 23:13:54,708 Energy: -1.68934885, -1.77246232, -1.81622256, Gap: 1.2490e-01, 7/8, 1/20, 1.48
2025-06-04 23:13:56,105 Energy: -1.76123355, -1.79137219, -1.81245087, Gap: 1.0599e-01, 15/16, 2/20, 2.88
2025-06-04 23:13:57,578 Energy: -1.76809105, -1.79829548, -1.82697107, Gap: 9.9071e-02, 23/24, 3/20, 4.35
2025-06-04 23:13:59,055 Energy: -1.79064440, -1.80713314, -1.81772452, Gap: 9.0233e-02, 31/32, 4/20, 5.83
2025-06-04 23:14:00,548 Energy: -1.72865422, -1.79842225, -1.83150813, Gap: 9.8944e-02, 39/40, 5/20, 7.32
2025-06-04 23:14:01,920 Energy: -1.73055626, -1.77407541, -1.82002852, Gap: 1.2329e-01, 47/48, 6/20, 8.69
2025-06-04 23:14:03,397 Energy: -1.76374071, -1.78837894, -1.82176966, Gap: 1.0899e-01, 55/56, 7/20, 10.17
2025-06-04 23:14:04,869 Energy: -1.69295602, -1.78357636, -1.82096464, Gap: 1.1379e-01, 62/64, 8/20, 11.64
2025-06-04 23:14:06,349 Energy: -1.75262558, -1.77987584, -1.81196952, Gap: 1.1749e-01, 70/72, 9/20, 13.12
2025-06-04 23:14:07,736 Energy: -1.74445231, -1.79262060, -1.82763674, Gap: 1.0475e-01, 78/80, 10/20, 14.51
2025-06-04 23:14:09,215 Energy: -1.78107805, -1.81099886, -1.83506853, Gap: 8.6368e-02, 86/88, 11/20, 15.99
2025-06-04 23:14:10,695 Energy: -1.26168383, -1.73379671, -1.82578080, Gap: 1.6357e-01, 93/96, 12/20, 17.47
2025-06-04 23:14:12,118 Energy: -1.75011405, -1.79156575, -1.81706620, Gap: 1.0580e-01, 101/104, 13/20, 18.89
2025-06-04 23:14:13,595 Energy: -1.76421277, -1.79086948, -1.82324640, Gap: 1.0650e-01, 109/112, 14/20, 20.37
2025-06-04 23:14:15,110 Energy: -1.68868270, -1.76917628, -1.82043003, Gap: 1.2819e-01, 116/120, 15/20, 21.88
2025-06-04 23:14:16,611 Energy: -1.76246233, -1.78785859, -1.81428347, Gap: 1.0951e-01, 124/128, 16/20, 23.38
2025-06-04 23:14:18,019 Energy: -1.77563992, -1.79895108, -1.81633221, Gap: 9.8416e-02, 132/136, 17/20, 24.79
2025-06-04 23:14:19,500 Energy: -1.77732926, -1.80154714, -1.82663055, Gap: 9.5819e-02, 140/144, 18/20, 26.27
2025-06-04 23:14:21,004 Energy: -1.74496688, -1.79146669, -1.81021878, Gap: 1.0590e-01, 148/152, 19/20, 27.78
2025-06-04 23:14:22,413 Energy: -1.77705842, -1.80823633, -1.82673752, Gap: 8.9130e-02, 156/160, 20/20, 29.18
2025-06-04 23:14:22,415 Save: ./mats/VGON_nqd4_L20_20250604_231207.mat with count and overlaps
2025-06-04 23:33:17,784 Load: ./mats/VGON_nqd4_L10_20250604_232433.mat, 500/500
2025-06-04 23:33:17,784 PyTorch Device: cpu
2025-06-04 23:33:17,784 Number of layers: 10
2025-06-04 23:33:17,784 Number of qudits: 4
2025-06-04 23:33:17,784 Number of qubits: 8
2025-06-04 23:33:17,784 Coefficient phase: arctan(1/3)
2025-06-04 23:33:17,831 Ground State Energy: -1.89736660
2025-06-04 23:33:18,783 Energy: -1.78656296, -1.83971142, -1.86924073, Gap: 5.7655e-02, 8/8, 1/20, 0.94
2025-06-04 23:33:19,845 Energy: -1.80445692, -1.84249200, -1.87960324, Gap: 5.4875e-02, 16/16, 2/20, 2.00
2025-06-04 23:33:20,792 Energy: -1.68455319, -1.80570693, -1.85553634, Gap: 9.1660e-02, 23/24, 3/20, 2.95
2025-06-04 23:33:21,806 Energy: -1.46410026, -1.77724607, -1.86489868, Gap: 1.2012e-01, 30/32, 4/20, 3.97
2025-06-04 23:33:22,830 Energy: -1.63855074, -1.81804205, -1.87136694, Gap: 7.9325e-02, 37/40, 5/20, 4.99
2025-06-04 23:33:23,811 Energy: -1.70079648, -1.81538329, -1.86604942, Gap: 8.1983e-02, 45/48, 6/20, 5.97
2025-06-04 23:33:24,861 Energy: -1.80371772, -1.84324453, -1.86627086, Gap: 5.4122e-02, 53/56, 7/20, 7.02
2025-06-04 23:33:25,889 Energy: -1.79497069, -1.83540712, -1.87459257, Gap: 6.1959e-02, 61/64, 8/20, 8.05
2025-06-04 23:33:26,984 Energy: -1.78411403, -1.83165622, -1.86695959, Gap: 6.5710e-02, 69/72, 9/20, 9.14
2025-06-04 23:33:27,981 Energy: -1.80697393, -1.84151345, -1.86809019, Gap: 5.5853e-02, 77/80, 10/20, 10.14
2025-06-04 23:33:28,945 Energy: -1.78415339, -1.83789981, -1.86966011, Gap: 5.9467e-02, 85/88, 11/20, 11.11
2025-06-04 23:33:30,042 Energy: -1.71101563, -1.82194331, -1.86167723, Gap: 7.5423e-02, 93/96, 12/20, 12.20
2025-06-04 23:33:31,079 Energy: -1.85552608, -1.86421712, -1.86945134, Gap: 3.3149e-02, 101/104, 13/20, 13.24
2025-06-04 23:33:32,109 Energy: -1.74230079, -1.83014056, -1.87058251, Gap: 6.7226e-02, 109/112, 14/20, 14.27
2025-06-04 23:33:33,216 Energy: -1.81932357, -1.85004095, -1.87310695, Gap: 4.7326e-02, 117/120, 15/20, 15.38
2025-06-04 23:33:34,243 Energy: -1.80595772, -1.84602284, -1.87567735, Gap: 5.1344e-02, 125/128, 16/20, 16.40
2025-06-04 23:33:35,366 Energy: -1.79200530, -1.84257897, -1.86444154, Gap: 5.4788e-02, 133/136, 17/20, 17.53
2025-06-04 23:33:36,383 Energy: -1.78625448, -1.83385133, -1.86489097, Gap: 6.3515e-02, 141/144, 18/20, 18.54
2025-06-04 23:33:37,458 Energy: -1.60463432, -1.79914925, -1.86473901, Gap: 9.8217e-02, 148/152, 19/20, 19.62
2025-06-04 23:33:38,465 Energy: -1.77440200, -1.82534324, -1.86287924, Gap: 7.2023e-02, 156/160, 20/20, 20.63
2025-06-04 23:33:38,468 Save: ./mats/VGON_nqd4_L10_20250604_232433.mat with count and overlaps
2025-06-04 23:33:38,519 Load: ./mats/VGON_nqd4_L10_20250604_232432.mat, 499/500
2025-06-04 23:33:38,519 PyTorch Device: cpu
2025-06-04 23:33:38,519 Number of layers: 10
2025-06-04 23:33:38,519 Number of qudits: 4
2025-06-04 23:33:38,519 Number of qubits: 8
2025-06-04 23:33:38,519 Coefficient phase: arctan(1/3)
2025-06-04 23:33:38,575 Ground State Energy: -1.89736660
2025-06-04 23:33:39,613 Energy: -1.78749837, -1.83397357, -1.85975259, Gap: 6.3393e-02, 8/8, 1/20, 1.03
2025-06-04 23:33:40,757 Energy: -1.72651156, -1.80931907, -1.85393717, Gap: 8.8048e-02, 16/16, 2/20, 2.18
2025-06-04 23:33:41,732 Energy: -1.63814062, -1.81681887, -1.86940618, Gap: 8.0548e-02, 23/24, 3/20, 3.15
2025-06-04 23:33:42,753 Energy: -1.80245077, -1.84028097, -1.87346215, Gap: 5.7086e-02, 31/32, 4/20, 4.17
2025-06-04 23:33:43,877 Energy: -1.77450418, -1.83597746, -1.86018276, Gap: 6.1389e-02, 39/40, 5/20, 5.30
2025-06-04 23:33:44,914 Energy: -1.77485470, -1.82138622, -1.87411829, Gap: 7.5980e-02, 47/48, 6/20, 6.33
2025-06-04 23:33:46,011 Energy: -1.74793316, -1.82765038, -1.87109171, Gap: 6.9716e-02, 55/56, 7/20, 7.43
2025-06-04 23:33:47,039 Energy: -1.69265484, -1.80862206, -1.85377443, Gap: 8.8745e-02, 62/64, 8/20, 8.46
2025-06-04 23:33:48,129 Energy: -1.73317246, -1.83017719, -1.86619193, Gap: 6.7189e-02, 70/72, 9/20, 9.55
2025-06-04 23:33:49,143 Energy: -1.68164869, -1.81973595, -1.85002863, Gap: 7.7631e-02, 77/80, 10/20, 10.56
2025-06-04 23:33:50,110 Energy: -1.78903543, -1.82340794, -1.86446598, Gap: 7.3959e-02, 85/88, 11/20, 11.53
2025-06-04 23:33:51,216 Energy: -1.78426060, -1.82252121, -1.87099699, Gap: 7.4845e-02, 93/96, 12/20, 12.64
2025-06-04 23:33:52,209 Energy: -1.72149591, -1.81256265, -1.86882103, Gap: 8.4804e-02, 101/104, 13/20, 13.63
2025-06-04 23:33:53,310 Energy: -1.71943239, -1.79631032, -1.85436862, Gap: 1.0106e-01, 109/112, 14/20, 14.73
2025-06-04 23:33:54,282 Energy: -1.77281972, -1.81356622, -1.83741456, Gap: 8.3800e-02, 117/120, 15/20, 15.70
2025-06-04 23:33:55,288 Energy: -1.70522115, -1.80102702, -1.86707054, Gap: 9.6340e-02, 125/128, 16/20, 16.71
2025-06-04 23:33:56,382 Energy: -1.75411439, -1.81243736, -1.86462465, Gap: 8.4929e-02, 133/136, 17/20, 17.80
2025-06-04 23:33:57,362 Energy: -1.76492321, -1.82943272, -1.85983521, Gap: 6.7934e-02, 141/144, 18/20, 18.78
2025-06-04 23:33:58,348 Energy: -1.71127833, -1.80611352, -1.84021942, Gap: 9.1253e-02, 149/152, 19/20, 19.77
2025-06-04 23:33:59,454 Energy: -1.67252715, -1.82381849, -1.87042847, Gap: 7.3548e-02, 156/160, 20/20, 20.87
2025-06-04 23:33:59,457 Save: ./mats/VGON_nqd4_L10_20250604_232432.mat with count and overlaps
2025-06-04 23:33:59,509 Load: ./mats/VGON_nqd4_L10_20250604_232431.mat, 498/500
2025-06-04 23:33:59,509 PyTorch Device: cpu
2025-06-04 23:33:59,509 Number of layers: 10
2025-06-04 23:33:59,509 Number of qudits: 4
2025-06-04 23:33:59,510 Number of qubits: 8
2025-06-04 23:33:59,510 Coefficient phase: arctan(1/3)
2025-06-04 23:33:59,558 Ground State Energy: -1.89736660
2025-06-04 23:34:00,594 Energy: -1.76611881, -1.82269033, -1.85737571, Gap: 7.4676e-02, 8/8, 1/20, 1.03
2025-06-04 23:34:01,715 Energy: -1.81999221, -1.84044339, -1.85151313, Gap: 5.6923e-02, 16/16, 2/20, 2.15
2025-06-04 23:34:02,683 Energy: -1.82599974, -1.83288696, -1.85594549, Gap: 6.4480e-02, 24/24, 3/20, 3.12
2025-06-04 23:34:03,658 Energy: -1.66374620, -1.81283858, -1.85712042, Gap: 8.4528e-02, 31/32, 4/20, 4.09
2025-06-04 23:34:04,763 Energy: -1.80070423, -1.82732131, -1.84090339, Gap: 7.0045e-02, 39/40, 5/20, 5.20
2025-06-04 23:34:05,782 Energy: -1.79958529, -1.83814094, -1.85842135, Gap: 5.9226e-02, 47/48, 6/20, 6.22
2025-06-04 23:34:06,807 Energy: -1.82646887, -1.84741259, -1.86444789, Gap: 4.9954e-02, 55/56, 7/20, 7.24
2025-06-04 23:34:07,903 Energy: -1.81915159, -1.84215467, -1.86222309, Gap: 5.5212e-02, 63/64, 8/20, 8.34
2025-06-04 23:34:08,921 Energy: -1.64157128, -1.81667478, -1.85917945, Gap: 8.0692e-02, 70/72, 9/20, 9.36
2025-06-04 23:34:10,028 Energy: -1.63427987, -1.79716598, -1.85605632, Gap: 1.0020e-01, 77/80, 10/20, 10.47
2025-06-04 23:34:11,046 Energy: -1.81540344, -1.83504280, -1.84720353, Gap: 6.2324e-02, 85/88, 11/20, 11.48
2025-06-04 23:34:12,071 Energy: -1.75238226, -1.82855298, -1.86294812, Gap: 6.8814e-02, 93/96, 12/20, 12.51
2025-06-04 23:34:13,227 Energy: -1.76515385, -1.82012217, -1.86887851, Gap: 7.7244e-02, 101/104, 13/20, 13.66
2025-06-04 23:34:14,236 Energy: -1.80772896, -1.83731854, -1.86836281, Gap: 6.0048e-02, 109/112, 14/20, 14.67
2025-06-04 23:34:15,178 Energy: -1.82844506, -1.84452036, -1.85404485, Gap: 5.2846e-02, 117/120, 15/20, 15.61
2025-06-04 23:34:16,265 Energy: -1.77753918, -1.82186528, -1.84779677, Gap: 7.5501e-02, 125/128, 16/20, 16.70
2025-06-04 23:34:17,250 Energy: -1.32793624, -1.77494661, -1.86903480, Gap: 1.2242e-01, 132/136, 17/20, 17.69
2025-06-04 23:34:18,408 Energy: -1.77832856, -1.83389317, -1.85785128, Gap: 6.3473e-02, 140/144, 18/20, 18.84
2025-06-04 23:34:19,422 Energy: -1.80120284, -1.83345675, -1.85777524, Gap: 6.3910e-02, 148/152, 19/20, 19.86
2025-06-04 23:34:20,458 Energy: -1.80202586, -1.82770107, -1.85990333, Gap: 6.9666e-02, 156/160, 20/20, 20.89
2025-06-04 23:34:20,461 Save: ./mats/VGON_nqd4_L10_20250604_232431.mat with count and overlaps
2025-06-04 23:34:20,515 Load: ./mats/VGON_nqd4_L10_20250604_232430.mat, 497/500
2025-06-04 23:34:20,515 PyTorch Device: cpu
2025-06-04 23:34:20,515 Number of layers: 10
2025-06-04 23:34:20,515 Number of qudits: 4
2025-06-04 23:34:20,515 Number of qubits: 8
2025-06-04 23:34:20,515 Coefficient phase: arctan(1/3)
2025-06-04 23:34:20,566 Ground State Energy: -1.89736660
2025-06-04 23:34:21,680 Energy: -1.82955567, -1.84922521, -1.86745602, Gap: 4.8141e-02, 8/8, 1/20, 1.11
2025-06-04 23:34:22,724 Energy: -1.66231325, -1.82431180, -1.86824161, Gap: 7.3055e-02, 15/16, 2/20, 2.15
2025-06-04 23:34:23,792 Energy: -1.73400269, -1.83535202, -1.86455478, Gap: 6.2015e-02, 23/24, 3/20, 3.22
2025-06-04 23:34:24,802 Energy: -1.82774169, -1.85248610, -1.87446584, Gap: 4.4880e-02, 31/32, 4/20, 4.23
2025-06-04 23:34:25,967 Energy: -1.83085656, -1.85594602, -1.87151778, Gap: 4.1421e-02, 39/40, 5/20, 5.40
2025-06-04 23:34:26,995 Energy: -1.78544136, -1.83855709, -1.86508285, Gap: 5.8810e-02, 47/48, 6/20, 6.42
2025-06-04 23:34:28,006 Energy: -1.79560422, -1.84286000, -1.86528990, Gap: 5.4507e-02, 55/56, 7/20, 7.43
2025-06-04 23:34:29,130 Energy: -1.82732387, -1.84974489, -1.87307144, Gap: 4.7622e-02, 63/64, 8/20, 8.56
2025-06-04 23:34:30,138 Energy: -1.73189679, -1.79981758, -1.86207805, Gap: 9.7549e-02, 71/72, 9/20, 9.57
2025-06-04 23:34:31,135 Energy: -1.78270003, -1.84283422, -1.86830108, Gap: 5.4532e-02, 79/80, 10/20, 10.56
2025-06-04 23:34:32,216 Energy: -1.78336358, -1.84536282, -1.86951724, Gap: 5.2004e-02, 87/88, 11/20, 11.64
2025-06-04 23:34:33,244 Energy: -1.79233337, -1.84749811, -1.87440022, Gap: 4.9868e-02, 95/96, 12/20, 12.67
2025-06-04 23:34:34,350 Energy: -1.68502533, -1.82952808, -1.86351336, Gap: 6.7839e-02, 102/104, 13/20, 13.78
2025-06-04 23:34:35,365 Energy: -1.77387570, -1.83532293, -1.87066488, Gap: 6.2044e-02, 110/112, 14/20, 14.79
2025-06-04 23:34:36,471 Energy: -1.83950206, -1.85679033, -1.86861144, Gap: 4.0576e-02, 118/120, 15/20, 15.90
2025-06-04 23:34:37,473 Energy: -1.56043761, -1.81487387, -1.86977316, Gap: 8.2493e-02, 125/128, 16/20, 16.90
2025-06-04 23:34:38,496 Energy: -1.82693993, -1.84762131, -1.87029379, Gap: 4.9745e-02, 133/136, 17/20, 17.92
2025-06-04 23:34:39,564 Energy: -1.72890624, -1.83934116, -1.86658024, Gap: 5.8025e-02, 141/144, 18/20, 18.99
2025-06-04 23:34:40,562 Energy: -1.72061173, -1.82848543, -1.87511408, Gap: 6.8881e-02, 149/152, 19/20, 19.99
2025-06-04 23:34:41,574 Energy: -1.77732777, -1.84698285, -1.86573639, Gap: 5.0384e-02, 157/160, 20/20, 21.00
2025-06-04 23:34:41,577 Save: ./mats/VGON_nqd4_L10_20250604_232430.mat with count and overlaps
2025-06-04 23:39:53,798 Load: ./mats/VGON_nqd4_L15_20250604_233820.mat, 500/500
2025-06-04 23:39:53,798 PyTorch Device: cpu
2025-06-04 23:39:53,798 Number of layers: 15
2025-06-04 23:39:53,799 Number of qudits: 4
2025-06-04 23:39:53,799 Number of qubits: 8
2025-06-04 23:39:53,799 Coefficient phase: arctan(1/3)
2025-06-04 23:39:53,834 Ground State Energy: -1.89736660
2025-06-04 23:39:55,422 Energy: -1.63044151, -1.85440439, -1.89033810, Gap: 4.2962e-02, 7/8, 1/20, 1.57
2025-06-04 23:39:56,941 Energy: -1.86912010, -1.88331448, -1.88885865, Gap: 1.4052e-02, 15/16, 2/20, 3.09
2025-06-04 23:39:58,513 Energy: -1.87400634, -1.88209105, -1.88749450, Gap: 1.5276e-02, 23/24, 3/20, 4.66
2025-06-04 23:39:59,985 Energy: -1.85589279, -1.88259789, -1.88763238, Gap: 1.4769e-02, 31/32, 4/20, 6.14
2025-06-04 23:40:01,547 Energy: -1.87418419, -1.88261388, -1.88935467, Gap: 1.4753e-02, 39/40, 5/20, 7.70
2025-06-04 23:40:02,979 Energy: -1.72281954, -1.85896966, -1.88782330, Gap: 3.8397e-02, 46/48, 6/20, 9.13
2025-06-04 23:40:04,475 Energy: -1.70660730, -1.85499415, -1.88649785, Gap: 4.2372e-02, 53/56, 7/20, 10.63
2025-06-04 23:40:05,930 Energy: -1.85669071, -1.88171215, -1.89009104, Gap: 1.5654e-02, 61/64, 8/20, 12.08
2025-06-04 23:40:07,452 Energy: -1.84503453, -1.88097698, -1.89044036, Gap: 1.6390e-02, 69/72, 9/20, 13.60
2025-06-04 23:40:08,961 Energy: -1.88350902, -1.88602895, -1.88841657, Gap: 1.1338e-02, 77/80, 10/20, 15.11
2025-06-04 23:40:10,377 Energy: -1.88284430, -1.88609229, -1.89016471, Gap: 1.1274e-02, 85/88, 11/20, 16.53
2025-06-04 23:40:11,890 Energy: -1.87441745, -1.88257613, -1.88951065, Gap: 1.4790e-02, 93/96, 12/20, 18.04
2025-06-04 23:40:13,398 Energy: -1.86679248, -1.88291201, -1.88872184, Gap: 1.4455e-02, 101/104, 13/20, 19.55
2025-06-04 23:40:14,854 Energy: -1.81255652, -1.87497453, -1.88881167, Gap: 2.2392e-02, 109/112, 14/20, 21.01
2025-06-04 23:40:16,233 Energy: -1.59789653, -1.84371758, -1.88653811, Gap: 5.3649e-02, 116/120, 15/20, 22.39
2025-06-04 23:40:17,746 Energy: -1.86791287, -1.88226342, -1.88941833, Gap: 1.5103e-02, 124/128, 16/20, 23.90
2025-06-04 23:40:19,180 Energy: -1.58536761, -1.83629208, -1.88820201, Gap: 6.1075e-02, 130/136, 17/20, 25.33
2025-06-04 23:40:20,742 Energy: -1.86892615, -1.88290805, -1.88970332, Gap: 1.4459e-02, 138/144, 18/20, 26.89
2025-06-04 23:40:22,252 Energy: -1.78744132, -1.85422779, -1.88750401, Gap: 4.3139e-02, 145/152, 19/20, 28.40
2025-06-04 23:40:23,765 Energy: -1.85362780, -1.87593808, -1.88720291, Gap: 2.1429e-02, 153/160, 20/20, 29.92
2025-06-04 23:40:23,768 Save: ./mats/VGON_nqd4_L15_20250604_233820.mat with count and overlaps
2025-06-04 23:40:23,830 Load: ./mats/VGON_nqd4_L15_20250604_233819.mat, 499/500
2025-06-04 23:40:23,830 PyTorch Device: cpu
2025-06-04 23:40:23,830 Number of layers: 15
2025-06-04 23:40:23,830 Number of qudits: 4
2025-06-04 23:40:23,830 Number of qubits: 8
2025-06-04 23:40:23,830 Coefficient phase: arctan(1/3)
2025-06-04 23:40:23,883 Ground State Energy: -1.89736660
2025-06-04 23:40:25,453 Energy: -1.86131800, -1.88199751, -1.88984978, Gap: 1.5369e-02, 8/8, 1/20, 1.56
2025-06-04 23:40:26,887 Energy: -1.87419495, -1.88545930, -1.89080846, Gap: 1.1907e-02, 16/16, 2/20, 2.99
2025-06-04 23:40:28,460 Energy: -1.87475503, -1.88421146, -1.89169442, Gap: 1.3155e-02, 24/24, 3/20, 4.57
2025-06-04 23:40:29,884 Energy: -1.87595670, -1.88366165, -1.89282334, Gap: 1.3705e-02, 32/32, 4/20, 5.99
2025-06-04 23:40:31,379 Energy: -1.75681565, -1.86980154, -1.89105912, Gap: 2.7565e-02, 39/40, 5/20, 7.49
2025-06-04 23:40:32,850 Energy: -1.87870458, -1.88517499, -1.89038181, Gap: 1.2192e-02, 47/48, 6/20, 8.96
2025-06-04 23:40:34,410 Energy: -1.88085013, -1.88529877, -1.89219517, Gap: 1.2068e-02, 55/56, 7/20, 10.52
2025-06-04 23:40:35,914 Energy: -1.88403898, -1.88804350, -1.89184047, Gap: 9.3231e-03, 63/64, 8/20, 12.02
2025-06-04 23:40:37,393 Energy: -1.87733537, -1.88226301, -1.88832697, Gap: 1.5104e-02, 71/72, 9/20, 13.50
2025-06-04 23:40:38,950 Energy: -1.84399606, -1.88034281, -1.89160379, Gap: 1.7024e-02, 79/80, 10/20, 15.06
2025-06-04 23:40:40,447 Energy: -1.85619207, -1.88210865, -1.88985795, Gap: 1.5258e-02, 87/88, 11/20, 16.56
2025-06-04 23:40:41,943 Energy: -1.87561953, -1.88634454, -1.89120375, Gap: 1.1022e-02, 95/96, 12/20, 18.05
2025-06-04 23:40:43,343 Energy: -1.87601435, -1.88397966, -1.89106614, Gap: 1.3387e-02, 103/104, 13/20, 19.45
2025-06-04 23:40:44,872 Energy: -1.87768082, -1.88363153, -1.88956125, Gap: 1.3735e-02, 111/112, 14/20, 20.98
2025-06-04 23:40:46,363 Energy: -1.85973404, -1.88312573, -1.89125113, Gap: 1.4241e-02, 119/120, 15/20, 22.47
2025-06-04 23:40:47,917 Energy: -1.85962265, -1.88273402, -1.89083913, Gap: 1.4633e-02, 127/128, 16/20, 24.03
2025-06-04 23:40:49,514 Energy: -1.67366246, -1.85785796, -1.88947047, Gap: 3.9509e-02, 134/136, 17/20, 25.62
2025-06-04 23:40:50,997 Energy: -1.75438903, -1.87029686, -1.89078421, Gap: 2.7070e-02, 141/144, 18/20, 27.10
2025-06-04 23:40:52,585 Energy: -1.87886110, -1.88644240, -1.89106813, Gap: 1.0924e-02, 149/152, 19/20, 28.69
2025-06-04 23:40:54,045 Energy: -1.88013040, -1.88735283, -1.89220295, Gap: 1.0014e-02, 157/160, 20/20, 30.15
2025-06-04 23:40:54,048 Save: ./mats/VGON_nqd4_L15_20250604_233819.mat with count and overlaps
2025-06-04 23:40:54,102 Load: ./mats/VGON_nqd4_L15_20250604_233817.mat, 498/500
2025-06-04 23:40:54,102 PyTorch Device: cpu
2025-06-04 23:40:54,102 Number of layers: 15
2025-06-04 23:40:54,102 Number of qudits: 4
2025-06-04 23:40:54,102 Number of qubits: 8
2025-06-04 23:40:54,102 Coefficient phase: arctan(1/3)
2025-06-04 23:40:54,155 Ground State Energy: -1.89736660
2025-06-04 23:40:55,683 Energy: -1.87963925, -1.88638009, -1.89281031, Gap: 1.0987e-02, 8/8, 1/20, 1.52
2025-06-04 23:40:57,121 Energy: -1.86481266, -1.88033902, -1.89190305, Gap: 1.7028e-02, 16/16, 2/20, 2.96
2025-06-04 23:40:58,698 Energy: -1.85949045, -1.88090442, -1.89270004, Gap: 1.6462e-02, 24/24, 3/20, 4.53
2025-06-04 23:41:00,196 Energy: -1.86817583, -1.88270006, -1.89139101, Gap: 1.4667e-02, 32/32, 4/20, 6.03
2025-06-04 23:41:01,695 Energy: -1.86742531, -1.88427838, -1.89269879, Gap: 1.3088e-02, 40/40, 5/20, 7.53
2025-06-04 23:41:03,196 Energy: -1.85773297, -1.88477166, -1.89232209, Gap: 1.2595e-02, 48/48, 6/20, 9.03
2025-06-04 23:41:04,641 Energy: -1.85916395, -1.88057306, -1.89153747, Gap: 1.6794e-02, 56/56, 7/20, 10.48
2025-06-04 23:41:06,147 Energy: -1.88159952, -1.88817000, -1.89162082, Gap: 9.1966e-03, 64/64, 8/20, 11.98
2025-06-04 23:41:07,574 Energy: -1.87789718, -1.88841030, -1.89260016, Gap: 8.9563e-03, 72/72, 9/20, 13.41
2025-06-04 23:41:09,086 Energy: -1.88032935, -1.88636288, -1.89216595, Gap: 1.1004e-02, 80/80, 10/20, 14.92
2025-06-04 23:41:10,594 Energy: -1.84989794, -1.88389407, -1.89206539, Gap: 1.3473e-02, 88/88, 11/20, 16.43
2025-06-04 23:41:12,171 Energy: -1.84999707, -1.88379585, -1.89230754, Gap: 1.3571e-02, 96/96, 12/20, 18.01
2025-06-04 23:41:13,639 Energy: -1.87518725, -1.88714436, -1.89230350, Gap: 1.0222e-02, 104/104, 13/20, 19.47
2025-06-04 23:41:15,096 Energy: -1.87301074, -1.88471717, -1.89039040, Gap: 1.2649e-02, 112/112, 14/20, 20.93
2025-06-04 23:41:16,688 Energy: -1.87573358, -1.88497399, -1.89196708, Gap: 1.2393e-02, 120/120, 15/20, 22.52
2025-06-04 23:41:18,188 Energy: -1.88147445, -1.88694138, -1.89134461, Gap: 1.0425e-02, 128/128, 16/20, 24.02
2025-06-04 23:41:19,757 Energy: -1.80564891, -1.87416087, -1.89194430, Gap: 2.3206e-02, 136/136, 17/20, 25.59
2025-06-04 23:41:21,278 Energy: -1.88207052, -1.88790137, -1.89177170, Gap: 9.4652e-03, 144/144, 18/20, 27.11
2025-06-04 23:41:22,891 Energy: -1.86478618, -1.88423350, -1.89263670, Gap: 1.3133e-02, 152/152, 19/20, 28.73
2025-06-04 23:41:24,439 Energy: -1.84126551, -1.87965924, -1.88961150, Gap: 1.7707e-02, 160/160, 20/20, 30.27
2025-06-04 23:41:24,442 Save: ./mats/VGON_nqd4_L15_20250604_233817.mat with count and overlaps
2025-06-04 23:41:24,498 Load: ./mats/VGON_nqd4_L15_20250604_233815.mat, 497/500
2025-06-04 23:41:24,499 PyTorch Device: cpu
2025-06-04 23:41:24,499 Number of layers: 15
2025-06-04 23:41:24,499 Number of qudits: 4
2025-06-04 23:41:24,499 Number of qubits: 8
2025-06-04 23:41:24,499 Coefficient phase: arctan(1/3)
2025-06-04 23:41:24,552 Ground State Energy: -1.89736660
2025-06-04 23:41:26,045 Energy: -1.86631512, -1.87907730, -1.88848602, Gap: 1.8289e-02, 8/8, 1/20, 1.48
2025-06-04 23:41:27,676 Energy: -1.86626691, -1.87405134, -1.88230565, Gap: 2.3315e-02, 16/16, 2/20, 3.11
2025-06-04 23:41:29,187 Energy: -1.85546603, -1.87757988, -1.88929454, Gap: 1.9787e-02, 24/24, 3/20, 4.63
2025-06-04 23:41:30,772 Energy: -1.86270418, -1.88014515, -1.88764970, Gap: 1.7221e-02, 32/32, 4/20, 6.21
2025-06-04 23:41:32,223 Energy: -1.85633867, -1.87756753, -1.88407859, Gap: 1.9799e-02, 40/40, 5/20, 7.66
2025-06-04 23:41:33,801 Energy: -1.85662024, -1.87826669, -1.88750126, Gap: 1.9100e-02, 48/48, 6/20, 9.24
2025-06-04 23:41:35,303 Energy: -1.83884254, -1.87062989, -1.88644671, Gap: 2.6737e-02, 56/56, 7/20, 10.74
2025-06-04 23:41:36,854 Energy: -1.87358066, -1.88103051, -1.88809581, Gap: 1.6336e-02, 64/64, 8/20, 12.29
2025-06-04 23:41:38,412 Energy: -1.86342807, -1.87372471, -1.88602125, Gap: 2.3642e-02, 72/72, 9/20, 13.85
2025-06-04 23:41:39,892 Energy: -1.84918673, -1.87596787, -1.88965206, Gap: 2.1399e-02, 80/80, 10/20, 15.33
2025-06-04 23:41:41,409 Energy: -1.83620968, -1.87536013, -1.88779252, Gap: 2.2006e-02, 88/88, 11/20, 16.85
2025-06-04 23:41:42,879 Energy: -1.87135637, -1.87689430, -1.88525886, Gap: 2.0472e-02, 96/96, 12/20, 18.32
2025-06-04 23:41:44,459 Energy: -1.85693888, -1.87712446, -1.88511163, Gap: 2.0242e-02, 104/104, 13/20, 19.90
2025-06-04 23:41:45,949 Energy: -1.85692600, -1.87474638, -1.88745406, Gap: 2.2620e-02, 112/112, 14/20, 21.39
2025-06-04 23:41:47,549 Energy: -1.87319719, -1.87914727, -1.88480851, Gap: 1.8219e-02, 120/120, 15/20, 22.99
2025-06-04 23:41:49,142 Energy: -1.87339779, -1.88020066, -1.88791773, Gap: 1.7166e-02, 128/128, 16/20, 24.58
2025-06-04 23:41:50,627 Energy: -1.85746904, -1.87812085, -1.88637762, Gap: 1.9246e-02, 136/136, 17/20, 26.07
2025-06-04 23:41:52,218 Energy: -1.82297372, -1.86412288, -1.88863039, Gap: 3.3244e-02, 144/144, 18/20, 27.66
2025-06-04 23:41:53,739 Energy: -1.85742027, -1.87985380, -1.89086041, Gap: 1.7513e-02, 152/152, 19/20, 29.18
2025-06-04 23:41:55,337 Energy: -1.82772322, -1.86959738, -1.88431780, Gap: 2.7769e-02, 160/160, 20/20, 30.78
2025-06-04 23:41:55,339 Save: ./mats/VGON_nqd4_L15_20250604_233815.mat with count and overlaps
2025-06-04 23:44:04,623 Load: ./mats/VGON_nqd4_L10_20250604_232433.mat, 500/500
2025-06-04 23:44:04,623 PyTorch Device: cpu
2025-06-04 23:44:04,623 Number of layers: 10
2025-06-04 23:44:04,623 Number of qudits: 4
2025-06-04 23:44:04,624 Number of qubits: 8
2025-06-04 23:44:04,624 Coefficient phase: arctan(1/3)
2025-06-04 23:44:04,659 Ground State Energy: -1.89736660
2025-06-04 23:44:05,688 Energy: -1.79250406, -1.82842787, -1.86928970, Gap: 6.8939e-02, 6/8, 1/20, 1.02
2025-06-04 23:44:06,716 Energy: -1.78334372, -1.83560316, -1.86399606, Gap: 6.1763e-02, 12/16, 2/20, 2.05
2025-06-04 23:44:07,700 Energy: -1.75919936, -1.81679439, -1.86914334, Gap: 8.0572e-02, 17/24, 3/20, 3.03
2025-06-04 23:44:08,757 Energy: -1.78956011, -1.84253964, -1.86315547, Gap: 5.4827e-02, 24/32, 4/20, 4.09
2025-06-04 23:44:09,776 Energy: -1.76226467, -1.83095267, -1.86859095, Gap: 6.6414e-02, 31/40, 5/20, 5.11
2025-06-04 23:44:10,799 Energy: -1.77877372, -1.83695295, -1.87044248, Gap: 6.0414e-02, 38/48, 6/20, 6.13
2025-06-04 23:44:11,945 Energy: -1.79665095, -1.82251052, -1.85916317, Gap: 7.4856e-02, 45/56, 7/20, 7.28
2025-06-04 23:44:12,964 Energy: -1.79030915, -1.83886854, -1.87431457, Gap: 5.8498e-02, 52/64, 8/20, 8.30
2025-06-04 23:44:14,059 Energy: -1.77888689, -1.83108101, -1.86567698, Gap: 6.6286e-02, 58/72, 9/20, 9.39
2025-06-04 23:44:15,114 Energy: -1.82423363, -1.83645523, -1.84966258, Gap: 6.0911e-02, 66/80, 10/20, 10.45
2025-06-04 23:44:16,114 Energy: -1.80063127, -1.84471818, -1.87031550, Gap: 5.2648e-02, 74/88, 11/20, 11.45
2025-06-04 23:44:17,196 Energy: -1.77986217, -1.84181180, -1.86386934, Gap: 5.5555e-02, 81/96, 12/20, 12.53
2025-06-04 23:44:18,232 Energy: -1.82021713, -1.85890106, -1.87815109, Gap: 3.8466e-02, 89/104, 13/20, 13.56
2025-06-04 23:44:19,215 Energy: -1.79530978, -1.83727259, -1.87188884, Gap: 6.0094e-02, 96/112, 14/20, 14.55
2025-06-04 23:44:20,283 Energy: -1.78668900, -1.84853161, -1.87514492, Gap: 4.8835e-02, 103/120, 15/20, 15.62
2025-06-04 23:44:21,272 Energy: -1.75114155, -1.83214449, -1.86971212, Gap: 6.5222e-02, 109/128, 16/20, 16.60
2025-06-04 23:44:22,400 Energy: -1.42219708, -1.76059675, -1.86020162, Gap: 1.3677e-01, 115/136, 17/20, 17.73
2025-06-04 23:44:23,414 Energy: -1.74838704, -1.84120712, -1.87185863, Gap: 5.6159e-02, 121/144, 18/20, 18.75
2025-06-04 23:44:24,476 Energy: -1.81017306, -1.84040209, -1.85935933, Gap: 5.6965e-02, 129/152, 19/20, 19.81
2025-06-04 23:44:25,546 Energy: -1.54335066, -1.78065756, -1.86967626, Gap: 1.1671e-01, 135/160, 20/20, 20.88
2025-06-04 23:44:25,549 Save: ./mats/VGON_nqd4_L10_20250604_232433.mat with count and overlaps
2025-06-04 23:44:25,601 Load: ./mats/VGON_nqd4_L10_20250604_232432.mat, 499/500
2025-06-04 23:44:25,601 PyTorch Device: cpu
2025-06-04 23:44:25,601 Number of layers: 10
2025-06-04 23:44:25,601 Number of qudits: 4
2025-06-04 23:44:25,601 Number of qubits: 8
2025-06-04 23:44:25,601 Coefficient phase: arctan(1/3)
2025-06-04 23:44:25,654 Ground State Energy: -1.89736660
2025-06-04 23:44:26,679 Energy: -1.78748277, -1.83341759, -1.86836812, Gap: 6.3949e-02, 6/8, 1/20, 1.02
2025-06-04 23:44:27,805 Energy: -1.77284721, -1.83980027, -1.86530773, Gap: 5.7566e-02, 13/16, 2/20, 2.15
2025-06-04 23:44:28,773 Energy: -1.80363472, -1.82868685, -1.87087620, Gap: 6.8680e-02, 21/24, 3/20, 3.11
2025-06-04 23:44:29,843 Energy: -1.81649720, -1.84121591, -1.86286007, Gap: 5.6151e-02, 29/32, 4/20, 4.18
2025-06-04 23:44:30,894 Energy: -1.76537830, -1.81832373, -1.86168296, Gap: 7.9043e-02, 34/40, 5/20, 5.23
2025-06-04 23:44:31,898 Energy: -1.79793005, -1.84189616, -1.86567132, Gap: 5.5470e-02, 42/48, 6/20, 6.24
2025-06-04 23:44:33,005 Energy: -1.70876538, -1.78400318, -1.83841047, Gap: 1.1336e-01, 45/56, 7/20, 7.35
2025-06-04 23:44:34,030 Energy: -1.69875769, -1.79962619, -1.85500334, Gap: 9.7740e-02, 49/64, 8/20, 8.37
2025-06-04 23:44:35,092 Energy: -1.64313849, -1.80499239, -1.85993363, Gap: 9.2374e-02, 56/72, 9/20, 9.43
2025-06-04 23:44:36,100 Energy: -1.69232233, -1.81594582, -1.86731245, Gap: 8.1421e-02, 62/80, 10/20, 10.44
2025-06-04 23:44:37,045 Energy: -1.32142727, -1.76026030, -1.86986270, Gap: 1.3711e-01, 67/88, 11/20, 11.39
2025-06-04 23:44:38,200 Energy: -1.75998718, -1.82871004, -1.86132115, Gap: 6.8657e-02, 73/96, 12/20, 12.54
2025-06-04 23:44:39,211 Energy: -1.74820189, -1.80692262, -1.83107160, Gap: 9.0444e-02, 78/104, 13/20, 13.55
2025-06-04 23:44:40,333 Energy: -1.73488761, -1.79889591, -1.86820034, Gap: 9.8471e-02, 83/112, 14/20, 14.67
2025-06-04 23:44:41,307 Energy: -1.77117399, -1.83230712, -1.86821408, Gap: 6.5059e-02, 90/120, 15/20, 15.65
2025-06-04 23:44:42,305 Energy: -1.76332159, -1.82715879, -1.86805944, Gap: 7.0208e-02, 97/128, 16/20, 16.65
2025-06-04 23:44:43,408 Energy: -1.81107577, -1.84803148, -1.87048261, Gap: 4.9335e-02, 105/136, 17/20, 17.75
2025-06-04 23:44:44,412 Energy: -1.69321753, -1.82117064, -1.86094679, Gap: 7.6196e-02, 112/144, 18/20, 18.75
2025-06-04 23:44:45,391 Energy: -1.71327554, -1.81192226, -1.85958162, Gap: 8.5444e-02, 118/152, 19/20, 19.73
2025-06-04 23:44:46,488 Energy: -1.79569370, -1.83141665, -1.85548741, Gap: 6.5950e-02, 125/160, 20/20, 20.83
2025-06-04 23:44:46,490 Save: ./mats/VGON_nqd4_L10_20250604_232432.mat with count and overlaps
2025-06-04 23:44:46,549 Load: ./mats/VGON_nqd4_L10_20250604_232431.mat, 498/500
2025-06-04 23:44:46,549 PyTorch Device: cpu
2025-06-04 23:44:46,549 Number of layers: 10
2025-06-04 23:44:46,549 Number of qudits: 4
2025-06-04 23:44:46,549 Number of qubits: 8
2025-06-04 23:44:46,549 Coefficient phase: arctan(1/3)
2025-06-04 23:44:46,598 Ground State Energy: -1.89736660
2025-06-04 23:44:47,621 Energy: -1.79433091, -1.83275876, -1.86718096, Gap: 6.4608e-02, 7/8, 1/20, 1.02
2025-06-04 23:44:48,726 Energy: -1.79131537, -1.83234809, -1.85606653, Gap: 6.5019e-02, 14/16, 2/20, 2.12
2025-06-04 23:44:49,682 Energy: -1.84134749, -1.85281141, -1.87039459, Gap: 4.4555e-02, 22/24, 3/20, 3.08
2025-06-04 23:44:50,697 Energy: -1.77695970, -1.83658190, -1.86332386, Gap: 6.0785e-02, 29/32, 4/20, 4.09
2025-06-04 23:44:51,782 Energy: -1.80950641, -1.83439860, -1.85762925, Gap: 6.2968e-02, 37/40, 5/20, 5.18
2025-06-04 23:44:52,746 Energy: -1.68203385, -1.81801385, -1.85906965, Gap: 7.9353e-02, 44/48, 6/20, 6.14
2025-06-04 23:44:53,759 Energy: -1.80784122, -1.83563780, -1.85896449, Gap: 6.1729e-02, 52/56, 7/20, 7.16
2025-06-04 23:44:54,843 Energy: -1.59355134, -1.79409458, -1.85098446, Gap: 1.0327e-01, 57/64, 8/20, 8.24
2025-06-04 23:44:55,854 Energy: -1.47206223, -1.77556557, -1.86320731, Gap: 1.2180e-01, 63/72, 9/20, 9.25
2025-06-04 23:44:56,878 Energy: -1.81106764, -1.83327830, -1.85319740, Gap: 6.4088e-02, 71/80, 10/20, 10.28
2025-06-04 23:44:57,893 Energy: -1.80007272, -1.83897716, -1.86253001, Gap: 5.8389e-02, 79/88, 11/20, 11.29
2025-06-04 23:44:58,885 Energy: -1.81499805, -1.83790282, -1.86333655, Gap: 5.9464e-02, 87/96, 12/20, 12.28
2025-06-04 23:44:59,977 Energy: -1.79051881, -1.83981362, -1.86372850, Gap: 5.7553e-02, 94/104, 13/20, 13.37
2025-06-04 23:45:00,959 Energy: -1.74099657, -1.81686050, -1.85666653, Gap: 8.0506e-02, 100/112, 14/20, 14.36
2025-06-04 23:45:01,975 Energy: -0.54859349, -1.67211755, -1.85129245, Gap: 2.2525e-01, 107/120, 15/20, 15.37
2025-06-04 23:45:03,105 Energy: -1.74514117, -1.81624238, -1.85529330, Gap: 8.1124e-02, 113/128, 16/20, 16.50
2025-06-04 23:45:04,131 Energy: -1.74987552, -1.82243016, -1.85795892, Gap: 7.4936e-02, 119/136, 17/20, 17.53
2025-06-04 23:45:05,185 Energy: -1.81740162, -1.83983127, -1.86149525, Gap: 5.7535e-02, 127/144, 18/20, 18.58
2025-06-04 23:45:06,195 Energy: -1.80580286, -1.82693602, -1.84744830, Gap: 7.0431e-02, 135/152, 19/20, 19.59
2025-06-04 23:45:07,236 Energy: -1.79234361, -1.82910595, -1.84666818, Gap: 6.8261e-02, 142/160, 20/20, 20.63
2025-06-04 23:45:07,240 Save: ./mats/VGON_nqd4_L10_20250604_232431.mat with count and overlaps
2025-06-04 23:45:07,298 Load: ./mats/VGON_nqd4_L10_20250604_232430.mat, 497/500
2025-06-04 23:45:07,298 PyTorch Device: cpu
2025-06-04 23:45:07,298 Number of layers: 10
2025-06-04 23:45:07,298 Number of qudits: 4
2025-06-04 23:45:07,298 Number of qubits: 8
2025-06-04 23:45:07,298 Coefficient phase: arctan(1/3)
2025-06-04 23:45:07,355 Ground State Energy: -1.89736660
2025-06-04 23:45:08,496 Energy: -1.56979245, -1.81493025, -1.86148591, Gap: 8.2436e-02, 7/8, 1/20, 1.13
2025-06-04 23:45:09,515 Energy: -1.79945926, -1.83289832, -1.86910529, Gap: 6.4468e-02, 15/16, 2/20, 2.15
2025-06-04 23:45:10,659 Energy: -1.83768907, -1.85435944, -1.86749174, Gap: 4.3007e-02, 23/24, 3/20, 3.30
2025-06-04 23:45:11,699 Energy: -1.72370319, -1.82638560, -1.87152030, Gap: 7.0981e-02, 29/32, 4/20, 4.34
2025-06-04 23:45:12,827 Energy: -1.79337391, -1.83477565, -1.86298911, Gap: 6.2591e-02, 36/40, 5/20, 5.47
2025-06-04 23:45:13,803 Energy: -1.83757790, -1.85777323, -1.87293028, Gap: 3.9593e-02, 44/48, 6/20, 6.44
2025-06-04 23:45:14,856 Energy: -1.83658045, -1.85294185, -1.86748090, Gap: 4.4425e-02, 52/56, 7/20, 7.50
2025-06-04 23:45:15,962 Energy: -1.85119745, -1.85790746, -1.86853377, Gap: 3.9459e-02, 60/64, 8/20, 8.60
2025-06-04 23:45:17,043 Energy: -1.54102110, -1.81411473, -1.86805921, Gap: 8.3252e-02, 67/72, 9/20, 9.68
2025-06-04 23:45:18,023 Energy: -1.83354014, -1.85198127, -1.86617167, Gap: 4.5385e-02, 75/80, 10/20, 10.66
2025-06-04 23:45:19,178 Energy: -1.82914985, -1.85398692, -1.86571855, Gap: 4.3380e-02, 83/88, 11/20, 11.82
2025-06-04 23:45:20,221 Energy: -1.11071936, -1.76594427, -1.87071698, Gap: 1.3142e-01, 90/96, 12/20, 12.86
2025-06-04 23:45:21,332 Energy: -1.82832501, -1.85136152, -1.87466336, Gap: 4.6005e-02, 98/104, 13/20, 13.97
2025-06-04 23:45:22,354 Energy: -1.83858317, -1.85259792, -1.86662369, Gap: 4.4769e-02, 106/112, 14/20, 14.99
2025-06-04 23:45:23,485 Energy: -1.81861302, -1.84877516, -1.86516169, Gap: 4.8591e-02, 114/120, 15/20, 16.12
2025-06-04 23:45:24,546 Energy: -1.76267513, -1.83737287, -1.86813516, Gap: 5.9994e-02, 121/128, 16/20, 17.19
2025-06-04 23:45:25,550 Energy: -1.83785391, -1.85389476, -1.86339961, Gap: 4.3472e-02, 129/136, 17/20, 18.19
2025-06-04 23:45:26,641 Energy: -1.83786285, -1.85362941, -1.86431856, Gap: 4.3737e-02, 137/144, 18/20, 19.28
2025-06-04 23:45:27,677 Energy: -1.82296554, -1.84322711, -1.86716048, Gap: 5.4139e-02, 145/152, 19/20, 20.32
2025-06-04 23:45:28,720 Energy: -1.83411409, -1.85194710, -1.86759145, Gap: 4.5419e-02, 153/160, 20/20, 21.36
2025-06-04 23:45:28,722 Save: ./mats/VGON_nqd4_L10_20250604_232430.mat with count and overlaps
2025-06-04 23:57:14,302 Load: ./mats/VGON_nqd4_L10_20250604_232433.mat, 500/500
2025-06-04 23:57:14,302 PyTorch Device: cpu
2025-06-04 23:57:14,302 Number of layers: 10
2025-06-04 23:57:14,303 Number of qudits: 4
2025-06-04 23:57:14,303 Number of qubits: 8
2025-06-04 23:57:14,303 Coefficient phase: arctan(1/3)
2025-06-04 23:57:14,337 Ground State Energy: -1.89736660
2025-06-04 23:57:15,091 Energy: -1.79598545, -1.84527650, -1.87312330, Gap: 5.2090e-02, 7/8, 1/20, 0.75
2025-06-04 23:57:15,942 Energy: -1.78493616, -1.82870736, -1.87089287, Gap: 6.8659e-02, 13/16, 2/20, 1.60
2025-06-04 23:57:16,707 Energy: -1.80100794, -1.84167599, -1.86897568, Gap: 5.5691e-02, 21/24, 3/20, 2.36
2025-06-04 23:57:17,582 Energy: -1.76320217, -1.83756466, -1.87074200, Gap: 5.9802e-02, 28/32, 4/20, 3.24
2025-06-04 23:57:18,364 Energy: -1.70093831, -1.81896495, -1.86650041, Gap: 7.8402e-02, 35/40, 5/20, 4.02
2025-06-04 23:57:19,163 Energy: -1.77665915, -1.82470881, -1.86924400, Gap: 7.2658e-02, 42/48, 6/20, 4.82
2025-06-04 23:57:20,018 Energy: -1.65693150, -1.79690849, -1.87454261, Gap: 1.0046e-01, 47/56, 7/20, 5.67
2025-06-04 23:57:20,819 Energy: -1.63147464, -1.80389993, -1.86493820, Gap: 9.3467e-02, 52/64, 8/20, 6.48
2025-06-04 23:57:21,698 Energy: -1.45285213, -1.78376774, -1.85544553, Gap: 1.1360e-01, 58/72, 9/20, 7.35
2025-06-04 23:57:22,455 Energy: -1.77984746, -1.84373559, -1.86810160, Gap: 5.3631e-02, 65/80, 10/20, 8.11
2025-06-04 23:57:23,248 Energy: -1.58592238, -1.78914361, -1.85409458, Gap: 1.0822e-01, 70/88, 11/20, 8.90
2025-06-04 23:57:24,094 Energy: -1.75715585, -1.81776698, -1.86716610, Gap: 7.9600e-02, 76/96, 12/20, 9.75
2025-06-04 23:57:24,896 Energy: -1.79712859, -1.83016553, -1.86014983, Gap: 6.7201e-02, 83/104, 13/20, 10.55
2025-06-04 23:57:25,676 Energy: -1.78403809, -1.83420328, -1.87142217, Gap: 6.3163e-02, 90/112, 14/20, 11.33
2025-06-04 23:57:26,520 Energy: -1.79406166, -1.83591890, -1.86880444, Gap: 6.1448e-02, 97/120, 15/20, 12.18
2025-06-04 23:57:27,266 Energy: -1.79754125, -1.84528212, -1.87588299, Gap: 5.2084e-02, 105/128, 16/20, 12.92
2025-06-04 23:57:28,116 Energy: -1.57992988, -1.81008632, -1.86559824, Gap: 8.7280e-02, 112/136, 17/20, 13.77
2025-06-04 23:57:28,847 Energy: -1.65300261, -1.79189430, -1.85537345, Gap: 1.0547e-01, 116/144, 18/20, 14.50
2025-06-04 23:57:29,682 Energy: -1.78012129, -1.83375927, -1.87269822, Gap: 6.3607e-02, 122/152, 19/20, 15.34
2025-06-04 23:57:30,406 Energy: -1.82980135, -1.85293746, -1.86901748, Gap: 4.4429e-02, 130/160, 20/20, 16.06
2025-06-04 23:57:30,408 Save: ./mats/VGON_nqd4_L10_20250604_232433.mat with count and overlaps
2025-06-04 23:57:30,456 Load: ./mats/VGON_nqd4_L10_20250604_232432.mat, 499/500
2025-06-04 23:57:30,456 PyTorch Device: cpu
2025-06-04 23:57:30,456 Number of layers: 10
2025-06-04 23:57:30,456 Number of qudits: 4
2025-06-04 23:57:30,457 Number of qubits: 8
2025-06-04 23:57:30,457 Coefficient phase: arctan(1/3)
2025-06-04 23:57:30,501 Ground State Energy: -1.89736660
2025-06-04 23:57:31,239 Energy: -1.75695017, -1.81614714, -1.85889034, Gap: 8.1219e-02, 7/8, 1/20, 0.73
2025-06-04 23:57:32,086 Energy: -1.81002644, -1.84160526, -1.86920478, Gap: 5.5761e-02, 15/16, 2/20, 1.58
2025-06-04 23:57:32,834 Energy: -1.75431485, -1.82453488, -1.86166221, Gap: 7.2832e-02, 22/24, 3/20, 2.33
2025-06-04 23:57:33,580 Energy: -1.74072698, -1.82783141, -1.86007908, Gap: 6.9535e-02, 29/32, 4/20, 3.08
2025-06-04 23:57:34,405 Energy: -1.74854216, -1.81362784, -1.85419002, Gap: 8.3739e-02, 34/40, 5/20, 3.90
2025-06-04 23:57:35,162 Energy: -1.71390433, -1.82244200, -1.87125546, Gap: 7.4925e-02, 41/48, 6/20, 4.66
2025-06-04 23:57:36,011 Energy: -1.64551899, -1.79779421, -1.85357643, Gap: 9.9572e-02, 47/56, 7/20, 5.51
2025-06-04 23:57:36,760 Energy: -1.74818644, -1.80546852, -1.85558833, Gap: 9.1898e-02, 51/64, 8/20, 6.25
2025-06-04 23:57:37,587 Energy: -1.67427036, -1.80711130, -1.85331402, Gap: 9.0255e-02, 58/72, 9/20, 7.08
2025-06-04 23:57:38,338 Energy: -1.76291725, -1.81992104, -1.86486886, Gap: 7.7446e-02, 64/80, 10/20, 7.83
2025-06-04 23:57:39,080 Energy: -1.79321724, -1.83058456, -1.86735002, Gap: 6.6782e-02, 71/88, 11/20, 8.57
2025-06-04 23:57:39,915 Energy: -1.74785254, -1.81651740, -1.87078393, Gap: 8.0849e-02, 77/96, 12/20, 9.41
2025-06-04 23:57:40,683 Energy: -1.75388837, -1.82021045, -1.86106204, Gap: 7.7156e-02, 84/104, 13/20, 10.18
2025-06-04 23:57:41,515 Energy: -1.79753970, -1.82337599, -1.85923701, Gap: 7.3991e-02, 92/112, 14/20, 11.01
2025-06-04 23:57:42,283 Energy: -1.80714513, -1.83058113, -1.86186121, Gap: 6.6785e-02, 100/120, 15/20, 11.78
2025-06-04 23:57:43,021 Energy: -1.69039446, -1.82485519, -1.86406708, Gap: 7.2511e-02, 107/128, 16/20, 12.52
2025-06-04 23:57:43,847 Energy: -1.54183641, -1.78426102, -1.86325897, Gap: 1.1311e-01, 112/136, 17/20, 13.34
2025-06-04 23:57:44,591 Energy: -1.75802942, -1.80672279, -1.86790498, Gap: 9.0644e-02, 116/144, 18/20, 14.09
2025-06-04 23:57:45,358 Energy: -1.01808114, -1.72167702, -1.85853782, Gap: 1.7569e-01, 122/152, 19/20, 14.85
2025-06-04 23:57:46,171 Energy: -1.64567081, -1.81317262, -1.86756781, Gap: 8.4194e-02, 129/160, 20/20, 15.67
2025-06-04 23:57:46,174 Save: ./mats/VGON_nqd4_L10_20250604_232432.mat with count and overlaps
2025-06-04 23:57:46,222 Load: ./mats/VGON_nqd4_L10_20250604_232431.mat, 498/500
2025-06-04 23:57:46,222 PyTorch Device: cpu
2025-06-04 23:57:46,223 Number of layers: 10
2025-06-04 23:57:46,223 Number of qudits: 4
2025-06-04 23:57:46,223 Number of qubits: 8
2025-06-04 23:57:46,223 Coefficient phase: arctan(1/3)
2025-06-04 23:57:46,256 Ground State Energy: -1.89736660
2025-06-04 23:57:47,013 Energy: -1.78467756, -1.83108642, -1.86222532, Gap: 6.6280e-02, 7/8, 1/20, 0.75
2025-06-04 23:57:47,830 Energy: -1.25192253, -1.75615039, -1.85540573, Gap: 1.4122e-01, 12/16, 2/20, 1.57
2025-06-04 23:57:48,608 Energy: -1.73817529, -1.82268757, -1.85899956, Gap: 7.4679e-02, 18/24, 3/20, 2.35
2025-06-04 23:57:49,378 Energy: -1.74892406, -1.82884483, -1.85624508, Gap: 6.8522e-02, 25/32, 4/20, 3.12
2025-06-04 23:57:50,233 Energy: -1.80138407, -1.83851078, -1.86158226, Gap: 5.8856e-02, 33/40, 5/20, 3.97
2025-06-04 23:57:51,082 Energy: -1.77954286, -1.82328003, -1.85012523, Gap: 7.4087e-02, 40/48, 6/20, 4.82
2025-06-04 23:57:51,884 Energy: -1.82089108, -1.83393119, -1.85144316, Gap: 6.3435e-02, 48/56, 7/20, 5.62
2025-06-04 23:57:52,747 Energy: -1.77697545, -1.82196406, -1.85587270, Gap: 7.5403e-02, 54/64, 8/20, 6.49
2025-06-04 23:57:53,491 Energy: -1.71581833, -1.80655904, -1.85059401, Gap: 9.0808e-02, 59/72, 9/20, 7.23
2025-06-04 23:57:54,356 Energy: -1.80992337, -1.84238250, -1.85363819, Gap: 5.4984e-02, 67/80, 10/20, 8.10
2025-06-04 23:57:55,132 Energy: -1.75687268, -1.81286729, -1.85444007, Gap: 8.4499e-02, 73/88, 11/20, 8.87
2025-06-04 23:57:55,893 Energy: -1.76715363, -1.82500567, -1.85649052, Gap: 7.2361e-02, 79/96, 12/20, 9.63
2025-06-04 23:57:56,758 Energy: -1.73488786, -1.81921585, -1.86452028, Gap: 7.8151e-02, 85/104, 13/20, 10.50
2025-06-04 23:57:57,514 Energy: -1.81269478, -1.83476898, -1.85692338, Gap: 6.2598e-02, 93/112, 14/20, 11.25
2025-06-04 23:57:58,303 Energy: -1.81261606, -1.84451651, -1.86746104, Gap: 5.2850e-02, 101/120, 15/20, 12.04
2025-06-04 23:57:59,194 Energy: -1.52661028, -1.80214002, -1.85780936, Gap: 9.5227e-02, 108/128, 16/20, 12.93
2025-06-04 23:57:59,999 Energy: -1.79280870, -1.82482684, -1.84669653, Gap: 7.2540e-02, 115/136, 17/20, 13.74
2025-06-04 23:58:00,863 Energy: -1.80388438, -1.83585476, -1.85721228, Gap: 6.1512e-02, 123/144, 18/20, 14.60
2025-06-04 23:58:01,638 Energy: -1.76190287, -1.82829209, -1.85200914, Gap: 6.9075e-02, 129/152, 19/20, 15.38
2025-06-04 23:58:02,504 Energy: -1.68822121, -1.81163059, -1.83807268, Gap: 8.5736e-02, 136/160, 20/20, 16.24
2025-06-04 23:58:02,507 Save: ./mats/VGON_nqd4_L10_20250604_232431.mat with count and overlaps
2025-06-04 23:58:02,564 Load: ./mats/VGON_nqd4_L10_20250604_232430.mat, 497/500
2025-06-04 23:58:02,565 PyTorch Device: cpu
2025-06-04 23:58:02,565 Number of layers: 10
2025-06-04 23:58:02,565 Number of qudits: 4
2025-06-04 23:58:02,565 Number of qubits: 8
2025-06-04 23:58:02,565 Coefficient phase: arctan(1/3)
2025-06-04 23:58:02,609 Ground State Energy: -1.89736660
2025-06-04 23:58:03,550 Energy: -1.75076580, -1.82891622, -1.86351499, Gap: 6.8450e-02, 6/8, 1/20, 0.94
2025-06-04 23:58:04,401 Energy: -1.81116219, -1.85212967, -1.87274760, Gap: 4.5237e-02, 14/16, 2/20, 1.79
2025-06-04 23:58:05,354 Energy: -1.69652296, -1.82238624, -1.86740819, Gap: 7.4980e-02, 20/24, 3/20, 2.74
2025-06-04 23:58:06,215 Energy: -1.84543600, -1.85700300, -1.86686209, Gap: 4.0364e-02, 28/32, 4/20, 3.60
2025-06-04 23:58:07,192 Energy: -1.81439630, -1.85115635, -1.86749961, Gap: 4.6210e-02, 36/40, 5/20, 4.58
2025-06-04 23:58:08,043 Energy: -1.46594980, -1.75970810, -1.86720872, Gap: 1.3766e-01, 42/48, 6/20, 5.43
2025-06-04 23:58:08,919 Energy: -1.78884295, -1.84781449, -1.87191673, Gap: 4.9552e-02, 49/56, 7/20, 6.31
2025-06-04 23:58:09,897 Energy: -1.80725244, -1.84112928, -1.87053530, Gap: 5.6237e-02, 57/64, 8/20, 7.28
2025-06-04 23:58:10,776 Energy: -1.80961101, -1.85223273, -1.86403206, Gap: 4.5134e-02, 65/72, 9/20, 8.16
2025-06-04 23:58:11,641 Energy: -1.78075485, -1.84964252, -1.87247673, Gap: 4.7724e-02, 72/80, 10/20, 9.03
2025-06-04 23:58:12,586 Energy: -1.68499954, -1.81747827, -1.87374775, Gap: 7.9888e-02, 78/88, 11/20, 9.97
2025-06-04 23:58:13,449 Energy: -1.83477387, -1.85403531, -1.86937071, Gap: 4.3331e-02, 86/96, 12/20, 10.84
2025-06-04 23:58:14,387 Energy: -1.45399211, -1.79876218, -1.87017139, Gap: 9.8604e-02, 93/104, 13/20, 11.77
2025-06-04 23:58:15,195 Energy: -1.83279249, -1.84884407, -1.86521067, Gap: 4.8523e-02, 101/112, 14/20, 12.58
2025-06-04 23:58:16,049 Energy: -1.69357127, -1.83988120, -1.86830569, Gap: 5.7485e-02, 108/120, 15/20, 13.44
2025-06-04 23:58:16,811 Energy: -1.81736709, -1.84578988, -1.85701726, Gap: 5.1577e-02, 116/128, 16/20, 14.20
2025-06-04 23:58:17,556 Energy: -1.74201161, -1.81273609, -1.86005730, Gap: 8.4631e-02, 122/136, 17/20, 14.94
2025-06-04 23:58:18,404 Energy: -1.69913857, -1.80883285, -1.86619088, Gap: 8.8534e-02, 127/144, 18/20, 15.79
2025-06-04 23:58:19,151 Energy: -1.82448284, -1.85533912, -1.87084628, Gap: 4.2027e-02, 135/152, 19/20, 16.54
2025-06-04 23:58:19,924 Energy: -1.83648843, -1.85569150, -1.87554306, Gap: 4.1675e-02, 143/160, 20/20, 17.31
2025-06-04 23:58:19,927 Save: ./mats/VGON_nqd4_L10_20250604_232430.mat with count and overlaps
2025-06-04 23:58:44,562 Load: ./mats/VGON_nqd4_L15_20250604_233820.mat, 500/500
2025-06-04 23:58:44,562 PyTorch Device: cpu
2025-06-04 23:58:44,562 Number of layers: 15
2025-06-04 23:58:44,562 Number of qudits: 4
2025-06-04 23:58:44,562 Number of qubits: 8
2025-06-04 23:58:44,562 Coefficient phase: arctan(1/3)
2025-06-04 23:58:44,597 Ground State Energy: -1.89736660
2025-06-04 23:58:45,765 Energy: -1.82904959, -1.87918302, -1.88878870, Gap: 1.8184e-02, 8/8, 1/20, 1.16
2025-06-04 23:58:46,867 Energy: -1.88197282, -1.88558153, -1.88980571, Gap: 1.1785e-02, 16/16, 2/20, 2.26
2025-06-04 23:58:48,064 Energy: -1.75166594, -1.86783009, -1.88718642, Gap: 2.9537e-02, 23/24, 3/20, 3.46
2025-06-04 23:58:49,147 Energy: -1.88103952, -1.88594888, -1.88826205, Gap: 1.1418e-02, 31/32, 4/20, 4.54
2025-06-04 23:58:50,346 Energy: -1.83422108, -1.87826522, -1.88964863, Gap: 1.9101e-02, 39/40, 5/20, 5.74
2025-06-04 23:58:51,416 Energy: -1.86757686, -1.88201718, -1.89010131, Gap: 1.5349e-02, 47/48, 6/20, 6.81
2025-06-04 23:58:52,640 Energy: -1.87525955, -1.88354256, -1.88618430, Gap: 1.3824e-02, 55/56, 7/20, 8.03
2025-06-04 23:58:53,756 Energy: -1.86970675, -1.88221059, -1.88816338, Gap: 1.5156e-02, 63/64, 8/20, 9.15
2025-06-04 23:58:54,944 Energy: -1.85846327, -1.88217593, -1.89028599, Gap: 1.5191e-02, 71/72, 9/20, 10.34
2025-06-04 23:58:56,108 Energy: -1.87910234, -1.88474768, -1.88898231, Gap: 1.2619e-02, 79/80, 10/20, 11.50
2025-06-04 23:58:57,222 Energy: -1.87512349, -1.88311690, -1.88694217, Gap: 1.4250e-02, 87/88, 11/20, 12.62
2025-06-04 23:58:58,446 Energy: -1.87415169, -1.88357426, -1.88778120, Gap: 1.3792e-02, 95/96, 12/20, 13.84
2025-06-04 23:58:59,568 Energy: -1.85751823, -1.87989927, -1.89057826, Gap: 1.7467e-02, 103/104, 13/20, 14.96
2025-06-04 23:59:00,779 Energy: -1.88179309, -1.88621135, -1.88886683, Gap: 1.1155e-02, 111/112, 14/20, 16.17
2025-06-04 23:59:01,897 Energy: -1.87874753, -1.88523679, -1.89039831, Gap: 1.2130e-02, 119/120, 15/20, 17.29
2025-06-04 23:59:03,124 Energy: -1.86581889, -1.88112685, -1.88770344, Gap: 1.6240e-02, 127/128, 16/20, 18.52
2025-06-04 23:59:04,205 Energy: -1.86882972, -1.88512971, -1.88907363, Gap: 1.2237e-02, 135/136, 17/20, 19.60
2025-06-04 23:59:05,374 Energy: -1.83929005, -1.87869522, -1.88832125, Gap: 1.8671e-02, 143/144, 18/20, 20.77
2025-06-04 23:59:06,638 Energy: -1.80792772, -1.87261185, -1.89090072, Gap: 2.4755e-02, 151/152, 19/20, 22.03
2025-06-04 23:59:07,748 Energy: -1.86900874, -1.87973409, -1.88867445, Gap: 1.7633e-02, 159/160, 20/20, 23.14
2025-06-04 23:59:07,750 Save: ./mats/VGON_nqd4_L15_20250604_233820.mat with count and overlaps
2025-06-04 23:59:07,800 Load: ./mats/VGON_nqd4_L15_20250604_233819.mat, 499/500
2025-06-04 23:59:07,800 PyTorch Device: cpu
2025-06-04 23:59:07,800 Number of layers: 15
2025-06-04 23:59:07,800 Number of qudits: 4
2025-06-04 23:59:07,800 Number of qubits: 8
2025-06-04 23:59:07,800 Coefficient phase: arctan(1/3)
2025-06-04 23:59:07,834 Ground State Energy: -1.89736660
2025-06-04 23:59:09,047 Energy: -1.87312611, -1.88235758, -1.89154152, Gap: 1.5009e-02, 8/8, 1/20, 1.21
2025-06-04 23:59:10,120 Energy: -1.87851335, -1.88673583, -1.89216039, Gap: 1.0631e-02, 16/16, 2/20, 2.28
2025-06-04 23:59:11,298 Energy: -1.87565209, -1.88591490, -1.89049160, Gap: 1.1452e-02, 24/24, 3/20, 3.46
2025-06-04 23:59:12,368 Energy: -1.87490308, -1.88251613, -1.89032730, Gap: 1.4850e-02, 32/32, 4/20, 4.53
2025-06-04 23:59:13,570 Energy: -1.81424722, -1.87611956, -1.89101073, Gap: 2.1247e-02, 40/40, 5/20, 5.73
2025-06-04 23:59:14,645 Energy: -1.88478576, -1.88795148, -1.89148013, Gap: 9.4151e-03, 48/48, 6/20, 6.81
2025-06-04 23:59:15,854 Energy: -1.87685647, -1.88650882, -1.89128826, Gap: 1.0858e-02, 56/56, 7/20, 8.01
2025-06-04 23:59:17,096 Energy: -1.87497056, -1.88605944, -1.89118174, Gap: 1.1307e-02, 64/64, 8/20, 9.26
2025-06-04 23:59:18,195 Energy: -1.83042230, -1.87972403, -1.89049799, Gap: 1.7643e-02, 72/72, 9/20, 10.36
2025-06-04 23:59:19,368 Energy: -1.88222396, -1.88715712, -1.89171961, Gap: 1.0209e-02, 80/80, 10/20, 11.53
2025-06-04 23:59:20,452 Energy: -1.88601622, -1.88813910, -1.89061572, Gap: 9.2275e-03, 88/88, 11/20, 12.61
2025-06-04 23:59:21,619 Energy: -1.87411148, -1.88347658, -1.89096955, Gap: 1.3890e-02, 96/96, 12/20, 13.78
2025-06-04 23:59:22,688 Energy: -1.88471681, -1.88789642, -1.89259043, Gap: 9.4702e-03, 104/104, 13/20, 14.85
2025-06-04 23:59:23,844 Energy: -1.88509355, -1.88893603, -1.89219107, Gap: 8.4306e-03, 112/112, 14/20, 16.00
2025-06-04 23:59:24,967 Energy: -1.87988637, -1.88690578, -1.89117845, Gap: 1.0461e-02, 120/120, 15/20, 17.13
2025-06-04 23:59:26,136 Energy: -1.88280730, -1.88795822, -1.89173525, Gap: 9.4084e-03, 128/128, 16/20, 18.30
2025-06-04 23:59:27,294 Energy: -1.87525973, -1.88561925, -1.89304654, Gap: 1.1747e-02, 136/136, 17/20, 19.46
2025-06-04 23:59:28,346 Energy: -1.85679478, -1.88152395, -1.89016263, Gap: 1.5843e-02, 144/144, 18/20, 20.51
2025-06-04 23:59:29,542 Energy: -1.70568244, -1.86226695, -1.88760294, Gap: 3.5100e-02, 151/152, 19/20, 21.70
2025-06-04 23:59:30,655 Energy: -1.88157408, -1.88607736, -1.89011969, Gap: 1.1289e-02, 159/160, 20/20, 22.81
2025-06-04 23:59:30,658 Save: ./mats/VGON_nqd4_L15_20250604_233819.mat with count and overlaps
2025-06-04 23:59:30,714 Load: ./mats/VGON_nqd4_L15_20250604_233817.mat, 498/500
2025-06-04 23:59:30,714 PyTorch Device: cpu
2025-06-04 23:59:30,714 Number of layers: 15
2025-06-04 23:59:30,714 Number of qudits: 4
2025-06-04 23:59:30,714 Number of qubits: 8
2025-06-04 23:59:30,714 Coefficient phase: arctan(1/3)
2025-06-04 23:59:30,748 Ground State Energy: -1.89736660
2025-06-04 23:59:31,937 Energy: -1.88632126, -1.88902124, -1.89158358, Gap: 8.3454e-03, 8/8, 1/20, 1.18
2025-06-04 23:59:33,053 Energy: -1.88170285, -1.88832111, -1.89243201, Gap: 9.0455e-03, 16/16, 2/20, 2.30
2025-06-04 23:59:34,206 Energy: -1.87339390, -1.88737249, -1.89156646, Gap: 9.9941e-03, 24/24, 3/20, 3.45
2025-06-04 23:59:35,366 Energy: -1.87159584, -1.88417237, -1.89183185, Gap: 1.3194e-02, 32/32, 4/20, 4.61
2025-06-04 23:59:36,467 Energy: -1.87705671, -1.88898107, -1.89327346, Gap: 8.3855e-03, 40/40, 5/20, 5.71
2025-06-04 23:59:37,667 Energy: -1.86628472, -1.88582210, -1.89164171, Gap: 1.1544e-02, 48/48, 6/20, 6.91
2025-06-04 23:59:38,734 Energy: -1.79042890, -1.87038772, -1.89009133, Gap: 2.6979e-02, 55/56, 7/20, 7.98
2025-06-04 23:59:39,882 Energy: -1.87894420, -1.88722450, -1.89095528, Gap: 1.0142e-02, 63/64, 8/20, 9.13
2025-06-04 23:59:40,964 Energy: -1.87238848, -1.88272515, -1.89069251, Gap: 1.4641e-02, 71/72, 9/20, 10.21
2025-06-04 23:59:42,121 Energy: -1.87019485, -1.88504867, -1.89238274, Gap: 1.2318e-02, 79/80, 10/20, 11.37
2025-06-04 23:59:43,214 Energy: -1.87113820, -1.88549150, -1.89195933, Gap: 1.1875e-02, 87/88, 11/20, 12.46
2025-06-04 23:59:44,416 Energy: -1.87204842, -1.88109923, -1.88852907, Gap: 1.6267e-02, 95/96, 12/20, 13.66
2025-06-04 23:59:45,578 Energy: -1.87632061, -1.88671934, -1.89212325, Gap: 1.0647e-02, 103/104, 13/20, 14.82
2025-06-04 23:59:46,687 Energy: -1.87225018, -1.88686488, -1.89224652, Gap: 1.0502e-02, 111/112, 14/20, 15.93
2025-06-04 23:59:47,873 Energy: -1.86884360, -1.88418707, -1.89280154, Gap: 1.3180e-02, 119/120, 15/20, 17.12
2025-06-04 23:59:49,008 Energy: -1.88595845, -1.88838393, -1.89207674, Gap: 8.9827e-03, 127/128, 16/20, 18.25
2025-06-04 23:59:50,192 Energy: -1.87551311, -1.88763987, -1.89207742, Gap: 9.7267e-03, 135/136, 17/20, 19.44
2025-06-04 23:59:51,307 Energy: -1.84571429, -1.88080991, -1.89189497, Gap: 1.6557e-02, 143/144, 18/20, 20.55
2025-06-04 23:59:52,501 Energy: -1.88250597, -1.88821149, -1.89046714, Gap: 9.1551e-03, 151/152, 19/20, 21.75
2025-06-04 23:59:53,679 Energy: -1.66631707, -1.85710097, -1.89167526, Gap: 4.0266e-02, 158/160, 20/20, 22.92
2025-06-04 23:59:53,681 Save: ./mats/VGON_nqd4_L15_20250604_233817.mat with count and overlaps
2025-06-04 23:59:53,728 Load: ./mats/VGON_nqd4_L15_20250604_233815.mat, 497/500
2025-06-04 23:59:53,728 PyTorch Device: cpu
2025-06-04 23:59:53,729 Number of layers: 15
2025-06-04 23:59:53,729 Number of qudits: 4
2025-06-04 23:59:53,729 Number of qubits: 8
2025-06-04 23:59:53,729 Coefficient phase: arctan(1/3)
2025-06-04 23:59:53,765 Ground State Energy: -1.89736660
2025-06-04 23:59:54,895 Energy: -1.87094592, -1.87971686, -1.88675577, Gap: 1.7650e-02, 8/8, 1/20, 1.12
2025-06-04 23:59:56,081 Energy: -1.85792623, -1.87510371, -1.88834873, Gap: 2.2263e-02, 16/16, 2/20, 2.31
2025-06-04 23:59:57,169 Energy: -1.87322077, -1.88187427, -1.88929126, Gap: 1.5492e-02, 24/24, 3/20, 3.40
2025-06-04 23:59:58,373 Energy: -1.83133772, -1.87468972, -1.88666654, Gap: 2.2677e-02, 32/32, 4/20, 4.60
2025-06-04 23:59:59,484 Energy: -1.85584597, -1.87500416, -1.88703919, Gap: 2.2362e-02, 40/40, 5/20, 5.71
2025-06-05 00:00:00,652 Energy: -1.85142951, -1.87314914, -1.88608482, Gap: 2.4217e-02, 48/48, 6/20, 6.88
2025-06-05 00:00:01,794 Energy: -1.86106997, -1.87720528, -1.88617725, Gap: 2.0161e-02, 56/56, 7/20, 8.02
2025-06-05 00:00:02,957 Energy: -1.86994868, -1.88057286, -1.89004590, Gap: 1.6794e-02, 64/64, 8/20, 9.18
2025-06-05 00:00:04,103 Energy: -1.87769032, -1.88319272, -1.88931989, Gap: 1.4174e-02, 72/72, 9/20, 10.33
2025-06-05 00:00:05,265 Energy: -1.78412378, -1.86663496, -1.88540653, Gap: 3.0732e-02, 79/80, 10/20, 11.49
2025-06-05 00:00:06,429 Energy: -1.85510777, -1.87898082, -1.88621982, Gap: 1.8386e-02, 87/88, 11/20, 12.66
2025-06-05 00:00:07,510 Energy: -1.86645055, -1.88102014, -1.88861529, Gap: 1.6346e-02, 95/96, 12/20, 13.74
2025-06-05 00:00:08,731 Energy: -1.85163728, -1.87620272, -1.88684970, Gap: 2.1164e-02, 103/104, 13/20, 14.96
2025-06-05 00:00:09,854 Energy: -1.86112268, -1.87951568, -1.89086590, Gap: 1.7851e-02, 111/112, 14/20, 16.08
2025-06-05 00:00:11,046 Energy: -1.85638056, -1.87595317, -1.88542230, Gap: 2.1413e-02, 119/120, 15/20, 17.27
2025-06-05 00:00:12,256 Energy: -1.85862330, -1.87525385, -1.88477647, Gap: 2.2113e-02, 127/128, 16/20, 18.48
2025-06-05 00:00:13,358 Energy: -1.86284496, -1.87670675, -1.88455200, Gap: 2.0660e-02, 135/136, 17/20, 19.59
2025-06-05 00:00:14,557 Energy: -1.86195318, -1.87593122, -1.88594808, Gap: 2.1435e-02, 143/144, 18/20, 20.79
2025-06-05 00:00:15,664 Energy: -1.86296488, -1.87291106, -1.88546362, Gap: 2.4456e-02, 151/152, 19/20, 21.89
2025-06-05 00:00:16,821 Energy: -1.81692355, -1.87311848, -1.88925192, Gap: 2.4248e-02, 159/160, 20/20, 23.05
2025-06-05 00:00:16,824 Save: ./mats/VGON_nqd4_L15_20250604_233815.mat with count and overlaps
2025-06-05 00:00:31,915 Load: ./mats/VGON_nqd4_L20_20250604_235646.mat, 500/500
2025-06-05 00:00:31,915 PyTorch Device: cpu
2025-06-05 00:00:31,915 Number of layers: 20
2025-06-05 00:00:31,915 Number of qudits: 4
2025-06-05 00:00:31,915 Number of qubits: 8
2025-06-05 00:00:31,915 Coefficient phase: arctan(1/3)
2025-06-05 00:00:31,950 Ground State Energy: -1.89736660
2025-06-05 00:00:33,528 Energy: -1.73704663, -1.83127325, -1.87172382, Gap: 6.6093e-02, 7/8, 1/20, 1.57
2025-06-05 00:00:34,937 Energy: -1.69862117, -1.81929554, -1.86899104, Gap: 7.8071e-02, 14/16, 2/20, 2.98
2025-06-05 00:00:36,514 Energy: -1.73233394, -1.83302308, -1.86817546, Gap: 6.4344e-02, 20/24, 3/20, 4.55
2025-06-05 00:00:38,003 Energy: -1.86316539, -1.87644080, -1.88693315, Gap: 2.0926e-02, 28/32, 4/20, 6.04
2025-06-05 00:00:39,486 Energy: -1.72767005, -1.82077727, -1.87987346, Gap: 7.6589e-02, 34/40, 5/20, 7.53
2025-06-05 00:00:40,972 Energy: -1.81875907, -1.84953894, -1.88015926, Gap: 4.7828e-02, 42/48, 6/20, 9.01
2025-06-05 00:00:42,570 Energy: -1.79947125, -1.85395593, -1.88021198, Gap: 4.3411e-02, 50/56, 7/20, 10.61
2025-06-05 00:00:44,132 Energy: -1.79226014, -1.85226363, -1.88599501, Gap: 4.5103e-02, 57/64, 8/20, 12.17
2025-06-05 00:00:45,555 Energy: -1.78176201, -1.83429719, -1.88610942, Gap: 6.3069e-02, 62/72, 9/20, 13.59
2025-06-05 00:00:47,094 Energy: -1.84027089, -1.86467522, -1.87948218, Gap: 3.2691e-02, 70/80, 10/20, 15.13
2025-06-05 00:00:48,609 Energy: -1.77850777, -1.83521086, -1.87859830, Gap: 6.2156e-02, 77/88, 11/20, 16.65
2025-06-05 00:00:50,186 Energy: -1.79215127, -1.85492330, -1.87659383, Gap: 4.2443e-02, 84/96, 12/20, 18.23
2025-06-05 00:00:51,603 Energy: -1.67934441, -1.83099019, -1.87711736, Gap: 6.6376e-02, 91/104, 13/20, 19.64
2025-06-05 00:00:53,168 Energy: -1.73650111, -1.84820905, -1.88675834, Gap: 4.9158e-02, 97/112, 14/20, 21.21
2025-06-05 00:00:54,698 Energy: -1.76738135, -1.85433984, -1.87904418, Gap: 4.3027e-02, 104/120, 15/20, 22.74
2025-06-05 00:00:56,205 Energy: -1.78108828, -1.83028748, -1.86707611, Gap: 6.7079e-02, 110/128, 16/20, 24.24
2025-06-05 00:00:57,792 Energy: -1.80086782, -1.85865954, -1.87884571, Gap: 3.8707e-02, 118/136, 17/20, 25.83
2025-06-05 00:00:59,277 Energy: -1.78836949, -1.85276070, -1.88184943, Gap: 4.4606e-02, 125/144, 18/20, 27.32
2025-06-05 00:01:00,761 Energy: -1.76617725, -1.85254046, -1.88713657, Gap: 4.4826e-02, 132/152, 19/20, 28.80
2025-06-05 00:01:02,298 Energy: -1.85020229, -1.86425748, -1.87551334, Gap: 3.3109e-02, 140/160, 20/20, 30.34
2025-06-05 00:01:02,301 Save: ./mats/VGON_nqd4_L20_20250604_235646.mat with count and overlaps
2025-06-05 00:01:02,350 Load: ./mats/VGON_nqd4_L20_20250604_235643.mat, 499/500
2025-06-05 00:01:02,350 PyTorch Device: cpu
2025-06-05 00:01:02,350 Number of layers: 20
2025-06-05 00:01:02,350 Number of qudits: 4
2025-06-05 00:01:02,350 Number of qubits: 8
2025-06-05 00:01:02,350 Coefficient phase: arctan(1/3)
2025-06-05 00:01:02,387 Ground State Energy: -1.89736660
2025-06-05 00:01:03,946 Energy: -1.74222091, -1.85535395, -1.88764288, Gap: 4.2013e-02, 7/8, 1/20, 1.55
2025-06-05 00:01:05,525 Energy: -1.81957194, -1.86127215, -1.88473545, Gap: 3.6094e-02, 15/16, 2/20, 3.13
2025-06-05 00:01:07,001 Energy: -1.82714133, -1.86414507, -1.88685529, Gap: 3.3222e-02, 23/24, 3/20, 4.60
2025-06-05 00:01:08,525 Energy: -1.80215372, -1.84969004, -1.88114399, Gap: 4.7677e-02, 31/32, 4/20, 6.13
2025-06-05 00:01:10,048 Energy: -1.81492875, -1.86331252, -1.88673987, Gap: 3.4054e-02, 39/40, 5/20, 7.65
2025-06-05 00:01:11,585 Energy: -1.80297588, -1.85937521, -1.87968658, Gap: 3.7991e-02, 47/48, 6/20, 9.19
2025-06-05 00:01:13,017 Energy: -1.82828638, -1.86939469, -1.88504743, Gap: 2.7972e-02, 55/56, 7/20, 10.62
2025-06-05 00:01:14,577 Energy: -1.82585524, -1.85904843, -1.88021155, Gap: 3.8318e-02, 63/64, 8/20, 12.18
2025-06-05 00:01:16,109 Energy: -1.83073003, -1.86351095, -1.88342864, Gap: 3.3856e-02, 71/72, 9/20, 13.71
2025-06-05 00:01:17,551 Energy: -1.81406639, -1.86886582, -1.88431823, Gap: 2.8501e-02, 79/80, 10/20, 15.15
2025-06-05 00:01:19,072 Energy: -1.85850991, -1.87328544, -1.88290481, Gap: 2.4081e-02, 87/88, 11/20, 16.67
2025-06-05 00:01:20,602 Energy: -1.82962404, -1.86207131, -1.87715493, Gap: 3.5295e-02, 95/96, 12/20, 18.20
2025-06-05 00:01:22,154 Energy: -1.84428588, -1.87049665, -1.88570813, Gap: 2.6870e-02, 103/104, 13/20, 19.76
2025-06-05 00:01:23,582 Energy: -1.82976859, -1.85372087, -1.88365367, Gap: 4.3646e-02, 111/112, 14/20, 21.18
2025-06-05 00:01:25,084 Energy: -1.81749740, -1.85766120, -1.87787777, Gap: 3.9705e-02, 119/120, 15/20, 22.69
2025-06-05 00:01:26,594 Energy: -1.85081884, -1.86776843, -1.88539385, Gap: 2.9598e-02, 127/128, 16/20, 24.20
2025-06-05 00:01:27,995 Energy: -1.84932060, -1.86400911, -1.88387191, Gap: 3.3357e-02, 135/136, 17/20, 25.60
2025-06-05 00:01:29,473 Energy: -1.84403021, -1.86601997, -1.88106289, Gap: 3.1347e-02, 143/144, 18/20, 27.08
2025-06-05 00:01:30,953 Energy: -1.84150779, -1.87178741, -1.88437080, Gap: 2.5579e-02, 151/152, 19/20, 28.55
2025-06-05 00:01:32,431 Energy: -1.86330535, -1.87382653, -1.88644996, Gap: 2.3540e-02, 159/160, 20/20, 30.03
2025-06-05 00:01:32,433 Save: ./mats/VGON_nqd4_L20_20250604_235643.mat with count and overlaps
2025-06-05 00:01:32,493 Load: ./mats/VGON_nqd4_L20_20250604_235641.mat, 498/500
2025-06-05 00:01:32,493 PyTorch Device: cpu
2025-06-05 00:01:32,493 Number of layers: 20
2025-06-05 00:01:32,493 Number of qudits: 4
2025-06-05 00:01:32,494 Number of qubits: 8
2025-06-05 00:01:32,494 Coefficient phase: arctan(1/3)
2025-06-05 00:01:32,528 Ground State Energy: -1.89736660
2025-06-05 00:01:33,942 Energy: -1.86830080, -1.87836876, -1.88210564, Gap: 1.8998e-02, 8/8, 1/20, 1.41
2025-06-05 00:01:35,458 Energy: -1.84810451, -1.87051664, -1.88312886, Gap: 2.6850e-02, 16/16, 2/20, 2.92
2025-06-05 00:01:36,949 Energy: -1.82586396, -1.85570624, -1.88056899, Gap: 4.1660e-02, 24/24, 3/20, 4.41
2025-06-05 00:01:38,340 Energy: -1.86333891, -1.87527171, -1.88341339, Gap: 2.2095e-02, 32/32, 4/20, 5.80
2025-06-05 00:01:39,860 Energy: -1.85534342, -1.87572913, -1.88255359, Gap: 2.1637e-02, 40/40, 5/20, 7.32
2025-06-05 00:01:41,353 Energy: -1.83614505, -1.86712814, -1.87909955, Gap: 3.0238e-02, 48/48, 6/20, 8.82
2025-06-05 00:01:42,896 Energy: -1.85486555, -1.87629198, -1.88369116, Gap: 2.1075e-02, 56/56, 7/20, 10.36
2025-06-05 00:01:44,350 Energy: -1.86352494, -1.87464298, -1.88164863, Gap: 2.2724e-02, 64/64, 8/20, 11.81
2025-06-05 00:01:45,862 Energy: -1.83394134, -1.86436778, -1.87960518, Gap: 3.2999e-02, 72/72, 9/20, 13.33
2025-06-05 00:01:47,375 Energy: -1.85671455, -1.87142577, -1.88090840, Gap: 2.5941e-02, 80/80, 10/20, 14.84
2025-06-05 00:01:49,038 Energy: -1.84407233, -1.87002244, -1.88196289, Gap: 2.7344e-02, 88/88, 11/20, 16.50
2025-06-05 00:01:50,810 Energy: -1.86282458, -1.87533663, -1.88247251, Gap: 2.2030e-02, 96/96, 12/20, 18.27
2025-06-05 00:01:52,578 Energy: -1.84490156, -1.87440372, -1.88185616, Gap: 2.2963e-02, 104/104, 13/20, 20.04
2025-06-05 00:01:54,353 Energy: -1.86503822, -1.87744799, -1.88247572, Gap: 1.9919e-02, 112/112, 14/20, 21.82
2025-06-05 00:01:56,033 Energy: -1.85513240, -1.87006860, -1.88176896, Gap: 2.7298e-02, 120/120, 15/20, 23.50
2025-06-05 00:01:57,817 Energy: -1.86582682, -1.87680246, -1.88027912, Gap: 2.0564e-02, 128/128, 16/20, 25.28
2025-06-05 00:01:59,632 Energy: -1.86172282, -1.87593139, -1.88355537, Gap: 2.1435e-02, 136/136, 17/20, 27.09
2025-06-05 00:02:01,345 Energy: -1.85135609, -1.87590578, -1.88253512, Gap: 2.1461e-02, 144/144, 18/20, 28.81
2025-06-05 00:02:03,120 Energy: -1.85902221, -1.87482420, -1.88109601, Gap: 2.2542e-02, 152/152, 19/20, 30.58
2025-06-05 00:02:04,870 Energy: -1.83556985, -1.86755101, -1.88005905, Gap: 2.9816e-02, 160/160, 20/20, 32.33
2025-06-05 00:02:04,872 Save: ./mats/VGON_nqd4_L20_20250604_235641.mat with count and overlaps
2025-06-05 00:02:04,932 Load: ./mats/VGON_nqd4_L20_20250604_235639.mat, 497/500
2025-06-05 00:02:04,932 PyTorch Device: cpu
2025-06-05 00:02:04,932 Number of layers: 20
2025-06-05 00:02:04,932 Number of qudits: 4
2025-06-05 00:02:04,932 Number of qubits: 8
2025-06-05 00:02:04,932 Coefficient phase: arctan(1/3)
2025-06-05 00:02:04,978 Ground State Energy: -1.89736660
2025-06-05 00:02:06,731 Energy: -1.83524410, -1.85836336, -1.87101358, Gap: 3.9003e-02, 8/8, 1/20, 1.74
2025-06-05 00:02:08,378 Energy: -1.80733955, -1.85820380, -1.88264659, Gap: 3.9163e-02, 16/16, 2/20, 3.39
2025-06-05 00:02:10,136 Energy: -1.77355704, -1.85538676, -1.88133268, Gap: 4.1980e-02, 23/24, 3/20, 5.15
2025-06-05 00:02:11,781 Energy: -1.77290010, -1.83409874, -1.87362064, Gap: 6.3268e-02, 30/32, 4/20, 6.79
2025-06-05 00:02:13,214 Energy: -1.78840308, -1.85214513, -1.88354240, Gap: 4.5221e-02, 37/40, 5/20, 8.23
2025-06-05 00:02:14,731 Energy: -1.76765630, -1.85467594, -1.87874965, Gap: 4.2691e-02, 44/48, 6/20, 9.74
2025-06-05 00:02:16,248 Energy: -1.83388794, -1.85854424, -1.87939215, Gap: 3.8822e-02, 52/56, 7/20, 11.26
2025-06-05 00:02:17,796 Energy: -1.84578742, -1.86813530, -1.88077271, Gap: 2.9231e-02, 60/64, 8/20, 12.81
2025-06-05 00:02:19,227 Energy: -1.75007730, -1.84650604, -1.87982234, Gap: 5.0861e-02, 67/72, 9/20, 14.24
2025-06-05 00:02:20,797 Energy: -1.76751394, -1.85266247, -1.88075503, Gap: 4.4704e-02, 74/80, 10/20, 15.81
2025-06-05 00:02:22,300 Energy: -1.78044552, -1.85870139, -1.87966388, Gap: 3.8665e-02, 81/88, 11/20, 17.31
2025-06-05 00:02:23,714 Energy: -1.77830346, -1.84993856, -1.88288163, Gap: 4.7428e-02, 88/96, 12/20, 18.73
2025-06-05 00:02:25,200 Energy: -1.79632175, -1.86158422, -1.88010746, Gap: 3.5782e-02, 95/104, 13/20, 20.21
2025-06-05 00:02:26,666 Energy: -1.80901693, -1.85278638, -1.87937902, Gap: 4.4580e-02, 103/112, 14/20, 21.68
2025-06-05 00:02:28,221 Energy: -1.85690636, -1.87198790, -1.88217011, Gap: 2.5379e-02, 111/120, 15/20, 23.23
2025-06-05 00:02:29,682 Energy: -1.75294088, -1.85818107, -1.88194998, Gap: 3.9186e-02, 118/128, 16/20, 24.69
2025-06-05 00:02:31,169 Energy: -1.75218629, -1.84440317, -1.88032332, Gap: 5.2963e-02, 125/136, 17/20, 26.18
2025-06-05 00:02:32,699 Energy: -1.79507724, -1.85694983, -1.88264816, Gap: 4.0417e-02, 132/144, 18/20, 27.71
2025-06-05 00:02:34,098 Energy: -1.85143130, -1.86739113, -1.87964987, Gap: 2.9975e-02, 140/152, 19/20, 29.11
2025-06-05 00:02:35,692 Energy: -1.72957131, -1.83899360, -1.88248111, Gap: 5.8373e-02, 147/160, 20/20, 30.70
2025-06-05 00:02:35,695 Save: ./mats/VGON_nqd4_L20_20250604_235639.mat with count and overlaps
