2025-01-17 16:04:57,777 Load: ./mats/VGON_nqd7_L3_20250117_122410.mat, 1000/1000
2025-01-17 16:04:57,777 PyTorch Device: cuda
2025-01-17 16:04:57,778 Number of layers: 3
2025-01-17 16:04:57,778 Number of qudits: 7
2025-01-17 16:04:57,778 Number of qubits: 14
2025-01-17 16:04:57,778 Coefficient phase: 0.49π
2025-01-17 16:04:58,141 Ground State Energy: 5.8611
2025-01-17 16:05:05,054 Energy: 5.89215572, 5.89206333, 5.89194851, Gap: 3.0991e-02, 8/8, 1/100, 6.70
2025-01-17 16:05:11,620 Energy: 5.89223797, 5.89204315, 5.89182772, Gap: 3.0971e-02, 16/16, 2/100, 13.27
2025-01-17 16:05:18,037 Energy: 5.89225636, 5.89207149, 5.89180162, Gap: 3.0999e-02, 24/24, 3/100, 19.69
2025-01-17 16:05:24,712 Energy: 5.89269539, 5.89220560, 5.89202170, Gap: 3.1133e-02, 32/32, 4/100, 26.36
2025-01-17 16:05:31,186 Energy: 5.89251775, 5.89218496, 5.89192136, Gap: 3.1113e-02, 40/40, 5/100, 32.84
2025-01-17 16:05:37,876 Energy: 5.89244535, 5.89226029, 5.89199185, Gap: 3.1188e-02, 48/48, 6/100, 39.53
2025-01-17 16:05:44,323 Energy: 5.89224746, 5.89205769, 5.89185514, Gap: 3.0986e-02, 56/56, 7/100, 45.97
2025-01-17 16:05:50,762 Energy: 5.89218128, 5.89206311, 5.89183121, Gap: 3.0991e-02, 64/64, 8/100, 52.41
2025-01-17 16:05:57,441 Energy: 5.89249412, 5.89211447, 5.89192606, Gap: 3.1042e-02, 72/72, 9/100, 59.09
2025-01-17 16:06:03,938 Energy: 5.89254521, 5.89208257, 5.89180449, Gap: 3.1010e-02, 80/80, 10/100, 65.59
2025-01-17 16:06:10,448 Energy: 5.89277210, 5.89219190, 5.89178026, Gap: 3.1120e-02, 88/88, 11/100, 72.10
2025-01-17 16:06:17,066 Energy: 5.89250335, 5.89217533, 5.89187553, Gap: 3.1103e-02, 96/96, 12/100, 78.72
2025-01-17 16:06:23,575 Energy: 5.89231834, 5.89210675, 5.89183812, Gap: 3.1035e-02, 104/104, 13/100, 85.23
2025-01-17 16:06:30,035 Energy: 5.89215506, 5.89201694, 5.89176354, Gap: 3.0945e-02, 112/112, 14/100, 91.69
2025-01-17 16:06:36,641 Energy: 5.89230890, 5.89212388, 5.89185252, Gap: 3.1052e-02, 120/120, 15/100, 98.29
2025-01-17 16:06:43,082 Energy: 5.89247096, 5.89211781, 5.89193441, Gap: 3.1046e-02, 128/128, 16/100, 104.73
2025-01-17 16:06:49,698 Energy: 5.89228959, 5.89205983, 5.89180768, Gap: 3.0988e-02, 136/136, 17/100, 111.35
2025-01-17 16:06:56,456 Energy: 5.89241032, 5.89209359, 5.89184842, Gap: 3.1021e-02, 144/144, 18/100, 118.11
2025-01-17 16:07:03,158 Energy: 5.89220162, 5.89207870, 5.89195007, Gap: 3.1007e-02, 152/152, 19/100, 124.81
2025-01-17 16:07:09,957 Energy: 5.89244934, 5.89211592, 5.89184331, Gap: 3.1044e-02, 160/160, 20/100, 131.61
2025-01-17 16:07:16,585 Energy: 5.89240225, 5.89213349, 5.89192697, Gap: 3.1061e-02, 168/168, 21/100, 138.24
2025-01-17 16:07:23,033 Energy: 5.89234387, 5.89207348, 5.89191289, Gap: 3.1001e-02, 176/176, 22/100, 144.68
2025-01-17 16:07:29,599 Energy: 5.89250282, 5.89217977, 5.89191870, Gap: 3.1108e-02, 184/184, 23/100, 151.25
2025-01-17 16:07:36,007 Energy: 5.89222831, 5.89199040, 5.89181500, Gap: 3.0918e-02, 192/192, 24/100, 157.66
2025-01-17 16:07:42,514 Energy: 5.89236723, 5.89210590, 5.89194577, Gap: 3.1034e-02, 200/200, 25/100, 164.16
2025-01-17 16:07:48,864 Energy: 5.89248226, 5.89218111, 5.89184426, Gap: 3.1109e-02, 208/208, 26/100, 170.52
2025-01-17 16:07:55,451 Energy: 5.89223868, 5.89209621, 5.89196759, Gap: 3.1024e-02, 216/216, 27/100, 177.10
2025-01-17 16:08:01,894 Energy: 5.89241309, 5.89210374, 5.89193735, Gap: 3.1032e-02, 224/224, 28/100, 183.55
2025-01-17 16:08:08,582 Energy: 5.89229098, 5.89210603, 5.89200420, Gap: 3.1034e-02, 232/232, 29/100, 190.23
2025-01-17 16:08:15,078 Energy: 5.89276006, 5.89227117, 5.89199858, Gap: 3.1199e-02, 240/240, 30/100, 196.73
2025-01-17 16:08:21,489 Energy: 5.89232233, 5.89217817, 5.89190528, Gap: 3.1106e-02, 248/248, 31/100, 203.14
2025-01-17 16:08:27,966 Energy: 5.89229332, 5.89210732, 5.89200048, Gap: 3.1035e-02, 256/256, 32/100, 209.62
2025-01-17 16:08:34,527 Energy: 5.89258983, 5.89209368, 5.89185691, Gap: 3.1022e-02, 264/264, 33/100, 216.18
2025-01-17 16:08:40,956 Energy: 5.89229346, 5.89206677, 5.89178528, Gap: 3.0995e-02, 272/272, 34/100, 222.61
2025-01-17 16:08:47,444 Energy: 5.89260403, 5.89220066, 5.89185381, Gap: 3.1128e-02, 280/280, 35/100, 229.10
2025-01-17 16:08:54,009 Energy: 5.89227166, 5.89213526, 5.89193807, Gap: 3.1063e-02, 288/288, 36/100, 235.66
2025-01-17 16:09:00,452 Energy: 5.89222936, 5.89210134, 5.89193839, Gap: 3.1029e-02, 296/296, 37/100, 242.10
2025-01-17 16:09:06,861 Energy: 5.89246921, 5.89205710, 5.89193062, Gap: 3.0985e-02, 304/304, 38/100, 248.51
2025-01-17 16:09:13,487 Energy: 5.89251848, 5.89221387, 5.89198941, Gap: 3.1142e-02, 312/312, 39/100, 255.14
2025-01-17 16:09:19,933 Energy: 5.89247672, 5.89210759, 5.89199073, Gap: 3.1035e-02, 320/320, 40/100, 261.58
2025-01-17 16:09:26,317 Energy: 5.89228485, 5.89210737, 5.89189564, Gap: 3.1035e-02, 328/328, 41/100, 267.97
2025-01-17 16:09:32,756 Energy: 5.89241694, 5.89203575, 5.89177049, Gap: 3.0964e-02, 336/336, 42/100, 274.41
2025-01-17 16:09:39,323 Energy: 5.89248790, 5.89219487, 5.89194317, Gap: 3.1123e-02, 344/344, 43/100, 280.97
2025-01-17 16:09:45,748 Energy: 5.89230821, 5.89210203, 5.89190895, Gap: 3.1030e-02, 352/352, 44/100, 287.40
2025-01-17 16:09:52,269 Energy: 5.89232218, 5.89207250, 5.89171228, Gap: 3.1000e-02, 360/360, 45/100, 293.92
2025-01-17 16:09:58,674 Energy: 5.89231090, 5.89211033, 5.89193939, Gap: 3.1038e-02, 368/368, 46/100, 300.32
2025-01-17 16:10:05,080 Energy: 5.89243039, 5.89222852, 5.89204727, Gap: 3.1156e-02, 376/376, 47/100, 306.73
2025-01-17 16:10:11,557 Energy: 5.89261238, 5.89218066, 5.89188946, Gap: 3.1108e-02, 384/384, 48/100, 313.21
2025-01-17 16:10:17,876 Energy: 5.89232964, 5.89209491, 5.89181613, Gap: 3.1023e-02, 392/392, 49/100, 319.53
2025-01-17 16:10:24,151 Energy: 5.89229672, 5.89206377, 5.89186350, Gap: 3.0992e-02, 400/400, 50/100, 325.80
2025-01-17 16:10:30,631 Energy: 5.89244221, 5.89215366, 5.89194057, Gap: 3.1081e-02, 408/408, 51/100, 332.28
2025-01-17 16:10:36,972 Energy: 5.89249016, 5.89211591, 5.89185219, Gap: 3.1044e-02, 416/416, 52/100, 338.62
2025-01-17 16:10:43,252 Energy: 5.89267259, 5.89214745, 5.89195426, Gap: 3.1075e-02, 424/424, 53/100, 344.90
2025-01-17 16:10:49,652 Energy: 5.89223263, 5.89209041, 5.89192594, Gap: 3.1018e-02, 432/432, 54/100, 351.30
2025-01-17 16:10:56,006 Energy: 5.89250827, 5.89216126, 5.89188263, Gap: 3.1089e-02, 440/440, 55/100, 357.66
2025-01-17 16:11:02,309 Energy: 5.89245286, 5.89213747, 5.89188882, Gap: 3.1065e-02, 448/448, 56/100, 363.96
2025-01-17 16:11:08,795 Energy: 5.89253873, 5.89224776, 5.89207970, Gap: 3.1176e-02, 456/456, 57/100, 370.45
2025-01-17 16:11:15,100 Energy: 5.89244245, 5.89211585, 5.89188331, Gap: 3.1044e-02, 464/464, 58/100, 376.75
2025-01-17 16:11:21,459 Energy: 5.89283911, 5.89220064, 5.89198118, Gap: 3.1128e-02, 472/472, 59/100, 383.11
2025-01-17 16:11:27,919 Energy: 5.89262073, 5.89210723, 5.89181049, Gap: 3.1035e-02, 480/480, 60/100, 389.57
2025-01-17 16:11:34,401 Energy: 5.89248536, 5.89219126, 5.89192802, Gap: 3.1119e-02, 488/488, 61/100, 396.05
2025-01-17 16:11:40,741 Energy: 5.89228226, 5.89214507, 5.89202822, Gap: 3.1073e-02, 496/496, 62/100, 402.39
2025-01-17 16:11:47,282 Energy: 5.89226172, 5.89204083, 5.89190646, Gap: 3.0969e-02, 504/504, 63/100, 408.93
2025-01-17 16:11:53,568 Energy: 5.89241341, 5.89216594, 5.89197462, Gap: 3.1094e-02, 512/512, 64/100, 415.22
2025-01-17 16:11:59,870 Energy: 5.89245752, 5.89212252, 5.89187555, Gap: 3.1050e-02, 520/520, 65/100, 421.52
2025-01-17 16:12:06,326 Energy: 5.89244405, 5.89207499, 5.89174383, Gap: 3.1003e-02, 528/528, 66/100, 427.98
2025-01-17 16:12:12,607 Energy: 5.89214279, 5.89206411, 5.89189042, Gap: 3.0992e-02, 536/536, 67/100, 434.26
2025-01-17 16:12:18,977 Energy: 5.89236725, 5.89215453, 5.89189632, Gap: 3.1082e-02, 544/544, 68/100, 440.63
2025-01-17 16:12:25,399 Energy: 5.89227214, 5.89207898, 5.89173582, Gap: 3.1007e-02, 552/552, 69/100, 447.05
2025-01-17 16:12:31,732 Energy: 5.89225491, 5.89207912, 5.89195023, Gap: 3.1007e-02, 560/560, 70/100, 453.38
2025-01-17 16:12:38,088 Energy: 5.89266970, 5.89215060, 5.89192335, Gap: 3.1078e-02, 568/568, 71/100, 459.74
2025-01-17 16:12:44,548 Energy: 5.89236478, 5.89211607, 5.89194110, Gap: 3.1044e-02, 576/576, 72/100, 466.20
2025-01-17 16:12:50,795 Energy: 5.89250353, 5.89209576, 5.89187324, Gap: 3.1024e-02, 584/584, 73/100, 472.45
2025-01-17 16:12:57,062 Energy: 5.89225225, 5.89209666, 5.89193386, Gap: 3.1024e-02, 592/592, 74/100, 478.71
2025-01-17 16:13:03,473 Energy: 5.89228452, 5.89216239, 5.89198743, Gap: 3.1090e-02, 600/600, 75/100, 485.12
2025-01-17 16:13:09,783 Energy: 5.89233087, 5.89210778, 5.89184436, Gap: 3.1036e-02, 608/608, 76/100, 491.43
2025-01-17 16:13:16,041 Energy: 5.89250208, 5.89213028, 5.89194257, Gap: 3.1058e-02, 616/616, 77/100, 497.69
2025-01-17 16:13:22,303 Energy: 5.89233252, 5.89205386, 5.89191431, Gap: 3.0982e-02, 624/624, 78/100, 503.95
2025-01-17 16:13:28,770 Energy: 5.89274370, 5.89211327, 5.89182857, Gap: 3.1041e-02, 632/632, 79/100, 510.42
2025-01-17 16:13:35,076 Energy: 5.89244170, 5.89213890, 5.89200031, Gap: 3.1067e-02, 640/640, 80/100, 516.73
2025-01-17 16:13:41,579 Energy: 5.89222780, 5.89207555, 5.89175836, Gap: 3.1003e-02, 648/648, 81/100, 523.23
2025-01-17 16:13:47,919 Energy: 5.89235599, 5.89207899, 5.89183394, Gap: 3.1007e-02, 656/656, 82/100, 529.57
2025-01-17 16:13:54,271 Energy: 5.89253055, 5.89215885, 5.89186313, Gap: 3.1087e-02, 664/664, 83/100, 535.92
2025-01-17 16:14:00,775 Energy: 5.89251047, 5.89225450, 5.89194374, Gap: 3.1182e-02, 672/672, 84/100, 542.43
2025-01-17 16:14:07,084 Energy: 5.89221401, 5.89206213, 5.89190514, Gap: 3.0990e-02, 680/680, 85/100, 548.74
2025-01-17 16:14:13,404 Energy: 5.89289816, 5.89228793, 5.89186262, Gap: 3.1216e-02, 688/688, 86/100, 555.05
2025-01-17 16:14:19,839 Energy: 5.89251179, 5.89214283, 5.89188487, Gap: 3.1071e-02, 696/696, 87/100, 561.49
2025-01-17 16:14:26,135 Energy: 5.89216724, 5.89205261, 5.89193434, Gap: 3.0980e-02, 704/704, 88/100, 567.79
2025-01-17 16:14:32,445 Energy: 5.89262672, 5.89213587, 5.89183949, Gap: 3.1064e-02, 712/712, 89/100, 574.10
2025-01-17 16:14:38,876 Energy: 5.89215430, 5.89199242, 5.89187380, Gap: 3.0920e-02, 720/720, 90/100, 580.53
2025-01-17 16:14:45,163 Energy: 5.89235373, 5.89216721, 5.89194114, Gap: 3.1095e-02, 728/728, 91/100, 586.81
2025-01-17 16:14:51,441 Energy: 5.89234039, 5.89208039, 5.89185711, Gap: 3.1008e-02, 736/736, 92/100, 593.09
2025-01-17 16:14:57,985 Energy: 5.89243888, 5.89211931, 5.89200929, Gap: 3.1047e-02, 744/744, 93/100, 599.64
2025-01-17 16:15:04,295 Energy: 5.89231838, 5.89215028, 5.89188249, Gap: 3.1078e-02, 752/752, 94/100, 605.95
2025-01-17 16:15:10,639 Energy: 5.89244655, 5.89209514, 5.89169056, Gap: 3.1023e-02, 760/760, 95/100, 612.29
2025-01-17 16:15:16,960 Energy: 5.89261113, 5.89223018, 5.89197215, Gap: 3.1158e-02, 768/768, 96/100, 618.61
2025-01-17 16:15:23,413 Energy: 5.89249835, 5.89218399, 5.89187032, Gap: 3.1112e-02, 776/776, 97/100, 625.06
2025-01-17 16:15:29,713 Energy: 5.89238078, 5.89215688, 5.89187035, Gap: 3.1085e-02, 784/784, 98/100, 631.36
2025-01-17 16:15:36,156 Energy: 5.89227229, 5.89205254, 5.89189287, Gap: 3.0980e-02, 792/792, 99/100, 637.81
2025-01-17 16:15:42,476 Energy: 5.89241516, 5.89215680, 5.89194582, Gap: 3.1085e-02, 800/800, 100/100, 644.13
2025-01-17 16:15:42,478 Save: ./mats/VGON_nqd7_L3_20250117_122410.mat with count and overlaps
2025-01-17 16:15:42,538 Load: ./mats/VGON_nqd7_L3_20250117_093043.mat, 1000/1000
2025-01-17 16:15:42,538 PyTorch Device: cuda
2025-01-17 16:15:42,538 Number of layers: 3
2025-01-17 16:15:42,538 Number of qudits: 7
2025-01-17 16:15:42,538 Number of qubits: 14
2025-01-17 16:15:42,538 Coefficient phase: -0.74π
2025-01-17 16:15:42,864 Ground State Energy: -8.8517
2025-01-17 16:15:49,218 Energy: -8.79943285, -8.79975804, -8.80030791, Gap: 5.1908e-02, 8/8, 1/100, 6.27
2025-01-17 16:15:55,684 Energy: -8.79814925, -8.79964957, -8.80011635, Gap: 5.2016e-02, 16/16, 2/100, 12.73
2025-01-17 16:16:01,950 Energy: -8.79694374, -8.79925186, -8.80028406, Gap: 5.2414e-02, 24/24, 3/100, 19.00
2025-01-17 16:16:08,268 Energy: -8.79842885, -8.79970179, -8.80065295, Gap: 5.1964e-02, 32/32, 4/100, 25.32
2025-01-17 16:16:14,742 Energy: -8.79817092, -8.79953505, -8.80042580, Gap: 5.2131e-02, 40/40, 5/100, 31.79
2025-01-17 16:16:21,058 Energy: -8.79864994, -8.79969553, -8.80070046, Gap: 5.1970e-02, 48/48, 6/100, 38.11
2025-01-17 16:16:27,492 Energy: -8.79841115, -8.79969928, -8.80070106, Gap: 5.1966e-02, 56/56, 7/100, 44.54
2025-01-17 16:16:33,795 Energy: -8.79874003, -8.79959203, -8.80014212, Gap: 5.2074e-02, 64/64, 8/100, 50.84
2025-01-17 16:16:40,094 Energy: -8.79809080, -8.79914039, -8.80037563, Gap: 5.2525e-02, 72/72, 9/100, 57.14
2025-01-17 16:16:46,557 Energy: -8.79900777, -8.79970464, -8.80041679, Gap: 5.1961e-02, 80/80, 10/100, 63.61
2025-01-17 16:16:52,888 Energy: -8.79854858, -8.79968432, -8.80025815, Gap: 5.1981e-02, 88/88, 11/100, 69.94
2025-01-17 16:16:59,194 Energy: -8.79887443, -8.79974178, -8.80033190, Gap: 5.1924e-02, 96/96, 12/100, 76.24
2025-01-17 16:17:05,645 Energy: -8.79917379, -8.79970329, -8.80045452, Gap: 5.1962e-02, 104/104, 13/100, 82.69
2025-01-17 16:17:11,900 Energy: -8.79853952, -8.79981198, -8.80055706, Gap: 5.1854e-02, 112/112, 14/100, 88.95
2025-01-17 16:17:18,202 Energy: -8.79875475, -8.79969469, -8.80024795, Gap: 5.1971e-02, 120/120, 15/100, 95.25
2025-01-17 16:17:24,669 Energy: -8.79800545, -8.79989551, -8.80064819, Gap: 5.1770e-02, 128/128, 16/100, 101.72
2025-01-17 16:17:30,982 Energy: -8.79704029, -8.79954543, -8.80049420, Gap: 5.2120e-02, 136/136, 17/100, 108.03
2025-01-17 16:17:37,317 Energy: -8.79749698, -8.79955326, -8.80065910, Gap: 5.2113e-02, 144/144, 18/100, 114.37
2025-01-17 16:17:43,821 Energy: -8.79844923, -8.79938263, -8.80016343, Gap: 5.2283e-02, 152/152, 19/100, 120.87
2025-01-17 16:17:50,101 Energy: -8.79886216, -8.79976679, -8.80036932, Gap: 5.1899e-02, 160/160, 20/100, 127.15
2025-01-17 16:17:56,402 Energy: -8.79861189, -8.79951482, -8.80059336, Gap: 5.2151e-02, 168/168, 21/100, 133.45
2025-01-17 16:18:02,886 Energy: -8.79822461, -8.79955508, -8.80048988, Gap: 5.2111e-02, 176/176, 22/100, 139.93
2025-01-17 16:18:09,322 Energy: -8.79817924, -8.79974198, -8.80044042, Gap: 5.1924e-02, 184/184, 23/100, 146.37
2025-01-17 16:18:15,837 Energy: -8.79849168, -8.79953344, -8.80035534, Gap: 5.2132e-02, 192/192, 24/100, 152.89
2025-01-17 16:18:22,365 Energy: -8.79736672, -8.79911113, -8.80069150, Gap: 5.2555e-02, 200/200, 25/100, 159.41
2025-01-17 16:18:29,027 Energy: -8.79817822, -8.79958521, -8.80037773, Gap: 5.2081e-02, 208/208, 26/100, 166.08
2025-01-17 16:18:35,682 Energy: -8.79720167, -8.79962769, -8.80064368, Gap: 5.2038e-02, 216/216, 27/100, 172.73
2025-01-17 16:18:42,514 Energy: -8.79857586, -8.79955962, -8.80047850, Gap: 5.2106e-02, 224/224, 28/100, 179.56
2025-01-17 16:18:49,068 Energy: -8.79940174, -8.79977615, -8.80061744, Gap: 5.1890e-02, 232/232, 29/100, 186.12
2025-01-17 16:18:55,502 Energy: -8.79800517, -8.79929726, -8.80044851, Gap: 5.2369e-02, 240/240, 30/100, 192.55
2025-01-17 16:19:01,927 Energy: -8.79764802, -8.79952744, -8.80068819, Gap: 5.2138e-02, 248/248, 31/100, 198.98
2025-01-17 16:19:08,175 Energy: -8.79858762, -8.79961755, -8.80020865, Gap: 5.2048e-02, 256/256, 32/100, 205.22
2025-01-17 16:19:14,449 Energy: -8.79874088, -8.79963850, -8.80018882, Gap: 5.2027e-02, 264/264, 33/100, 211.50
2025-01-17 16:19:20,839 Energy: -8.79858484, -8.79923432, -8.80003229, Gap: 5.2431e-02, 272/272, 34/100, 217.89
2025-01-17 16:19:27,088 Energy: -8.79791978, -8.79970423, -8.80063692, Gap: 5.1962e-02, 280/280, 35/100, 224.14
2025-01-17 16:19:33,320 Energy: -8.79810423, -8.79937131, -8.80062936, Gap: 5.2294e-02, 288/288, 36/100, 230.37
2025-01-17 16:19:39,767 Energy: -8.79957376, -8.79992062, -8.80018451, Gap: 5.1745e-02, 296/296, 37/100, 236.82
2025-01-17 16:19:46,005 Energy: -8.79874703, -8.79961437, -8.80061772, Gap: 5.2051e-02, 304/304, 38/100, 243.05
2025-01-17 16:19:52,338 Energy: -8.79887576, -8.79989391, -8.80058053, Gap: 5.1772e-02, 312/312, 39/100, 249.39
2025-01-17 16:19:58,758 Energy: -8.79902636, -8.80003394, -8.80045477, Gap: 5.1632e-02, 320/320, 40/100, 255.81
2025-01-17 16:20:05,018 Energy: -8.79867213, -8.79968210, -8.80062425, Gap: 5.1984e-02, 328/328, 41/100, 262.07
2025-01-17 16:20:11,368 Energy: -8.79900731, -8.79983729, -8.80062530, Gap: 5.1828e-02, 336/336, 42/100, 268.42
2025-01-17 16:20:17,731 Energy: -8.79780589, -8.79962780, -8.80034944, Gap: 5.2038e-02, 344/344, 43/100, 274.78
2025-01-17 16:20:24,222 Energy: -8.79865447, -8.79948733, -8.80036703, Gap: 5.2178e-02, 352/352, 44/100, 281.27
2025-01-17 16:20:30,572 Energy: -8.79768717, -8.79918448, -8.80050842, Gap: 5.2481e-02, 360/360, 45/100, 287.62
2025-01-17 16:20:37,013 Energy: -8.79870943, -8.79937544, -8.80041499, Gap: 5.2290e-02, 368/368, 46/100, 294.06
2025-01-17 16:20:43,455 Energy: -8.79863461, -8.79970391, -8.80060618, Gap: 5.1962e-02, 376/376, 47/100, 300.50
2025-01-17 16:20:49,809 Energy: -8.79757290, -8.79910700, -8.80045849, Gap: 5.2559e-02, 384/384, 48/100, 306.86
2025-01-17 16:20:56,286 Energy: -8.79923058, -8.79997273, -8.80066259, Gap: 5.1693e-02, 392/392, 49/100, 313.33
2025-01-17 16:21:02,687 Energy: -8.79922405, -8.79974424, -8.80067759, Gap: 5.1922e-02, 400/400, 50/100, 319.74
2025-01-17 16:21:09,077 Energy: -8.79915835, -8.79982248, -8.80042028, Gap: 5.1843e-02, 408/408, 51/100, 326.13
2025-01-17 16:21:15,543 Energy: -8.79898423, -8.79958148, -8.80043711, Gap: 5.2084e-02, 416/416, 52/100, 332.59
2025-01-17 16:21:21,934 Energy: -8.79786882, -8.79919354, -8.80036622, Gap: 5.2472e-02, 424/424, 53/100, 338.98
2025-01-17 16:21:28,308 Energy: -8.79900291, -8.79984897, -8.80059180, Gap: 5.1817e-02, 432/432, 54/100, 345.36
2025-01-17 16:21:34,828 Energy: -8.79748822, -8.79925383, -8.80026013, Gap: 5.2412e-02, 440/440, 55/100, 351.88
2025-01-17 16:21:41,194 Energy: -8.79850871, -8.79965251, -8.80032511, Gap: 5.2013e-02, 448/448, 56/100, 358.24
2025-01-17 16:21:47,459 Energy: -8.79840709, -8.79957668, -8.80065150, Gap: 5.2089e-02, 456/456, 57/100, 364.51
2025-01-17 16:21:54,030 Energy: -8.79884632, -8.79957534, -8.80047731, Gap: 5.2090e-02, 464/464, 58/100, 371.08
2025-01-17 16:22:00,321 Energy: -8.79787369, -8.79917380, -8.80075372, Gap: 5.2492e-02, 472/472, 59/100, 377.37
2025-01-17 16:22:06,759 Energy: -8.79838510, -8.79959982, -8.80079643, Gap: 5.2066e-02, 480/480, 60/100, 383.81
2025-01-17 16:22:13,067 Energy: -8.79807691, -8.79958532, -8.80043061, Gap: 5.2080e-02, 488/488, 61/100, 390.12
2025-01-17 16:22:19,537 Energy: -8.79674633, -8.79935793, -8.80041599, Gap: 5.2308e-02, 496/496, 62/100, 396.59
2025-01-17 16:22:25,786 Energy: -8.79681071, -8.79923075, -8.80049692, Gap: 5.2435e-02, 504/504, 63/100, 402.83
2025-01-17 16:22:32,209 Energy: -8.79912865, -8.79973703, -8.80034084, Gap: 5.1929e-02, 512/512, 64/100, 409.26
2025-01-17 16:22:38,561 Energy: -8.79771237, -8.79970260, -8.80038605, Gap: 5.1963e-02, 520/520, 65/100, 415.61
2025-01-17 16:22:44,853 Energy: -8.79825394, -8.79958628, -8.80049636, Gap: 5.2079e-02, 528/528, 66/100, 421.90
2025-01-17 16:22:51,258 Energy: -8.79676733, -8.79861896, -8.80017491, Gap: 5.3047e-02, 536/536, 67/100, 428.31
2025-01-17 16:22:57,556 Energy: -8.79890566, -8.79985047, -8.80044497, Gap: 5.1815e-02, 544/544, 68/100, 434.60
2025-01-17 16:23:03,863 Energy: -8.79814103, -8.79949726, -8.80038713, Gap: 5.2169e-02, 552/552, 69/100, 440.91
2025-01-17 16:23:10,372 Energy: -8.79823046, -8.79947875, -8.80029314, Gap: 5.2187e-02, 560/560, 70/100, 447.42
2025-01-17 16:23:16,693 Energy: -8.79802747, -8.79960670, -8.80052725, Gap: 5.2059e-02, 568/568, 71/100, 453.74
2025-01-17 16:23:22,994 Energy: -8.79690795, -8.79890745, -8.80005953, Gap: 5.2758e-02, 576/576, 72/100, 460.04
2025-01-17 16:23:29,428 Energy: -8.79758325, -8.79977433, -8.80062674, Gap: 5.1891e-02, 584/584, 73/100, 466.48
2025-01-17 16:23:35,813 Energy: -8.79756347, -8.79933147, -8.80038147, Gap: 5.2334e-02, 592/592, 74/100, 472.86
2025-01-17 16:23:42,068 Energy: -8.79762756, -8.79920007, -8.80053539, Gap: 5.2466e-02, 600/600, 75/100, 479.12
2025-01-17 16:23:48,533 Energy: -8.79902410, -8.79978740, -8.80053450, Gap: 5.1878e-02, 608/608, 76/100, 485.58
2025-01-17 16:23:54,847 Energy: -8.79917383, -8.79985606, -8.80058459, Gap: 5.1810e-02, 616/616, 77/100, 491.90
2025-01-17 16:24:01,249 Energy: -8.79834876, -8.79929109, -8.80052669, Gap: 5.2375e-02, 624/624, 78/100, 498.30
2025-01-17 16:24:07,594 Energy: -8.79883691, -8.79960965, -8.80018677, Gap: 5.2056e-02, 632/632, 79/100, 504.64
2025-01-17 16:24:14,043 Energy: -8.79778972, -8.79911178, -8.80012857, Gap: 5.2554e-02, 640/640, 80/100, 511.09
2025-01-17 16:24:20,391 Energy: -8.79801379, -8.79960347, -8.80073849, Gap: 5.2062e-02, 648/648, 81/100, 517.44
2025-01-17 16:24:26,866 Energy: -8.79813779, -8.79960034, -8.80051058, Gap: 5.2065e-02, 656/656, 82/100, 523.91
2025-01-17 16:24:33,253 Energy: -8.79859610, -8.79958489, -8.80059765, Gap: 5.2081e-02, 664/664, 83/100, 530.30
2025-01-17 16:24:39,542 Energy: -8.79835311, -8.79949414, -8.80024412, Gap: 5.2172e-02, 672/672, 84/100, 536.59
2025-01-17 16:24:45,946 Energy: -8.79713630, -8.79946826, -8.80064714, Gap: 5.2198e-02, 680/680, 85/100, 542.99
2025-01-17 16:24:52,374 Energy: -8.79921181, -8.80001945, -8.80059300, Gap: 5.1646e-02, 688/688, 86/100, 549.42
2025-01-17 16:24:58,711 Energy: -8.79746742, -8.79934303, -8.80043416, Gap: 5.2323e-02, 696/696, 87/100, 555.76
2025-01-17 16:25:05,205 Energy: -8.79883992, -8.79967748, -8.80059618, Gap: 5.1988e-02, 704/704, 88/100, 562.25
2025-01-17 16:25:11,475 Energy: -8.79870157, -8.79942390, -8.80019315, Gap: 5.2242e-02, 712/712, 89/100, 568.52
2025-01-17 16:25:17,741 Energy: -8.79884285, -8.79960632, -8.80033354, Gap: 5.2059e-02, 720/720, 90/100, 574.79
2025-01-17 16:25:24,107 Energy: -8.79873032, -8.79962485, -8.80041063, Gap: 5.2041e-02, 728/728, 91/100, 581.16
2025-01-17 16:25:30,312 Energy: -8.79879010, -8.79952913, -8.80054367, Gap: 5.2137e-02, 736/736, 92/100, 587.36
2025-01-17 16:25:36,534 Energy: -8.79846659, -8.79942591, -8.80015092, Gap: 5.2240e-02, 744/744, 93/100, 593.58
2025-01-17 16:25:42,890 Energy: -8.79821857, -8.79928316, -8.80027910, Gap: 5.2383e-02, 752/752, 94/100, 599.94
2025-01-17 16:25:49,091 Energy: -8.79748775, -8.79920002, -8.80036462, Gap: 5.2466e-02, 760/760, 95/100, 606.14
2025-01-17 16:25:55,320 Energy: -8.79682329, -8.79929877, -8.80002173, Gap: 5.2367e-02, 768/768, 96/100, 612.37
2025-01-17 16:26:01,520 Energy: -8.79865857, -8.79948631, -8.80064500, Gap: 5.2179e-02, 776/776, 97/100, 618.57
2025-01-17 16:26:07,982 Energy: -8.79896140, -8.79973972, -8.80033550, Gap: 5.1926e-02, 784/784, 98/100, 625.03
2025-01-17 16:26:14,233 Energy: -8.79801047, -8.79916842, -8.80035273, Gap: 5.2497e-02, 792/792, 99/100, 631.28
2025-01-17 16:26:20,647 Energy: -8.79792445, -8.79953976, -8.80013335, Gap: 5.2126e-02, 800/800, 100/100, 637.70
2025-01-17 16:26:20,649 Save: ./mats/VGON_nqd7_L3_20250117_093043.mat with count and overlaps
2025-01-17 16:26:20,706 Load: ./mats/VGON_nqd7_L2_20250117_110003.mat, 1000/1000
2025-01-17 16:26:20,707 PyTorch Device: cuda
2025-01-17 16:26:20,707 Number of layers: 2
2025-01-17 16:26:20,707 Number of qudits: 7
2025-01-17 16:26:20,707 Number of qubits: 14
2025-01-17 16:26:20,707 Coefficient phase: 0.49π
2025-01-17 16:26:20,886 Ground State Energy: 5.8611
2025-01-17 16:26:25,180 Energy: 5.88928604, 5.88926960, 5.88925634, Gap: 2.8197e-02, 8/8, 1/100, 4.23
2025-01-17 16:26:29,686 Energy: 5.88931604, 5.88928823, 5.88925147, Gap: 2.8216e-02, 16/16, 2/100, 8.73
2025-01-17 16:26:34,000 Energy: 5.88939185, 5.88930807, 5.88926077, Gap: 2.8236e-02, 24/24, 3/100, 13.05
2025-01-17 16:26:38,391 Energy: 5.88933853, 5.88928770, 5.88925520, Gap: 2.8216e-02, 32/32, 4/100, 17.44
2025-01-17 16:26:42,722 Energy: 5.88930300, 5.88927423, 5.88925881, Gap: 2.8202e-02, 40/40, 5/100, 21.77
2025-01-17 16:26:47,094 Energy: 5.88933572, 5.88928198, 5.88926121, Gap: 2.8210e-02, 48/48, 6/100, 26.14
2025-01-17 16:26:51,389 Energy: 5.88927373, 5.88926444, 5.88925360, Gap: 2.8192e-02, 56/56, 7/100, 30.44
2025-01-17 16:26:55,734 Energy: 5.88931586, 5.88928254, 5.88925142, Gap: 2.8210e-02, 64/64, 8/100, 34.78
2025-01-17 16:27:00,053 Energy: 5.88928952, 5.88927477, 5.88926742, Gap: 2.8203e-02, 72/72, 9/100, 39.10
2025-01-17 16:27:04,403 Energy: 5.88937268, 5.88928228, 5.88925812, Gap: 2.8210e-02, 80/80, 10/100, 43.45
2025-01-17 16:27:08,740 Energy: 5.88931180, 5.88927731, 5.88925654, Gap: 2.8205e-02, 88/88, 11/100, 47.79
2025-01-17 16:27:13,063 Energy: 5.88955707, 5.88931281, 5.88926566, Gap: 2.8241e-02, 96/96, 12/100, 52.11
2025-01-17 16:27:17,367 Energy: 5.88929736, 5.88927436, 5.88926119, Gap: 2.8202e-02, 104/104, 13/100, 56.41
2025-01-17 16:27:21,687 Energy: 5.88930142, 5.88926666, 5.88925476, Gap: 2.8194e-02, 112/112, 14/100, 60.73
2025-01-17 16:27:26,114 Energy: 5.88939079, 5.88929275, 5.88925862, Gap: 2.8221e-02, 120/120, 15/100, 65.16
2025-01-17 16:27:30,508 Energy: 5.88931261, 5.88927877, 5.88926146, Gap: 2.8207e-02, 128/128, 16/100, 69.55
2025-01-17 16:27:34,859 Energy: 5.88930785, 5.88928246, 5.88926294, Gap: 2.8210e-02, 136/136, 17/100, 73.91
2025-01-17 16:27:39,200 Energy: 5.88928818, 5.88927248, 5.88925653, Gap: 2.8200e-02, 144/144, 18/100, 78.25
2025-01-17 16:27:43,629 Energy: 5.88929061, 5.88927065, 5.88925831, Gap: 2.8198e-02, 152/152, 19/100, 82.68
2025-01-17 16:27:47,986 Energy: 5.88928363, 5.88926510, 5.88925436, Gap: 2.8193e-02, 160/160, 20/100, 87.03
2025-01-17 16:27:52,258 Energy: 5.88930053, 5.88928264, 5.88926765, Gap: 2.8210e-02, 168/168, 21/100, 91.30
2025-01-17 16:27:56,600 Energy: 5.88931835, 5.88928176, 5.88926300, Gap: 2.8210e-02, 176/176, 22/100, 95.65
2025-01-17 16:28:01,009 Energy: 5.88938566, 5.88928119, 5.88925294, Gap: 2.8209e-02, 184/184, 23/100, 100.06
2025-01-17 16:28:05,368 Energy: 5.88928550, 5.88927167, 5.88925836, Gap: 2.8199e-02, 192/192, 24/100, 104.41
2025-01-17 16:28:09,705 Energy: 5.88929437, 5.88927258, 5.88925487, Gap: 2.8200e-02, 200/200, 25/100, 108.75
2025-01-17 16:28:14,047 Energy: 5.88931930, 5.88927499, 5.88926200, Gap: 2.8203e-02, 208/208, 26/100, 113.09
2025-01-17 16:28:18,368 Energy: 5.88930912, 5.88927818, 5.88925556, Gap: 2.8206e-02, 216/216, 27/100, 117.41
2025-01-17 16:28:22,684 Energy: 5.88931574, 5.88927779, 5.88926004, Gap: 2.8206e-02, 224/224, 28/100, 121.73
2025-01-17 16:28:27,055 Energy: 5.88930907, 5.88928489, 5.88925813, Gap: 2.8213e-02, 232/232, 29/100, 126.10
2025-01-17 16:28:31,354 Energy: 5.88933107, 5.88928230, 5.88926593, Gap: 2.8210e-02, 240/240, 30/100, 130.40
2025-01-17 16:28:35,741 Energy: 5.88927384, 5.88926473, 5.88925291, Gap: 2.8193e-02, 248/248, 31/100, 134.79
2025-01-17 16:28:40,094 Energy: 5.88932209, 5.88928231, 5.88924975, Gap: 2.8210e-02, 256/256, 32/100, 139.14
2025-01-17 16:28:44,408 Energy: 5.88938867, 5.88928897, 5.88926409, Gap: 2.8217e-02, 264/264, 33/100, 143.45
2025-01-17 16:28:48,731 Energy: 5.88939896, 5.88929528, 5.88925400, Gap: 2.8223e-02, 272/272, 34/100, 147.78
2025-01-17 16:28:53,143 Energy: 5.88928163, 5.88926524, 5.88925325, Gap: 2.8193e-02, 280/280, 35/100, 152.19
2025-01-17 16:28:57,523 Energy: 5.88929772, 5.88927893, 5.88925713, Gap: 2.8207e-02, 288/288, 36/100, 156.57
2025-01-17 16:29:01,864 Energy: 5.88930942, 5.88928128, 5.88925749, Gap: 2.8209e-02, 296/296, 37/100, 160.91
2025-01-17 16:29:06,310 Energy: 5.88930114, 5.88928319, 5.88926963, Gap: 2.8211e-02, 304/304, 38/100, 165.36
2025-01-17 16:29:11,036 Energy: 5.88929530, 5.88927376, 5.88925437, Gap: 2.8202e-02, 312/312, 39/100, 170.08
2025-01-17 16:29:15,774 Energy: 5.88931651, 5.88927959, 5.88925740, Gap: 2.8207e-02, 320/320, 40/100, 174.82
2025-01-17 16:29:20,407 Energy: 5.88932241, 5.88928621, 5.88926042, Gap: 2.8214e-02, 328/328, 41/100, 179.45
2025-01-17 16:29:24,960 Energy: 5.88932158, 5.88928749, 5.88927228, Gap: 2.8215e-02, 336/336, 42/100, 184.01
2025-01-17 16:29:29,330 Energy: 5.88932224, 5.88927843, 5.88926115, Gap: 2.8206e-02, 344/344, 43/100, 188.38
2025-01-17 16:29:33,701 Energy: 5.88930952, 5.88928239, 5.88925960, Gap: 2.8210e-02, 352/352, 44/100, 192.75
2025-01-17 16:29:38,070 Energy: 5.88929580, 5.88927079, 5.88925567, Gap: 2.8199e-02, 360/360, 45/100, 197.12
2025-01-17 16:29:42,369 Energy: 5.88933106, 5.88928001, 5.88925977, Gap: 2.8208e-02, 368/368, 46/100, 201.42
2025-01-17 16:29:46,701 Energy: 5.88928944, 5.88927266, 5.88926106, Gap: 2.8200e-02, 376/376, 47/100, 205.75
2025-01-17 16:29:51,033 Energy: 5.88931868, 5.88927428, 5.88925371, Gap: 2.8202e-02, 384/384, 48/100, 210.08
2025-01-17 16:29:55,377 Energy: 5.88935355, 5.88928077, 5.88925104, Gap: 2.8209e-02, 392/392, 49/100, 214.42
2025-01-17 16:29:59,673 Energy: 5.88950852, 5.88931509, 5.88926697, Gap: 2.8243e-02, 400/400, 50/100, 218.72
2025-01-17 16:30:04,118 Energy: 5.88939214, 5.88929609, 5.88925632, Gap: 2.8224e-02, 408/408, 51/100, 223.16
2025-01-17 16:30:08,502 Energy: 5.88928614, 5.88927402, 5.88926043, Gap: 2.8202e-02, 416/416, 52/100, 227.55
2025-01-17 16:30:12,843 Energy: 5.88930805, 5.88927585, 5.88925235, Gap: 2.8204e-02, 424/424, 53/100, 231.89
2025-01-17 16:30:17,198 Energy: 5.88927506, 5.88926230, 5.88925155, Gap: 2.8190e-02, 432/432, 54/100, 236.24
2025-01-17 16:30:21,572 Energy: 5.88930347, 5.88927883, 5.88925968, Gap: 2.8207e-02, 440/440, 55/100, 240.62
2025-01-17 16:30:25,943 Energy: 5.88931151, 5.88927574, 5.88925542, Gap: 2.8204e-02, 448/448, 56/100, 244.99
2025-01-17 16:30:30,327 Energy: 5.88929485, 5.88927605, 5.88925276, Gap: 2.8204e-02, 456/456, 57/100, 249.37
2025-01-17 16:30:34,701 Energy: 5.88929669, 5.88926969, 5.88925547, Gap: 2.8198e-02, 464/464, 58/100, 253.75
2025-01-17 16:30:39,050 Energy: 5.88931353, 5.88928159, 5.88925543, Gap: 2.8209e-02, 472/472, 59/100, 258.10
2025-01-17 16:30:43,425 Energy: 5.88929972, 5.88926509, 5.88925426, Gap: 2.8193e-02, 480/480, 60/100, 262.47
2025-01-17 16:30:47,823 Energy: 5.88936570, 5.88928708, 5.88926044, Gap: 2.8215e-02, 488/488, 61/100, 266.87
2025-01-17 16:30:52,196 Energy: 5.88931482, 5.88927796, 5.88925837, Gap: 2.8206e-02, 496/496, 62/100, 271.24
2025-01-17 16:30:56,597 Energy: 5.88931536, 5.88928414, 5.88925482, Gap: 2.8212e-02, 504/504, 63/100, 275.64
2025-01-17 16:31:00,989 Energy: 5.88930169, 5.88928248, 5.88926173, Gap: 2.8210e-02, 512/512, 64/100, 280.04
2025-01-17 16:31:05,388 Energy: 5.88936857, 5.88928988, 5.88926432, Gap: 2.8218e-02, 520/520, 65/100, 284.43
2025-01-17 16:31:09,779 Energy: 5.88928022, 5.88926422, 5.88924730, Gap: 2.8192e-02, 528/528, 66/100, 288.83
2025-01-17 16:31:14,098 Energy: 5.88929418, 5.88927836, 5.88925865, Gap: 2.8206e-02, 536/536, 67/100, 293.14
2025-01-17 16:31:18,454 Energy: 5.88933264, 5.88928196, 5.88925824, Gap: 2.8210e-02, 544/544, 68/100, 297.50
2025-01-17 16:31:22,801 Energy: 5.88931126, 5.88928033, 5.88926176, Gap: 2.8208e-02, 552/552, 69/100, 301.85
2025-01-17 16:31:27,257 Energy: 5.88928468, 5.88927140, 5.88925424, Gap: 2.8199e-02, 560/560, 70/100, 306.30
2025-01-17 16:31:31,607 Energy: 5.88931713, 5.88927749, 5.88925526, Gap: 2.8205e-02, 568/568, 71/100, 310.65
2025-01-17 16:31:36,005 Energy: 5.88928248, 5.88927118, 5.88925696, Gap: 2.8199e-02, 576/576, 72/100, 315.05
2025-01-17 16:31:40,436 Energy: 5.88929952, 5.88927310, 5.88925268, Gap: 2.8201e-02, 584/584, 73/100, 319.48
2025-01-17 16:31:44,826 Energy: 5.88929576, 5.88927731, 5.88926577, Gap: 2.8205e-02, 592/592, 74/100, 323.87
2025-01-17 16:31:49,190 Energy: 5.88929184, 5.88927692, 5.88925551, Gap: 2.8205e-02, 600/600, 75/100, 328.24
2025-01-17 16:31:53,653 Energy: 5.88938768, 5.88929063, 5.88925787, Gap: 2.8218e-02, 608/608, 76/100, 332.70
2025-01-17 16:31:58,115 Energy: 5.88929239, 5.88927267, 5.88925655, Gap: 2.8200e-02, 616/616, 77/100, 337.16
2025-01-17 16:32:02,454 Energy: 5.88934192, 5.88928989, 5.88925383, Gap: 2.8218e-02, 624/624, 78/100, 341.50
2025-01-17 16:32:06,857 Energy: 5.88931215, 5.88927757, 5.88925817, Gap: 2.8205e-02, 632/632, 79/100, 345.90
2025-01-17 16:32:11,240 Energy: 5.88932763, 5.88927779, 5.88925933, Gap: 2.8206e-02, 640/640, 80/100, 350.29
2025-01-17 16:32:15,674 Energy: 5.88929641, 5.88927535, 5.88925401, Gap: 2.8203e-02, 648/648, 81/100, 354.72
2025-01-17 16:32:20,073 Energy: 5.88930584, 5.88926870, 5.88925188, Gap: 2.8197e-02, 656/656, 82/100, 359.12
2025-01-17 16:32:24,454 Energy: 5.88935477, 5.88930040, 5.88925852, Gap: 2.8228e-02, 664/664, 83/100, 363.50
2025-01-17 16:32:28,927 Energy: 5.88928367, 5.88926836, 5.88925792, Gap: 2.8196e-02, 672/672, 84/100, 367.97
2025-01-17 16:32:33,374 Energy: 5.88932785, 5.88928649, 5.88925606, Gap: 2.8214e-02, 680/680, 85/100, 372.42
2025-01-17 16:32:37,705 Energy: 5.88931857, 5.88928347, 5.88925855, Gap: 2.8211e-02, 688/688, 86/100, 376.75
2025-01-17 16:32:42,036 Energy: 5.88930394, 5.88927408, 5.88925961, Gap: 2.8202e-02, 696/696, 87/100, 381.08
2025-01-17 16:32:46,458 Energy: 5.88930849, 5.88927766, 5.88926099, Gap: 2.8205e-02, 704/704, 88/100, 385.50
2025-01-17 16:32:50,843 Energy: 5.88933263, 5.88928846, 5.88926482, Gap: 2.8216e-02, 712/712, 89/100, 389.89
2025-01-17 16:32:55,247 Energy: 5.88930393, 5.88927870, 5.88926170, Gap: 2.8207e-02, 720/720, 90/100, 394.29
2025-01-17 16:32:59,644 Energy: 5.88933825, 5.88927648, 5.88925121, Gap: 2.8204e-02, 728/728, 91/100, 398.69
2025-01-17 16:33:04,046 Energy: 5.88931403, 5.88927737, 5.88926034, Gap: 2.8205e-02, 736/736, 92/100, 403.09
2025-01-17 16:33:08,486 Energy: 5.88930011, 5.88927394, 5.88926024, Gap: 2.8202e-02, 744/744, 93/100, 407.53
2025-01-17 16:33:12,870 Energy: 5.88931952, 5.88927923, 5.88926039, Gap: 2.8207e-02, 752/752, 94/100, 411.92
2025-01-17 16:33:17,214 Energy: 5.88930672, 5.88927929, 5.88925956, Gap: 2.8207e-02, 760/760, 95/100, 416.26
2025-01-17 16:33:21,602 Energy: 5.88936670, 5.88928816, 5.88925850, Gap: 2.8216e-02, 768/768, 96/100, 420.65
2025-01-17 16:33:25,957 Energy: 5.88930872, 5.88928234, 5.88926174, Gap: 2.8210e-02, 776/776, 97/100, 425.00
2025-01-17 16:33:30,329 Energy: 5.88937372, 5.88928618, 5.88926513, Gap: 2.8214e-02, 784/784, 98/100, 429.38
2025-01-17 16:33:34,773 Energy: 5.88932518, 5.88927995, 5.88925697, Gap: 2.8208e-02, 792/792, 99/100, 433.82
2025-01-17 16:33:39,199 Energy: 5.88930049, 5.88927344, 5.88925368, Gap: 2.8201e-02, 800/800, 100/100, 438.25
2025-01-17 16:33:39,201 Save: ./mats/VGON_nqd7_L2_20250117_110003.mat with count and overlaps
2025-01-17 16:33:39,254 Load: ./mats/VGON_nqd7_L2_20250117_081605.mat, 1000/1000
2025-01-17 16:33:39,254 PyTorch Device: cuda
2025-01-17 16:33:39,254 Number of layers: 2
2025-01-17 16:33:39,254 Number of qudits: 7
2025-01-17 16:33:39,254 Number of qubits: 14
2025-01-17 16:33:39,254 Coefficient phase: -0.74π
2025-01-17 16:33:39,988 Ground State Energy: -8.8517
2025-01-17 16:33:44,394 Energy: -8.79015700, -8.79050747, -8.79075221, Gap: 6.1158e-02, 8/8, 1/100, 4.33
2025-01-17 16:33:48,744 Energy: -8.79041393, -8.79063772, -8.79086444, Gap: 6.1028e-02, 16/16, 2/100, 8.68
2025-01-17 16:33:53,050 Energy: -8.79007367, -8.79051916, -8.79082223, Gap: 6.1147e-02, 24/24, 3/100, 12.98
2025-01-17 16:33:57,418 Energy: -8.79018716, -8.79055864, -8.79082686, Gap: 6.1107e-02, 32/32, 4/100, 17.35
2025-01-17 16:34:01,856 Energy: -8.78982284, -8.79054342, -8.79102038, Gap: 6.1122e-02, 40/40, 5/100, 21.79
2025-01-17 16:34:06,229 Energy: -8.79027784, -8.79054390, -8.79086612, Gap: 6.1122e-02, 48/48, 6/100, 26.16
2025-01-17 16:34:10,645 Energy: -8.79012544, -8.79049112, -8.79074299, Gap: 6.1175e-02, 56/56, 7/100, 30.58
2025-01-17 16:34:15,009 Energy: -8.79034117, -8.79050553, -8.79064466, Gap: 6.1160e-02, 64/64, 8/100, 34.94
2025-01-17 16:34:19,331 Energy: -8.79047275, -8.79062023, -8.79086465, Gap: 6.1046e-02, 72/72, 9/100, 39.26
2025-01-17 16:34:23,721 Energy: -8.79040152, -8.79055779, -8.79076561, Gap: 6.1108e-02, 80/80, 10/100, 43.65
2025-01-17 16:34:28,078 Energy: -8.79028558, -8.79060062, -8.79079460, Gap: 6.1065e-02, 88/88, 11/100, 48.01
2025-01-17 16:34:32,445 Energy: -8.79028046, -8.79048005, -8.79066445, Gap: 6.1186e-02, 96/96, 12/100, 52.38
2025-01-17 16:34:36,850 Energy: -8.79018117, -8.79049732, -8.79081061, Gap: 6.1168e-02, 104/104, 13/100, 56.78
2025-01-17 16:34:41,242 Energy: -8.79015028, -8.79055291, -8.79084964, Gap: 6.1113e-02, 112/112, 14/100, 61.17
2025-01-17 16:34:45,669 Energy: -8.79013391, -8.79054696, -8.79092515, Gap: 6.1119e-02, 120/120, 15/100, 65.60
2025-01-17 16:34:50,022 Energy: -8.79014134, -8.79047887, -8.79082657, Gap: 6.1187e-02, 128/128, 16/100, 69.95
2025-01-17 16:34:54,459 Energy: -8.79012973, -8.79057873, -8.79090816, Gap: 6.1087e-02, 136/136, 17/100, 74.39
2025-01-17 16:34:58,842 Energy: -8.79044755, -8.79059685, -8.79082175, Gap: 6.1069e-02, 144/144, 18/100, 78.77
2025-01-17 16:35:03,243 Energy: -8.79021397, -8.79065444, -8.79092599, Gap: 6.1011e-02, 152/152, 19/100, 83.17
2025-01-17 16:35:07,601 Energy: -8.79049514, -8.79071611, -8.79091592, Gap: 6.0950e-02, 160/160, 20/100, 87.53
2025-01-17 16:35:11,969 Energy: -8.79033408, -8.79057313, -8.79091173, Gap: 6.1093e-02, 168/168, 21/100, 91.90
2025-01-17 16:35:16,400 Energy: -8.79018863, -8.79045380, -8.79069653, Gap: 6.1212e-02, 176/176, 22/100, 96.33
2025-01-17 16:35:20,809 Energy: -8.79048251, -8.79061156, -8.79085684, Gap: 6.1054e-02, 184/184, 23/100, 100.74
2025-01-17 16:35:25,182 Energy: -8.79012271, -8.79058063, -8.79080016, Gap: 6.1085e-02, 192/192, 24/100, 105.11
2025-01-17 16:35:29,641 Energy: -8.79027426, -8.79053806, -8.79073231, Gap: 6.1128e-02, 200/200, 25/100, 109.57
2025-01-17 16:35:34,059 Energy: -8.79019261, -8.79053377, -8.79078734, Gap: 6.1132e-02, 208/208, 26/100, 113.99
2025-01-17 16:35:38,500 Energy: -8.79041352, -8.79062617, -8.79091930, Gap: 6.1040e-02, 216/216, 27/100, 118.43
2025-01-17 16:35:42,922 Energy: -8.79031821, -8.79049425, -8.79087278, Gap: 6.1172e-02, 224/224, 28/100, 122.85
2025-01-17 16:35:47,292 Energy: -8.79021534, -8.79053938, -8.79090024, Gap: 6.1126e-02, 232/232, 29/100, 127.22
2025-01-17 16:35:51,665 Energy: -8.79038462, -8.79060584, -8.79073322, Gap: 6.1060e-02, 240/240, 30/100, 131.60
2025-01-17 16:35:56,066 Energy: -8.78988946, -8.79051726, -8.79071147, Gap: 6.1149e-02, 248/248, 31/100, 136.00
2025-01-17 16:36:00,481 Energy: -8.78999765, -8.79054236, -8.79081402, Gap: 6.1123e-02, 256/256, 32/100, 140.41
2025-01-17 16:36:04,851 Energy: -8.79044438, -8.79060904, -8.79069636, Gap: 6.1057e-02, 264/264, 33/100, 144.78
2025-01-17 16:36:09,227 Energy: -8.79008274, -8.79041894, -8.79059392, Gap: 6.1247e-02, 272/272, 34/100, 149.16
2025-01-17 16:36:13,607 Energy: -8.79001353, -8.79049038, -8.79083100, Gap: 6.1175e-02, 280/280, 35/100, 153.54
2025-01-17 16:36:17,970 Energy: -8.79027286, -8.79049036, -8.79096874, Gap: 6.1175e-02, 288/288, 36/100, 157.90
2025-01-17 16:36:22,318 Energy: -8.79020571, -8.79050148, -8.79092626, Gap: 6.1164e-02, 296/296, 37/100, 162.25
2025-01-17 16:36:26,700 Energy: -8.79047954, -8.79062944, -8.79084064, Gap: 6.1036e-02, 304/304, 38/100, 166.63
2025-01-17 16:36:31,202 Energy: -8.79044057, -8.79065128, -8.79089558, Gap: 6.1014e-02, 312/312, 39/100, 171.13
2025-01-17 16:36:35,619 Energy: -8.79032996, -8.79067201, -8.79087890, Gap: 6.0994e-02, 320/320, 40/100, 175.55
2025-01-17 16:36:40,071 Energy: -8.79025695, -8.79059801, -8.79087650, Gap: 6.1068e-02, 328/328, 41/100, 180.00
2025-01-17 16:36:44,468 Energy: -8.78986931, -8.79045431, -8.79086092, Gap: 6.1211e-02, 336/336, 42/100, 184.40
2025-01-17 16:36:48,908 Energy: -8.79031776, -8.79055135, -8.79087341, Gap: 6.1114e-02, 344/344, 43/100, 188.84
2025-01-17 16:36:53,264 Energy: -8.79042199, -8.79066401, -8.79089236, Gap: 6.1002e-02, 352/352, 44/100, 193.20
2025-01-17 16:36:57,679 Energy: -8.79007514, -8.79048946, -8.79070930, Gap: 6.1176e-02, 360/360, 45/100, 197.61
2025-01-17 16:37:02,046 Energy: -8.78999858, -8.79058640, -8.79083063, Gap: 6.1079e-02, 368/368, 46/100, 201.98
2025-01-17 16:37:06,436 Energy: -8.79033116, -8.79052620, -8.79078444, Gap: 6.1140e-02, 376/376, 47/100, 206.37
2025-01-17 16:37:10,822 Energy: -8.79017137, -8.79051506, -8.79076524, Gap: 6.1151e-02, 384/384, 48/100, 210.75
2025-01-17 16:37:15,207 Energy: -8.79016134, -8.79050176, -8.79073458, Gap: 6.1164e-02, 392/392, 49/100, 215.14
2025-01-17 16:37:19,605 Energy: -8.79019284, -8.79053021, -8.79078328, Gap: 6.1136e-02, 400/400, 50/100, 219.54
2025-01-17 16:37:24,043 Energy: -8.79032050, -8.79055435, -8.79085677, Gap: 6.1111e-02, 408/408, 51/100, 223.97
2025-01-17 16:37:28,497 Energy: -8.79043333, -8.79062271, -8.79085785, Gap: 6.1043e-02, 416/416, 52/100, 228.43
2025-01-17 16:37:32,856 Energy: -8.79002613, -8.79043102, -8.79061717, Gap: 6.1235e-02, 424/424, 53/100, 232.79
2025-01-17 16:37:37,181 Energy: -8.79005630, -8.79059331, -8.79077661, Gap: 6.1072e-02, 432/432, 54/100, 237.11
2025-01-17 16:37:41,590 Energy: -8.79034103, -8.79054696, -8.79084827, Gap: 6.1119e-02, 440/440, 55/100, 241.52
2025-01-17 16:37:46,007 Energy: -8.79025214, -8.79055574, -8.79082040, Gap: 6.1110e-02, 448/448, 56/100, 245.94
2025-01-17 16:37:50,419 Energy: -8.79018917, -8.79050349, -8.79069891, Gap: 6.1162e-02, 456/456, 57/100, 250.35
2025-01-17 16:37:54,878 Energy: -8.79041736, -8.79061381, -8.79083487, Gap: 6.1052e-02, 464/464, 58/100, 254.81
2025-01-17 16:37:59,308 Energy: -8.79015830, -8.79057127, -8.79097829, Gap: 6.1095e-02, 472/472, 59/100, 259.24
2025-01-17 16:38:03,733 Energy: -8.79048679, -8.79059469, -8.79076263, Gap: 6.1071e-02, 480/480, 60/100, 263.66
2025-01-17 16:38:08,152 Energy: -8.79022928, -8.79056281, -8.79077234, Gap: 6.1103e-02, 488/488, 61/100, 268.08
2025-01-17 16:38:12,530 Energy: -8.79044414, -8.79057938, -8.79079402, Gap: 6.1086e-02, 496/496, 62/100, 272.46
2025-01-17 16:38:16,979 Energy: -8.79002058, -8.79050454, -8.79077013, Gap: 6.1161e-02, 504/504, 63/100, 276.91
2025-01-17 16:38:21,363 Energy: -8.79038963, -8.79057645, -8.79071530, Gap: 6.1089e-02, 512/512, 64/100, 281.29
2025-01-17 16:38:25,756 Energy: -8.79006844, -8.79042729, -8.79074874, Gap: 6.1238e-02, 520/520, 65/100, 285.69
2025-01-17 16:38:30,132 Energy: -8.79046304, -8.79072175, -8.79096837, Gap: 6.0944e-02, 528/528, 66/100, 290.06
2025-01-17 16:38:34,520 Energy: -8.79051948, -8.79062556, -8.79073375, Gap: 6.1040e-02, 536/536, 67/100, 294.45
2025-01-17 16:38:38,977 Energy: -8.79014587, -8.79044226, -8.79075538, Gap: 6.1224e-02, 544/544, 68/100, 298.91
2025-01-17 16:38:43,365 Energy: -8.79006092, -8.79052322, -8.79079532, Gap: 6.1143e-02, 552/552, 69/100, 303.30
2025-01-17 16:38:47,746 Energy: -8.79015788, -8.79049620, -8.79069251, Gap: 6.1170e-02, 560/560, 70/100, 307.68
2025-01-17 16:38:52,140 Energy: -8.79034353, -8.79054735, -8.79077743, Gap: 6.1118e-02, 568/568, 71/100, 312.07
2025-01-17 16:38:56,538 Energy: -8.79026694, -8.79054394, -8.79090651, Gap: 6.1122e-02, 576/576, 72/100, 316.47
2025-01-17 16:39:00,956 Energy: -8.79014177, -8.79060738, -8.79093528, Gap: 6.1058e-02, 584/584, 73/100, 320.89
2025-01-17 16:39:05,358 Energy: -8.79041797, -8.79062481, -8.79075119, Gap: 6.1041e-02, 592/592, 74/100, 325.29
2025-01-17 16:39:09,761 Energy: -8.79034221, -8.79050652, -8.79070218, Gap: 6.1159e-02, 600/600, 75/100, 329.69
2025-01-17 16:39:14,177 Energy: -8.79041454, -8.79054868, -8.79061177, Gap: 6.1117e-02, 608/608, 76/100, 334.11
2025-01-17 16:39:18,578 Energy: -8.79012115, -8.79055328, -8.79092217, Gap: 6.1112e-02, 616/616, 77/100, 338.51
2025-01-17 16:39:22,974 Energy: -8.79022898, -8.79048740, -8.79067230, Gap: 6.1178e-02, 624/624, 78/100, 342.91
2025-01-17 16:39:27,412 Energy: -8.79015759, -8.79043666, -8.79062765, Gap: 6.1229e-02, 632/632, 79/100, 347.34
2025-01-17 16:39:31,865 Energy: -8.79033212, -8.79059509, -8.79075762, Gap: 6.1071e-02, 640/640, 80/100, 351.80
2025-01-17 16:39:36,237 Energy: -8.78998627, -8.79047821, -8.79082324, Gap: 6.1188e-02, 648/648, 81/100, 356.17
2025-01-17 16:39:40,633 Energy: -8.79036449, -8.79051467, -8.79074104, Gap: 6.1151e-02, 656/656, 82/100, 360.57
2025-01-17 16:39:45,020 Energy: -8.79017038, -8.79055519, -8.79087862, Gap: 6.1111e-02, 664/664, 83/100, 364.95
2025-01-17 16:39:49,382 Energy: -8.79040916, -8.79051975, -8.79063964, Gap: 6.1146e-02, 672/672, 84/100, 369.31
2025-01-17 16:39:53,826 Energy: -8.79008680, -8.79053649, -8.79086535, Gap: 6.1129e-02, 680/680, 85/100, 373.76
2025-01-17 16:39:58,219 Energy: -8.79035299, -8.79050654, -8.79070512, Gap: 6.1159e-02, 688/688, 86/100, 378.15
2025-01-17 16:40:02,612 Energy: -8.79019763, -8.79052546, -8.79098537, Gap: 6.1140e-02, 696/696, 87/100, 382.54
2025-01-17 16:40:06,998 Energy: -8.79026511, -8.79049523, -8.79064963, Gap: 6.1171e-02, 704/704, 88/100, 386.93
2025-01-17 16:40:11,369 Energy: -8.79000912, -8.79051478, -8.79084035, Gap: 6.1151e-02, 712/712, 89/100, 391.30
2025-01-17 16:40:15,758 Energy: -8.79016030, -8.79052417, -8.79077894, Gap: 6.1142e-02, 720/720, 90/100, 395.69
2025-01-17 16:40:20,106 Energy: -8.79000748, -8.79056362, -8.79091504, Gap: 6.1102e-02, 728/728, 91/100, 400.04
2025-01-17 16:40:24,465 Energy: -8.79039433, -8.79064412, -8.79086784, Gap: 6.1022e-02, 736/736, 92/100, 404.40
2025-01-17 16:40:28,839 Energy: -8.79032987, -8.79058816, -8.79083639, Gap: 6.1078e-02, 744/744, 93/100, 408.77
2025-01-17 16:40:33,199 Energy: -8.79049934, -8.79062519, -8.79081082, Gap: 6.1041e-02, 752/752, 94/100, 413.13
2025-01-17 16:40:37,590 Energy: -8.79036204, -8.79057724, -8.79082959, Gap: 6.1089e-02, 760/760, 95/100, 417.52
2025-01-17 16:40:41,961 Energy: -8.79025556, -8.79054360, -8.79093153, Gap: 6.1122e-02, 768/768, 96/100, 421.89
2025-01-17 16:40:46,316 Energy: -8.79038336, -8.79054663, -8.79068310, Gap: 6.1119e-02, 776/776, 97/100, 426.25
2025-01-17 16:40:50,638 Energy: -8.79031529, -8.79054620, -8.79079783, Gap: 6.1120e-02, 784/784, 98/100, 430.57
2025-01-17 16:40:54,987 Energy: -8.79002572, -8.79050683, -8.79076347, Gap: 6.1159e-02, 792/792, 99/100, 434.92
2025-01-17 16:40:59,318 Energy: -8.79028336, -8.79045694, -8.79085931, Gap: 6.1209e-02, 800/800, 100/100, 439.25
2025-01-17 16:40:59,320 Save: ./mats/VGON_nqd7_L2_20250117_081605.mat with count and overlaps
