2024-10-16 23:57:26,685 Load ./mats/VGON_nqd7_20241016_234017.mat without overlaps
2024-10-16 23:57:26,685 Cos_Sim: 0.99997503, Energy: -2.71401906, KL: 7.5118e-05, Batch Size: 26
2024-10-16 23:57:37,517 Cos_Sim: 0.99997538, Energy: -2.71501883, -2.477532, -2.864937, Rank: 26, 1/50, 10.59
2024-10-16 23:57:48,797 Cos_Sim: 0.99997652, Energy: -2.71928109, -2.465040, -2.856191, Rank: 26, 2/50, 21.88
2024-10-16 23:57:58,953 Cos_Sim: 0.99997503, Energy: -2.71838016, -2.474266, -2.867916, Rank: 26, 3/50, 32.04
2024-10-16 23:58:09,696 Cos_Sim: 0.99997556, Energy: -2.72034845, -2.464478, -2.867920, Rank: 26, 4/50, 42.78
2024-10-16 23:58:21,535 Cos_Sim: 0.99997258, Energy: -2.71555028, -2.457342, -2.853275, Rank: 26, 5/50, 54.62
2024-10-16 23:58:33,670 Cos_Sim: 0.99997520, Energy: -2.72050832, -2.469188, -2.856523, Rank: 26, 6/50, 66.75
2024-10-16 23:58:46,186 Cos_Sim: 0.99997371, Energy: -2.71751775, -2.464772, -2.857131, Rank: 26, 7/50, 79.27
2024-10-16 23:58:57,205 Cos_Sim: 0.99997568, Energy: -2.71831399, -2.469047, -2.858250, Rank: 26, 8/50, 90.29
2024-10-16 23:59:09,533 Cos_Sim: 0.99997407, Energy: -2.71637922, -2.466174, -2.856727, Rank: 26, 9/50, 102.62
2024-10-16 23:59:20,359 Cos_Sim: 0.99997616, Energy: -2.71864823, -2.471082, -2.867855, Rank: 26, 10/50, 113.44
2024-10-16 23:59:32,792 Cos_Sim: 0.99997294, Energy: -2.71730095, -2.464558, -2.856174, Rank: 26, 11/50, 125.87
2024-10-16 23:59:44,883 Cos_Sim: 0.99997652, Energy: -2.71862502, -2.477546, -2.867496, Rank: 26, 12/50, 137.97
2024-10-16 23:59:57,742 Cos_Sim: 0.99997288, Energy: -2.71952921, -2.474630, -2.859724, Rank: 26, 13/50, 150.82
2024-10-17 00:00:09,097 Cos_Sim: 0.99997389, Energy: -2.71903354, -2.469257, -2.869865, Rank: 26, 14/50, 162.18
2024-10-17 00:00:21,709 Cos_Sim: 0.99997520, Energy: -2.71508493, -2.462684, -2.854008, Rank: 26, 15/50, 174.79
2024-10-17 00:00:32,922 Cos_Sim: 0.99997127, Energy: -2.71706660, -2.463333, -2.866862, Rank: 26, 16/50, 186.00
2024-10-17 00:00:45,443 Cos_Sim: 0.99997491, Energy: -2.71479440, -2.457696, -2.850991, Rank: 26, 17/50, 198.53
2024-10-17 00:00:56,181 Cos_Sim: 0.99997813, Energy: -2.71752979, -2.461440, -2.857424, Rank: 26, 18/50, 209.26
2024-10-17 00:01:08,237 Cos_Sim: 0.99997503, Energy: -2.71683476, -2.469037, -2.857828, Rank: 26, 19/50, 221.32
2024-10-17 00:01:19,218 Cos_Sim: 0.99997485, Energy: -2.71954418, -2.478053, -2.866777, Rank: 26, 20/50, 232.30
2024-10-17 00:01:31,949 Cos_Sim: 0.99997425, Energy: -2.71795503, -2.471810, -2.862084, Rank: 26, 21/50, 245.03
2024-10-17 00:01:43,196 Cos_Sim: 0.99997753, Energy: -2.71717338, -2.475099, -2.856501, Rank: 26, 22/50, 256.28
2024-10-17 00:01:55,623 Cos_Sim: 0.99997389, Energy: -2.72023473, -2.469505, -2.862912, Rank: 26, 23/50, 268.71
2024-10-17 00:02:06,939 Cos_Sim: 0.99997616, Energy: -2.72060610, -2.469282, -2.861139, Rank: 26, 24/50, 280.02
2024-10-17 00:02:19,951 Cos_Sim: 0.99997401, Energy: -2.71829861, -2.474775, -2.865335, Rank: 26, 25/50, 293.03
2024-10-17 00:02:31,187 Cos_Sim: 0.99997336, Energy: -2.71996822, -2.475453, -2.870453, Rank: 26, 26/50, 304.27
2024-10-17 00:02:43,673 Cos_Sim: 0.99997520, Energy: -2.71542995, -2.456134, -2.852284, Rank: 26, 27/50, 316.76
2024-10-17 00:02:54,550 Cos_Sim: 0.99997211, Energy: -2.71691487, -2.462797, -2.845405, Rank: 26, 28/50, 327.63
2024-10-17 00:03:07,667 Cos_Sim: 0.99997717, Energy: -2.71630863, -2.464570, -2.859919, Rank: 26, 29/50, 340.75
2024-10-17 00:03:18,657 Cos_Sim: 0.99997407, Energy: -2.71837240, -2.465018, -2.856514, Rank: 26, 30/50, 351.74
2024-10-17 00:03:31,536 Cos_Sim: 0.99997336, Energy: -2.71540751, -2.470671, -2.846992, Rank: 26, 31/50, 364.62
2024-10-17 00:03:43,193 Cos_Sim: 0.99997783, Energy: -2.72000920, -2.465588, -2.857729, Rank: 26, 32/50, 376.28
2024-10-17 00:03:56,168 Cos_Sim: 0.99997586, Energy: -2.72029810, -2.477098, -2.868505, Rank: 26, 33/50, 389.25
2024-10-17 00:04:07,459 Cos_Sim: 0.99997711, Energy: -2.71851046, -2.461090, -2.865049, Rank: 26, 34/50, 400.54
2024-10-17 00:04:19,441 Cos_Sim: 0.99997449, Energy: -2.71753530, -2.455914, -2.854521, Rank: 26, 35/50, 412.52
2024-10-17 00:04:30,430 Cos_Sim: 0.99997354, Energy: -2.71958862, -2.466582, -2.864946, Rank: 26, 36/50, 423.51
2024-10-17 00:04:43,063 Cos_Sim: 0.99997079, Energy: -2.71110711, -2.467350, -2.843576, Rank: 26, 37/50, 436.14
2024-10-17 00:04:53,880 Cos_Sim: 0.99997354, Energy: -2.71829416, -2.465788, -2.863972, Rank: 26, 38/50, 446.96
2024-10-17 00:05:06,786 Cos_Sim: 0.99997896, Energy: -2.71805600, -2.462423, -2.868605, Rank: 26, 39/50, 459.87
2024-10-17 00:05:18,016 Cos_Sim: 0.99997616, Energy: -2.71851961, -2.468296, -2.859344, Rank: 26, 40/50, 471.10
2024-10-17 00:05:30,572 Cos_Sim: 0.99997580, Energy: -2.71915627, -2.478934, -2.859086, Rank: 26, 41/50, 483.65
2024-10-17 00:05:41,739 Cos_Sim: 0.99997538, Energy: -2.72186594, -2.469658, -2.865727, Rank: 26, 42/50, 494.82
2024-10-17 00:05:53,899 Cos_Sim: 0.99997747, Energy: -2.71958564, -2.472912, -2.860741, Rank: 26, 43/50, 506.98
2024-10-17 00:06:04,895 Cos_Sim: 0.99997604, Energy: -2.72137599, -2.458611, -2.868848, Rank: 26, 44/50, 517.98
2024-10-17 00:06:18,937 Cos_Sim: 0.99997050, Energy: -2.71971004, -2.478662, -2.868595, Rank: 26, 45/50, 532.02
2024-10-17 00:06:30,048 Cos_Sim: 0.99997801, Energy: -2.72110857, -2.480953, -2.864430, Rank: 26, 46/50, 543.13
2024-10-17 00:06:42,428 Cos_Sim: 0.99997503, Energy: -2.71509258, -2.471227, -2.849929, Rank: 26, 47/50, 555.51
2024-10-17 00:06:53,820 Cos_Sim: 0.99997032, Energy: -2.71368507, -2.469209, -2.853348, Rank: 26, 48/50, 566.90
2024-10-17 00:07:06,482 Cos_Sim: 0.99997634, Energy: -2.71774822, -2.464485, -2.841118, Rank: 26, 49/50, 579.56
2024-10-17 00:07:18,881 Cos_Sim: 0.99997669, Energy: -2.71745328, -2.461978, -2.858942, Rank: 26, 50/50, 591.96
2024-10-17 00:07:18,892 Save ./mats/VGON_nqd7_20241016_234017.mat with overlaps
2024-10-18 21:05:17,686 Load ./mats/VGON_nqd7_20241018_204540.mat without overlaps
2024-10-18 21:05:17,686 Cos_Sim: 0.999258875847, Energy: -2.953854659441, KL: 1.8086e-03, Batch Size: 26
2024-10-18 21:05:35,376 Cos_Sim: 0.999289155006, Energy: -2.961594964332, -2.95243819, -2.96815316, Rank: 26, 1/40, 17.42
2024-10-18 21:06:00,085 Cos_Sim: 0.999377071857, Energy: -2.963389031514, -2.95253594, -2.96710088, Rank: 26, 2/40, 42.15
2024-10-18 21:06:13,105 Cos_Sim: 0.999229669571, Energy: -2.961916728481, -2.93818826, -2.96780965, Rank: 26, 3/40, 55.17
2024-10-18 21:06:27,493 Cos_Sim: 0.999464571476, Energy: -2.963834612337, -2.95714706, -2.96684577, Rank: 26, 4/40, 69.56
2024-10-18 21:06:48,288 Cos_Sim: 0.999302029610, Energy: -2.963124867004, -2.95448539, -2.96760740, Rank: 26, 5/40, 90.36
2024-10-18 21:07:04,562 Cos_Sim: 0.999316692352, Energy: -2.964045659811, -2.95262411, -2.96785780, Rank: 26, 6/40, 106.63
2024-10-18 21:07:26,366 Cos_Sim: 0.999348878860, Energy: -2.963618403888, -2.94604731, -2.96727600, Rank: 26, 7/40, 128.43
2024-10-18 21:07:43,634 Cos_Sim: 0.999359011650, Energy: -2.963696688202, -2.95186783, -2.96842946, Rank: 26, 8/40, 145.70
2024-10-18 21:07:59,464 Cos_Sim: 0.999272465706, Energy: -2.962926207047, -2.95227280, -2.96805542, Rank: 26, 9/40, 161.53
2024-10-18 21:08:16,660 Cos_Sim: 0.999209940434, Energy: -2.961095337014, -2.93381648, -2.96743027, Rank: 26, 10/40, 178.73
2024-10-18 21:08:35,503 Cos_Sim: 0.999466300011, Energy: -2.963908444297, -2.95117484, -2.96734069, Rank: 26, 11/40, 197.57
2024-10-18 21:08:50,576 Cos_Sim: 0.999427378178, Energy: -2.962594899773, -2.95511515, -2.96729563, Rank: 26, 12/40, 212.65
2024-10-18 21:09:09,434 Cos_Sim: 0.999268531799, Energy: -2.963553841755, -2.94807483, -2.96844175, Rank: 26, 13/40, 231.50
2024-10-18 21:09:24,772 Cos_Sim: 0.999299108982, Energy: -2.964282021700, -2.95698140, -2.96795951, Rank: 26, 14/40, 246.84
2024-10-18 21:09:42,141 Cos_Sim: 0.999305307865, Energy: -2.963012156370, -2.95000473, -2.96718176, Rank: 26, 15/40, 264.21
2024-10-18 21:09:58,478 Cos_Sim: 0.999354720116, Energy: -2.962663486509, -2.95252551, -2.96743201, Rank: 26, 16/40, 280.55
2024-10-18 21:10:15,694 Cos_Sim: 0.999280929565, Energy: -2.965234616621, -2.95734501, -2.96782903, Rank: 26, 17/40, 297.76
2024-10-18 21:10:29,585 Cos_Sim: 0.999406337738, Energy: -2.964624655264, -2.95444344, -2.96748389, Rank: 26, 18/40, 311.65
2024-10-18 21:10:49,333 Cos_Sim: 0.999193489552, Energy: -2.962171115435, -2.93784233, -2.96852404, Rank: 26, 19/40, 331.40
2024-10-18 21:11:02,873 Cos_Sim: 0.999426066875, Energy: -2.963450319792, -2.94561870, -2.96748505, Rank: 26, 20/40, 344.94
2024-10-18 21:11:25,174 Cos_Sim: 0.999379158020, Energy: -2.963858615991, -2.95718401, -2.96742804, Rank: 26, 21/40, 367.24
2024-10-18 21:11:39,196 Cos_Sim: 0.999413847923, Energy: -2.962066140612, -2.94467925, -2.96843155, Rank: 26, 22/40, 381.26
2024-10-18 21:11:57,096 Cos_Sim: 0.999295175076, Energy: -2.960698117957, -2.93968260, -2.96731280, Rank: 26, 23/40, 399.16
2024-10-18 21:12:18,789 Cos_Sim: 0.999145328999, Energy: -2.963360019284, -2.95270808, -2.96720004, Rank: 26, 24/40, 420.86
2024-10-18 21:12:46,143 Cos_Sim: 0.999343097210, Energy: -2.962456424761, -2.94806701, -2.96726370, Rank: 26, 25/40, 448.21
2024-10-18 21:12:59,313 Cos_Sim: 0.999388158321, Energy: -2.962204445078, -2.95060676, -2.96775349, Rank: 26, 26/40, 461.38
2024-10-18 21:13:15,804 Cos_Sim: 0.999237537384, Energy: -2.962452955895, -2.94972583, -2.96739130, Rank: 26, 27/40, 477.87
2024-10-18 21:13:34,673 Cos_Sim: 0.999378859997, Energy: -2.959717614615, -2.92830162, -2.96847819, Rank: 26, 28/40, 496.74
2024-10-18 21:13:48,834 Cos_Sim: 0.999334037304, Energy: -2.962494902948, -2.94869256, -2.96748113, Rank: 26, 29/40, 510.90
2024-10-18 21:14:01,815 Cos_Sim: 0.999409735203, Energy: -2.963488153223, -2.95114061, -2.96696022, Rank: 26, 30/40, 523.88
2024-10-18 21:14:18,150 Cos_Sim: 0.999320626259, Energy: -2.962202985485, -2.94107776, -2.96860902, Rank: 26, 31/40, 540.22
2024-10-18 21:14:31,345 Cos_Sim: 0.999224543571, Energy: -2.961516468150, -2.94702620, -2.96767529, Rank: 26, 32/40, 553.41
2024-10-18 21:14:49,068 Cos_Sim: 0.999387502670, Energy: -2.963078381551, -2.95209479, -2.96821648, Rank: 26, 33/40, 571.14
2024-10-18 21:15:03,137 Cos_Sim: 0.999387025833, Energy: -2.963993853844, -2.95808060, -2.96742466, Rank: 26, 34/40, 585.21
2024-10-18 21:15:19,658 Cos_Sim: 0.999412178993, Energy: -2.964483511250, -2.95549102, -2.96800909, Rank: 26, 35/40, 601.73
2024-10-18 21:15:38,649 Cos_Sim: 0.999335944653, Energy: -2.963309722850, -2.94841684, -2.96787116, Rank: 26, 36/40, 620.72
2024-10-18 21:15:56,047 Cos_Sim: 0.999410510063, Energy: -2.964009101556, -2.95601238, -2.96757708, Rank: 26, 37/40, 638.12
2024-10-18 21:16:10,373 Cos_Sim: 0.999134540558, Energy: -2.959084280486, -2.88856941, -2.96745747, Rank: 26, 38/40, 652.44
2024-10-18 21:16:30,113 Cos_Sim: 0.999365806580, Energy: -2.963346393560, -2.95237984, -2.96818139, Rank: 26, 39/40, 672.18
2024-10-18 21:16:44,154 Cos_Sim: 0.999317169189, Energy: -2.963320891105, -2.95485276, -2.96764247, Rank: 26, 40/40, 686.22
2024-10-18 21:16:44,190 Save ./mats/VGON_nqd7_20241018_204540.mat with overlaps
2024-10-20 22:13:34,463 Load ./mats/VGON_nqd7_20241020_215744.mat without overlaps
2024-10-20 22:13:34,463 Cos_Sim: 0.009186172858, Energy: -3.986029546071, KL: 2.8000e-03, Batch Size: 16
2024-10-20 22:13:41,277 Cos_Sim: 0.005067313090, Energy: -3.984297806518, -3.93000534, -3.99505869, Rank: 16, 1/60, 6.57
2024-10-20 22:13:57,881 Cos_Sim: -0.041251923889, Energy: -3.990330962327, -3.98144094, -3.99551829, Rank: 16, 2/60, 23.20
2024-10-20 22:14:07,855 Cos_Sim: 0.090720921755, Energy: -3.989696810991, -3.97257014, -3.99606666, Rank: 16, 3/60, 33.17
2024-10-20 22:14:17,640 Cos_Sim: 0.007938421331, Energy: -3.987019767228, -3.97074041, -3.99519631, Rank: 16, 4/60, 42.96
2024-10-20 22:14:28,594 Cos_Sim: -0.058017872274, Energy: -3.987520531499, -3.97288787, -3.99614549, Rank: 16, 5/60, 52.99
2024-10-20 22:14:40,180 Cos_Sim: 0.090527325869, Energy: -3.985633903498, -3.97247338, -3.99578835, Rank: 16, 6/60, 65.50
2024-10-20 22:14:48,853 Cos_Sim: 0.091532848775, Energy: -3.986665539601, -3.96219320, -3.99566019, Rank: 16, 7/60, 74.17
2024-10-20 22:14:58,289 Cos_Sim: -0.057529501617, Energy: -3.986839610806, -3.95995306, -3.99538029, Rank: 16, 8/60, 83.61
2024-10-20 22:15:08,798 Cos_Sim: 0.008384935558, Energy: -3.985620844430, -3.97217244, -3.99601567, Rank: 16, 9/60, 94.11
2024-10-20 22:15:18,467 Cos_Sim: -0.033365651965, Energy: -3.988653161545, -3.97751193, -3.99527137, Rank: 16, 10/60, 103.78
2024-10-20 22:15:28,574 Cos_Sim: 0.008788222447, Energy: -3.987524843418, -3.97289572, -3.99605429, Rank: 16, 11/60, 113.42
2024-10-20 22:15:39,988 Cos_Sim: 0.007994961925, Energy: -3.988649208330, -3.97310435, -3.99570160, Rank: 16, 12/60, 125.30
2024-10-20 22:15:48,929 Cos_Sim: 0.007770139258, Energy: -3.989416589092, -3.97719001, -3.99575193, Rank: 16, 13/60, 134.25
2024-10-20 22:15:59,860 Cos_Sim: -0.038966171443, Energy: -3.986477053150, -3.96712821, -3.99559119, Rank: 16, 14/60, 144.43
2024-10-20 22:16:09,775 Cos_Sim: -0.041480354965, Energy: -3.988821934112, -3.98040828, -3.99587567, Rank: 16, 15/60, 155.09
2024-10-20 22:16:19,573 Cos_Sim: -0.041478149593, Energy: -3.990053466813, -3.97861541, -3.99553539, Rank: 16, 16/60, 164.89
2024-10-20 22:16:30,604 Cos_Sim: -0.041635777801, Energy: -3.989015169755, -3.97886580, -3.99569579, Rank: 16, 17/60, 175.35
2024-10-20 22:16:40,933 Cos_Sim: -0.041611555964, Energy: -3.989869215062, -3.98323641, -3.99551041, Rank: 16, 18/60, 186.25
2024-10-20 22:16:49,500 Cos_Sim: -0.041111573577, Energy: -3.989019109849, -3.97872778, -3.99574663, Rank: 16, 19/60, 194.82
2024-10-20 22:16:59,463 Cos_Sim: -0.040900155902, Energy: -3.988436790511, -3.96629481, -3.99612496, Rank: 16, 20/60, 204.17
2024-10-20 22:17:08,106 Cos_Sim: -0.026109902188, Energy: -3.989712781987, -3.97233875, -3.99579586, Rank: 16, 21/60, 213.42
2024-10-20 22:17:17,402 Cos_Sim: 0.355199635029, Energy: -3.991952004097, -3.96050999, -3.99622907, Rank: 16, 22/60, 222.72
2024-10-20 22:17:26,104 Cos_Sim: 0.010340567678, Energy: -3.988322364173, -3.96675645, -3.99477682, Rank: 16, 23/60, 231.42
2024-10-20 22:17:39,106 Cos_Sim: -0.041243411601, Energy: -3.985295406631, -3.93873587, -3.99550089, Rank: 16, 24/60, 244.42
2024-10-20 22:17:47,702 Cos_Sim: 0.206570640206, Energy: -3.984667866984, -3.95303169, -3.99489703, Rank: 16, 25/60, 253.02
2024-10-20 22:17:56,990 Cos_Sim: 0.090913221240, Energy: -3.987276270999, -3.97043966, -3.99575575, Rank: 16, 26/60, 262.31
2024-10-20 22:18:07,562 Cos_Sim: -0.041745498776, Energy: -3.990952959315, -3.97198333, -3.99618425, Rank: 16, 27/60, 272.88
2024-10-20 22:18:17,254 Cos_Sim: -0.041355833411, Energy: -3.988454788285, -3.97862540, -3.99617211, Rank: 16, 28/60, 282.57
2024-10-20 22:18:26,814 Cos_Sim: 0.010419746861, Energy: -3.984651100574, -3.97366278, -3.99481830, Rank: 16, 29/60, 292.13
2024-10-20 22:18:39,339 Cos_Sim: -0.058168567717, Energy: -3.987971249009, -3.97533919, -3.99537420, Rank: 16, 30/60, 304.66
2024-10-20 22:18:47,952 Cos_Sim: -0.041883461177, Energy: -3.987540220104, -3.97145389, -3.99547940, Rank: 16, 31/60, 313.27
2024-10-20 22:18:57,217 Cos_Sim: 0.091121546924, Energy: -3.986900754904, -3.97932063, -3.99551530, Rank: 16, 32/60, 322.53
2024-10-20 22:19:08,303 Cos_Sim: 0.008752330206, Energy: -3.986810191251, -3.96859252, -3.99603992, Rank: 16, 33/60, 333.62
2024-10-20 22:19:17,752 Cos_Sim: 0.029957892373, Energy: -3.988619125871, -3.97107444, -3.99588172, Rank: 16, 34/60, 343.07
2024-10-20 22:19:27,082 Cos_Sim: 0.010338628665, Energy: -3.986976696315, -3.97454196, -3.99519256, Rank: 16, 35/60, 352.40
2024-10-20 22:19:39,815 Cos_Sim: -0.041751880199, Energy: -3.988746776000, -3.98095144, -3.99586500, Rank: 16, 36/60, 365.13
2024-10-20 22:19:48,423 Cos_Sim: 0.090606346726, Energy: -3.986964725100, -3.97990504, -3.99537134, Rank: 16, 37/60, 373.74
2024-10-20 22:19:57,850 Cos_Sim: -0.040094371885, Energy: -3.987774042536, -3.97484792, -3.99595366, Rank: 16, 38/60, 383.17
2024-10-20 22:20:07,939 Cos_Sim: -0.057665780187, Energy: -3.990185891332, -3.98325581, -3.99532334, Rank: 16, 39/60, 393.26
2024-10-20 22:20:17,811 Cos_Sim: 0.090841904283, Energy: -3.987967147261, -3.97846238, -3.99561532, Rank: 16, 40/60, 403.13
2024-10-20 22:20:27,195 Cos_Sim: -0.041741576046, Energy: -3.987115671826, -3.96573482, -3.99597113, Rank: 16, 41/60, 412.51
2024-10-20 22:20:40,051 Cos_Sim: 0.009952283464, Energy: -3.986443627640, -3.94714239, -3.99522220, Rank: 16, 42/60, 425.37
2024-10-20 22:20:48,818 Cos_Sim: 0.090526036918, Energy: -3.991271737248, -3.98066745, -3.99557081, Rank: 16, 43/60, 434.13
2024-10-20 22:20:58,377 Cos_Sim: -0.041569728404, Energy: -3.988141558931, -3.97293287, -3.99577238, Rank: 16, 44/60, 443.69
2024-10-20 22:21:08,159 Cos_Sim: 0.007749462500, Energy: -3.987760112803, -3.97822051, -3.99489096, Rank: 16, 45/60, 453.48
2024-10-20 22:21:17,772 Cos_Sim: -0.041453693062, Energy: -3.987615418017, -3.96862565, -3.99609667, Rank: 16, 46/60, 463.09
2024-10-20 22:21:26,640 Cos_Sim: -0.041662082076, Energy: -3.990551744179, -3.98395351, -3.99528841, Rank: 16, 47/60, 471.96
2024-10-20 22:21:39,432 Cos_Sim: 0.090540714562, Energy: -3.986778228526, -3.97309004, -3.99586502, Rank: 16, 48/60, 484.75
2024-10-20 22:21:48,394 Cos_Sim: 0.010122966953, Energy: -3.989827891708, -3.98105794, -3.99537606, Rank: 16, 49/60, 493.71
2024-10-20 22:21:58,364 Cos_Sim: 0.008204920217, Energy: -3.984544194172, -3.89634494, -3.99616567, Rank: 16, 50/60, 503.68
2024-10-20 22:22:08,467 Cos_Sim: 0.091212026775, Energy: -3.988316137943, -3.96908152, -3.99604201, Rank: 16, 51/60, 513.78
2024-10-20 22:22:17,940 Cos_Sim: 0.007844363339, Energy: -3.988402619567, -3.96783143, -3.99568633, Rank: 16, 52/60, 523.26
2024-10-20 22:22:26,646 Cos_Sim: -0.056821674109, Energy: -3.990621560217, -3.97553757, -3.99599959, Rank: 16, 53/60, 531.96
2024-10-20 22:22:39,183 Cos_Sim: -0.054916020483, Energy: -3.990192323131, -3.97990889, -3.99587347, Rank: 16, 54/60, 544.50
2024-10-20 22:22:48,182 Cos_Sim: 0.090824179351, Energy: -3.986361622109, -3.97397192, -3.99570851, Rank: 16, 55/60, 553.48
2024-10-20 22:23:12,335 Cos_Sim: 0.090612687171, Energy: -3.986534233552, -3.97552871, -3.99606718, Rank: 16, 56/60, 576.96
2024-10-20 22:23:31,868 Cos_Sim: 0.027207953855, Energy: -3.987490887355, -3.96917877, -3.99557210, Rank: 16, 57/60, 596.85
2024-10-20 22:23:50,059 Cos_Sim: -0.053958270699, Energy: -3.987851284831, -3.96458883, -3.99575072, Rank: 16, 58/60, 615.38
2024-10-20 22:24:01,256 Cos_Sim: 0.008181381971, Energy: -3.991212979933, -3.98327506, -3.99604625, Rank: 16, 59/60, 626.57
2024-10-20 22:24:11,231 Cos_Sim: -0.041213333607, Energy: -3.987908618330, -3.97240645, -3.99585117, Rank: 16, 60/60, 636.55
2024-10-20 22:24:11,239 Save ./mats/VGON_nqd7_20241020_215744.mat with overlaps
