2024-10-16 21:44:54,879 Load: ./mats/VGON_nqd6_20241016_185128.mat without overlaps
2024-10-16 21:44:54,879 Cos_Sim: 0.99999994, Energy: -3.21271699, KL: 2.6941e-06
2024-10-16 21:45:00,355 Cos_Sim: 0.99999994, Fidelity: 0.90508207 0.49594123 0.00311873, Rank: 10, 1/100, 5.41
2024-10-16 21:45:00,356 Energy: [-2.65014263 -3.2862309  -3.2872057  -3.29819426 -3.2586048  -3.24664658 -3.21639328 -3.26636768 -3.30343542 -3.30224773]
2024-10-16 21:45:06,391 Cos_Sim: 0.99999994, Fidelity: 0.90514181 0.49595142 0.00312394, Rank: 10, 2/100, 11.45
2024-10-16 21:45:06,391 Energy: [-2.64922927 -3.2859707  -3.2877622  -3.29830479 -3.25873788 -3.24699666 -3.21674815 -3.26617552 -3.30321791 -3.30222249]
2024-10-16 21:45:09,614 Cos_Sim: 0.99999994, Fidelity: 0.90444684 0.49578782 0.00307910, Rank: 10, 3/100, 14.67
2024-10-16 21:45:09,614 Energy: [-2.65085217 -3.28604435 -3.28693663 -3.29827501 -3.25893142 -3.2464341  -3.21690717 -3.26668476 -3.30323681 -3.30240391]
2024-10-16 21:45:12,953 Cos_Sim: 0.99999994, Fidelity: 0.90498522 0.49575930 0.00313353, Rank: 10, 4/100, 18.01
2024-10-16 21:45:12,953 Energy: [-2.65040654 -3.2860035  -3.28727871 -3.29813828 -3.25875674 -3.24683707 -3.21598243 -3.26561197 -3.3033926  -3.30218661]
2024-10-16 21:45:16,283 Cos_Sim: 0.99999994, Fidelity: 0.90485357 0.49624540 0.00303845, Rank: 10, 5/100, 21.34
2024-10-16 21:45:16,283 Energy: [-2.65051815 -3.28583552 -3.2871488  -3.29867974 -3.25885209 -3.24863722 -3.21655521 -3.26601488 -3.30352979 -3.30207562]
2024-10-16 21:45:19,563 Cos_Sim: 0.99999994, Fidelity: 0.90386877 0.49592963 0.00294374, Rank: 10, 6/100, 24.62
2024-10-16 21:45:19,563 Energy: [-2.64962126 -3.28552117 -3.2870682  -3.29799909 -3.25854703 -3.24608763 -3.21628783 -3.26603788 -3.30296702 -3.30188994]
2024-10-16 21:45:22,897 Cos_Sim: 1.00000000, Fidelity: 0.90586864 0.49610323 0.00311981, Rank: 10, 7/100, 27.96
2024-10-16 21:45:22,898 Energy: [-2.65072747 -3.28598038 -3.28834703 -3.29838782 -3.258822   -3.24795007 -3.21764213 -3.2663071  -3.30378156 -3.30223555]
2024-10-16 21:45:26,134 Cos_Sim: 0.99999994, Fidelity: 0.90467574 0.49590185 0.00307912, Rank: 10, 8/100, 31.19
2024-10-16 21:45:26,134 Energy: [-2.64992803 -3.28614421 -3.28723716 -3.2982113  -3.25853069 -3.24696274 -3.21702798 -3.26618291 -3.30364527 -3.30206183]
2024-10-16 21:45:29,341 Cos_Sim: 1.00000000, Fidelity: 0.90512426 0.49605308 0.00311038, Rank: 10, 9/100, 34.40
2024-10-16 21:45:29,341 Energy: [-2.64980883 -3.28574549 -3.28749822 -3.29824051 -3.25850713 -3.24649229 -3.21621203 -3.26607835 -3.3032467  -3.30214077]
2024-10-16 21:45:32,690 Cos_Sim: 0.99999994, Fidelity: 0.90529912 0.49576019 0.00326430, Rank: 10, 10/100, 37.75
2024-10-16 21:45:32,690 Energy: [-2.64924696 -3.28543018 -3.28618377 -3.29773491 -3.25794626 -3.2450424  -3.2145539  -3.26537952 -3.30317148 -3.30209611]
2024-10-16 21:45:35,918 Cos_Sim: 0.99999994, Fidelity: 0.90526377 0.49569730 0.00313406, Rank: 10, 11/100, 40.98
2024-10-16 21:45:35,919 Energy: [-2.65049838 -3.28528834 -3.28700716 -3.29819466 -3.25829422 -3.24565489 -3.21493558 -3.2659596  -3.30352788 -3.30234383]
2024-10-16 21:45:39,074 Cos_Sim: 0.99999994, Fidelity: 0.90529597 0.49594328 0.00310430, Rank: 10, 12/100, 44.13
2024-10-16 21:45:39,074 Energy: [-2.64999151 -3.28600086 -3.28729812 -3.29831927 -3.25876045 -3.24684235 -3.21611837 -3.26626386 -3.30345727 -3.30236774]
2024-10-16 21:45:42,328 Cos_Sim: 0.99999994, Fidelity: 0.90519242 0.49584104 0.00317402, Rank: 10, 13/100, 47.39
2024-10-16 21:45:42,328 Energy: [-2.6502313  -3.28618462 -3.28736154 -3.29822026 -3.25890099 -3.24734564 -3.21649155 -3.26634524 -3.30375554 -3.3025728 ]
2024-10-16 21:45:45,616 Cos_Sim: 1.00000000, Fidelity: 0.90518498 0.49585399 0.00314827, Rank: 10, 14/100, 50.68
2024-10-16 21:45:45,617 Energy: [-2.64996416 -3.286067   -3.28745454 -3.29801561 -3.25891752 -3.24673344 -3.2157526  -3.26549737 -3.30346814 -3.30220203]
2024-10-16 21:45:48,971 Cos_Sim: 0.99999994, Fidelity: 0.90591873 0.49599932 0.00320144, Rank: 10, 15/100, 54.03
2024-10-16 21:45:48,972 Energy: [-2.65053175 -3.28616967 -3.28718106 -3.29817705 -3.25849875 -3.24669661 -3.21540669 -3.26614225 -3.30353277 -3.30241927]
2024-10-16 21:45:52,272 Cos_Sim: 0.99999994, Fidelity: 0.90499837 0.49586390 0.00310999, Rank: 10, 16/100, 57.33
2024-10-16 21:45:52,272 Energy: [-2.65017901 -3.28571853 -3.28733028 -3.29792014 -3.25842885 -3.24613761 -3.21590824 -3.26566212 -3.3031728  -3.30210987]
2024-10-16 21:45:55,495 Cos_Sim: 0.99999994, Fidelity: 0.90511763 0.49579094 0.00312017, Rank: 10, 17/100, 60.55
2024-10-16 21:45:55,495 Energy: [-2.65037505 -3.28598254 -3.28720604 -3.29825138 -3.25877636 -3.247506   -3.21696628 -3.26612598 -3.30371391 -3.30234117]
2024-10-16 21:45:58,682 Cos_Sim: 0.99999994, Fidelity: 0.90465198 0.49582651 0.00309270, Rank: 10, 18/100, 63.74
2024-10-16 21:45:58,682 Energy: [-2.65096803 -3.28596006 -3.2869507  -3.29823294 -3.25899138 -3.24656109 -3.21708148 -3.26632128 -3.3035493  -3.30220554]
2024-10-16 21:46:01,821 Cos_Sim: 1.00000000, Fidelity: 0.90485783 0.49583824 0.00310670, Rank: 10, 19/100, 66.88
2024-10-16 21:46:01,821 Energy: [-2.6495178  -3.2857957  -3.28715545 -3.29814241 -3.25859134 -3.24616127 -3.21596642 -3.26612958 -3.3033452  -3.30212231]
2024-10-16 21:46:05,062 Cos_Sim: 1.00000000, Fidelity: 0.90516274 0.49595462 0.00313917, Rank: 10, 20/100, 70.12
2024-10-16 21:46:05,062 Energy: [-2.6504295  -3.28619803 -3.28737206 -3.29819675 -3.25878413 -3.2470322  -3.21632567 -3.26613675 -3.30341035 -3.30217966]
2024-10-16 21:46:08,170 Cos_Sim: 0.99999994, Fidelity: 0.90559700 0.49577216 0.00330358, Rank: 10, 21/100, 73.23
2024-10-16 21:46:08,170 Energy: [-2.64985182 -3.28617774 -3.2872583  -3.29828544 -3.25905221 -3.24764216 -3.21558383 -3.26591091 -3.30378156 -3.30231573]
2024-10-16 21:46:11,517 Cos_Sim: 0.99999994, Fidelity: 0.90590244 0.49608555 0.00318531, Rank: 10, 22/100, 76.58
2024-10-16 21:46:11,517 Energy: [-2.65002382 -3.28623006 -3.28736429 -3.29822101 -3.25839995 -3.2472819  -3.21658673 -3.2659061  -3.30380076 -3.30228559]
2024-10-16 21:46:14,883 Cos_Sim: 0.99999994, Fidelity: 0.90448083 0.49570843 0.00316112, Rank: 10, 23/100, 79.94
2024-10-16 21:46:14,883 Energy: [-2.64922078 -3.28624855 -3.28709412 -3.29789261 -3.25876812 -3.24767064 -3.2161796  -3.26575756 -3.3036574  -3.30239527]
2024-10-16 21:46:18,201 Cos_Sim: 0.99999994, Fidelity: 0.90506131 0.49597029 0.00310620, Rank: 10, 24/100, 83.26
2024-10-16 21:46:18,202 Energy: [-2.65121952 -3.28660677 -3.28705839 -3.29816866 -3.2590737  -3.24731453 -3.21718842 -3.26654474 -3.3037433  -3.30229348]
2024-10-16 21:46:21,349 Cos_Sim: 0.99999994, Fidelity: 0.90455355 0.49588450 0.00310718, Rank: 10, 25/100, 86.41
2024-10-16 21:46:21,349 Energy: [-2.65019075 -3.28590944 -3.28710625 -3.29827986 -3.25871639 -3.24706491 -3.21577089 -3.26613412 -3.30343048 -3.30215   ]
2024-10-16 21:46:24,610 Cos_Sim: 0.99999982, Fidelity: 0.90522262 0.49594022 0.00321075, Rank: 10, 26/100, 89.67
2024-10-16 21:46:24,610 Energy: [-2.65030283 -3.28585509 -3.28739829 -3.29831553 -3.2589842  -3.24818329 -3.21668296 -3.26636379 -3.30392303 -3.30242462]
2024-10-16 21:46:27,820 Cos_Sim: 0.99999994, Fidelity: 0.90517664 0.49595039 0.00305434, Rank: 10, 27/100, 92.88
2024-10-16 21:46:27,820 Energy: [-2.65072282 -3.28618891 -3.28705252 -3.29820319 -3.25869404 -3.24692123 -3.21632737 -3.26622458 -3.30368751 -3.30217606]
2024-10-16 21:46:31,049 Cos_Sim: 0.99999994, Fidelity: 0.90481814 0.49588762 0.00314766, Rank: 10, 28/100, 96.11
2024-10-16 21:46:31,049 Energy: [-2.65106461 -3.28611039 -3.28720425 -3.29837347 -3.25882201 -3.24883199 -3.21692841 -3.26707261 -3.3040962  -3.30265807]
2024-10-16 21:46:34,299 Cos_Sim: 1.00000000, Fidelity: 0.90486990 0.49577156 0.00316242, Rank: 10, 29/100, 99.36
2024-10-16 21:46:34,299 Energy: [-2.65001926 -3.28571718 -3.28700755 -3.29812132 -3.25843778 -3.24633568 -3.215951   -3.26584904 -3.30334632 -3.30209248]
2024-10-16 21:46:37,565 Cos_Sim: 0.99999994, Fidelity: 0.90471000 0.49565140 0.00310647, Rank: 10, 30/100, 102.62
2024-10-16 21:46:37,565 Energy: [-2.64906595 -3.28568686 -3.28706763 -3.29746973 -3.25845236 -3.24521351 -3.21523057 -3.2654597  -3.30343589 -3.30213014]
2024-10-16 21:46:40,867 Cos_Sim: 0.99999994, Fidelity: 0.90500839 0.49590635 0.00314788, Rank: 10, 31/100, 105.93
2024-10-16 21:46:40,868 Energy: [-2.6503733  -3.28632012 -3.28721047 -3.29820849 -3.25908361 -3.24654447 -3.21578773 -3.26606359 -3.30339614 -3.30242528]
2024-10-16 21:46:44,164 Cos_Sim: 0.99999994, Fidelity: 0.90497451 0.49601577 0.00309906, Rank: 10, 32/100, 109.22
2024-10-16 21:46:44,165 Energy: [-2.65016612 -3.28603965 -3.287337   -3.29825512 -3.25861197 -3.24672579 -3.21667302 -3.26603693 -3.30338863 -3.30210005]
2024-10-16 21:46:47,507 Cos_Sim: 0.99999994, Fidelity: 0.90485213 0.49571415 0.00312394, Rank: 10, 33/100, 112.57
2024-10-16 21:46:47,508 Energy: [-2.64993796 -3.28592873 -3.28734511 -3.2978193  -3.2590388  -3.24698269 -3.21574323 -3.26589906 -3.30334796 -3.30243601]
2024-10-16 21:46:50,917 Cos_Sim: 1.00000000, Fidelity: 0.90488403 0.49591549 0.00309185, Rank: 10, 34/100, 115.98
2024-10-16 21:46:50,917 Energy: [-2.64970912 -3.28599914 -3.28779432 -3.2979827  -3.25866139 -3.24684324 -3.21656081 -3.26624644 -3.30372078 -3.30216645]
2024-10-16 21:46:54,330 Cos_Sim: 1.00000000, Fidelity: 0.90481156 0.49597161 0.00299743, Rank: 10, 35/100, 119.39
2024-10-16 21:46:54,331 Energy: [-2.64984899 -3.28590814 -3.28694871 -3.29818166 -3.25877971 -3.24616948 -3.21602423 -3.26606984 -3.30307986 -3.3020774 ]
2024-10-16 21:46:57,667 Cos_Sim: 0.99999994, Fidelity: 0.90518927 0.49587524 0.00313628, Rank: 10, 36/100, 122.73
2024-10-16 21:46:57,668 Energy: [-2.65026147 -3.28638962 -3.28756378 -3.29814416 -3.259008   -3.24770092 -3.21596689 -3.26555659 -3.30355856 -3.30221725]
2024-10-16 21:47:01,034 Cos_Sim: 1.00000000, Fidelity: 0.90472447 0.49594468 0.00308975, Rank: 10, 37/100, 126.09
2024-10-16 21:47:01,034 Energy: [-2.6499409  -3.2863822  -3.28699615 -3.29796327 -3.25908467 -3.24735049 -3.21675191 -3.2663666  -3.30360464 -3.30210412]
2024-10-16 21:47:04,338 Cos_Sim: 0.99999994, Fidelity: 0.90475740 0.49583271 0.00316386, Rank: 10, 38/100, 129.40
2024-10-16 21:47:04,338 Energy: [-2.65048114 -3.28599156 -3.28712311 -3.2980416  -3.25865041 -3.2467151  -3.21518747 -3.26593169 -3.30322707 -3.30229087]
2024-10-16 21:47:07,536 Cos_Sim: 0.99999994, Fidelity: 0.90475329 0.49589176 0.00307512, Rank: 10, 39/100, 132.59
2024-10-16 21:47:07,536 Energy: [-2.64986215 -3.28576918 -3.28730161 -3.29834362 -3.25868253 -3.24646108 -3.21614733 -3.26606218 -3.30346118 -3.302131  ]
2024-10-16 21:47:10,828 Cos_Sim: 1.00000000, Fidelity: 0.90507160 0.49568823 0.00312108, Rank: 10, 40/100, 135.89
2024-10-16 21:47:10,828 Energy: [-2.65009826 -3.28569744 -3.28732531 -3.29828882 -3.25825469 -3.24611674 -3.21582037 -3.26620072 -3.30341088 -3.30224208]
2024-10-16 21:47:14,174 Cos_Sim: 1.00000000, Fidelity: 0.90507259 0.49578250 0.00313683, Rank: 10, 41/100, 139.23
2024-10-16 21:47:14,174 Energy: [-2.64971179 -3.28606095 -3.28704053 -3.29806615 -3.25876092 -3.24645381 -3.21621247 -3.265934   -3.30346048 -3.30218539]
2024-10-16 21:47:17,353 Cos_Sim: 1.00000000, Fidelity: 0.90516741 0.49595957 0.00322307, Rank: 10, 42/100, 142.41
2024-10-16 21:47:17,354 Energy: [-2.65048234 -3.28620281 -3.28725763 -3.29802094 -3.25867531 -3.24723619 -3.2162284  -3.26578021 -3.30361449 -3.30232077]
2024-10-16 21:47:20,538 Cos_Sim: 0.99999994, Fidelity: 0.90488384 0.49595437 0.00317402, Rank: 10, 43/100, 145.60
2024-10-16 21:47:20,538 Energy: [-2.65021662 -3.2866091  -3.287602   -3.29818457 -3.25856562 -3.24896926 -3.21609551 -3.26572357 -3.30366465 -3.30225609]
2024-10-16 21:47:23,761 Cos_Sim: 0.99999982, Fidelity: 0.90443402 0.49587607 0.00300861, Rank: 10, 44/100, 148.82
2024-10-16 21:47:23,762 Energy: [-2.64930912 -3.28562881 -3.28676171 -3.29862372 -3.25914151 -3.24853977 -3.21740162 -3.2662412  -3.30340348 -3.30227004]
2024-10-16 21:47:27,059 Cos_Sim: 0.99999994, Fidelity: 0.90472111 0.49577443 0.00309613, Rank: 10, 45/100, 152.12
2024-10-16 21:47:27,060 Energy: [-2.65057346 -3.28603706 -3.28743233 -3.29821285 -3.25883234 -3.24680911 -3.21586581 -3.2658291  -3.30349041 -3.30222509]
2024-10-16 21:47:30,288 Cos_Sim: 0.99999994, Fidelity: 0.90517760 0.49587568 0.00315184, Rank: 10, 46/100, 155.35
2024-10-16 21:47:30,288 Energy: [-2.64972241 -3.2860999  -3.28731578 -3.2980138  -3.25878327 -3.24659967 -3.21658509 -3.26602759 -3.30331787 -3.30234519]
2024-10-16 21:47:33,473 Cos_Sim: 0.99999994, Fidelity: 0.90439642 0.49569971 0.00305852, Rank: 10, 47/100, 158.53
2024-10-16 21:47:33,473 Energy: [-2.65103794 -3.28571361 -3.28673655 -3.29806752 -3.25903834 -3.24562433 -3.21676048 -3.2670501  -3.30341325 -3.30249828]
2024-10-16 21:47:36,810 Cos_Sim: 0.99999994, Fidelity: 0.90509357 0.49589060 0.00311054, Rank: 10, 48/100, 161.87
2024-10-16 21:47:36,810 Energy: [-2.65084062 -3.28691055 -3.2873966  -3.2982838  -3.25879571 -3.24713458 -3.21626086 -3.26635473 -3.30368456 -3.30222227]
2024-10-16 21:47:40,064 Cos_Sim: 1.00000000, Fidelity: 0.90495110 0.49597923 0.00310882, Rank: 10, 49/100, 165.12
2024-10-16 21:47:40,064 Energy: [-2.64973295 -3.28578841 -3.28737545 -3.29824274 -3.25840729 -3.24672091 -3.21643944 -3.26623967 -3.30336282 -3.30222974]
2024-10-16 21:47:43,347 Cos_Sim: 0.99999994, Fidelity: 0.90524812 0.49589825 0.00312970, Rank: 10, 50/100, 168.41
2024-10-16 21:47:43,348 Energy: [-2.65059068 -3.28673295 -3.28704173 -3.29803737 -3.25902245 -3.24755954 -3.21715713 -3.2665743  -3.30370616 -3.30228945]
2024-10-16 21:47:46,581 Cos_Sim: 0.99999994, Fidelity: 0.90514643 0.49574377 0.00313218, Rank: 10, 51/100, 171.64
2024-10-16 21:47:46,581 Energy: [-2.64988151 -3.28590488 -3.28744718 -3.29801112 -3.25905396 -3.24684253 -3.21501059 -3.26548807 -3.30333633 -3.30239105]
2024-10-16 21:47:49,869 Cos_Sim: 1.00000000, Fidelity: 0.90486795 0.49574223 0.00310797, Rank: 10, 52/100, 174.93
2024-10-16 21:47:49,869 Energy: [-2.64943712 -3.28595632 -3.28712768 -3.29811769 -3.25867799 -3.24568859 -3.21581885 -3.26586467 -3.30321981 -3.30223929]
2024-10-16 21:47:53,198 Cos_Sim: 0.99999994, Fidelity: 0.90450131 0.49585331 0.00301113, Rank: 10, 53/100, 178.26
2024-10-16 21:47:53,198 Energy: [-2.64985783 -3.28580764 -3.28713857 -3.29810466 -3.25875712 -3.24656932 -3.21660205 -3.26629916 -3.30348482 -3.30230864]
2024-10-16 21:47:56,533 Cos_Sim: 0.99999994, Fidelity: 0.90435991 0.49570719 0.00283453, Rank: 10, 54/100, 181.59
2024-10-16 21:47:56,533 Energy: [-2.64923292 -3.28539848 -3.2873959  -3.29825067 -3.25877638 -3.24612496 -3.21651117 -3.26604745 -3.30281398 -3.30194392]
2024-10-16 21:47:59,798 Cos_Sim: 0.99999994, Fidelity: 0.90533366 0.49580940 0.00310568, Rank: 10, 55/100, 184.86
2024-10-16 21:47:59,799 Energy: [-2.64966137 -3.28604058 -3.28728606 -3.29792837 -3.25886648 -3.24660347 -3.21532131 -3.26556538 -3.30347563 -3.30220568]
2024-10-16 21:48:03,189 Cos_Sim: 0.99999994, Fidelity: 0.90398990 0.49540961 0.00310193, Rank: 10, 56/100, 188.25
2024-10-16 21:48:03,189 Energy: [-2.65024787 -3.28543906 -3.28737535 -3.29808718 -3.25889099 -3.24714294 -3.21427628 -3.26565926 -3.30313674 -3.30235986]
2024-10-16 21:48:06,397 Cos_Sim: 0.99999994, Fidelity: 0.90541967 0.49601432 0.00316654, Rank: 10, 57/100, 191.46
2024-10-16 21:48:06,397 Energy: [-2.64955361 -3.28620893 -3.287397   -3.29815215 -3.25881459 -3.24743649 -3.21655904 -3.26597096 -3.30380703 -3.30238829]
2024-10-16 21:48:09,769 Cos_Sim: 0.99999994, Fidelity: 0.90501786 0.49591877 0.00311190, Rank: 10, 58/100, 194.83
2024-10-16 21:48:09,769 Energy: [-2.64998951 -3.28613015 -3.28714846 -3.29824767 -3.25866269 -3.24671586 -3.21583537 -3.26606918 -3.30345571 -3.30202005]
2024-10-16 21:48:13,107 Cos_Sim: 0.99999994, Fidelity: 0.90745906 0.49673491 0.00303449, Rank: 10, 59/100, 198.17
2024-10-16 21:48:13,107 Energy: [-2.65136256 -3.28585019 -3.28826078 -3.29911967 -3.25908537 -3.24932062 -3.21824762 -3.26636486 -3.30404624 -3.30255494]
2024-10-16 21:48:16,384 Cos_Sim: 0.99999994, Fidelity: 0.90554294 0.49588205 0.00313477, Rank: 10, 60/100, 201.44
2024-10-16 21:48:16,384 Energy: [-2.6504134  -3.2859799  -3.28786823 -3.29821552 -3.25960496 -3.24786769 -3.21683652 -3.266281   -3.30387728 -3.30247955]
2024-10-16 21:48:19,555 Cos_Sim: 0.99999994, Fidelity: 0.90494456 0.49589342 0.00311541, Rank: 10, 61/100, 204.61
2024-10-16 21:48:19,556 Energy: [-2.6490781  -3.2858265  -3.28739048 -3.29812526 -3.25874364 -3.24667847 -3.21666018 -3.2657733  -3.30332466 -3.30236025]
2024-10-16 21:48:22,821 Cos_Sim: 0.99999994, Fidelity: 0.90460184 0.49582936 0.00307775, Rank: 10, 62/100, 207.88
2024-10-16 21:48:22,822 Energy: [-2.64994442 -3.28598634 -3.28705538 -3.29802878 -3.25888357 -3.24657311 -3.21647362 -3.26590837 -3.30328405 -3.30234988]
2024-10-16 21:48:26,069 Cos_Sim: 1.00000000, Fidelity: 0.90575178 0.49576208 0.00328098, Rank: 10, 63/100, 211.13
2024-10-16 21:48:26,069 Energy: [-2.65031501 -3.28622035 -3.28730086 -3.29816536 -3.25851034 -3.24711388 -3.21572143 -3.26642589 -3.30396405 -3.3024185 ]
2024-10-16 21:48:29,330 Cos_Sim: 0.99999994, Fidelity: 0.90579270 0.49640740 0.00312306, Rank: 10, 64/100, 214.39
2024-10-16 21:48:29,330 Energy: [-2.65003245 -3.28642697 -3.28752149 -3.29864473 -3.2591541  -3.24817839 -3.21708133 -3.26595871 -3.30374949 -3.30247952]
2024-10-16 21:48:32,613 Cos_Sim: 1.00000000, Fidelity: 0.90491560 0.49575338 0.00315287, Rank: 10, 65/100, 217.67
2024-10-16 21:48:32,613 Energy: [-2.65015437 -3.28593926 -3.28709257 -3.29812934 -3.25907827 -3.24637929 -3.21645292 -3.26592847 -3.3035207  -3.30228753]
2024-10-16 21:48:35,919 Cos_Sim: 1.00000000, Fidelity: 0.90564414 0.49586861 0.00320152, Rank: 10, 66/100, 220.98
2024-10-16 21:48:35,919 Energy: [-2.65043631 -3.28597105 -3.28753757 -3.29817258 -3.25877109 -3.24688856 -3.21571377 -3.26581168 -3.30366103 -3.30222454]
2024-10-16 21:48:39,124 Cos_Sim: 0.99999994, Fidelity: 0.90512935 0.49590761 0.00314046, Rank: 10, 67/100, 224.18
2024-10-16 21:48:39,125 Energy: [-2.65076769 -3.28621693 -3.28729546 -3.29810697 -3.25902153 -3.24747455 -3.21653213 -3.26606422 -3.30362766 -3.3024364 ]
2024-10-16 21:48:42,392 Cos_Sim: 0.99999994, Fidelity: 0.90543375 0.49587082 0.00311943, Rank: 10, 68/100, 227.45
2024-10-16 21:48:42,393 Energy: [-2.65045522 -3.28644166 -3.28705235 -3.29838781 -3.25905612 -3.24757209 -3.21645794 -3.26641954 -3.30374894 -3.30232977]
2024-10-16 21:48:45,844 Cos_Sim: 1.00000000, Fidelity: 0.90456162 0.49565673 0.00313349, Rank: 10, 69/100, 230.90
2024-10-16 21:48:45,844 Energy: [-2.64915207 -3.28588852 -3.28715747 -3.29768893 -3.25833718 -3.2455178  -3.21499261 -3.26622122 -3.30294152 -3.30228686]
2024-10-16 21:48:49,052 Cos_Sim: 0.99999994, Fidelity: 0.90493461 0.49594357 0.00315783, Rank: 10, 70/100, 234.11
2024-10-16 21:48:49,053 Energy: [-2.64970545 -3.28617192 -3.2874333  -3.29807525 -3.25888237 -3.24692734 -3.21632506 -3.2659     -3.30349417 -3.30238526]
2024-10-16 21:48:52,417 Cos_Sim: 0.99999982, Fidelity: 0.90498394 0.49526562 0.00316926, Rank: 10, 71/100, 237.48
2024-10-16 21:48:52,417 Energy: [-2.64862382 -3.28474227 -3.2861481  -3.29766099 -3.25867094 -3.24358953 -3.21266725 -3.26539899 -3.30257275 -3.30205434]
2024-10-16 21:48:55,879 Cos_Sim: 0.99999994, Fidelity: 0.90474107 0.49588115 0.00311497, Rank: 10, 72/100, 240.94
2024-10-16 21:48:55,880 Energy: [-2.65043041 -3.28597985 -3.28723478 -3.29799884 -3.25840249 -3.246734   -3.21639876 -3.26616703 -3.3034088  -3.30228246]
2024-10-16 21:48:59,220 Cos_Sim: 0.99999982, Fidelity: 0.90445650 0.49601674 0.00309333, Rank: 10, 73/100, 244.28
2024-10-16 21:48:59,220 Energy: [-2.6496607  -3.28588758 -3.28717659 -3.29900311 -3.25833051 -3.24921101 -3.21690213 -3.26689094 -3.30366171 -3.30244943]
2024-10-16 21:49:02,686 Cos_Sim: 0.99999994, Fidelity: 0.90480676 0.49590425 0.00306817, Rank: 10, 74/100, 247.75
2024-10-16 21:49:02,686 Energy: [-2.6508752  -3.28595966 -3.28680018 -3.2981339  -3.25862784 -3.24597088 -3.21499451 -3.26611583 -3.30334083 -3.30211709]
2024-10-16 21:49:05,933 Cos_Sim: 0.99999994, Fidelity: 0.90477152 0.49582798 0.00312271, Rank: 10, 75/100, 250.99
2024-10-16 21:49:05,934 Energy: [-2.65158641 -3.28661454 -3.28737526 -3.29829581 -3.25911529 -3.24736978 -3.21699145 -3.26626562 -3.30373534 -3.30224252]
2024-10-16 21:49:09,504 Cos_Sim: 1.00000000, Fidelity: 0.90503750 0.49586668 0.00305925, Rank: 10, 76/100, 254.56
2024-10-16 21:49:09,504 Energy: [-2.65006006 -3.28575257 -3.28702445 -3.29849131 -3.25879898 -3.24831929 -3.21682998 -3.26659089 -3.30357528 -3.30239051]
2024-10-16 21:49:12,872 Cos_Sim: 0.99999994, Fidelity: 0.90659158 0.49597855 0.00332710, Rank: 10, 77/100, 257.93
2024-10-16 21:49:12,872 Energy: [-2.65087082 -3.28631117 -3.28686731 -3.29830442 -3.25848538 -3.2467074  -3.21653106 -3.26660269 -3.30408943 -3.3024969 ]
2024-10-16 21:49:16,114 Cos_Sim: 0.99999994, Fidelity: 0.90424417 0.49586333 0.00297898, Rank: 10, 78/100, 261.17
2024-10-16 21:49:16,114 Energy: [-2.6493848  -3.28577286 -3.28757703 -3.29818448 -3.25921117 -3.24725761 -3.21616486 -3.26627696 -3.30322312 -3.3022619 ]
2024-10-16 21:49:19,300 Cos_Sim: 0.99999994, Fidelity: 0.90511715 0.49558163 0.00321903, Rank: 10, 79/100, 264.36
2024-10-16 21:49:19,301 Energy: [-2.64988511 -3.28613628 -3.28726291 -3.29763781 -3.25900029 -3.24648571 -3.21647333 -3.2661867  -3.30352741 -3.30251889]
2024-10-16 21:49:22,750 Cos_Sim: 0.99999994, Fidelity: 0.90495080 0.49580706 0.00311835, Rank: 10, 80/100, 267.81
2024-10-16 21:49:22,750 Energy: [-2.64961667 -3.28550527 -3.28744402 -3.29770537 -3.25834214 -3.24642233 -3.21575399 -3.26533429 -3.30307838 -3.3018621 ]
2024-10-16 21:49:26,080 Cos_Sim: 0.99999994, Fidelity: 0.90542274 0.49601184 0.00312817, Rank: 10, 81/100, 271.14
2024-10-16 21:49:26,080 Energy: [-2.65001233 -3.28624247 -3.28756845 -3.29817043 -3.25934077 -3.24755128 -3.21604645 -3.26618461 -3.30375245 -3.30248992]
2024-10-16 21:49:29,237 Cos_Sim: 0.99999994, Fidelity: 0.90493940 0.49591752 0.00309217, Rank: 10, 82/100, 274.30
2024-10-16 21:49:29,237 Energy: [-2.64998478 -3.28647956 -3.28758541 -3.29838141 -3.25899124 -3.24813659 -3.2158385  -3.26584251 -3.30387509 -3.3021752 ]
2024-10-16 21:49:32,455 Cos_Sim: 0.99999994, Fidelity: 0.90468103 0.49579403 0.00312529, Rank: 10, 83/100, 277.51
2024-10-16 21:49:32,456 Energy: [-2.64986697 -3.28612756 -3.28731298 -3.29799593 -3.25891117 -3.24721827 -3.21663382 -3.26594958 -3.30358818 -3.30236441]
2024-10-16 21:49:35,900 Cos_Sim: 0.99999994, Fidelity: 0.90531723 0.49588863 0.00316825, Rank: 10, 84/100, 280.96
2024-10-16 21:49:35,900 Energy: [-2.65022673 -3.2860342  -3.28719982 -3.29826878 -3.25862398 -3.24703707 -3.21613834 -3.26603553 -3.30350581 -3.3022776 ]
2024-10-16 21:49:39,081 Cos_Sim: 1.00000000, Fidelity: 0.90425825 0.49557545 0.00301698, Rank: 10, 85/100, 284.14
2024-10-16 21:49:39,082 Energy: [-2.64908538 -3.28578175 -3.28689485 -3.29827852 -3.25817352 -3.24551272 -3.21496824 -3.26581567 -3.30293789 -3.30175375]
2024-10-16 21:49:42,306 Cos_Sim: 0.99999994, Fidelity: 0.90512183 0.49574507 0.00321178, Rank: 10, 86/100, 287.36
2024-10-16 21:49:42,306 Energy: [-2.65206022 -3.28602919 -3.28717141 -3.29829718 -3.2588792  -3.24636282 -3.21745654 -3.26676649 -3.30384793 -3.30275557]
2024-10-16 21:49:45,572 Cos_Sim: 0.99999994, Fidelity: 0.90480387 0.49583532 0.00305058, Rank: 10, 87/100, 290.63
2024-10-16 21:49:45,572 Energy: [-2.65084328 -3.28622288 -3.28712866 -3.29821563 -3.25855267 -3.24746297 -3.21686355 -3.26642121 -3.3035751  -3.30222208]
2024-10-16 21:49:48,842 Cos_Sim: 0.99999994, Fidelity: 0.90401281 0.49571845 0.00302845, Rank: 10, 88/100, 293.90
2024-10-16 21:49:48,843 Energy: [-2.6499387  -3.28572547 -3.2874862  -3.29806044 -3.25865066 -3.24669185 -3.21585469 -3.26592751 -3.30309538 -3.3022657 ]
2024-10-16 21:49:52,145 Cos_Sim: 0.99999994, Fidelity: 0.90642518 0.49608851 0.00324713, Rank: 10, 89/100, 297.20
2024-10-16 21:49:52,145 Energy: [-2.65035707 -3.28598469 -3.28714819 -3.29844884 -3.25858274 -3.24694628 -3.21617621 -3.26656277 -3.30369041 -3.302474  ]
2024-10-16 21:49:55,279 Cos_Sim: 1.00000000, Fidelity: 0.90434498 0.49592190 0.00307568, Rank: 10, 90/100, 300.34
2024-10-16 21:49:55,280 Energy: [-2.64991389 -3.28627997 -3.28747864 -3.2981091  -3.25915067 -3.24750483 -3.21680385 -3.26625678 -3.30348977 -3.30220308]
2024-10-16 21:49:58,645 Cos_Sim: 0.99999994, Fidelity: 0.90497810 0.49574583 0.00314833, Rank: 10, 91/100, 303.70
2024-10-16 21:49:58,645 Energy: [-2.6497949  -3.28578261 -3.28713868 -3.29794836 -3.25868359 -3.24680029 -3.2158226  -3.26594657 -3.30382047 -3.30229872]
2024-10-16 21:50:01,927 Cos_Sim: 0.99999994, Fidelity: 0.90488535 0.49578837 0.00313030, Rank: 10, 92/100, 306.99
2024-10-16 21:50:01,928 Energy: [-2.65067812 -3.28618771 -3.2871117  -3.29799601 -3.25863243 -3.2467618  -3.2161586  -3.26613106 -3.30364705 -3.3021558 ]
2024-10-16 21:50:05,194 Cos_Sim: 0.99999994, Fidelity: 0.90567271 0.49598389 0.00313393, Rank: 10, 93/100, 310.25
2024-10-16 21:50:05,194 Energy: [-2.65060056 -3.28600568 -3.28758115 -3.29831461 -3.25858595 -3.24715495 -3.21692937 -3.26620393 -3.3035615  -3.30223815]
2024-10-16 21:50:08,451 Cos_Sim: 0.99999994, Fidelity: 0.90459852 0.49591672 0.00316090, Rank: 10, 94/100, 313.51
2024-10-16 21:50:08,451 Energy: [-2.6511151  -3.28630199 -3.28687451 -3.29836286 -3.25891137 -3.24693539 -3.21748752 -3.2670705  -3.30317464 -3.3024775 ]
2024-10-16 21:50:11,810 Cos_Sim: 1.00000000, Fidelity: 0.90458256 0.49583815 0.00310098, Rank: 10, 95/100, 316.87
2024-10-16 21:50:11,811 Energy: [-2.65028292 -3.28584774 -3.28769283 -3.2985022  -3.25870056 -3.24739926 -3.21598477 -3.26629977 -3.30357453 -3.30226289]
2024-10-16 21:50:15,063 Cos_Sim: 0.99999994, Fidelity: 0.90545225 0.49574051 0.00321889, Rank: 10, 96/100, 320.12
2024-10-16 21:50:15,064 Energy: [-2.65001423 -3.28618105 -3.28756078 -3.29786573 -3.25918251 -3.24678467 -3.21481515 -3.26605508 -3.30366872 -3.30275355]
2024-10-16 21:50:18,284 Cos_Sim: 0.99999994, Fidelity: 0.90516908 0.49607080 0.00310845, Rank: 10, 97/100, 323.34
2024-10-16 21:50:18,284 Energy: [-2.65112195 -3.28652546 -3.28760631 -3.29836679 -3.25832523 -3.24794289 -3.21723028 -3.26577611 -3.30401667 -3.3023759 ]
2024-10-16 21:50:21,611 Cos_Sim: 1.00000000, Fidelity: 0.90574850 0.49595954 0.00316984, Rank: 10, 98/100, 326.67
2024-10-16 21:50:21,611 Energy: [-2.65065362 -3.28657549 -3.28753633 -3.2982586  -3.2591667  -3.24702396 -3.21730798 -3.26669049 -3.30377601 -3.30250805]
2024-10-16 21:50:24,785 Cos_Sim: 0.99999982, Fidelity: 0.90441439 0.49592434 0.00266537, Rank: 10, 99/100, 329.84
2024-10-16 21:50:24,785 Energy: [-2.65084131 -3.28613019 -3.28722447 -3.29833693 -3.25883571 -3.24800361 -3.21822782 -3.26603599 -3.30305104 -3.3022155 ]
2024-10-16 21:50:28,178 Cos_Sim: 0.99999994, Fidelity: 0.90652297 0.49580657 0.00343599, Rank: 10, 100/100, 333.24
2024-10-16 21:50:28,178 Energy: [-2.65033533 -3.28600758 -3.28687832 -3.29782565 -3.25856512 -3.24664455 -3.21594721 -3.26608951 -3.30467524 -3.30258306]
2024-10-16 21:50:28,180 Save: ./mats/VGON_nqd6_20241016_185128.mat with overlaps
