2024-12-22 17:33:04,489 PyTorch Device: cuda
2024-12-22 17:33:04,489 Number of qudits: 7
2024-12-22 17:33:04,489 Number of qubits: 14
2024-12-22 17:33:04,489 Weight Decay: 1e-02
2024-12-22 17:33:04,489 Learning Rate: 1e-02
2024-12-22 17:33:04,489 Coefficient phase: arctan(1/3)
2024-12-22 17:33:04,611 Ground State Energy: -3.79473319
2024-12-22 17:33:04,612 Degree of degeneracy: 4
2024-12-22 17:33:12,548 Loss: 2.61997336, 6.4147e+00, Fidelity: 0.00239623, 1/1000, 7.37
2024-12-22 17:33:19,679 Loss: 2.03886470, 5.8336e+00, Fidelity: 0.00288818, 2/1000, 14.51
2024-12-22 17:33:26,732 Loss: 1.63655591, 5.4313e+00, Fidelity: 0.00404868, 3/1000, 21.56
2024-12-22 17:33:33,885 Loss: 1.28268606, 5.0774e+00, Fidelity: 0.00625900, 4/1000, 28.71
2024-12-22 17:33:40,862 Loss: 0.97903506, 4.7738e+00, Fidelity: 0.01012686, 5/1000, 35.69
2024-12-22 17:33:48,176 Loss: 0.70533935, 4.5001e+00, Fidelity: 0.01658117, 6/1000, 43.00
2024-12-22 17:33:55,195 Loss: 0.44605767, 4.2408e+00, Fidelity: 0.02629357, 7/1000, 50.02
2024-12-22 17:34:02,534 Loss: 0.21334732, 4.0081e+00, Fidelity: 0.03935287, 8/1000, 57.36
2024-12-22 17:34:09,758 Loss: -0.00548984, 3.7892e+00, Fidelity: 0.05621781, 9/1000, 64.59
2024-12-22 17:34:16,907 Loss: -0.22735756, 3.5674e+00, Fidelity: 0.07670563, 10/1000, 71.73
2024-12-22 17:34:24,244 Loss: -0.44116821, 3.3536e+00, Fidelity: 0.10042618, 11/1000, 79.07
2024-12-22 17:34:32,047 Loss: -0.65537646, 3.1394e+00, Fidelity: 0.12605264, 12/1000, 86.87
2024-12-22 17:34:39,500 Loss: -0.86881891, 2.9259e+00, Fidelity: 0.15106179, 13/1000, 94.33
2024-12-22 17:34:47,003 Loss: -1.06429409, 2.7304e+00, Fidelity: 0.17450313, 14/1000, 101.83
2024-12-22 17:34:54,391 Loss: -1.23930653, 2.5554e+00, Fidelity: 0.19862315, 15/1000, 109.22
2024-12-22 17:35:01,501 Loss: -1.40115067, 2.3936e+00, Fidelity: 0.22624805, 16/1000, 116.33
2024-12-22 17:35:08,623 Loss: -1.55664360, 2.2381e+00, Fidelity: 0.25716392, 17/1000, 123.45
2024-12-22 17:35:15,741 Loss: -1.70765976, 2.0871e+00, Fidelity: 0.28834375, 18/1000, 130.57
2024-12-22 17:35:23,044 Loss: -1.85145123, 1.9433e+00, Fidelity: 0.31637628, 19/1000, 137.87
2024-12-22 17:35:30,176 Loss: -1.98029105, 1.8144e+00, Fidelity: 0.33873310, 20/1000, 145.00
2024-12-22 17:35:37,429 Loss: -2.08432379, 1.7104e+00, Fidelity: 0.35631445, 21/1000, 152.26
2024-12-22 17:35:44,604 Loss: -2.17587099, 1.6189e+00, Fidelity: 0.37006624, 22/1000, 159.43
2024-12-22 17:35:51,911 Loss: -2.26400482, 1.5307e+00, Fidelity: 0.38015928, 23/1000, 166.74
2024-12-22 17:35:59,051 Loss: -2.34451283, 1.4502e+00, Fidelity: 0.38915318, 24/1000, 173.88
2024-12-22 17:36:06,239 Loss: -2.42217877, 1.3726e+00, Fidelity: 0.39831891, 25/1000, 181.07
2024-12-22 17:36:13,511 Loss: -2.49192568, 1.3028e+00, Fidelity: 0.40884861, 26/1000, 188.34
2024-12-22 17:36:20,688 Loss: -2.55108768, 1.2436e+00, Fidelity: 0.42191038, 27/1000, 195.52
2024-12-22 17:36:27,836 Loss: -2.60875159, 1.1860e+00, Fidelity: 0.43528362, 28/1000, 202.66
2024-12-22 17:36:34,969 Loss: -2.66528037, 1.1295e+00, Fidelity: 0.44685695, 29/1000, 209.80
2024-12-22 17:36:42,259 Loss: -2.71727907, 1.0775e+00, Fidelity: 0.45728648, 30/1000, 217.09
2024-12-22 17:36:49,463 Loss: -2.76497032, 1.0298e+00, Fidelity: 0.46812103, 31/1000, 224.29
2024-12-22 17:36:56,532 Loss: -2.80925747, 9.8548e-01, Fidelity: 0.48035049, 32/1000, 231.36
2024-12-22 17:37:03,687 Loss: -2.85177480, 9.4296e-01, Fidelity: 0.49379704, 33/1000, 238.51
2024-12-22 17:37:11,098 Loss: -2.89608070, 8.9865e-01, Fidelity: 0.50717782, 34/1000, 245.93
2024-12-22 17:37:18,274 Loss: -2.93929566, 8.5544e-01, Fidelity: 0.52026901, 35/1000, 253.10
2024-12-22 17:37:25,457 Loss: -2.97597757, 8.1876e-01, Fidelity: 0.53352144, 36/1000, 260.28
2024-12-22 17:37:32,826 Loss: -3.00632670, 7.8841e-01, Fidelity: 0.54555693, 37/1000, 267.65
2024-12-22 17:37:39,905 Loss: -3.03184478, 7.6289e-01, Fidelity: 0.55532690, 38/1000, 274.73
2024-12-22 17:37:47,076 Loss: -3.05596109, 7.3877e-01, Fidelity: 0.56361353, 39/1000, 281.90
2024-12-22 17:37:54,188 Loss: -3.07932304, 7.1541e-01, Fidelity: 0.57172479, 40/1000, 289.01
2024-12-22 17:38:01,504 Loss: -3.10168889, 6.9304e-01, Fidelity: 0.57966910, 41/1000, 296.33
2024-12-22 17:38:08,669 Loss: -3.12321175, 6.7152e-01, Fidelity: 0.58745177, 42/1000, 303.50
2024-12-22 17:38:15,809 Loss: -3.14605479, 6.4868e-01, Fidelity: 0.59500971, 43/1000, 310.64
2024-12-22 17:38:23,060 Loss: -3.16845802, 6.2628e-01, Fidelity: 0.60267357, 44/1000, 317.89
2024-12-22 17:38:30,705 Loss: -3.18968656, 6.0505e-01, Fidelity: 0.61012057, 45/1000, 325.53
2024-12-22 17:38:38,019 Loss: -3.20862797, 5.8611e-01, Fidelity: 0.61689212, 46/1000, 332.85
2024-12-22 17:38:45,200 Loss: -3.22543473, 5.6930e-01, Fidelity: 0.62353525, 47/1000, 340.03
2024-12-22 17:38:52,480 Loss: -3.24212821, 5.5260e-01, Fidelity: 0.63042241, 48/1000, 347.31
2024-12-22 17:38:59,729 Loss: -3.25822518, 5.3651e-01, Fidelity: 0.63759643, 49/1000, 354.56
2024-12-22 17:39:06,890 Loss: -3.27350588, 5.2123e-01, Fidelity: 0.64506941, 50/1000, 361.72
2024-12-22 17:39:14,029 Loss: -3.28788268, 5.0685e-01, Fidelity: 0.65310813, 51/1000, 368.86
2024-12-22 17:39:21,333 Loss: -3.30190201, 4.9283e-01, Fidelity: 0.66201063, 52/1000, 376.16
2024-12-22 17:39:28,484 Loss: -3.31590450, 4.7883e-01, Fidelity: 0.67114840, 53/1000, 383.31
2024-12-22 17:39:35,612 Loss: -3.32954962, 4.6518e-01, Fidelity: 0.67945074, 54/1000, 390.44
2024-12-22 17:39:42,810 Loss: -3.34240666, 4.5233e-01, Fidelity: 0.68703977, 55/1000, 397.64
2024-12-22 17:39:50,118 Loss: -3.35381756, 4.4092e-01, Fidelity: 0.69505657, 56/1000, 404.95
2024-12-22 17:39:57,273 Loss: -3.36443296, 4.3030e-01, Fidelity: 0.70323584, 57/1000, 412.10
2024-12-22 17:40:04,436 Loss: -3.37482169, 4.1991e-01, Fidelity: 0.71071881, 58/1000, 419.26
2024-12-22 17:40:12,162 Loss: -3.38561047, 4.0912e-01, Fidelity: 0.71790647, 59/1000, 426.99
2024-12-22 17:40:19,576 Loss: -3.39638657, 3.9835e-01, Fidelity: 0.72558787, 60/1000, 434.40
2024-12-22 17:40:27,162 Loss: -3.40693241, 3.8780e-01, Fidelity: 0.73344851, 61/1000, 441.99
2024-12-22 17:40:34,515 Loss: -3.41731796, 3.7742e-01, Fidelity: 0.74093857, 62/1000, 449.34
2024-12-22 17:40:42,059 Loss: -3.42739103, 3.6734e-01, Fidelity: 0.74819960, 63/1000, 456.89
2024-12-22 17:40:49,354 Loss: -3.43707593, 3.5766e-01, Fidelity: 0.75529736, 64/1000, 464.18
2024-12-22 17:40:56,574 Loss: -3.44646533, 3.4827e-01, Fidelity: 0.76229489, 65/1000, 471.40
2024-12-22 17:41:03,782 Loss: -3.45560681, 3.3913e-01, Fidelity: 0.76988112, 66/1000, 478.61
2024-12-22 17:41:11,207 Loss: -3.46459987, 3.3013e-01, Fidelity: 0.77802913, 67/1000, 486.03
2024-12-22 17:41:18,450 Loss: -3.47343771, 3.2130e-01, Fidelity: 0.78570745, 68/1000, 493.28
2024-12-22 17:41:25,757 Loss: -3.48204811, 3.1269e-01, Fidelity: 0.79269402, 69/1000, 500.58
2024-12-22 17:41:33,231 Loss: -3.49040858, 3.0432e-01, Fidelity: 0.79976485, 70/1000, 508.06
2024-12-22 17:41:40,592 Loss: -3.49848769, 2.9625e-01, Fidelity: 0.80707549, 71/1000, 515.42
2024-12-22 17:41:47,794 Loss: -3.50642652, 2.8831e-01, Fidelity: 0.81403333, 72/1000, 522.62
2024-12-22 17:41:55,056 Loss: -3.51425083, 2.8048e-01, Fidelity: 0.82044142, 73/1000, 529.88
2024-12-22 17:42:02,471 Loss: -3.52196941, 2.7276e-01, Fidelity: 0.82641854, 74/1000, 537.30
2024-12-22 17:42:09,755 Loss: -3.52959096, 2.6514e-01, Fidelity: 0.83210957, 75/1000, 544.58
2024-12-22 17:42:17,066 Loss: -3.53719247, 2.5754e-01, Fidelity: 0.83786410, 76/1000, 551.89
2024-12-22 17:42:24,302 Loss: -3.54471876, 2.5001e-01, Fidelity: 0.84380826, 77/1000, 559.13
2024-12-22 17:42:31,670 Loss: -3.55219365, 2.4254e-01, Fidelity: 0.84973618, 78/1000, 566.50
2024-12-22 17:42:38,906 Loss: -3.55960990, 2.3512e-01, Fidelity: 0.85576920, 79/1000, 573.73
2024-12-22 17:42:46,211 Loss: -3.56691633, 2.2782e-01, Fidelity: 0.86201386, 80/1000, 581.04
2024-12-22 17:42:53,605 Loss: -3.57421547, 2.2052e-01, Fidelity: 0.86797430, 81/1000, 588.43
2024-12-22 17:43:00,882 Loss: -3.58143561, 2.1330e-01, Fidelity: 0.87348236, 82/1000, 595.71
2024-12-22 17:43:08,115 Loss: -3.58862620, 2.0611e-01, Fidelity: 0.87889942, 83/1000, 602.94
2024-12-22 17:43:15,418 Loss: -3.59579182, 1.9894e-01, Fidelity: 0.88429947, 84/1000, 610.24
2024-12-22 17:43:22,852 Loss: -3.60288551, 1.9185e-01, Fidelity: 0.88956538, 85/1000, 617.68
2024-12-22 17:43:30,116 Loss: -3.60987110, 1.8486e-01, Fidelity: 0.89476938, 86/1000, 624.94
2024-12-22 17:43:37,314 Loss: -3.61677360, 1.7796e-01, Fidelity: 0.89995481, 87/1000, 632.14
2024-12-22 17:43:44,544 Loss: -3.62356175, 1.7117e-01, Fidelity: 0.90515840, 88/1000, 639.37
2024-12-22 17:43:51,969 Loss: -3.63024132, 1.6449e-01, Fidelity: 0.91040799, 89/1000, 646.80
2024-12-22 17:43:59,311 Loss: -3.63680785, 1.5793e-01, Fidelity: 0.91545590, 90/1000, 654.14
2024-12-22 17:44:06,611 Loss: -3.64320689, 1.5153e-01, Fidelity: 0.92016543, 91/1000, 661.44
2024-12-22 17:44:14,089 Loss: -3.64944539, 1.4529e-01, Fidelity: 0.92476693, 92/1000, 668.92
2024-12-22 17:44:21,345 Loss: -3.65551823, 1.3921e-01, Fidelity: 0.92934100, 93/1000, 676.17
2024-12-22 17:44:28,596 Loss: -3.66139258, 1.3334e-01, Fidelity: 0.93373362, 94/1000, 683.42
2024-12-22 17:44:35,807 Loss: -3.66708263, 1.2765e-01, Fidelity: 0.93787285, 95/1000, 690.63
2024-12-22 17:44:43,264 Loss: -3.67253313, 1.2220e-01, Fidelity: 0.94177633, 96/1000, 698.09
2024-12-22 17:44:50,464 Loss: -3.67779052, 1.1694e-01, Fidelity: 0.94548174, 97/1000, 705.29
2024-12-22 17:44:57,749 Loss: -3.68282294, 1.1191e-01, Fidelity: 0.94903988, 98/1000, 712.58
2024-12-22 17:45:05,082 Loss: -3.68766932, 1.0706e-01, Fidelity: 0.95237707, 99/1000, 719.91
2024-12-22 17:45:12,472 Loss: -3.69228534, 1.0245e-01, Fidelity: 0.95547789, 100/1000, 727.30
2024-12-22 17:45:19,761 Loss: -3.69668774, 9.8045e-02, Fidelity: 0.95840416, 101/1000, 734.59
2024-12-22 17:45:27,029 Loss: -3.70088792, 9.3845e-02, Fidelity: 0.96111402, 102/1000, 741.86
2024-12-22 17:45:34,459 Loss: -3.70489250, 8.9841e-02, Fidelity: 0.96358187, 103/1000, 749.29
2024-12-22 17:45:41,741 Loss: -3.70870163, 8.6032e-02, Fidelity: 0.96588557, 104/1000, 756.57
2024-12-22 17:45:48,942 Loss: -3.71233352, 8.2400e-02, Fidelity: 0.96802831, 105/1000, 763.77
2024-12-22 17:45:56,120 Loss: -3.71578107, 7.8952e-02, Fidelity: 0.96999324, 106/1000, 770.95
2024-12-22 17:46:03,524 Loss: -3.71907290, 7.5660e-02, Fidelity: 0.97180089, 107/1000, 778.35
2024-12-22 17:46:10,796 Loss: -3.72219407, 7.2539e-02, Fidelity: 0.97345966, 108/1000, 785.62
2024-12-22 17:46:18,026 Loss: -3.72517863, 6.9555e-02, Fidelity: 0.97498340, 109/1000, 792.85
2024-12-22 17:46:25,253 Loss: -3.72803694, 6.6696e-02, Fidelity: 0.97638225, 110/1000, 800.08
2024-12-22 17:46:32,719 Loss: -3.73074439, 6.3989e-02, Fidelity: 0.97764925, 111/1000, 807.55
2024-12-22 17:46:40,046 Loss: -3.73332842, 6.1405e-02, Fidelity: 0.97881270, 112/1000, 814.87
2024-12-22 17:46:47,291 Loss: -3.73577754, 5.8956e-02, Fidelity: 0.97991543, 113/1000, 822.12
2024-12-22 17:46:54,761 Loss: -3.73811899, 5.6614e-02, Fidelity: 0.98093986, 114/1000, 829.59
2024-12-22 17:47:02,009 Loss: -3.74032640, 5.4407e-02, Fidelity: 0.98188610, 115/1000, 836.84
2024-12-22 17:47:09,224 Loss: -3.74244628, 5.2287e-02, Fidelity: 0.98275553, 116/1000, 844.05
2024-12-22 17:47:16,538 Loss: -3.74444807, 5.0285e-02, Fidelity: 0.98356635, 117/1000, 851.37
2024-12-22 17:47:23,996 Loss: -3.74635455, 4.8379e-02, Fidelity: 0.98432896, 118/1000, 858.82
2024-12-22 17:47:31,192 Loss: -3.74816905, 4.6564e-02, Fidelity: 0.98502724, 119/1000, 866.02
2024-12-22 17:47:38,346 Loss: -3.74988520, 4.4848e-02, Fidelity: 0.98566733, 120/1000, 873.17
2024-12-22 17:47:45,658 Loss: -3.75152738, 4.3206e-02, Fidelity: 0.98627547, 121/1000, 880.49
2024-12-22 17:47:53,058 Loss: -3.75308629, 4.1647e-02, Fidelity: 0.98685547, 122/1000, 887.89
2024-12-22 17:48:00,292 Loss: -3.75457802, 4.0155e-02, Fidelity: 0.98739296, 123/1000, 895.12
2024-12-22 17:48:07,509 Loss: -3.75598342, 3.8750e-02, Fidelity: 0.98790270, 124/1000, 902.34
2024-12-22 17:48:14,936 Loss: -3.75734170, 3.7391e-02, Fidelity: 0.98838917, 125/1000, 909.76
2024-12-22 17:48:22,181 Loss: -3.75863124, 3.6102e-02, Fidelity: 0.98885471, 126/1000, 917.01
2024-12-22 17:48:29,416 Loss: -3.75986262, 3.4871e-02, Fidelity: 0.98929723, 127/1000, 924.24
2024-12-22 17:48:36,661 Loss: -3.76104968, 3.3684e-02, Fidelity: 0.98971430, 128/1000, 931.49
2024-12-22 17:48:44,035 Loss: -3.76217691, 3.2556e-02, Fidelity: 0.99011366, 129/1000, 938.86
2024-12-22 17:48:51,275 Loss: -3.76326690, 3.1466e-02, Fidelity: 0.99048815, 130/1000, 946.10
2024-12-22 17:48:58,480 Loss: -3.76429826, 3.0435e-02, Fidelity: 0.99084622, 131/1000, 953.31
2024-12-22 17:49:05,702 Loss: -3.76529711, 2.9436e-02, Fidelity: 0.99119244, 132/1000, 960.53
2024-12-22 17:49:13,144 Loss: -3.76626484, 2.8468e-02, Fidelity: 0.99152316, 133/1000, 967.97
2024-12-22 17:49:20,334 Loss: -3.76719295, 2.7540e-02, Fidelity: 0.99183673, 134/1000, 975.16
2024-12-22 17:49:27,638 Loss: -3.76806742, 2.6666e-02, Fidelity: 0.99213962, 135/1000, 982.47
2024-12-22 17:49:35,010 Loss: -3.76892228, 2.5811e-02, Fidelity: 0.99242709, 136/1000, 989.84
2024-12-22 17:49:42,270 Loss: -3.76973772, 2.4995e-02, Fidelity: 0.99270332, 137/1000, 997.10
2024-12-22 17:49:49,519 Loss: -3.77052492, 2.4208e-02, Fidelity: 0.99296595, 138/1000, 1004.35
2024-12-22 17:49:56,788 Loss: -3.77127897, 2.3454e-02, Fidelity: 0.99321573, 139/1000, 1011.62
2024-12-22 17:50:04,133 Loss: -3.77200516, 2.2728e-02, Fidelity: 0.99345563, 140/1000, 1018.96
2024-12-22 17:50:11,401 Loss: -3.77270815, 2.2025e-02, Fidelity: 0.99368724, 141/1000, 1026.23
2024-12-22 17:50:18,599 Loss: -3.77338923, 2.1344e-02, Fidelity: 0.99390689, 142/1000, 1033.43
2024-12-22 17:50:25,782 Loss: -3.77402758, 2.0706e-02, Fidelity: 0.99412032, 143/1000, 1040.61
2024-12-22 17:50:33,241 Loss: -3.77465634, 2.0077e-02, Fidelity: 0.99432312, 144/1000, 1048.07
2024-12-22 17:50:40,490 Loss: -3.77524607, 1.9487e-02, Fidelity: 0.99452088, 145/1000, 1055.32
2024-12-22 17:50:47,796 Loss: -3.77582972, 1.8903e-02, Fidelity: 0.99470759, 146/1000, 1062.62
2024-12-22 17:50:55,098 Loss: -3.77638590, 1.8347e-02, Fidelity: 0.99488753, 147/1000, 1069.93
2024-12-22 17:51:02,281 Loss: -3.77692686, 1.7806e-02, Fidelity: 0.99505895, 148/1000, 1077.11
2024-12-22 17:51:09,497 Loss: -3.77744200, 1.7291e-02, Fidelity: 0.99522145, 149/1000, 1084.32
2024-12-22 17:51:16,739 Loss: -3.77793145, 1.6802e-02, Fidelity: 0.99537699, 150/1000, 1091.57
2024-12-22 17:51:24,135 Loss: -3.77840033, 1.6333e-02, Fidelity: 0.99552968, 151/1000, 1098.96
2024-12-22 17:51:31,323 Loss: -3.77886871, 1.5864e-02, Fidelity: 0.99567335, 152/1000, 1106.15
2024-12-22 17:51:38,501 Loss: -3.77930667, 1.5427e-02, Fidelity: 0.99581091, 153/1000, 1113.33
2024-12-22 17:51:45,791 Loss: -3.77972770, 1.5005e-02, Fidelity: 0.99594579, 154/1000, 1120.62
2024-12-22 17:51:53,285 Loss: -3.78014493, 1.4588e-02, Fidelity: 0.99607090, 155/1000, 1128.11
2024-12-22 17:52:00,493 Loss: -3.78052803, 1.4205e-02, Fidelity: 0.99619338, 156/1000, 1135.32
2024-12-22 17:52:07,737 Loss: -3.78091355, 1.3820e-02, Fidelity: 0.99631251, 157/1000, 1142.56
2024-12-22 17:52:15,188 Loss: -3.78129246, 1.3441e-02, Fidelity: 0.99642200, 158/1000, 1150.02
2024-12-22 17:52:22,554 Loss: -3.78163289, 1.3100e-02, Fidelity: 0.99652846, 159/1000, 1157.38
2024-12-22 17:52:29,883 Loss: -3.78196870, 1.2764e-02, Fidelity: 0.99663128, 160/1000, 1164.71
2024-12-22 17:52:37,134 Loss: -3.78229737, 1.2436e-02, Fidelity: 0.99673009, 161/1000, 1171.96
2024-12-22 17:52:44,541 Loss: -3.78261660, 1.2117e-02, Fidelity: 0.99682348, 162/1000, 1179.37
2024-12-22 17:52:51,740 Loss: -3.78291954, 1.1814e-02, Fidelity: 0.99691254, 163/1000, 1186.57
2024-12-22 17:52:58,973 Loss: -3.78320973, 1.1523e-02, Fidelity: 0.99699872, 164/1000, 1193.80
2024-12-22 17:53:06,337 Loss: -3.78349332, 1.1240e-02, Fidelity: 0.99708071, 165/1000, 1201.16
2024-12-22 17:53:13,768 Loss: -3.78376353, 1.0970e-02, Fidelity: 0.99716001, 166/1000, 1208.60
2024-12-22 17:53:21,047 Loss: -3.78402700, 1.0706e-02, Fidelity: 0.99723673, 167/1000, 1215.87
2024-12-22 17:53:28,286 Loss: -3.78428651, 1.0447e-02, Fidelity: 0.99730903, 168/1000, 1223.11
2024-12-22 17:53:35,703 Loss: -3.78453142, 1.0202e-02, Fidelity: 0.99737742, 169/1000, 1230.53
2024-12-22 17:53:43,035 Loss: -3.78476266, 9.9705e-03, Fidelity: 0.99744423, 170/1000, 1237.86
2024-12-22 17:53:50,311 Loss: -3.78499291, 9.7403e-03, Fidelity: 0.99750675, 171/1000, 1245.14
2024-12-22 17:53:57,641 Loss: -3.78520766, 9.5255e-03, Fidelity: 0.99756908, 172/1000, 1252.47
2024-12-22 17:54:05,091 Loss: -3.78542643, 9.3068e-03, Fidelity: 0.99762839, 173/1000, 1259.92
2024-12-22 17:54:12,436 Loss: -3.78563696, 9.0962e-03, Fidelity: 0.99768481, 174/1000, 1267.26
2024-12-22 17:54:19,600 Loss: -3.78583942, 8.8938e-03, Fidelity: 0.99773795, 175/1000, 1274.43
2024-12-22 17:54:26,824 Loss: -3.78602916, 8.7040e-03, Fidelity: 0.99778970, 176/1000, 1281.65
2024-12-22 17:54:34,227 Loss: -3.78621513, 8.5181e-03, Fidelity: 0.99784033, 177/1000, 1289.05
2024-12-22 17:54:41,464 Loss: -3.78639914, 8.3341e-03, Fidelity: 0.99788821, 178/1000, 1296.29
2024-12-22 17:54:48,725 Loss: -3.78657183, 8.1614e-03, Fidelity: 0.99793654, 179/1000, 1303.55
2024-12-22 17:54:56,182 Loss: -3.78675003, 7.9832e-03, Fidelity: 0.99798112, 180/1000, 1311.01
2024-12-22 17:55:03,443 Loss: -3.78691260, 7.8206e-03, Fidelity: 0.99802521, 181/1000, 1318.27
2024-12-22 17:55:10,730 Loss: -3.78707632, 7.6569e-03, Fidelity: 0.99806446, 182/1000, 1325.56
2024-12-22 17:55:18,055 Loss: -3.78721751, 7.5157e-03, Fidelity: 0.99810722, 183/1000, 1332.88
2024-12-22 17:55:25,445 Loss: -3.78737975, 7.3534e-03, Fidelity: 0.99814590, 184/1000, 1340.27
2024-12-22 17:55:32,718 Loss: -3.78752236, 7.2108e-03, Fidelity: 0.99818389, 185/1000, 1347.55
2024-12-22 17:55:39,987 Loss: -3.78766405, 7.0691e-03, Fidelity: 0.99821991, 186/1000, 1354.81
2024-12-22 17:55:47,242 Loss: -3.78779747, 6.9357e-03, Fidelity: 0.99825505, 187/1000, 1362.07
2024-12-22 17:55:54,652 Loss: -3.78792973, 6.8035e-03, Fidelity: 0.99828524, 188/1000, 1369.48
2024-12-22 17:56:01,884 Loss: -3.78804216, 6.6910e-03, Fidelity: 0.99831289, 189/1000, 1376.71
2024-12-22 17:56:09,089 Loss: -3.78815004, 6.5832e-03, Fidelity: 0.99831999, 190/1000, 1383.92
2024-12-22 17:56:16,519 Loss: -3.78818007, 6.5531e-03, Fidelity: 0.99829810, 191/1000, 1391.35
2024-12-22 17:56:23,789 Loss: -3.78811278, 6.6204e-03, Fidelity: 0.99817365, 192/1000, 1398.62
2024-12-22 17:56:30,968 Loss: -3.78769033, 7.0429e-03, Fidelity: 0.99781156, 193/1000, 1405.80
2024-12-22 17:56:38,278 Loss: -3.78641393, 8.3193e-03, Fidelity: 0.99688484, 194/1000, 1413.11
2024-12-22 17:56:45,755 Loss: -3.78319121, 1.1542e-02, Fidelity: 0.99505430, 195/1000, 1420.58
2024-12-22 17:56:53,079 Loss: -3.77672420, 1.8009e-02, Fidelity: 0.99308917, 196/1000, 1427.91
2024-12-22 17:57:00,305 Loss: -3.76987295, 2.4860e-02, Fidelity: 0.99369412, 197/1000, 1435.13
2024-12-22 17:57:07,593 Loss: -3.77186580, 2.2867e-02, Fidelity: 0.99711692, 198/1000, 1442.42
2024-12-22 17:57:14,972 Loss: -3.78405773, 1.0675e-02, Fidelity: 0.99843183, 199/1000, 1449.80
2024-12-22 17:57:22,196 Loss: -3.78864634, 6.0869e-03, Fidelity: 0.99633827, 200/1000, 1457.02
2024-12-22 17:57:29,490 Loss: -3.78130884, 1.3424e-02, Fidelity: 0.99555715, 201/1000, 1464.32
2024-12-22 17:57:36,919 Loss: -3.77883209, 1.5901e-02, Fidelity: 0.99775822, 202/1000, 1471.75
2024-12-22 17:57:44,187 Loss: -3.78629960, 8.4336e-03, Fidelity: 0.99839368, 203/1000, 1479.01
2024-12-22 17:57:51,386 Loss: -3.78858078, 6.1524e-03, Fidelity: 0.99685596, 204/1000, 1486.21
2024-12-22 17:57:58,621 Loss: -3.78347488, 1.1258e-02, Fidelity: 0.99704996, 205/1000, 1493.45
2024-12-22 17:58:06,010 Loss: -3.78403545, 1.0698e-02, Fidelity: 0.99847375, 206/1000, 1500.84
2024-12-22 17:58:13,242 Loss: -3.78887955, 5.8536e-03, Fidelity: 0.99812109, 207/1000, 1508.07
2024-12-22 17:58:20,487 Loss: -3.78777813, 6.9551e-03, Fidelity: 0.99735607, 208/1000, 1515.31
2024-12-22 17:58:27,726 Loss: -3.78519797, 9.5352e-03, Fidelity: 0.99813986, 209/1000, 1522.55
2024-12-22 17:58:35,089 Loss: -3.78786446, 6.8687e-03, Fidelity: 0.99865381, 210/1000, 1529.92
2024-12-22 17:58:42,291 Loss: -3.78954143, 5.1918e-03, Fidelity: 0.99797929, 211/1000, 1537.12
2024-12-22 17:58:49,486 Loss: -3.78734748, 7.3857e-03, Fidelity: 0.99802186, 212/1000, 1544.31
2024-12-22 17:58:56,851 Loss: -3.78758348, 7.1497e-03, Fidelity: 0.99872355, 213/1000, 1551.68
2024-12-22 17:59:04,080 Loss: -3.78983768, 4.8955e-03, Fidelity: 0.99853432, 214/1000, 1558.91
2024-12-22 17:59:11,295 Loss: -3.78914092, 5.5923e-03, Fidelity: 0.99816293, 215/1000, 1566.12
2024-12-22 17:59:18,564 Loss: -3.78810253, 6.6307e-03, Fidelity: 0.99862310, 216/1000, 1573.39
2024-12-22 17:59:26,037 Loss: -3.78957092, 5.1623e-03, Fidelity: 0.99885445, 217/1000, 1580.86
2024-12-22 17:59:33,248 Loss: -3.79018026, 4.5529e-03, Fidelity: 0.99848269, 218/1000, 1588.08
2024-12-22 17:59:40,447 Loss: -3.78913520, 5.5980e-03, Fidelity: 0.99856712, 219/1000, 1595.27
2024-12-22 17:59:47,667 Loss: -3.78941562, 5.3176e-03, Fidelity: 0.99892091, 220/1000, 1602.49
2024-12-22 17:59:55,031 Loss: -3.79044238, 4.2908e-03, Fidelity: 0.99879271, 221/1000, 1609.86
2024-12-22 18:00:02,277 Loss: -3.79014574, 4.5875e-03, Fidelity: 0.99867240, 222/1000, 1617.10
2024-12-22 18:00:09,536 Loss: -3.78974065, 4.9925e-03, Fidelity: 0.99887467, 223/1000, 1624.36
2024-12-22 18:00:17,010 Loss: -3.79034627, 4.3869e-03, Fidelity: 0.99894260, 224/1000, 1631.84
2024-12-22 18:00:24,187 Loss: -3.79065930, 4.0739e-03, Fidelity: 0.99886786, 225/1000, 1639.01
2024-12-22 18:00:31,374 Loss: -3.79034740, 4.3858e-03, Fidelity: 0.99887547, 226/1000, 1646.20
2024-12-22 18:00:38,602 Loss: -3.79038609, 4.3471e-03, Fidelity: 0.99897362, 227/1000, 1653.43
2024-12-22 18:00:46,019 Loss: -3.79078072, 3.9525e-03, Fidelity: 0.99901860, 228/1000, 1660.85
2024-12-22 18:00:53,239 Loss: -3.79083567, 3.8975e-03, Fidelity: 0.99895804, 229/1000, 1668.07
2024-12-22 18:01:00,445 Loss: -3.79069573, 4.0375e-03, Fidelity: 0.99899253, 230/1000, 1675.27
2024-12-22 18:01:07,792 Loss: -3.79083934, 3.8939e-03, Fidelity: 0.99907815, 231/1000, 1682.62
2024-12-22 18:01:15,169 Loss: -3.79104662, 3.6866e-03, Fidelity: 0.99904771, 232/1000, 1690.00
2024-12-22 18:01:22,357 Loss: -3.79103061, 3.7026e-03, Fidelity: 0.99904763, 233/1000, 1697.18
2024-12-22 18:01:29,523 Loss: -3.79100197, 3.7312e-03, Fidelity: 0.99909499, 234/1000, 1704.35
2024-12-22 18:01:36,910 Loss: -3.79114046, 3.5927e-03, Fidelity: 0.99910705, 235/1000, 1711.74
2024-12-22 18:01:44,146 Loss: -3.79126172, 3.4715e-03, Fidelity: 0.99912459, 236/1000, 1718.97
2024-12-22 18:01:51,383 Loss: -3.79124816, 3.4850e-03, Fidelity: 0.99912535, 237/1000, 1726.21
2024-12-22 18:01:58,609 Loss: -3.79127466, 3.4585e-03, Fidelity: 0.99913429, 238/1000, 1733.44
2024-12-22 18:02:05,966 Loss: -3.79136484, 3.3683e-03, Fidelity: 0.99917408, 239/1000, 1740.79
2024-12-22 18:02:13,262 Loss: -3.79143184, 3.3013e-03, Fidelity: 0.99917002, 240/1000, 1748.09
2024-12-22 18:02:20,410 Loss: -3.79146120, 3.2720e-03, Fidelity: 0.99917424, 241/1000, 1755.24
2024-12-22 18:02:27,589 Loss: -3.79148882, 3.2444e-03, Fidelity: 0.99919728, 242/1000, 1762.42
2024-12-22 18:02:35,000 Loss: -3.79153092, 3.2023e-03, Fidelity: 0.99919713, 243/1000, 1769.83
2024-12-22 18:02:42,223 Loss: -3.79158294, 3.1503e-03, Fidelity: 0.99922174, 244/1000, 1777.05
2024-12-22 18:02:49,395 Loss: -3.79163987, 3.0933e-03, Fidelity: 0.99922960, 245/1000, 1784.22
2024-12-22 18:02:56,690 Loss: -3.79167131, 3.0619e-03, Fidelity: 0.99922087, 246/1000, 1791.52
2024-12-22 18:03:03,818 Loss: -3.79168144, 3.0518e-03, Fidelity: 0.99924820, 247/1000, 1798.65
2024-12-22 18:03:10,907 Loss: -3.79172796, 3.0052e-03, Fidelity: 0.99925615, 248/1000, 1805.73
2024-12-22 18:03:18,050 Loss: -3.79179133, 2.9419e-03, Fidelity: 0.99926158, 249/1000, 1812.88
2024-12-22 18:03:25,330 Loss: -3.79181995, 2.9132e-03, Fidelity: 0.99927232, 250/1000, 1820.16
2024-12-22 18:03:32,446 Loss: -3.79183086, 2.9023e-03, Fidelity: 0.99926832, 251/1000, 1827.27
2024-12-22 18:03:39,536 Loss: -3.79185974, 2.8735e-03, Fidelity: 0.99929558, 252/1000, 1834.36
2024-12-22 18:03:46,640 Loss: -3.79192065, 2.8125e-03, Fidelity: 0.99929984, 253/1000, 1841.47
2024-12-22 18:03:53,900 Loss: -3.79194514, 2.7881e-03, Fidelity: 0.99929361, 254/1000, 1848.73
2024-12-22 18:04:00,997 Loss: -3.79195357, 2.7796e-03, Fidelity: 0.99931075, 255/1000, 1855.82
2024-12-22 18:04:08,149 Loss: -3.79197568, 2.7575e-03, Fidelity: 0.99931466, 256/1000, 1862.98
2024-12-22 18:04:15,433 Loss: -3.79202466, 2.7085e-03, Fidelity: 0.99932997, 257/1000, 1870.26
2024-12-22 18:04:22,540 Loss: -3.79206529, 2.6679e-03, Fidelity: 0.99933543, 258/1000, 1877.37
2024-12-22 18:04:29,615 Loss: -3.79208014, 2.6531e-03, Fidelity: 0.99932866, 259/1000, 1884.44
2024-12-22 18:04:36,870 Loss: -3.79208519, 2.6480e-03, Fidelity: 0.99934688, 260/1000, 1891.70
2024-12-22 18:04:44,165 Loss: -3.79211933, 2.6139e-03, Fidelity: 0.99935330, 261/1000, 1898.99
2024-12-22 18:04:51,286 Loss: -3.79216702, 2.5662e-03, Fidelity: 0.99935841, 262/1000, 1906.11
2024-12-22 18:04:58,351 Loss: -3.79218135, 2.5518e-03, Fidelity: 0.99936508, 263/1000, 1913.18
2024-12-22 18:05:05,441 Loss: -3.79219384, 2.5394e-03, Fidelity: 0.99936352, 264/1000, 1920.27
2024-12-22 18:05:12,790 Loss: -3.79221839, 2.5148e-03, Fidelity: 0.99937935, 265/1000, 1927.62
2024-12-22 18:05:19,893 Loss: -3.79225225, 2.4809e-03, Fidelity: 0.99938502, 266/1000, 1934.72
2024-12-22 18:05:26,977 Loss: -3.79228595, 2.4472e-03, Fidelity: 0.99938809, 267/1000, 1941.80
2024-12-22 18:05:34,267 Loss: -3.79230364, 2.4296e-03, Fidelity: 0.99939641, 268/1000, 1949.09
2024-12-22 18:05:41,440 Loss: -3.79232041, 2.4128e-03, Fidelity: 0.99939687, 269/1000, 1956.27
2024-12-22 18:05:48,545 Loss: -3.79234844, 2.3848e-03, Fidelity: 0.99940889, 270/1000, 1963.37
2024-12-22 18:05:55,665 Loss: -3.79237430, 2.3589e-03, Fidelity: 0.99940992, 271/1000, 1970.49
2024-12-22 18:06:02,996 Loss: -3.79238029, 2.3529e-03, Fidelity: 0.99941361, 272/1000, 1977.82
2024-12-22 18:06:10,148 Loss: -3.79240396, 2.3292e-03, Fidelity: 0.99942264, 273/1000, 1984.98
2024-12-22 18:06:17,301 Loss: -3.79242541, 2.3078e-03, Fidelity: 0.99942196, 274/1000, 1992.13
2024-12-22 18:06:24,415 Loss: -3.79243970, 2.2935e-03, Fidelity: 0.99943157, 275/1000, 1999.24
2024-12-22 18:06:31,718 Loss: -3.79246464, 2.2686e-03, Fidelity: 0.99943501, 276/1000, 2006.55
2024-12-22 18:06:38,830 Loss: -3.79248294, 2.2503e-03, Fidelity: 0.99944129, 277/1000, 2013.66
2024-12-22 18:06:45,992 Loss: -3.79251180, 2.2214e-03, Fidelity: 0.99944721, 278/1000, 2020.82
2024-12-22 18:06:53,287 Loss: -3.79252752, 2.2057e-03, Fidelity: 0.99944921, 279/1000, 2028.11
2024-12-22 18:07:00,413 Loss: -3.79254522, 2.1880e-03, Fidelity: 0.99945560, 280/1000, 2035.24
2024-12-22 18:07:07,558 Loss: -3.79256248, 2.1707e-03, Fidelity: 0.99945702, 281/1000, 2042.39
2024-12-22 18:07:14,721 Loss: -3.79257031, 2.1629e-03, Fidelity: 0.99946378, 282/1000, 2049.55
2024-12-22 18:07:22,051 Loss: -3.79259861, 2.1346e-03, Fidelity: 0.99946906, 283/1000, 2056.88
2024-12-22 18:07:29,191 Loss: -3.79261698, 2.1162e-03, Fidelity: 0.99947128, 284/1000, 2064.02
2024-12-22 18:07:36,326 Loss: -3.79262936, 2.1038e-03, Fidelity: 0.99947806, 285/1000, 2071.15
2024-12-22 18:07:43,468 Loss: -3.79265243, 2.0808e-03, Fidelity: 0.99947765, 286/1000, 2078.29
2024-12-22 18:07:50,767 Loss: -3.79265228, 2.0809e-03, Fidelity: 0.99948420, 287/1000, 2085.59
2024-12-22 18:07:57,886 Loss: -3.79267677, 2.0564e-03, Fidelity: 0.99948788, 288/1000, 2092.71
2024-12-22 18:08:05,000 Loss: -3.79269402, 2.0392e-03, Fidelity: 0.99949332, 289/1000, 2099.83
2024-12-22 18:08:12,295 Loss: -3.79271529, 2.0179e-03, Fidelity: 0.99949345, 290/1000, 2107.12
2024-12-22 18:08:19,448 Loss: -3.79271370, 2.0195e-03, Fidelity: 0.99949709, 291/1000, 2114.28
2024-12-22 18:08:26,602 Loss: -3.79272659, 2.0066e-03, Fidelity: 0.99949886, 292/1000, 2121.43
2024-12-22 18:08:33,776 Loss: -3.79273593, 1.9973e-03, Fidelity: 0.99950035, 293/1000, 2128.60
2024-12-22 18:08:41,069 Loss: -3.79274101, 1.9922e-03, Fidelity: 0.99949730, 294/1000, 2135.90
2024-12-22 18:08:48,289 Loss: -3.79273299, 2.0002e-03, Fidelity: 0.99948913, 295/1000, 2143.12
2024-12-22 18:08:55,372 Loss: -3.79269666, 2.0365e-03, Fidelity: 0.99946647, 296/1000, 2150.20
2024-12-22 18:09:02,530 Loss: -3.79261754, 2.1156e-03, Fidelity: 0.99942088, 297/1000, 2157.36
2024-12-22 18:09:09,823 Loss: -3.79243142, 2.3018e-03, Fidelity: 0.99931880, 298/1000, 2164.65
2024-12-22 18:09:16,926 Loss: -3.79205260, 2.6806e-03, Fidelity: 0.99912058, 299/1000, 2171.75
2024-12-22 18:09:24,185 Loss: -3.79126943, 3.4638e-03, Fidelity: 0.99871992, 300/1000, 2179.01
2024-12-22 18:09:31,524 Loss: -3.78975984, 4.9734e-03, Fidelity: 0.99801843, 301/1000, 2186.35
2024-12-22 18:09:38,679 Loss: -3.78703128, 7.7019e-03, Fidelity: 0.99693406, 302/1000, 2193.51
2024-12-22 18:09:45,827 Loss: -3.78293227, 1.1801e-02, Fidelity: 0.99591064, 303/1000, 2200.65
2024-12-22 18:09:53,007 Loss: -3.77906845, 1.5665e-02, Fidelity: 0.99576148, 304/1000, 2207.83
2024-12-22 18:10:00,360 Loss: -3.77867800, 1.6055e-02, Fidelity: 0.99703283, 305/1000, 2215.19
2024-12-22 18:10:07,468 Loss: -3.78375045, 1.0983e-02, Fidelity: 0.99855804, 306/1000, 2222.30
2024-12-22 18:10:14,625 Loss: -3.78962123, 5.1120e-03, Fidelity: 0.99894520, 307/1000, 2229.45
2024-12-22 18:10:21,875 Loss: -3.79093743, 3.7958e-03, Fidelity: 0.99842749, 308/1000, 2236.70
2024-12-22 18:10:28,991 Loss: -3.78876451, 5.9687e-03, Fidelity: 0.99810600, 309/1000, 2243.82
2024-12-22 18:10:36,090 Loss: -3.78759798, 7.1352e-03, Fidelity: 0.99835796, 310/1000, 2250.92
2024-12-22 18:10:43,191 Loss: -3.78883297, 5.9002e-03, Fidelity: 0.99859225, 311/1000, 2258.02
2024-12-22 18:10:50,496 Loss: -3.78990207, 4.8311e-03, Fidelity: 0.99858792, 312/1000, 2265.32
2024-12-22 18:10:57,636 Loss: -3.78986137, 4.8718e-03, Fidelity: 0.99874540, 313/1000, 2272.46
2024-12-22 18:11:04,787 Loss: -3.79021899, 4.5142e-03, Fidelity: 0.99907290, 314/1000, 2279.61
2024-12-22 18:11:11,907 Loss: -3.79137840, 3.3548e-03, Fidelity: 0.99910322, 315/1000, 2286.73
2024-12-22 18:11:19,219 Loss: -3.79153197, 3.2012e-03, Fidelity: 0.99876795, 316/1000, 2294.05
2024-12-22 18:11:26,439 Loss: -3.79049192, 4.2413e-03, Fidelity: 0.99872552, 317/1000, 2301.27
2024-12-22 18:11:33,550 Loss: -3.79035441, 4.3788e-03, Fidelity: 0.99915618, 318/1000, 2308.38
2024-12-22 18:11:40,679 Loss: -3.79169401, 3.0392e-03, Fidelity: 0.99945730, 319/1000, 2315.51
2024-12-22 18:11:48,021 Loss: -3.79270679, 2.0264e-03, Fidelity: 0.99927322, 320/1000, 2322.85
2024-12-22 18:11:55,114 Loss: -3.79208387, 2.6493e-03, Fidelity: 0.99900056, 321/1000, 2329.94
2024-12-22 18:12:02,234 Loss: -3.79120757, 3.5256e-03, Fidelity: 0.99911018, 322/1000, 2337.06
2024-12-22 18:12:09,555 Loss: -3.79157479, 3.1584e-03, Fidelity: 0.99944069, 323/1000, 2344.38
2024-12-22 18:12:16,755 Loss: -3.79255079, 2.1824e-03, Fidelity: 0.99949676, 324/1000, 2351.58
2024-12-22 18:12:23,862 Loss: -3.79276955, 1.9636e-03, Fidelity: 0.99934830, 325/1000, 2358.69
2024-12-22 18:12:31,019 Loss: -3.79231672, 2.4165e-03, Fidelity: 0.99930459, 326/1000, 2365.85
2024-12-22 18:12:38,351 Loss: -3.79216080, 2.5724e-03, Fidelity: 0.99941419, 327/1000, 2373.18
2024-12-22 18:12:45,476 Loss: -3.79250392, 2.2293e-03, Fidelity: 0.99949439, 328/1000, 2380.30
2024-12-22 18:12:52,648 Loss: -3.79271117, 2.0220e-03, Fidelity: 0.99944887, 329/1000, 2387.48
2024-12-22 18:12:59,808 Loss: -3.79261365, 2.1195e-03, Fidelity: 0.99945100, 330/1000, 2394.64
2024-12-22 18:13:07,132 Loss: -3.79266095, 2.0722e-03, Fidelity: 0.99953378, 331/1000, 2401.96
2024-12-22 18:13:14,340 Loss: -3.79290487, 1.8283e-03, Fidelity: 0.99954555, 332/1000, 2409.17
2024-12-22 18:13:21,471 Loss: -3.79293962, 1.7936e-03, Fidelity: 0.99948813, 333/1000, 2416.30
2024-12-22 18:13:28,790 Loss: -3.79273864, 1.9946e-03, Fidelity: 0.99946334, 334/1000, 2423.62
2024-12-22 18:13:35,970 Loss: -3.79268306, 2.0501e-03, Fidelity: 0.99954082, 335/1000, 2430.80
2024-12-22 18:13:43,185 Loss: -3.79296472, 1.7685e-03, Fidelity: 0.99960511, 336/1000, 2438.01
2024-12-22 18:13:50,266 Loss: -3.79316995, 1.5632e-03, Fidelity: 0.99958023, 337/1000, 2445.09
2024-12-22 18:13:57,587 Loss: -3.79308996, 1.6432e-03, Fidelity: 0.99953167, 338/1000, 2452.41
2024-12-22 18:14:04,710 Loss: -3.79292915, 1.8040e-03, Fidelity: 0.99954159, 339/1000, 2459.54
2024-12-22 18:14:11,871 Loss: -3.79296434, 1.7689e-03, Fidelity: 0.99957967, 340/1000, 2466.70
2024-12-22 18:14:19,021 Loss: -3.79309633, 1.6369e-03, Fidelity: 0.99959358, 341/1000, 2473.85
2024-12-22 18:14:26,347 Loss: -3.79315871, 1.5745e-03, Fidelity: 0.99958458, 342/1000, 2481.17
2024-12-22 18:14:33,503 Loss: -3.79311784, 1.6154e-03, Fidelity: 0.99958847, 343/1000, 2488.33
2024-12-22 18:14:40,683 Loss: -3.79314050, 1.5927e-03, Fidelity: 0.99961667, 344/1000, 2495.51
2024-12-22 18:14:47,998 Loss: -3.79322144, 1.5117e-03, Fidelity: 0.99961727, 345/1000, 2502.83
2024-12-22 18:14:55,110 Loss: -3.79322866, 1.5045e-03, Fidelity: 0.99959576, 346/1000, 2509.94
2024-12-22 18:15:02,232 Loss: -3.79317645, 1.5567e-03, Fidelity: 0.99959548, 347/1000, 2517.06
2024-12-22 18:15:09,431 Loss: -3.79315162, 1.5816e-03, Fidelity: 0.99961303, 348/1000, 2524.26
2024-12-22 18:15:16,724 Loss: -3.79322642, 1.5068e-03, Fidelity: 0.99964284, 349/1000, 2531.55
2024-12-22 18:15:23,850 Loss: -3.79331192, 1.4213e-03, Fidelity: 0.99964160, 350/1000, 2538.68
2024-12-22 18:15:30,961 Loss: -3.79331390, 1.4193e-03, Fidelity: 0.99962702, 351/1000, 2545.79
2024-12-22 18:15:38,129 Loss: -3.79327715, 1.4560e-03, Fidelity: 0.99962952, 352/1000, 2552.96
2024-12-22 18:15:45,487 Loss: -3.79326967, 1.4635e-03, Fidelity: 0.99963590, 353/1000, 2560.31
2024-12-22 18:15:52,661 Loss: -3.79330007, 1.4331e-03, Fidelity: 0.99964618, 354/1000, 2567.49
2024-12-22 18:15:59,807 Loss: -3.79332464, 1.4086e-03, Fidelity: 0.99964036, 355/1000, 2574.63
2024-12-22 18:16:07,090 Loss: -3.79331324, 1.4200e-03, Fidelity: 0.99964234, 356/1000, 2581.92
2024-12-22 18:16:14,309 Loss: -3.79332595, 1.4072e-03, Fidelity: 0.99965056, 357/1000, 2589.14
2024-12-22 18:16:21,482 Loss: -3.79335273, 1.3805e-03, Fidelity: 0.99965896, 358/1000, 2596.31
2024-12-22 18:16:28,603 Loss: -3.79338399, 1.3492e-03, Fidelity: 0.99966340, 359/1000, 2603.43
2024-12-22 18:16:35,945 Loss: -3.79339474, 1.3385e-03, Fidelity: 0.99965969, 360/1000, 2610.77
2024-12-22 18:16:43,072 Loss: -3.79338655, 1.3466e-03, Fidelity: 0.99965728, 361/1000, 2617.90
2024-12-22 18:16:50,236 Loss: -3.79337938, 1.3538e-03, Fidelity: 0.99966265, 362/1000, 2625.06
2024-12-22 18:16:57,405 Loss: -3.79340136, 1.3318e-03, Fidelity: 0.99966530, 363/1000, 2632.23
2024-12-22 18:17:04,754 Loss: -3.79340633, 1.3269e-03, Fidelity: 0.99966562, 364/1000, 2639.58
2024-12-22 18:17:11,983 Loss: -3.79341080, 1.3224e-03, Fidelity: 0.99966807, 365/1000, 2646.81
2024-12-22 18:17:19,425 Loss: -3.79341721, 1.3160e-03, Fidelity: 0.99966693, 366/1000, 2654.25
2024-12-22 18:17:26,813 Loss: -3.79342016, 1.3130e-03, Fidelity: 0.99967258, 367/1000, 2661.64
2024-12-22 18:17:34,257 Loss: -3.79343262, 1.3006e-03, Fidelity: 0.99967696, 368/1000, 2669.08
2024-12-22 18:17:41,502 Loss: -3.79345170, 1.2815e-03, Fidelity: 0.99968059, 369/1000, 2676.33
2024-12-22 18:17:49,025 Loss: -3.79346551, 1.2677e-03, Fidelity: 0.99968232, 370/1000, 2683.85
2024-12-22 18:17:56,229 Loss: -3.79347372, 1.2595e-03, Fidelity: 0.99968029, 371/1000, 2691.06
2024-12-22 18:18:03,530 Loss: -3.79346717, 1.2660e-03, Fidelity: 0.99968397, 372/1000, 2698.36
2024-12-22 18:18:10,757 Loss: -3.79347773, 1.2555e-03, Fidelity: 0.99968696, 373/1000, 2705.58
2024-12-22 18:18:18,012 Loss: -3.79349047, 1.2427e-03, Fidelity: 0.99969229, 374/1000, 2712.84
2024-12-22 18:18:25,384 Loss: -3.79351444, 1.2187e-03, Fidelity: 0.99969079, 375/1000, 2720.21
2024-12-22 18:18:32,834 Loss: -3.79350616, 1.2270e-03, Fidelity: 0.99968957, 376/1000, 2727.66
2024-12-22 18:18:40,239 Loss: -3.79350265, 1.2305e-03, Fidelity: 0.99969198, 377/1000, 2735.07
2024-12-22 18:18:47,942 Loss: -3.79351132, 1.2219e-03, Fidelity: 0.99969335, 378/1000, 2742.77
2024-12-22 18:18:55,246 Loss: -3.79351630, 1.2169e-03, Fidelity: 0.99969467, 379/1000, 2750.07
2024-12-22 18:19:02,672 Loss: -3.79352185, 1.2113e-03, Fidelity: 0.99969756, 380/1000, 2757.50
2024-12-22 18:19:10,063 Loss: -3.79353172, 1.2015e-03, Fidelity: 0.99969451, 381/1000, 2764.89
2024-12-22 18:19:17,719 Loss: -3.79352345, 1.2097e-03, Fidelity: 0.99969542, 382/1000, 2772.55
2024-12-22 18:19:25,133 Loss: -3.79352038, 1.2128e-03, Fidelity: 0.99969529, 383/1000, 2779.96
2024-12-22 18:19:32,495 Loss: -3.79353024, 1.2030e-03, Fidelity: 0.99969678, 384/1000, 2787.32
2024-12-22 18:19:40,269 Loss: -3.79352955, 1.2036e-03, Fidelity: 0.99969293, 385/1000, 2795.10
2024-12-22 18:19:48,262 Loss: -3.79352427, 1.2089e-03, Fidelity: 0.99969157, 386/1000, 2803.09
2024-12-22 18:19:55,939 Loss: -3.79351351, 1.2197e-03, Fidelity: 0.99967891, 387/1000, 2810.77
2024-12-22 18:20:03,394 Loss: -3.79347621, 1.2570e-03, Fidelity: 0.99967141, 388/1000, 2818.22
2024-12-22 18:20:10,821 Loss: -3.79344093, 1.2923e-03, Fidelity: 0.99964530, 389/1000, 2825.65
2024-12-22 18:20:18,228 Loss: -3.79336659, 1.3666e-03, Fidelity: 0.99961309, 390/1000, 2833.06
2024-12-22 18:20:25,540 Loss: -3.79322934, 1.5039e-03, Fidelity: 0.99954305, 391/1000, 2840.37
2024-12-22 18:20:32,958 Loss: -3.79301675, 1.7164e-03, Fidelity: 0.99944608, 392/1000, 2847.78
2024-12-22 18:20:40,562 Loss: -3.79263864, 2.0946e-03, Fidelity: 0.99925064, 393/1000, 2855.39
2024-12-22 18:20:48,150 Loss: -3.79201204, 2.7212e-03, Fidelity: 0.99896420, 394/1000, 2862.98
2024-12-22 18:20:55,964 Loss: -3.79094458, 3.7886e-03, Fidelity: 0.99844517, 395/1000, 2870.79
2024-12-22 18:21:03,614 Loss: -3.78923147, 5.5017e-03, Fidelity: 0.99774779, 396/1000, 2878.44
2024-12-22 18:21:11,094 Loss: -3.78668344, 8.0498e-03, Fidelity: 0.99672679, 397/1000, 2885.92
2024-12-22 18:21:18,616 Loss: -3.78329316, 1.1440e-02, Fidelity: 0.99587306, 398/1000, 2893.44
2024-12-22 18:21:25,958 Loss: -3.78011351, 1.4620e-02, Fidelity: 0.99546223, 399/1000, 2900.78
2024-12-22 18:21:33,653 Loss: -3.77892728, 1.5806e-02, Fidelity: 0.99637849, 400/1000, 2908.48
2024-12-22 18:21:40,984 Loss: -3.78189090, 1.2842e-02, Fidelity: 0.99803395, 401/1000, 2915.81
2024-12-22 18:21:48,420 Loss: -3.78780162, 6.9316e-03, Fidelity: 0.99945971, 402/1000, 2923.25
2024-12-22 18:21:55,707 Loss: -3.79269111, 2.0421e-03, Fidelity: 0.99962643, 403/1000, 2930.53
2024-12-22 18:22:03,356 Loss: -3.79327674, 1.4565e-03, Fidelity: 0.99874796, 404/1000, 2938.18
2024-12-22 18:22:11,012 Loss: -3.79030386, 4.4293e-03, Fidelity: 0.99794453, 405/1000, 2945.84
2024-12-22 18:22:18,982 Loss: -3.78740912, 7.3241e-03, Fidelity: 0.99794007, 406/1000, 2953.81
2024-12-22 18:22:26,280 Loss: -3.78755810, 7.1751e-03, Fidelity: 0.99884081, 407/1000, 2961.11
2024-12-22 18:22:33,859 Loss: -3.79058105, 4.1521e-03, Fidelity: 0.99961000, 408/1000, 2968.69
2024-12-22 18:22:41,258 Loss: -3.79325524, 1.4779e-03, Fidelity: 0.99959963, 409/1000, 2976.09
2024-12-22 18:22:48,705 Loss: -3.79323294, 1.5002e-03, Fidelity: 0.99905599, 410/1000, 2983.53
2024-12-22 18:22:56,289 Loss: -3.79131915, 3.4140e-03, Fidelity: 0.99866920, 411/1000, 2991.12
2024-12-22 18:23:03,820 Loss: -3.79009666, 4.6365e-03, Fidelity: 0.99894934, 412/1000, 2998.65
2024-12-22 18:23:11,756 Loss: -3.79096669, 3.7665e-03, Fidelity: 0.99947071, 413/1000, 3006.58
2024-12-22 18:23:19,557 Loss: -3.79280491, 1.9283e-03, Fidelity: 0.99970524, 414/1000, 3014.38
2024-12-22 18:23:27,487 Loss: -3.79359151, 1.1417e-03, Fidelity: 0.99950334, 415/1000, 3022.31
2024-12-22 18:23:34,907 Loss: -3.79286890, 1.8643e-03, Fidelity: 0.99918552, 416/1000, 3029.73
2024-12-22 18:23:42,312 Loss: -3.79185958, 2.8736e-03, Fidelity: 0.99921085, 417/1000, 3037.14
2024-12-22 18:23:49,704 Loss: -3.79187296, 2.8602e-03, Fidelity: 0.99946861, 418/1000, 3044.53
2024-12-22 18:23:57,328 Loss: -3.79280665, 1.9265e-03, Fidelity: 0.99969633, 419/1000, 3052.16
2024-12-22 18:24:04,705 Loss: -3.79355785, 1.1753e-03, Fidelity: 0.99966251, 420/1000, 3059.53
2024-12-22 18:24:12,117 Loss: -3.79342090, 1.3123e-03, Fidelity: 0.99947579, 421/1000, 3066.94
2024-12-22 18:24:19,756 Loss: -3.79285110, 1.8821e-03, Fidelity: 0.99942945, 422/1000, 3074.58
2024-12-22 18:24:27,238 Loss: -3.79262620, 2.1070e-03, Fidelity: 0.99952267, 423/1000, 3082.06
2024-12-22 18:24:34,637 Loss: -3.79300093, 1.7323e-03, Fidelity: 0.99968488, 424/1000, 3089.46
2024-12-22 18:24:42,145 Loss: -3.79350587, 1.2273e-03, Fidelity: 0.99971799, 425/1000, 3096.97
2024-12-22 18:24:50,084 Loss: -3.79362108, 1.1121e-03, Fidelity: 0.99963255, 426/1000, 3104.91
2024-12-22 18:24:57,980 Loss: -3.79336277, 1.3704e-03, Fidelity: 0.99958055, 427/1000, 3112.81
2024-12-22 18:25:05,263 Loss: -3.79314324, 1.5900e-03, Fidelity: 0.99958783, 428/1000, 3120.09
2024-12-22 18:25:12,688 Loss: -3.79322315, 1.5100e-03, Fidelity: 0.99968477, 429/1000, 3127.52
2024-12-22 18:25:20,271 Loss: -3.79351287, 1.2203e-03, Fidelity: 0.99973218, 430/1000, 3135.10
2024-12-22 18:25:27,730 Loss: -3.79368318, 1.0500e-03, Fidelity: 0.99971065, 431/1000, 3142.56
2024-12-22 18:25:35,114 Loss: -3.79361181, 1.1214e-03, Fidelity: 0.99967234, 432/1000, 3149.94
2024-12-22 18:25:42,690 Loss: -3.79346530, 1.2679e-03, Fidelity: 0.99964941, 433/1000, 3157.52
2024-12-22 18:25:50,085 Loss: -3.79342663, 1.3066e-03, Fidelity: 0.99969507, 434/1000, 3164.91
2024-12-22 18:25:57,477 Loss: -3.79354799, 1.1852e-03, Fidelity: 0.99973263, 435/1000, 3172.30
2024-12-22 18:26:05,110 Loss: -3.79370285, 1.0303e-03, Fidelity: 0.99974422, 436/1000, 3179.94
2024-12-22 18:26:13,115 Loss: -3.79372961, 1.0036e-03, Fidelity: 0.99972923, 437/1000, 3187.94
2024-12-22 18:26:20,798 Loss: -3.79366700, 1.0662e-03, Fidelity: 0.99970052, 438/1000, 3195.63
2024-12-22 18:26:28,205 Loss: -3.79359936, 1.1338e-03, Fidelity: 0.99971093, 439/1000, 3203.03
2024-12-22 18:26:35,575 Loss: -3.79360234, 1.1309e-03, Fidelity: 0.99972942, 440/1000, 3210.40
2024-12-22 18:26:43,141 Loss: -3.79369621, 1.0370e-03, Fidelity: 0.99975622, 441/1000, 3217.97
2024-12-22 18:26:50,529 Loss: -3.79376957, 9.6363e-04, Fidelity: 0.99976093, 442/1000, 3225.36
2024-12-22 18:26:57,962 Loss: -3.79378679, 9.4640e-04, Fidelity: 0.99974542, 443/1000, 3232.79
2024-12-22 18:27:05,510 Loss: -3.79374674, 9.8645e-04, Fidelity: 0.99973922, 444/1000, 3240.34
2024-12-22 18:27:13,389 Loss: -3.79370604, 1.0272e-03, Fidelity: 0.99973169, 445/1000, 3248.22
2024-12-22 18:27:21,297 Loss: -3.79370240, 1.0308e-03, Fidelity: 0.99975329, 446/1000, 3256.12
2024-12-22 18:27:28,908 Loss: -3.79376037, 9.7283e-04, Fidelity: 0.99976107, 447/1000, 3263.74
2024-12-22 18:27:36,455 Loss: -3.79379596, 9.3723e-04, Fidelity: 0.99976774, 448/1000, 3271.28
2024-12-22 18:27:43,942 Loss: -3.79381415, 9.1904e-04, Fidelity: 0.99976683, 449/1000, 3278.77
2024-12-22 18:27:51,251 Loss: -3.79380840, 9.2479e-04, Fidelity: 0.99975637, 450/1000, 3286.08
2024-12-22 18:27:58,843 Loss: -3.79378395, 9.4925e-04, Fidelity: 0.99976011, 451/1000, 3293.67
2024-12-22 18:28:06,754 Loss: -3.79378446, 9.4873e-04, Fidelity: 0.99976247, 452/1000, 3301.58
2024-12-22 18:28:14,376 Loss: -3.79380878, 9.2441e-04, Fidelity: 0.99977102, 453/1000, 3309.20
2024-12-22 18:28:21,673 Loss: -3.79382934, 9.0385e-04, Fidelity: 0.99977481, 454/1000, 3316.50
2024-12-22 18:28:29,145 Loss: -3.79384349, 8.8970e-04, Fidelity: 0.99977467, 455/1000, 3323.97
2024-12-22 18:28:36,548 Loss: -3.79384959, 8.8360e-04, Fidelity: 0.99977493, 456/1000, 3331.38
2024-12-22 18:28:44,019 Loss: -3.79383852, 8.9467e-04, Fidelity: 0.99976973, 457/1000, 3338.85
2024-12-22 18:28:51,360 Loss: -3.79383419, 8.9900e-04, Fidelity: 0.99977574, 458/1000, 3346.19
2024-12-22 18:28:58,938 Loss: -3.79384154, 8.9166e-04, Fidelity: 0.99977539, 459/1000, 3353.77
2024-12-22 18:29:06,269 Loss: -3.79385482, 8.7838e-04, Fidelity: 0.99978242, 460/1000, 3361.10
2024-12-22 18:29:13,772 Loss: -3.79386966, 8.6353e-04, Fidelity: 0.99978071, 461/1000, 3368.60
2024-12-22 18:29:21,544 Loss: -3.79386975, 8.6344e-04, Fidelity: 0.99978221, 462/1000, 3376.37
2024-12-22 18:29:29,597 Loss: -3.79387137, 8.6182e-04, Fidelity: 0.99977861, 463/1000, 3384.42
2024-12-22 18:29:37,321 Loss: -3.79385786, 8.7533e-04, Fidelity: 0.99977855, 464/1000, 3392.15
2024-12-22 18:29:44,764 Loss: -3.79385626, 8.7693e-04, Fidelity: 0.99977633, 465/1000, 3399.59
2024-12-22 18:29:52,351 Loss: -3.79385246, 8.8074e-04, Fidelity: 0.99977877, 466/1000, 3407.18
2024-12-22 18:29:59,695 Loss: -3.79385558, 8.7762e-04, Fidelity: 0.99977020, 467/1000, 3414.52
2024-12-22 18:30:07,131 Loss: -3.79384134, 8.9185e-04, Fidelity: 0.99976539, 468/1000, 3421.96
2024-12-22 18:30:14,492 Loss: -3.79380024, 9.3295e-04, Fidelity: 0.99973928, 469/1000, 3429.32
2024-12-22 18:30:21,974 Loss: -3.79375065, 9.8254e-04, Fidelity: 0.99971678, 470/1000, 3436.80
2024-12-22 18:30:29,333 Loss: -3.79362826, 1.1049e-03, Fidelity: 0.99964090, 471/1000, 3444.16
2024-12-22 18:30:36,636 Loss: -3.79343652, 1.2967e-03, Fidelity: 0.99956059, 472/1000, 3451.46
2024-12-22 18:30:44,008 Loss: -3.79308532, 1.6479e-03, Fidelity: 0.99935276, 473/1000, 3458.84
2024-12-22 18:30:51,522 Loss: -3.79248517, 2.2480e-03, Fidelity: 0.99909588, 474/1000, 3466.35
2024-12-22 18:30:59,380 Loss: -3.79148690, 3.2463e-03, Fidelity: 0.99856489, 475/1000, 3474.21
2024-12-22 18:31:07,086 Loss: -3.78985528, 4.8779e-03, Fidelity: 0.99794897, 476/1000, 3481.91
2024-12-22 18:31:14,762 Loss: -3.78756665, 7.1665e-03, Fidelity: 0.99705917, 477/1000, 3489.59
2024-12-22 18:31:22,116 Loss: -3.78485409, 9.8791e-03, Fidelity: 0.99655979, 478/1000, 3496.94
2024-12-22 18:31:29,461 Loss: -3.78295132, 1.1782e-02, Fidelity: 0.99649804, 479/1000, 3504.29
2024-12-22 18:31:36,851 Loss: -3.78313660, 1.1597e-02, Fidelity: 0.99739692, 480/1000, 3511.68
2024-12-22 18:31:44,714 Loss: -3.78592292, 8.8103e-03, Fidelity: 0.99850936, 481/1000, 3519.54
2024-12-22 18:31:52,370 Loss: -3.78970739, 5.0258e-03, Fidelity: 0.99923810, 482/1000, 3527.20
2024-12-22 18:32:00,016 Loss: -3.79204674, 2.6864e-03, Fidelity: 0.99927463, 483/1000, 3534.84
2024-12-22 18:32:07,310 Loss: -3.79204062, 2.6926e-03, Fidelity: 0.99884195, 484/1000, 3542.14
2024-12-22 18:32:14,922 Loss: -3.79082840, 3.9048e-03, Fidelity: 0.99867399, 485/1000, 3549.75
2024-12-22 18:32:22,216 Loss: -3.79017192, 4.5613e-03, Fidelity: 0.99880482, 486/1000, 3557.04
2024-12-22 18:32:29,649 Loss: -3.79073290, 4.0003e-03, Fidelity: 0.99914028, 487/1000, 3564.48
2024-12-22 18:32:37,201 Loss: -3.79172248, 3.0107e-03, Fidelity: 0.99931339, 488/1000, 3572.03
2024-12-22 18:32:44,540 Loss: -3.79222365, 2.5095e-03, Fidelity: 0.99922601, 489/1000, 3579.37
2024-12-22 18:32:51,891 Loss: -3.79208719, 2.6460e-03, Fidelity: 0.99919634, 490/1000, 3586.72
2024-12-22 18:32:59,383 Loss: -3.79192005, 2.8131e-03, Fidelity: 0.99923085, 491/1000, 3594.21
2024-12-22 18:33:07,341 Loss: -3.79219680, 2.5364e-03, Fidelity: 0.99943798, 492/1000, 3602.17
2024-12-22 18:33:15,211 Loss: -3.79275455, 1.9786e-03, Fidelity: 0.99956094, 493/1000, 3610.04
2024-12-22 18:33:22,999 Loss: -3.79311667, 1.6165e-03, Fidelity: 0.99952998, 494/1000, 3617.83
2024-12-22 18:33:30,317 Loss: -3.79303811, 1.6951e-03, Fidelity: 0.99946477, 495/1000, 3625.14
2024-12-22 18:33:37,953 Loss: -3.79281023, 1.9230e-03, Fidelity: 0.99939553, 496/1000, 3632.78
2024-12-22 18:33:45,362 Loss: -3.79271695, 2.0162e-03, Fidelity: 0.99948496, 497/1000, 3640.19
2024-12-22 18:33:52,814 Loss: -3.79291484, 1.8184e-03, Fidelity: 0.99959034, 498/1000, 3647.64
2024-12-22 18:34:00,258 Loss: -3.79328114, 1.4521e-03, Fidelity: 0.99967573, 499/1000, 3655.09
2024-12-22 18:34:07,876 Loss: -3.79352795, 1.2052e-03, Fidelity: 0.99969996, 500/1000, 3662.70
2024-12-22 18:34:15,650 Loss: -3.79358622, 1.1470e-03, Fidelity: 0.99964713, 501/1000, 3670.48
2024-12-22 18:34:23,305 Loss: -3.79348627, 1.2469e-03, Fidelity: 0.99962541, 502/1000, 3678.13
2024-12-22 18:34:30,811 Loss: -3.79337252, 1.3607e-03, Fidelity: 0.99960927, 503/1000, 3685.64
2024-12-22 18:34:38,357 Loss: -3.79336600, 1.3672e-03, Fidelity: 0.99966230, 504/1000, 3693.18
2024-12-22 18:34:45,667 Loss: -3.79349143, 1.2418e-03, Fidelity: 0.99971346, 505/1000, 3700.49
2024-12-22 18:34:53,051 Loss: -3.79365589, 1.0773e-03, Fidelity: 0.99974415, 506/1000, 3707.88
2024-12-22 18:35:00,937 Loss: -3.79377141, 9.6178e-04, Fidelity: 0.99974745, 507/1000, 3715.76
2024-12-22 18:35:08,834 Loss: -3.79376496, 9.6823e-04, Fidelity: 0.99971706, 508/1000, 3723.66
2024-12-22 18:35:16,573 Loss: -3.79370351, 1.0297e-03, Fidelity: 0.99972604, 509/1000, 3731.40
2024-12-22 18:35:24,037 Loss: -3.79370281, 1.0304e-03, Fidelity: 0.99974290, 510/1000, 3738.86
2024-12-22 18:35:31,421 Loss: -3.79377650, 9.5669e-04, Fidelity: 0.99977315, 511/1000, 3746.25
2024-12-22 18:35:38,772 Loss: -3.79386087, 8.7232e-04, Fidelity: 0.99977964, 512/1000, 3753.60
2024-12-22 18:35:46,075 Loss: -3.79387947, 8.5372e-04, Fidelity: 0.99975858, 513/1000, 3760.90
2024-12-22 18:35:54,188 Loss: -3.79382865, 9.0454e-04, Fidelity: 0.99974711, 514/1000, 3769.02
2024-12-22 18:36:01,964 Loss: -3.79377233, 9.6086e-04, Fidelity: 0.99975279, 515/1000, 3776.79
2024-12-22 18:36:09,419 Loss: -3.79381450, 9.1869e-04, Fidelity: 0.99978756, 516/1000, 3784.25
2024-12-22 18:36:16,832 Loss: -3.79391419, 8.1900e-04, Fidelity: 0.99981345, 517/1000, 3791.66
2024-12-22 18:36:24,441 Loss: -3.79400494, 7.2825e-04, Fidelity: 0.99981471, 518/1000, 3799.27
2024-12-22 18:36:31,786 Loss: -3.79401534, 7.1785e-04, Fidelity: 0.99979942, 519/1000, 3806.61
2024-12-22 18:36:39,233 Loss: -3.79394719, 7.8601e-04, Fidelity: 0.99978108, 520/1000, 3814.06
2024-12-22 18:36:46,783 Loss: -3.79390930, 8.2389e-04, Fidelity: 0.99978739, 521/1000, 3821.61
2024-12-22 18:36:54,265 Loss: -3.79391116, 8.2203e-04, Fidelity: 0.99979880, 522/1000, 3829.09
2024-12-22 18:37:01,597 Loss: -3.79395711, 7.7608e-04, Fidelity: 0.99981271, 523/1000, 3836.42
2024-12-22 18:37:09,151 Loss: -3.79399986, 7.3334e-04, Fidelity: 0.99981703, 524/1000, 3843.98
2024-12-22 18:37:17,171 Loss: -3.79401361, 7.1958e-04, Fidelity: 0.99980449, 525/1000, 3852.00
2024-12-22 18:37:24,837 Loss: -3.79398893, 7.4426e-04, Fidelity: 0.99980444, 526/1000, 3859.66
2024-12-22 18:37:32,138 Loss: -3.79397221, 7.6098e-04, Fidelity: 0.99980204, 527/1000, 3866.97
2024-12-22 18:37:39,475 Loss: -3.79398408, 7.4912e-04, Fidelity: 0.99981757, 528/1000, 3874.30
2024-12-22 18:37:47,084 Loss: -3.79401354, 7.1966e-04, Fidelity: 0.99982395, 529/1000, 3881.91
2024-12-22 18:37:54,470 Loss: -3.79404406, 6.8914e-04, Fidelity: 0.99983036, 530/1000, 3889.30
2024-12-22 18:38:01,835 Loss: -3.79406277, 6.7042e-04, Fidelity: 0.99982802, 531/1000, 3896.66
2024-12-22 18:38:09,346 Loss: -3.79405480, 6.7840e-04, Fidelity: 0.99982275, 532/1000, 3904.17
2024-12-22 18:38:16,679 Loss: -3.79404576, 6.8743e-04, Fidelity: 0.99982672, 533/1000, 3911.51
2024-12-22 18:38:24,190 Loss: -3.79405143, 6.8176e-04, Fidelity: 0.99982709, 534/1000, 3919.02
2024-12-22 18:38:31,925 Loss: -3.79406201, 6.7119e-04, Fidelity: 0.99983425, 535/1000, 3926.75
2024-12-22 18:38:39,940 Loss: -3.79407716, 6.5604e-04, Fidelity: 0.99983462, 536/1000, 3934.77
2024-12-22 18:38:47,794 Loss: -3.79408240, 6.5079e-04, Fidelity: 0.99983424, 537/1000, 3942.62
2024-12-22 18:38:55,135 Loss: -3.79407882, 6.5437e-04, Fidelity: 0.99983191, 538/1000, 3949.96
2024-12-22 18:39:02,626 Loss: -3.79406904, 6.6415e-04, Fidelity: 0.99983106, 539/1000, 3957.45
2024-12-22 18:39:10,191 Loss: -3.79407032, 6.6287e-04, Fidelity: 0.99983208, 540/1000, 3965.02
2024-12-22 18:39:17,801 Loss: -3.79407111, 6.6208e-04, Fidelity: 0.99983386, 541/1000, 3972.63
2024-12-22 18:39:25,168 Loss: -3.79408143, 6.5176e-04, Fidelity: 0.99983638, 542/1000, 3979.99
2024-12-22 18:39:32,888 Loss: -3.79409284, 6.4036e-04, Fidelity: 0.99983489, 543/1000, 3987.72
2024-12-22 18:39:40,367 Loss: -3.79408373, 6.4946e-04, Fidelity: 0.99983274, 544/1000, 3995.19
2024-12-22 18:39:47,880 Loss: -3.79408181, 6.5138e-04, Fidelity: 0.99983039, 545/1000, 4002.71
2024-12-22 18:39:55,310 Loss: -3.79406626, 6.6694e-04, Fidelity: 0.99982622, 546/1000, 4010.14
2024-12-22 18:40:03,186 Loss: -3.79406358, 6.6962e-04, Fidelity: 0.99982155, 547/1000, 4018.01
2024-12-22 18:40:11,110 Loss: -3.79403988, 6.9331e-04, Fidelity: 0.99980797, 548/1000, 4025.94
2024-12-22 18:40:19,245 Loss: -3.79400379, 7.2940e-04, Fidelity: 0.99979509, 549/1000, 4034.07
2024-12-22 18:40:26,665 Loss: -3.79395444, 7.7875e-04, Fidelity: 0.99976461, 550/1000, 4041.49
2024-12-22 18:40:34,309 Loss: -3.79386567, 8.6752e-04, Fidelity: 0.99972424, 551/1000, 4049.14
2024-12-22 18:40:41,762 Loss: -3.79371846, 1.0147e-03, Fidelity: 0.99965186, 552/1000, 4056.59
2024-12-22 18:40:49,160 Loss: -3.79349940, 1.2338e-03, Fidelity: 0.99954459, 553/1000, 4063.99
2024-12-22 18:40:56,830 Loss: -3.79312907, 1.6041e-03, Fidelity: 0.99935559, 554/1000, 4071.66
2024-12-22 18:41:04,480 Loss: -3.79252813, 2.2051e-03, Fidelity: 0.99907320, 555/1000, 4079.31
2024-12-22 18:41:12,447 Loss: -3.79157006, 3.1631e-03, Fidelity: 0.99862942, 556/1000, 4087.27
2024-12-22 18:41:20,168 Loss: -3.79014488, 4.5883e-03, Fidelity: 0.99802001, 557/1000, 4095.00
2024-12-22 18:41:28,314 Loss: -3.78808740, 6.6458e-03, Fidelity: 0.99726649, 558/1000, 4103.14
2024-12-22 18:41:35,747 Loss: -3.78563546, 9.0977e-03, Fidelity: 0.99654426, 559/1000, 4110.57
2024-12-22 18:41:43,248 Loss: -3.78313148, 1.1602e-02, Fidelity: 0.99614809, 560/1000, 4118.08
2024-12-22 18:41:50,706 Loss: -3.78180278, 1.2930e-02, Fidelity: 0.99633407, 561/1000, 4125.53
2024-12-22 18:41:58,830 Loss: -3.78217060, 1.2563e-02, Fidelity: 0.99705688, 562/1000, 4133.66
2024-12-22 18:42:06,560 Loss: -3.78452257, 1.0211e-02, Fidelity: 0.99812502, 563/1000, 4141.39
2024-12-22 18:42:14,349 Loss: -3.78795081, 6.7824e-03, Fidelity: 0.99897168, 564/1000, 4149.18
2024-12-22 18:42:21,877 Loss: -3.79099170, 3.7415e-03, Fidelity: 0.99937033, 565/1000, 4156.70
2024-12-22 18:42:29,416 Loss: -3.79242089, 2.3123e-03, Fidelity: 0.99919207, 566/1000, 4164.24
2024-12-22 18:42:36,842 Loss: -3.79198554, 2.7476e-03, Fidelity: 0.99883053, 567/1000, 4171.67
2024-12-22 18:42:44,316 Loss: -3.79070329, 4.0299e-03, Fidelity: 0.99861594, 568/1000, 4179.14
2024-12-22 18:42:51,909 Loss: -3.78985612, 4.8771e-03, Fidelity: 0.99873456, 569/1000, 4186.74
2024-12-22 18:42:59,394 Loss: -3.79023449, 4.4987e-03, Fidelity: 0.99914301, 570/1000, 4194.22
2024-12-22 18:43:06,762 Loss: -3.79156045, 3.1727e-03, Fidelity: 0.99944659, 571/1000, 4201.59
2024-12-22 18:43:14,173 Loss: -3.79277992, 1.9533e-03, Fidelity: 0.99953357, 572/1000, 4209.00
2024-12-22 18:43:22,183 Loss: -3.79306299, 1.6702e-03, Fidelity: 0.99935600, 573/1000, 4217.01
2024-12-22 18:43:30,034 Loss: -3.79252639, 2.2068e-03, Fidelity: 0.99922934, 574/1000, 4224.86
2024-12-22 18:43:37,870 Loss: -3.79201850, 2.7147e-03, Fidelity: 0.99929172, 575/1000, 4232.70
2024-12-22 18:43:45,464 Loss: -3.79220088, 2.5323e-03, Fidelity: 0.99949783, 576/1000, 4240.29
2024-12-22 18:43:52,994 Loss: -3.79292768, 1.8055e-03, Fidelity: 0.99967740, 577/1000, 4247.82
2024-12-22 18:44:00,412 Loss: -3.79352683, 1.2064e-03, Fidelity: 0.99964544, 578/1000, 4255.24
2024-12-22 18:44:07,964 Loss: -3.79351242, 1.2208e-03, Fidelity: 0.99954260, 579/1000, 4262.79
2024-12-22 18:44:15,461 Loss: -3.79310382, 1.6294e-03, Fidelity: 0.99946142, 580/1000, 4270.29
2024-12-22 18:44:23,000 Loss: -3.79286866, 1.8645e-03, Fidelity: 0.99955097, 581/1000, 4277.83
2024-12-22 18:44:30,411 Loss: -3.79312069, 1.6125e-03, Fidelity: 0.99971038, 582/1000, 4285.24
2024-12-22 18:44:38,143 Loss: -3.79366252, 1.0707e-03, Fidelity: 0.99979588, 583/1000, 4292.97
2024-12-22 18:44:46,212 Loss: -3.79399258, 7.4061e-04, Fidelity: 0.99976917, 584/1000, 4301.04
2024-12-22 18:44:53,927 Loss: -3.79387096, 8.6224e-04, Fidelity: 0.99965315, 585/1000, 4308.75
2024-12-22 18:45:01,361 Loss: -3.79353017, 1.2030e-03, Fidelity: 0.99962068, 586/1000, 4316.19
2024-12-22 18:45:08,930 Loss: -3.79337297, 1.3602e-03, Fidelity: 0.99966930, 587/1000, 4323.76
2024-12-22 18:45:16,340 Loss: -3.79356076, 1.1724e-03, Fidelity: 0.99978049, 588/1000, 4331.17
2024-12-22 18:45:23,791 Loss: -3.79391396, 8.1924e-04, Fidelity: 0.99984505, 589/1000, 4338.62
2024-12-22 18:45:31,176 Loss: -3.79413207, 6.0112e-04, Fidelity: 0.99982708, 590/1000, 4346.00
2024-12-22 18:45:38,779 Loss: -3.79409943, 6.3377e-04, Fidelity: 0.99977761, 591/1000, 4353.61
2024-12-22 18:45:46,179 Loss: -3.79390455, 8.2864e-04, Fidelity: 0.99972694, 592/1000, 4361.01
2024-12-22 18:45:53,788 Loss: -3.79376634, 9.6685e-04, Fidelity: 0.99975172, 593/1000, 4368.62
2024-12-22 18:46:01,601 Loss: -3.79381583, 9.1737e-04, Fidelity: 0.99979262, 594/1000, 4376.43
2024-12-22 18:46:09,510 Loss: -3.79397026, 7.6293e-04, Fidelity: 0.99983950, 595/1000, 4384.34
2024-12-22 18:46:17,327 Loss: -3.79411719, 6.1600e-04, Fidelity: 0.99985278, 596/1000, 4392.15
2024-12-22 18:46:24,748 Loss: -3.79416393, 5.6926e-04, Fidelity: 0.99983752, 597/1000, 4399.58
2024-12-22 18:46:32,441 Loss: -3.79412557, 6.0763e-04, Fidelity: 0.99982462, 598/1000, 4407.27
2024-12-22 18:46:39,950 Loss: -3.79406484, 6.6836e-04, Fidelity: 0.99981271, 599/1000, 4414.78
2024-12-22 18:46:47,540 Loss: -3.79404186, 6.9133e-04, Fidelity: 0.99982407, 600/1000, 4422.37
2024-12-22 18:46:54,928 Loss: -3.79406215, 6.7104e-04, Fidelity: 0.99983093, 601/1000, 4429.76
2024-12-22 18:47:02,902 Loss: -3.79409372, 6.3948e-04, Fidelity: 0.99984601, 602/1000, 4437.73
2024-12-22 18:47:10,592 Loss: -3.79413656, 5.9663e-04, Fidelity: 0.99985100, 603/1000, 4445.42
2024-12-22 18:47:18,548 Loss: -3.79415663, 5.7656e-04, Fidelity: 0.99985522, 604/1000, 4453.38
2024-12-22 18:47:25,925 Loss: -3.79416777, 5.6542e-04, Fidelity: 0.99985734, 605/1000, 4460.75
2024-12-22 18:47:33,539 Loss: -3.79417876, 5.5443e-04, Fidelity: 0.99985890, 606/1000, 4468.37
2024-12-22 18:47:40,934 Loss: -3.79419051, 5.4268e-04, Fidelity: 0.99985511, 607/1000, 4475.76
2024-12-22 18:47:48,475 Loss: -3.79417522, 5.5797e-04, Fidelity: 0.99985453, 608/1000, 4483.30
2024-12-22 18:47:56,102 Loss: -3.79417680, 5.5639e-04, Fidelity: 0.99985781, 609/1000, 4490.93
2024-12-22 18:48:03,682 Loss: -3.79418513, 5.4807e-04, Fidelity: 0.99985608, 610/1000, 4498.51
2024-12-22 18:48:11,715 Loss: -3.79417908, 5.5411e-04, Fidelity: 0.99986611, 611/1000, 4506.54
2024-12-22 18:48:19,557 Loss: -3.79420656, 5.2663e-04, Fidelity: 0.99986602, 612/1000, 4514.38
2024-12-22 18:48:27,526 Loss: -3.79421916, 5.1403e-04, Fidelity: 0.99987237, 613/1000, 4522.35
2024-12-22 18:48:34,995 Loss: -3.79422875, 5.0444e-04, Fidelity: 0.99986871, 614/1000, 4529.82
2024-12-22 18:48:42,444 Loss: -3.79422775, 5.0544e-04, Fidelity: 0.99987361, 615/1000, 4537.27
2024-12-22 18:48:49,827 Loss: -3.79423807, 4.9512e-04, Fidelity: 0.99987111, 616/1000, 4544.65
2024-12-22 18:48:57,410 Loss: -3.79423154, 5.0165e-04, Fidelity: 0.99987084, 617/1000, 4552.24
2024-12-22 18:49:04,899 Loss: -3.79423025, 5.0294e-04, Fidelity: 0.99987360, 618/1000, 4559.73
2024-12-22 18:49:12,417 Loss: -3.79423616, 4.9703e-04, Fidelity: 0.99986970, 619/1000, 4567.24
2024-12-22 18:49:19,962 Loss: -3.79423352, 4.9967e-04, Fidelity: 0.99987575, 620/1000, 4574.79
2024-12-22 18:49:27,602 Loss: -3.79424328, 4.8992e-04, Fidelity: 0.99987180, 621/1000, 4582.43
2024-12-22 18:49:35,500 Loss: -3.79424512, 4.8807e-04, Fidelity: 0.99987862, 622/1000, 4590.33
2024-12-22 18:49:43,434 Loss: -3.79425329, 4.7990e-04, Fidelity: 0.99987514, 623/1000, 4598.26
2024-12-22 18:49:50,977 Loss: -3.79425041, 4.8278e-04, Fidelity: 0.99988345, 624/1000, 4605.80
2024-12-22 18:49:58,559 Loss: -3.79427591, 4.5728e-04, Fidelity: 0.99988107, 625/1000, 4613.39
2024-12-22 18:50:05,993 Loss: -3.79427089, 4.6230e-04, Fidelity: 0.99988295, 626/1000, 4620.82
2024-12-22 18:50:13,548 Loss: -3.79427866, 4.5453e-04, Fidelity: 0.99988281, 627/1000, 4628.37
2024-12-22 18:50:21,514 Loss: -3.79427733, 4.5586e-04, Fidelity: 0.99987918, 628/1000, 4636.34
2024-12-22 18:50:29,403 Loss: -3.79426452, 4.6867e-04, Fidelity: 0.99988126, 629/1000, 4644.23
2024-12-22 18:50:37,139 Loss: -3.79426815, 4.6504e-04, Fidelity: 0.99988022, 630/1000, 4651.97
2024-12-22 18:50:44,783 Loss: -3.79426867, 4.6452e-04, Fidelity: 0.99988550, 631/1000, 4659.61
2024-12-22 18:50:52,310 Loss: -3.79428765, 4.4554e-04, Fidelity: 0.99988415, 632/1000, 4667.14
2024-12-22 18:50:59,708 Loss: -3.79428381, 4.4939e-04, Fidelity: 0.99988659, 633/1000, 4674.53
2024-12-22 18:51:07,222 Loss: -3.79429078, 4.4241e-04, Fidelity: 0.99988651, 634/1000, 4682.05
2024-12-22 18:51:14,789 Loss: -3.79429159, 4.4160e-04, Fidelity: 0.99988765, 635/1000, 4689.62
2024-12-22 18:51:22,231 Loss: -3.79429462, 4.3857e-04, Fidelity: 0.99988698, 636/1000, 4697.06
2024-12-22 18:51:29,645 Loss: -3.79429285, 4.4034e-04, Fidelity: 0.99988736, 637/1000, 4704.47
2024-12-22 18:51:37,419 Loss: -3.79429243, 4.4076e-04, Fidelity: 0.99988704, 638/1000, 4712.25
2024-12-22 18:51:45,468 Loss: -3.79429431, 4.3888e-04, Fidelity: 0.99988826, 639/1000, 4720.29
2024-12-22 18:51:53,193 Loss: -3.79429663, 4.3657e-04, Fidelity: 0.99988482, 640/1000, 4728.02
2024-12-22 18:52:00,619 Loss: -3.79428451, 4.4868e-04, Fidelity: 0.99988867, 641/1000, 4735.45
2024-12-22 18:52:08,314 Loss: -3.79429834, 4.3485e-04, Fidelity: 0.99988633, 642/1000, 4743.14
2024-12-22 18:52:15,722 Loss: -3.79429465, 4.3855e-04, Fidelity: 0.99988779, 643/1000, 4750.55
2024-12-22 18:52:23,253 Loss: -3.79429437, 4.3883e-04, Fidelity: 0.99988490, 644/1000, 4758.08
2024-12-22 18:52:30,673 Loss: -3.79429162, 4.4157e-04, Fidelity: 0.99988627, 645/1000, 4765.50
2024-12-22 18:52:38,314 Loss: -3.79428911, 4.4408e-04, Fidelity: 0.99987995, 646/1000, 4773.14
2024-12-22 18:52:45,821 Loss: -3.79427662, 4.5657e-04, Fidelity: 0.99988003, 647/1000, 4780.65
2024-12-22 18:52:53,343 Loss: -3.79426639, 4.6681e-04, Fidelity: 0.99986904, 648/1000, 4788.17
2024-12-22 18:53:01,238 Loss: -3.79424595, 4.8724e-04, Fidelity: 0.99986373, 649/1000, 4796.07
2024-12-22 18:53:09,517 Loss: -3.79420857, 5.2463e-04, Fidelity: 0.99983903, 650/1000, 4804.34
2024-12-22 18:53:17,344 Loss: -3.79415100, 5.8219e-04, Fidelity: 0.99982264, 651/1000, 4812.17
2024-12-22 18:53:24,675 Loss: -3.79406881, 6.6439e-04, Fidelity: 0.99976695, 652/1000, 4819.50
2024-12-22 18:53:32,418 Loss: -3.79392536, 8.0783e-04, Fidelity: 0.99971051, 653/1000, 4827.25
2024-12-22 18:53:39,897 Loss: -3.79368970, 1.0435e-03, Fidelity: 0.99957222, 654/1000, 4834.72
2024-12-22 18:53:47,583 Loss: -3.79329116, 1.4420e-03, Fidelity: 0.99941246, 655/1000, 4842.41
2024-12-22 18:53:55,572 Loss: -3.79268900, 2.0442e-03, Fidelity: 0.99908708, 656/1000, 4850.40
2024-12-22 18:54:03,543 Loss: -3.79171501, 3.0182e-03, Fidelity: 0.99868492, 657/1000, 4858.37
2024-12-22 18:54:10,912 Loss: -3.79025694, 4.4763e-03, Fidelity: 0.99802178, 658/1000, 4865.74
2024-12-22 18:54:18,375 Loss: -3.78822233, 6.5109e-03, Fidelity: 0.99736035, 659/1000, 4873.20
2024-12-22 18:54:25,777 Loss: -3.78583694, 8.8963e-03, Fidelity: 0.99660415, 660/1000, 4880.60
2024-12-22 18:54:33,566 Loss: -3.78356382, 1.1169e-02, Fidelity: 0.99642179, 661/1000, 4888.39
2024-12-22 18:54:40,937 Loss: -3.78266642, 1.2067e-02, Fidelity: 0.99665027, 662/1000, 4895.76
2024-12-22 18:54:48,487 Loss: -3.78367999, 1.1053e-02, Fidelity: 0.99771223, 663/1000, 4903.31
2024-12-22 18:54:56,026 Loss: -3.78687594, 7.8573e-03, Fidelity: 0.99872062, 664/1000, 4910.85
2024-12-22 18:55:03,645 Loss: -3.79043408, 4.2991e-03, Fidelity: 0.99939533, 665/1000, 4918.47
2024-12-22 18:55:11,616 Loss: -3.79254724, 2.1860e-03, Fidelity: 0.99929128, 666/1000, 4926.44
2024-12-22 18:55:19,401 Loss: -3.79231999, 2.4132e-03, Fidelity: 0.99875421, 667/1000, 4934.23
2024-12-22 18:55:27,304 Loss: -3.79059744, 4.1358e-03, Fidelity: 0.99837808, 668/1000, 4942.13
2024-12-22 18:55:34,734 Loss: -3.78921991, 5.5133e-03, Fidelity: 0.99839227, 669/1000, 4949.56
2024-12-22 18:55:42,267 Loss: -3.78940700, 5.3262e-03, Fidelity: 0.99892189, 670/1000, 4957.09
2024-12-22 18:55:49,676 Loss: -3.79097011, 3.7631e-03, Fidelity: 0.99930615, 671/1000, 4964.50
2024-12-22 18:55:57,446 Loss: -3.79237763, 2.3556e-03, Fidelity: 0.99938585, 672/1000, 4972.27
2024-12-22 18:56:05,237 Loss: -3.79261610, 2.1171e-03, Fidelity: 0.99917349, 673/1000, 4980.06
2024-12-22 18:56:13,136 Loss: -3.79192440, 2.8088e-03, Fidelity: 0.99900029, 674/1000, 4987.96
2024-12-22 18:56:20,750 Loss: -3.79146698, 3.2662e-03, Fidelity: 0.99915191, 675/1000, 4995.58
2024-12-22 18:56:28,271 Loss: -3.79189892, 2.8343e-03, Fidelity: 0.99944214, 676/1000, 5003.10
2024-12-22 18:56:35,702 Loss: -3.79295003, 1.7832e-03, Fidelity: 0.99971075, 677/1000, 5010.53
2024-12-22 18:56:43,144 Loss: -3.79373283, 1.0004e-03, Fidelity: 0.99972906, 678/1000, 5017.97
2024-12-22 18:56:50,815 Loss: -3.79378607, 9.4713e-04, Fidelity: 0.99959566, 679/1000, 5025.64
2024-12-22 18:56:58,277 Loss: -3.79335537, 1.3778e-03, Fidelity: 0.99949711, 680/1000, 5033.10
2024-12-22 18:57:05,695 Loss: -3.79300196, 1.7312e-03, Fidelity: 0.99950478, 681/1000, 5040.52
2024-12-22 18:57:13,223 Loss: -3.79311117, 1.6220e-03, Fidelity: 0.99963296, 682/1000, 5048.05
2024-12-22 18:57:21,445 Loss: -3.79350243, 1.2308e-03, Fidelity: 0.99973393, 683/1000, 5056.27
2024-12-22 18:57:29,174 Loss: -3.79384980, 8.8339e-04, Fidelity: 0.99976035, 684/1000, 5064.00
2024-12-22 18:57:36,972 Loss: -3.79389670, 8.3650e-04, Fidelity: 0.99971590, 685/1000, 5071.80
2024-12-22 18:57:44,610 Loss: -3.79373414, 9.9905e-04, Fidelity: 0.99967002, 686/1000, 5079.44
2024-12-22 18:57:52,132 Loss: -3.79359677, 1.1364e-03, Fidelity: 0.99969113, 687/1000, 5086.96
2024-12-22 18:57:59,671 Loss: -3.79367287, 1.0603e-03, Fidelity: 0.99974613, 688/1000, 5094.50
2024-12-22 18:58:07,149 Loss: -3.79387293, 8.6027e-04, Fidelity: 0.99980297, 689/1000, 5101.98
2024-12-22 18:58:14,815 Loss: -3.79405577, 6.7742e-04, Fidelity: 0.99982261, 690/1000, 5109.64
2024-12-22 18:58:22,705 Loss: -3.79408887, 6.4432e-04, Fidelity: 0.99979649, 691/1000, 5117.53
2024-12-22 18:58:30,713 Loss: -3.79401440, 7.1879e-04, Fidelity: 0.99978984, 692/1000, 5125.54
2024-12-22 18:58:38,651 Loss: -3.79396616, 7.6703e-04, Fidelity: 0.99979900, 693/1000, 5133.48
2024-12-22 18:58:46,300 Loss: -3.79403584, 6.9735e-04, Fidelity: 0.99984609, 694/1000, 5141.13
2024-12-22 18:58:53,781 Loss: -3.79417384, 5.5935e-04, Fidelity: 0.99987280, 695/1000, 5148.61
2024-12-22 18:59:01,205 Loss: -3.79426980, 4.6340e-04, Fidelity: 0.99988105, 696/1000, 5156.03
2024-12-22 18:59:08,908 Loss: -3.79429362, 4.3957e-04, Fidelity: 0.99986367, 697/1000, 5163.74
2024-12-22 18:59:16,266 Loss: -3.79422690, 5.0630e-04, Fidelity: 0.99983940, 698/1000, 5171.09
2024-12-22 18:59:23,688 Loss: -3.79415728, 5.7591e-04, Fidelity: 0.99984482, 699/1000, 5178.52
2024-12-22 18:59:31,038 Loss: -3.79415702, 5.7617e-04, Fidelity: 0.99985539, 700/1000, 5185.87
2024-12-22 18:59:38,746 Loss: -3.79421149, 5.2171e-04, Fidelity: 0.99988189, 701/1000, 5193.57
2024-12-22 18:59:46,517 Loss: -3.79428119, 4.5201e-04, Fidelity: 0.99988327, 702/1000, 5201.34
2024-12-22 18:59:54,247 Loss: -3.79430058, 4.3261e-04, Fidelity: 0.99987904, 703/1000, 5209.07
2024-12-22 19:00:02,077 Loss: -3.79427539, 4.5781e-04, Fidelity: 0.99986338, 704/1000, 5216.90
2024-12-22 19:00:09,670 Loss: -3.79423126, 5.0193e-04, Fidelity: 0.99985789, 705/1000, 5224.50
2024-12-22 19:00:17,135 Loss: -3.79421820, 5.1499e-04, Fidelity: 0.99986433, 706/1000, 5231.96
2024-12-22 19:00:24,579 Loss: -3.79424011, 4.9309e-04, Fidelity: 0.99986896, 707/1000, 5239.41
2024-12-22 19:00:32,250 Loss: -3.79425605, 4.7714e-04, Fidelity: 0.99987477, 708/1000, 5247.08
2024-12-22 19:00:39,685 Loss: -3.79427497, 4.5822e-04, Fidelity: 0.99986751, 709/1000, 5254.51
2024-12-22 19:00:47,252 Loss: -3.79424841, 4.8478e-04, Fidelity: 0.99984907, 710/1000, 5262.08
2024-12-22 19:00:54,623 Loss: -3.79419493, 5.3826e-04, Fidelity: 0.99983138, 711/1000, 5269.45
2024-12-22 19:01:02,539 Loss: -3.79412507, 6.0812e-04, Fidelity: 0.99980152, 712/1000, 5277.37
2024-12-22 19:01:10,480 Loss: -3.79404091, 6.9228e-04, Fidelity: 0.99978133, 713/1000, 5285.31
2024-12-22 19:01:18,450 Loss: -3.79395505, 7.7814e-04, Fidelity: 0.99974162, 714/1000, 5293.28
2024-12-22 19:01:25,810 Loss: -3.79385185, 8.8134e-04, Fidelity: 0.99969095, 715/1000, 5300.64
2024-12-22 19:01:33,555 Loss: -3.79366120, 1.0720e-03, Fidelity: 0.99960430, 716/1000, 5308.38
2024-12-22 19:01:41,079 Loss: -3.79341019, 1.3230e-03, Fidelity: 0.99949032, 717/1000, 5315.91
2024-12-22 19:01:48,592 Loss: -3.79301563, 1.7176e-03, Fidelity: 0.99933335, 718/1000, 5323.42
2024-12-22 19:01:56,184 Loss: -3.79254687, 2.1863e-03, Fidelity: 0.99914677, 719/1000, 5331.01
2024-12-22 19:02:03,702 Loss: -3.79191866, 2.8145e-03, Fidelity: 0.99892126, 720/1000, 5338.53
2024-12-22 19:02:11,152 Loss: -3.79123494, 3.4982e-03, Fidelity: 0.99869383, 721/1000, 5345.98
2024-12-22 19:02:18,735 Loss: -3.79046008, 4.2731e-03, Fidelity: 0.99847675, 722/1000, 5353.56
2024-12-22 19:02:26,712 Loss: -3.78981021, 4.9230e-03, Fidelity: 0.99833509, 723/1000, 5361.54
2024-12-22 19:02:34,662 Loss: -3.78926936, 5.4638e-03, Fidelity: 0.99826129, 724/1000, 5369.49
2024-12-22 19:02:42,515 Loss: -3.78906674, 5.6665e-03, Fidelity: 0.99833908, 725/1000, 5377.34
2024-12-22 19:02:49,943 Loss: -3.78916683, 5.5664e-03, Fidelity: 0.99847107, 726/1000, 5384.77
2024-12-22 19:02:57,684 Loss: -3.78961571, 5.1175e-03, Fidelity: 0.99876523, 727/1000, 5392.51
2024-12-22 19:03:05,142 Loss: -3.79041476, 4.3184e-03, Fidelity: 0.99905310, 728/1000, 5399.97
2024-12-22 19:03:12,691 Loss: -3.79143947, 3.2937e-03, Fidelity: 0.99940013, 729/1000, 5407.52
2024-12-22 19:03:20,318 Loss: -3.79253500, 2.1982e-03, Fidelity: 0.99962541, 730/1000, 5415.15
2024-12-22 19:03:27,796 Loss: -3.79339573, 1.3375e-03, Fidelity: 0.99975693, 731/1000, 5422.62
2024-12-22 19:03:35,079 Loss: -3.79386052, 8.7268e-04, Fidelity: 0.99974853, 732/1000, 5429.91
2024-12-22 19:03:42,763 Loss: -3.79387662, 8.5657e-04, Fidelity: 0.99965650, 733/1000, 5437.59
2024-12-22 19:03:50,799 Loss: -3.79358394, 1.1493e-03, Fidelity: 0.99954578, 734/1000, 5445.63
2024-12-22 19:03:58,876 Loss: -3.79315703, 1.5762e-03, Fidelity: 0.99944885, 735/1000, 5453.70
2024-12-22 19:04:06,267 Loss: -3.79286116, 1.8720e-03, Fidelity: 0.99945394, 736/1000, 5461.09
2024-12-22 19:04:13,812 Loss: -3.79279382, 1.9394e-03, Fidelity: 0.99949272, 737/1000, 5468.64
2024-12-22 19:04:21,315 Loss: -3.79300376, 1.7294e-03, Fidelity: 0.99962427, 738/1000, 5476.14
2024-12-22 19:04:28,995 Loss: -3.79339358, 1.3396e-03, Fidelity: 0.99972869, 739/1000, 5483.82
2024-12-22 19:04:37,012 Loss: -3.79380614, 9.2705e-04, Fidelity: 0.99982139, 740/1000, 5491.84
2024-12-22 19:04:45,175 Loss: -3.79410320, 6.3000e-04, Fidelity: 0.99985451, 741/1000, 5500.00
2024-12-22 19:04:53,027 Loss: -3.79421499, 5.1820e-04, Fidelity: 0.99983545, 742/1000, 5507.85
2024-12-22 19:05:00,427 Loss: -3.79415528, 5.7791e-04, Fidelity: 0.99979749, 743/1000, 5515.25
2024-12-22 19:05:08,019 Loss: -3.79399556, 7.3763e-04, Fidelity: 0.99974912, 744/1000, 5522.85
2024-12-22 19:05:15,684 Loss: -3.79386618, 8.6701e-04, Fidelity: 0.99973743, 745/1000, 5530.51
2024-12-22 19:05:23,329 Loss: -3.79379599, 9.3720e-04, Fidelity: 0.99973651, 746/1000, 5538.16
2024-12-22 19:05:31,205 Loss: -3.79383259, 9.0060e-04, Fidelity: 0.99978073, 747/1000, 5546.03
2024-12-22 19:05:38,907 Loss: -3.79395543, 7.7777e-04, Fidelity: 0.99981729, 748/1000, 5553.73
2024-12-22 19:05:46,492 Loss: -3.79409718, 6.3601e-04, Fidelity: 0.99985920, 749/1000, 5561.32
2024-12-22 19:05:54,005 Loss: -3.79421926, 5.1393e-04, Fidelity: 0.99988160, 750/1000, 5568.83
2024-12-22 19:06:01,466 Loss: -3.79429318, 4.4001e-04, Fidelity: 0.99988840, 751/1000, 5576.29
2024-12-22 19:06:09,168 Loss: -3.79432066, 4.1253e-04, Fidelity: 0.99987992, 752/1000, 5584.00
2024-12-22 19:06:16,615 Loss: -3.79427630, 4.5689e-04, Fidelity: 0.99986380, 753/1000, 5591.44
2024-12-22 19:06:23,995 Loss: -3.79423431, 4.9888e-04, Fidelity: 0.99985915, 754/1000, 5598.82
2024-12-22 19:06:31,471 Loss: -3.79421284, 5.2035e-04, Fidelity: 0.99984992, 755/1000, 5606.30
2024-12-22 19:06:39,188 Loss: -3.79418590, 5.4729e-04, Fidelity: 0.99986005, 756/1000, 5614.02
2024-12-22 19:06:47,114 Loss: -3.79421958, 5.1361e-04, Fidelity: 0.99987084, 757/1000, 5621.94
2024-12-22 19:06:55,074 Loss: -3.79426197, 4.7122e-04, Fidelity: 0.99988689, 758/1000, 5629.90
2024-12-22 19:07:02,879 Loss: -3.79431987, 4.1332e-04, Fidelity: 0.99989703, 759/1000, 5637.71
2024-12-22 19:07:10,453 Loss: -3.79435169, 3.8150e-04, Fidelity: 0.99990093, 760/1000, 5645.28
2024-12-22 19:07:18,043 Loss: -3.79436045, 3.7274e-04, Fidelity: 0.99990247, 761/1000, 5652.87
2024-12-22 19:07:25,445 Loss: -3.79435965, 3.7354e-04, Fidelity: 0.99990076, 762/1000, 5660.27
2024-12-22 19:07:33,175 Loss: -3.79435247, 3.8072e-04, Fidelity: 0.99989695, 763/1000, 5668.00
2024-12-22 19:07:40,632 Loss: -3.79433441, 3.9878e-04, Fidelity: 0.99989528, 764/1000, 5675.46
2024-12-22 19:07:48,166 Loss: -3.79432721, 4.0598e-04, Fidelity: 0.99989239, 765/1000, 5682.99
2024-12-22 19:07:56,021 Loss: -3.79431702, 4.1617e-04, Fidelity: 0.99989529, 766/1000, 5690.85
2024-12-22 19:08:04,162 Loss: -3.79432667, 4.0653e-04, Fidelity: 0.99989561, 767/1000, 5698.99
2024-12-22 19:08:11,574 Loss: -3.79433243, 4.0077e-04, Fidelity: 0.99989816, 768/1000, 5706.40
2024-12-22 19:08:19,041 Loss: -3.79433512, 3.9807e-04, Fidelity: 0.99990055, 769/1000, 5713.87
2024-12-22 19:08:26,454 Loss: -3.79435075, 3.8244e-04, Fidelity: 0.99990699, 770/1000, 5721.28
2024-12-22 19:08:34,198 Loss: -3.79437291, 3.6028e-04, Fidelity: 0.99991013, 771/1000, 5729.03
2024-12-22 19:08:41,585 Loss: -3.79439306, 3.4013e-04, Fidelity: 0.99991520, 772/1000, 5736.41
2024-12-22 19:08:48,981 Loss: -3.79440903, 3.2416e-04, Fidelity: 0.99991484, 773/1000, 5743.81
2024-12-22 19:08:56,740 Loss: -3.79441270, 3.2049e-04, Fidelity: 0.99991767, 774/1000, 5751.57
2024-12-22 19:09:04,297 Loss: -3.79441891, 3.1428e-04, Fidelity: 0.99991793, 775/1000, 5759.12
2024-12-22 19:09:11,734 Loss: -3.79442822, 3.0497e-04, Fidelity: 0.99991808, 776/1000, 5766.56
2024-12-22 19:09:19,360 Loss: -3.79442248, 3.1072e-04, Fidelity: 0.99991533, 777/1000, 5774.19
2024-12-22 19:09:27,608 Loss: -3.79441917, 3.1402e-04, Fidelity: 0.99991420, 778/1000, 5782.44
2024-12-22 19:09:35,548 Loss: -3.79440820, 3.2499e-04, Fidelity: 0.99990836, 779/1000, 5790.38
2024-12-22 19:09:43,370 Loss: -3.79439318, 3.4001e-04, Fidelity: 0.99990677, 780/1000, 5798.20
2024-12-22 19:09:50,732 Loss: -3.79438226, 3.5093e-04, Fidelity: 0.99989836, 781/1000, 5805.56
2024-12-22 19:09:58,470 Loss: -3.79435988, 3.7331e-04, Fidelity: 0.99989216, 782/1000, 5813.30
2024-12-22 19:10:05,954 Loss: -3.79433082, 4.0237e-04, Fidelity: 0.99987796, 783/1000, 5820.78
2024-12-22 19:10:13,507 Loss: -3.79428994, 4.4325e-04, Fidelity: 0.99986626, 784/1000, 5828.33
2024-12-22 19:10:21,052 Loss: -3.79424618, 4.8701e-04, Fidelity: 0.99983779, 785/1000, 5835.88
2024-12-22 19:10:29,040 Loss: -3.79415703, 5.7616e-04, Fidelity: 0.99980608, 786/1000, 5843.87
2024-12-22 19:10:36,730 Loss: -3.79404259, 6.9060e-04, Fidelity: 0.99974762, 787/1000, 5851.56
2024-12-22 19:10:44,421 Loss: -3.79385645, 8.7674e-04, Fidelity: 0.99967206, 788/1000, 5859.25
2024-12-22 19:10:52,097 Loss: -3.79359484, 1.1384e-03, Fidelity: 0.99954610, 789/1000, 5866.92
2024-12-22 19:10:59,538 Loss: -3.79318972, 1.5435e-03, Fidelity: 0.99937377, 790/1000, 5874.36
2024-12-22 19:11:07,046 Loss: -3.79260464, 2.1286e-03, Fidelity: 0.99910918, 791/1000, 5881.87
2024-12-22 19:11:14,548 Loss: -3.79174371, 2.9895e-03, Fidelity: 0.99876804, 792/1000, 5889.37
2024-12-22 19:11:22,233 Loss: -3.79059771, 4.1355e-03, Fidelity: 0.99831229, 793/1000, 5897.06
2024-12-22 19:11:29,886 Loss: -3.78910778, 5.6254e-03, Fidelity: 0.99784397, 794/1000, 5904.71
2024-12-22 19:11:37,841 Loss: -3.78754375, 7.1894e-03, Fidelity: 0.99738445, 795/1000, 5912.67
2024-12-22 19:11:45,872 Loss: -3.78605137, 8.6818e-03, Fidelity: 0.99720492, 796/1000, 5920.70
2024-12-22 19:11:53,644 Loss: -3.78545422, 9.2790e-03, Fidelity: 0.99729945, 797/1000, 5928.47
2024-12-22 19:12:01,083 Loss: -3.78579454, 8.9387e-03, Fidelity: 0.99789131, 798/1000, 5935.91
2024-12-22 19:12:08,703 Loss: -3.78775397, 6.9792e-03, Fidelity: 0.99862188, 799/1000, 5943.53
2024-12-22 19:12:16,295 Loss: -3.79016292, 4.5703e-03, Fidelity: 0.99919353, 800/1000, 5951.12
2024-12-22 19:12:23,893 Loss: -3.79200542, 2.7278e-03, Fidelity: 0.99926454, 801/1000, 5958.72
2024-12-22 19:12:31,366 Loss: -3.79208743, 2.6458e-03, Fidelity: 0.99887051, 802/1000, 5966.19
2024-12-22 19:12:39,186 Loss: -3.79070796, 4.0252e-03, Fidelity: 0.99849229, 803/1000, 5974.01
2024-12-22 19:12:47,401 Loss: -3.78925577, 5.4774e-03, Fidelity: 0.99844679, 804/1000, 5982.23
2024-12-22 19:12:55,145 Loss: -3.78922208, 5.5111e-03, Fidelity: 0.99892718, 805/1000, 5989.97
2024-12-22 19:13:02,723 Loss: -3.79083172, 3.9015e-03, Fidelity: 0.99944080, 806/1000, 5997.55
2024-12-22 19:13:10,292 Loss: -3.79275775, 1.9754e-03, Fidelity: 0.99967616, 807/1000, 6005.12
2024-12-22 19:13:17,642 Loss: -3.79356210, 1.1711e-03, Fidelity: 0.99947142, 808/1000, 6012.47
2024-12-22 19:13:25,008 Loss: -3.79295603, 1.7772e-03, Fidelity: 0.99916764, 809/1000, 6019.84
2024-12-22 19:13:32,437 Loss: -3.79188710, 2.8461e-03, Fidelity: 0.99905025, 810/1000, 6027.26
2024-12-22 19:13:40,150 Loss: -3.79156507, 3.1681e-03, Fidelity: 0.99925677, 811/1000, 6034.98
2024-12-22 19:13:47,588 Loss: -3.79227062, 2.4626e-03, Fidelity: 0.99958640, 812/1000, 6042.42
2024-12-22 19:13:54,997 Loss: -3.79337404, 1.3592e-03, Fidelity: 0.99979436, 813/1000, 6049.82
2024-12-22 19:14:02,956 Loss: -3.79404604, 6.8715e-04, Fidelity: 0.99978944, 814/1000, 6057.78
2024-12-22 19:14:10,980 Loss: -3.79398418, 7.4901e-04, Fidelity: 0.99968802, 815/1000, 6065.81
2024-12-22 19:14:18,886 Loss: -3.79360987, 1.1233e-03, Fidelity: 0.99960647, 816/1000, 6073.71
2024-12-22 19:14:26,409 Loss: -3.79338390, 1.3493e-03, Fidelity: 0.99963816, 817/1000, 6081.24
2024-12-22 19:14:34,119 Loss: -3.79349383, 1.2394e-03, Fidelity: 0.99970339, 818/1000, 6088.95
2024-12-22 19:14:41,577 Loss: -3.79374391, 9.8928e-04, Fidelity: 0.99975347, 819/1000, 6096.40
2024-12-22 19:14:49,178 Loss: -3.79390401, 8.2919e-04, Fidelity: 0.99977378, 820/1000, 6104.01
2024-12-22 19:14:56,702 Loss: -3.79393924, 7.9396e-04, Fidelity: 0.99975379, 821/1000, 6111.53
2024-12-22 19:15:04,358 Loss: -3.79389246, 8.4073e-04, Fidelity: 0.99975753, 822/1000, 6119.19
2024-12-22 19:15:11,835 Loss: -3.79386875, 8.6444e-04, Fidelity: 0.99974189, 823/1000, 6126.66
2024-12-22 19:15:19,738 Loss: -3.79386572, 8.6748e-04, Fidelity: 0.99976085, 824/1000, 6134.56
2024-12-22 19:15:27,471 Loss: -3.79388652, 8.4668e-04, Fidelity: 0.99976368, 825/1000, 6142.30
2024-12-22 19:15:35,350 Loss: -3.79392397, 8.0922e-04, Fidelity: 0.99979663, 826/1000, 6150.18
2024-12-22 19:15:42,751 Loss: -3.79399815, 7.3504e-04, Fidelity: 0.99981916, 827/1000, 6157.58
2024-12-22 19:15:50,184 Loss: -3.79410144, 6.3175e-04, Fidelity: 0.99982753, 828/1000, 6165.01
2024-12-22 19:15:57,815 Loss: -3.79412654, 6.0665e-04, Fidelity: 0.99981242, 829/1000, 6172.64
2024-12-22 19:16:05,331 Loss: -3.79409929, 6.3390e-04, Fidelity: 0.99979210, 830/1000, 6180.16
2024-12-22 19:16:12,779 Loss: -3.79404051, 6.9269e-04, Fidelity: 0.99977612, 831/1000, 6187.61
2024-12-22 19:16:20,183 Loss: -3.79399617, 7.3703e-04, Fidelity: 0.99979494, 832/1000, 6195.01
2024-12-22 19:16:27,799 Loss: -3.79404131, 6.9188e-04, Fidelity: 0.99981209, 833/1000, 6202.63
2024-12-22 19:16:35,283 Loss: -3.79411401, 6.1918e-04, Fidelity: 0.99984614, 834/1000, 6210.11
2024-12-22 19:16:42,666 Loss: -3.79419265, 5.4054e-04, Fidelity: 0.99983939, 835/1000, 6217.49
2024-12-22 19:16:50,116 Loss: -3.79419532, 5.3787e-04, Fidelity: 0.99983354, 836/1000, 6224.94
2024-12-22 19:16:58,397 Loss: -3.79413410, 5.9909e-04, Fidelity: 0.99980127, 837/1000, 6233.22
2024-12-22 19:17:06,405 Loss: -3.79405008, 6.8311e-04, Fidelity: 0.99979115, 838/1000, 6241.23
2024-12-22 19:17:14,071 Loss: -3.79397462, 7.5858e-04, Fidelity: 0.99977193, 839/1000, 6248.90
2024-12-22 19:17:21,690 Loss: -3.79393171, 8.0148e-04, Fidelity: 0.99977051, 840/1000, 6256.52
2024-12-22 19:17:29,239 Loss: -3.79389452, 8.3867e-04, Fidelity: 0.99973888, 841/1000, 6264.07
2024-12-22 19:17:36,712 Loss: -3.79382462, 9.0857e-04, Fidelity: 0.99971033, 842/1000, 6271.54
2024-12-22 19:17:44,575 Loss: -3.79369830, 1.0349e-03, Fidelity: 0.99963515, 843/1000, 6279.40
2024-12-22 19:17:52,736 Loss: -3.79350474, 1.2285e-03, Fidelity: 0.99957901, 844/1000, 6287.56
2024-12-22 19:18:00,506 Loss: -3.79328364, 1.4496e-03, Fidelity: 0.99947360, 845/1000, 6295.33
2024-12-22 19:18:07,828 Loss: -3.79300894, 1.7243e-03, Fidelity: 0.99939680, 846/1000, 6302.66
2024-12-22 19:18:15,218 Loss: -3.79269407, 2.0391e-03, Fidelity: 0.99926760, 847/1000, 6310.04
2024-12-22 19:18:22,850 Loss: -3.79234074, 2.3925e-03, Fidelity: 0.99918482, 848/1000, 6317.68
2024-12-22 19:18:30,296 Loss: -3.79198401, 2.7492e-03, Fidelity: 0.99906157, 849/1000, 6325.12
2024-12-22 19:18:37,674 Loss: -3.79165211, 3.0811e-03, Fidelity: 0.99901742, 850/1000, 6332.50
2024-12-22 19:18:45,229 Loss: -3.79139635, 3.3368e-03, Fidelity: 0.99896339, 851/1000, 6340.06
2024-12-22 19:18:53,225 Loss: -3.79128264, 3.4506e-03, Fidelity: 0.99902252, 852/1000, 6348.05
2024-12-22 19:19:00,964 Loss: -3.79136064, 3.3726e-03, Fidelity: 0.99907507, 853/1000, 6355.79
2024-12-22 19:19:08,700 Loss: -3.79158080, 3.1524e-03, Fidelity: 0.99920406, 854/1000, 6363.53
2024-12-22 19:19:16,369 Loss: -3.79188995, 2.8432e-03, Fidelity: 0.99928686, 855/1000, 6371.20
2024-12-22 19:19:23,893 Loss: -3.79217885, 2.5543e-03, Fidelity: 0.99934351, 856/1000, 6378.72
2024-12-22 19:19:31,238 Loss: -3.79224386, 2.4893e-03, Fidelity: 0.99928686, 857/1000, 6386.06
2024-12-22 19:19:38,879 Loss: -3.79198260, 2.7506e-03, Fidelity: 0.99913257, 858/1000, 6393.71
2024-12-22 19:19:46,817 Loss: -3.79132102, 3.4122e-03, Fidelity: 0.99891024, 859/1000, 6401.64
2024-12-22 19:19:54,568 Loss: -3.79045428, 4.2789e-03, Fidelity: 0.99867777, 860/1000, 6409.40
2024-12-22 19:20:01,967 Loss: -3.78957240, 5.1608e-03, Fidelity: 0.99861892, 861/1000, 6416.79
2024-12-22 19:20:09,551 Loss: -3.78933538, 5.3978e-03, Fidelity: 0.99878764, 862/1000, 6424.38
2024-12-22 19:20:17,031 Loss: -3.79001450, 4.7187e-03, Fidelity: 0.99919335, 863/1000, 6431.86
2024-12-22 19:20:24,608 Loss: -3.79157827, 3.1549e-03, Fidelity: 0.99960266, 864/1000, 6439.44
2024-12-22 19:20:32,602 Loss: -3.79319429, 1.5389e-03, Fidelity: 0.99982811, 865/1000, 6447.43
2024-12-22 19:20:40,594 Loss: -3.79411035, 6.2285e-04, Fidelity: 0.99981971, 866/1000, 6455.42
2024-12-22 19:20:48,473 Loss: -3.79408400, 6.4919e-04, Fidelity: 0.99966013, 867/1000, 6463.30
2024-12-22 19:20:55,918 Loss: -3.79349722, 1.2360e-03, Fidelity: 0.99952393, 868/1000, 6470.75
2024-12-22 19:21:03,436 Loss: -3.79292184, 1.8114e-03, Fidelity: 0.99948141, 869/1000, 6478.26
2024-12-22 19:21:11,066 Loss: -3.79274695, 1.9862e-03, Fidelity: 0.99955353, 870/1000, 6485.89
2024-12-22 19:21:18,768 Loss: -3.79301714, 1.7161e-03, Fidelity: 0.99964759, 871/1000, 6493.60
2024-12-22 19:21:26,584 Loss: -3.79341312, 1.3201e-03, Fidelity: 0.99970903, 872/1000, 6501.41
2024-12-22 19:21:34,729 Loss: -3.79371384, 1.0194e-03, Fidelity: 0.99973064, 873/1000, 6509.56
2024-12-22 19:21:42,173 Loss: -3.79379347, 9.3972e-04, Fidelity: 0.99971703, 874/1000, 6517.00
2024-12-22 19:21:49,575 Loss: -3.79377940, 9.5379e-04, Fidelity: 0.99973813, 875/1000, 6524.40
2024-12-22 19:21:56,953 Loss: -3.79378845, 9.4474e-04, Fidelity: 0.99974769, 876/1000, 6531.78
2024-12-22 19:22:04,577 Loss: -3.79383908, 8.9411e-04, Fidelity: 0.99977418, 877/1000, 6539.40
2024-12-22 19:22:11,987 Loss: -3.79392117, 8.1203e-04, Fidelity: 0.99977709, 878/1000, 6546.81
2024-12-22 19:22:19,400 Loss: -3.79396766, 7.6554e-04, Fidelity: 0.99977982, 879/1000, 6554.23
2024-12-22 19:22:26,766 Loss: -3.79401194, 7.2125e-04, Fidelity: 0.99979338, 880/1000, 6561.59
2024-12-22 19:22:34,663 Loss: -3.79404117, 6.9203e-04, Fidelity: 0.99980468, 881/1000, 6569.49
2024-12-22 19:22:42,506 Loss: -3.79409435, 6.3884e-04, Fidelity: 0.99983492, 882/1000, 6577.33
2024-12-22 19:22:50,281 Loss: -3.79414686, 5.8633e-04, Fidelity: 0.99984245, 883/1000, 6585.11
2024-12-22 19:22:58,332 Loss: -3.79418514, 5.4805e-04, Fidelity: 0.99985713, 884/1000, 6593.16
2024-12-22 19:23:05,732 Loss: -3.79421043, 5.2277e-04, Fidelity: 0.99985357, 885/1000, 6600.56
2024-12-22 19:23:13,290 Loss: -3.79421384, 5.1935e-04, Fidelity: 0.99986084, 886/1000, 6608.12
2024-12-22 19:23:20,732 Loss: -3.79423598, 4.9721e-04, Fidelity: 0.99987440, 887/1000, 6615.56
2024-12-22 19:23:28,605 Loss: -3.79428327, 4.4993e-04, Fidelity: 0.99988722, 888/1000, 6623.43
2024-12-22 19:23:36,594 Loss: -3.79433544, 3.9775e-04, Fidelity: 0.99989782, 889/1000, 6631.42
2024-12-22 19:23:44,370 Loss: -3.79436109, 3.7211e-04, Fidelity: 0.99988919, 890/1000, 6639.20
2024-12-22 19:23:51,765 Loss: -3.79433667, 3.9653e-04, Fidelity: 0.99988145, 891/1000, 6646.59
2024-12-22 19:23:59,370 Loss: -3.79429521, 4.3798e-04, Fidelity: 0.99986426, 892/1000, 6654.20
2024-12-22 19:24:06,867 Loss: -3.79424072, 4.9247e-04, Fidelity: 0.99986920, 893/1000, 6661.69
2024-12-22 19:24:14,580 Loss: -3.79425065, 4.8255e-04, Fidelity: 0.99987743, 894/1000, 6669.41
2024-12-22 19:24:22,805 Loss: -3.79429065, 4.4254e-04, Fidelity: 0.99989771, 895/1000, 6677.63
2024-12-22 19:24:30,500 Loss: -3.79435711, 3.7609e-04, Fidelity: 0.99991288, 896/1000, 6685.33
2024-12-22 19:24:37,982 Loss: -3.79441578, 3.1741e-04, Fidelity: 0.99992038, 897/1000, 6692.81
2024-12-22 19:24:45,182 Loss: -3.79444040, 2.9279e-04, Fidelity: 0.99992054, 898/1000, 6700.01
2024-12-22 19:24:52,601 Loss: -3.79444174, 2.9145e-04, Fidelity: 0.99991079, 899/1000, 6707.43
2024-12-22 19:24:59,940 Loss: -3.79440528, 3.2791e-04, Fidelity: 0.99990521, 900/1000, 6714.77
2024-12-22 19:25:07,226 Loss: -3.79438038, 3.5281e-04, Fidelity: 0.99990067, 901/1000, 6722.05
2024-12-22 19:25:14,589 Loss: -3.79436745, 3.6574e-04, Fidelity: 0.99989807, 902/1000, 6729.42
2024-12-22 19:25:22,100 Loss: -3.79435224, 3.8095e-04, Fidelity: 0.99989818, 903/1000, 6736.93
2024-12-22 19:25:29,507 Loss: -3.79435877, 3.7443e-04, Fidelity: 0.99989084, 904/1000, 6744.33
2024-12-22 19:25:36,875 Loss: -3.79433364, 3.9956e-04, Fidelity: 0.99987537, 905/1000, 6751.70
2024-12-22 19:25:44,272 Loss: -3.79428599, 4.4720e-04, Fidelity: 0.99984389, 906/1000, 6759.10
2024-12-22 19:25:51,853 Loss: -3.79417733, 5.5586e-04, Fidelity: 0.99979048, 907/1000, 6766.68
2024-12-22 19:25:59,153 Loss: -3.79400050, 7.3270e-04, Fidelity: 0.99970440, 908/1000, 6773.98
2024-12-22 19:26:06,632 Loss: -3.79371363, 1.0196e-03, Fidelity: 0.99956536, 909/1000, 6781.46
2024-12-22 19:26:14,112 Loss: -3.79325392, 1.4793e-03, Fidelity: 0.99932957, 910/1000, 6788.94
2024-12-22 19:26:21,463 Loss: -3.79247852, 2.2547e-03, Fidelity: 0.99896095, 911/1000, 6796.29
2024-12-22 19:26:28,767 Loss: -3.79125389, 3.4793e-03, Fidelity: 0.99836980, 912/1000, 6803.59
2024-12-22 19:26:35,983 Loss: -3.78932184, 5.4114e-03, Fidelity: 0.99754672, 913/1000, 6810.81
2024-12-22 19:26:43,472 Loss: -3.78662045, 8.1127e-03, Fidelity: 0.99645922, 914/1000, 6818.30
2024-12-22 19:26:50,889 Loss: -3.78312830, 1.1605e-02, Fidelity: 0.99536275, 915/1000, 6825.72
2024-12-22 19:26:58,243 Loss: -3.77966801, 1.5065e-02, Fidelity: 0.99458830, 916/1000, 6833.07
2024-12-22 19:27:05,895 Loss: -3.77734894, 1.7384e-02, Fidelity: 0.99465222, 917/1000, 6840.72
2024-12-22 19:27:13,136 Loss: -3.77786027, 1.6873e-02, Fidelity: 0.99582768, 918/1000, 6847.96
2024-12-22 19:27:20,314 Loss: -3.78166290, 1.3070e-02, Fidelity: 0.99751193, 919/1000, 6855.14
2024-12-22 19:27:27,554 Loss: -3.78702478, 7.7084e-03, Fidelity: 0.99886737, 920/1000, 6862.38
2024-12-22 19:27:35,077 Loss: -3.79100748, 3.7257e-03, Fidelity: 0.99904584, 921/1000, 6869.90
2024-12-22 19:27:42,369 Loss: -3.79145618, 3.2770e-03, Fidelity: 0.99839948, 922/1000, 6877.20
2024-12-22 19:27:49,758 Loss: -3.78943999, 5.2932e-03, Fidelity: 0.99777810, 923/1000, 6884.59
2024-12-22 19:27:57,215 Loss: -3.78788873, 6.8445e-03, Fidelity: 0.99796615, 924/1000, 6892.04
2024-12-22 19:28:04,808 Loss: -3.78857398, 6.1592e-03, Fidelity: 0.99869277, 925/1000, 6899.64
2024-12-22 19:28:12,163 Loss: -3.79089211, 3.8411e-03, Fidelity: 0.99929833, 926/1000, 6906.99
2024-12-22 19:28:19,667 Loss: -3.79246918, 2.2640e-03, Fidelity: 0.99932671, 927/1000, 6914.49
2024-12-22 19:28:27,149 Loss: -3.79228061, 2.4526e-03, Fidelity: 0.99898917, 928/1000, 6921.98
2024-12-22 19:28:34,393 Loss: -3.79130087, 3.4323e-03, Fidelity: 0.99891091, 929/1000, 6929.22
2024-12-22 19:28:41,913 Loss: -3.79120424, 3.5289e-03, Fidelity: 0.99917145, 930/1000, 6936.74
2024-12-22 19:28:49,241 Loss: -3.79224497, 2.4882e-03, Fidelity: 0.99950411, 931/1000, 6944.07
2024-12-22 19:28:56,818 Loss: -3.79319141, 1.5418e-03, Fidelity: 0.99954804, 932/1000, 6951.65
2024-12-22 19:29:04,087 Loss: -3.79310431, 1.6289e-03, Fidelity: 0.99938131, 933/1000, 6958.91
2024-12-22 19:29:11,394 Loss: -3.79248015, 2.2530e-03, Fidelity: 0.99934787, 934/1000, 6966.22
2024-12-22 19:29:18,757 Loss: -3.79238496, 2.3482e-03, Fidelity: 0.99951699, 935/1000, 6973.58
2024-12-22 19:29:26,321 Loss: -3.79309221, 1.6410e-03, Fidelity: 0.99973438, 936/1000, 6981.15
2024-12-22 19:29:33,627 Loss: -3.79383129, 9.0190e-04, Fidelity: 0.99974569, 937/1000, 6988.45
2024-12-22 19:29:40,737 Loss: -3.79383477, 8.9842e-04, Fidelity: 0.99959914, 938/1000, 6995.56
2024-12-22 19:29:48,370 Loss: -3.79333131, 1.4019e-03, Fidelity: 0.99953662, 939/1000, 7003.20
2024-12-22 19:29:55,959 Loss: -3.79308162, 1.6516e-03, Fidelity: 0.99963560, 940/1000, 7010.79
2024-12-22 19:30:03,404 Loss: -3.79346974, 1.2634e-03, Fidelity: 0.99980936, 941/1000, 7018.23
2024-12-22 19:30:10,651 Loss: -3.79406636, 6.6683e-04, Fidelity: 0.99987299, 942/1000, 7025.48
2024-12-22 19:30:18,256 Loss: -3.79427711, 4.5609e-04, Fidelity: 0.99979451, 943/1000, 7033.08
2024-12-22 19:30:25,658 Loss: -3.79399515, 7.3804e-04, Fidelity: 0.99971119, 944/1000, 7040.48
2024-12-22 19:30:32,915 Loss: -3.79368657, 1.0466e-03, Fidelity: 0.99971635, 945/1000, 7047.74
2024-12-22 19:30:40,120 Loss: -3.79372022, 1.0130e-03, Fidelity: 0.99981293, 946/1000, 7054.95
2024-12-22 19:30:47,554 Loss: -3.79405342, 6.7977e-04, Fidelity: 0.99988912, 947/1000, 7062.38
2024-12-22 19:30:54,801 Loss: -3.79432873, 4.0446e-04, Fidelity: 0.99988217, 948/1000, 7069.63
2024-12-22 19:31:02,217 Loss: -3.79431200, 4.2119e-04, Fidelity: 0.99983803, 949/1000, 7077.04
2024-12-22 19:31:09,868 Loss: -3.79413444, 5.9875e-04, Fidelity: 0.99980115, 950/1000, 7084.69
2024-12-22 19:31:17,255 Loss: -3.79402856, 7.0464e-04, Fidelity: 0.99983339, 951/1000, 7092.08
2024-12-22 19:31:24,539 Loss: -3.79412392, 6.0927e-04, Fidelity: 0.99987621, 952/1000, 7099.37
2024-12-22 19:31:31,625 Loss: -3.79429477, 4.3843e-04, Fidelity: 0.99989740, 953/1000, 7106.45
2024-12-22 19:31:39,156 Loss: -3.79437082, 3.6237e-04, Fidelity: 0.99988382, 954/1000, 7113.98
2024-12-22 19:31:46,713 Loss: -3.79431158, 4.2161e-04, Fidelity: 0.99985321, 955/1000, 7121.54
2024-12-22 19:31:53,997 Loss: -3.79424389, 4.8930e-04, Fidelity: 0.99985299, 956/1000, 7128.82
2024-12-22 19:32:01,347 Loss: -3.79420574, 5.2745e-04, Fidelity: 0.99986845, 957/1000, 7136.17
2024-12-22 19:32:08,778 Loss: -3.79428266, 4.5054e-04, Fidelity: 0.99989806, 958/1000, 7143.61
2024-12-22 19:32:16,065 Loss: -3.79435697, 3.7622e-04, Fidelity: 0.99990186, 959/1000, 7150.89
2024-12-22 19:32:23,315 Loss: -3.79435892, 3.7427e-04, Fidelity: 0.99988146, 960/1000, 7158.14
2024-12-22 19:32:30,740 Loss: -3.79429426, 4.3894e-04, Fidelity: 0.99985751, 961/1000, 7165.57
2024-12-22 19:32:37,960 Loss: -3.79417766, 5.5553e-04, Fidelity: 0.99982987, 962/1000, 7172.79
2024-12-22 19:32:45,049 Loss: -3.79410778, 6.2541e-04, Fidelity: 0.99981500, 963/1000, 7179.88
2024-12-22 19:32:52,261 Loss: -3.79403201, 7.0118e-04, Fidelity: 0.99976843, 964/1000, 7187.09
2024-12-22 19:32:59,419 Loss: -3.79388288, 8.5031e-04, Fidelity: 0.99967372, 965/1000, 7194.25
2024-12-22 19:33:06,782 Loss: -3.79356198, 1.1712e-03, Fidelity: 0.99951851, 966/1000, 7201.61
2024-12-22 19:33:14,334 Loss: -3.79301543, 1.7178e-03, Fidelity: 0.99926043, 967/1000, 7209.16
2024-12-22 19:33:21,553 Loss: -3.79214275, 2.5904e-03, Fidelity: 0.99893511, 968/1000, 7216.38
2024-12-22 19:33:28,966 Loss: -3.79093610, 3.7971e-03, Fidelity: 0.99847307, 969/1000, 7223.79
2024-12-22 19:33:36,228 Loss: -3.78931431, 5.4189e-03, Fidelity: 0.99803917, 970/1000, 7231.05
2024-12-22 19:33:43,338 Loss: -3.78761773, 7.1155e-03, Fidelity: 0.99768436, 971/1000, 7238.16
2024-12-22 19:33:50,695 Loss: -3.78636087, 8.3723e-03, Fidelity: 0.99782440, 972/1000, 7245.52
2024-12-22 19:33:58,017 Loss: -3.78667802, 8.0552e-03, Fidelity: 0.99837850, 973/1000, 7252.84
2024-12-22 19:34:05,329 Loss: -3.78875147, 5.9817e-03, Fidelity: 0.99919795, 974/1000, 7260.16
2024-12-22 19:34:12,711 Loss: -3.79167522, 3.0580e-03, Fidelity: 0.99971500, 975/1000, 7267.54
2024-12-22 19:34:20,296 Loss: -3.79369051, 1.0427e-03, Fidelity: 0.99972511, 976/1000, 7275.12
2024-12-22 19:34:27,405 Loss: -3.79382964, 9.0355e-04, Fidelity: 0.99941665, 977/1000, 7282.23
2024-12-22 19:34:34,627 Loss: -3.79271988, 2.0133e-03, Fidelity: 0.99912578, 978/1000, 7289.45
2024-12-22 19:34:41,966 Loss: -3.79165205, 3.0811e-03, Fidelity: 0.99914966, 979/1000, 7296.79
2024-12-22 19:34:49,400 Loss: -3.79161211, 3.1211e-03, Fidelity: 0.99939527, 980/1000, 7304.23
2024-12-22 19:34:56,909 Loss: -3.79251564, 2.2176e-03, Fidelity: 0.99965951, 981/1000, 7311.74
2024-12-22 19:35:04,259 Loss: -3.79348184, 1.2514e-03, Fidelity: 0.99971538, 982/1000, 7319.09
2024-12-22 19:35:11,786 Loss: -3.79376547, 9.6772e-04, Fidelity: 0.99958223, 983/1000, 7326.61
2024-12-22 19:35:19,059 Loss: -3.79336688, 1.3663e-03, Fidelity: 0.99947536, 984/1000, 7333.89
2024-12-22 19:35:26,357 Loss: -3.79295662, 1.7766e-03, Fidelity: 0.99949324, 985/1000, 7341.18
2024-12-22 19:35:33,678 Loss: -3.79301987, 1.7133e-03, Fidelity: 0.99966789, 986/1000, 7348.51
2024-12-22 19:35:41,145 Loss: -3.79355457, 1.1786e-03, Fidelity: 0.99981760, 987/1000, 7355.97
2024-12-22 19:35:48,401 Loss: -3.79409851, 6.3469e-04, Fidelity: 0.99985164, 988/1000, 7363.23
2024-12-22 19:35:55,706 Loss: -3.79420441, 5.2878e-04, Fidelity: 0.99976405, 989/1000, 7370.53
2024-12-22 19:36:03,009 Loss: -3.79391792, 8.1527e-04, Fidelity: 0.99966120, 990/1000, 7377.84
2024-12-22 19:36:10,535 Loss: -3.79359622, 1.1370e-03, Fidelity: 0.99966128, 991/1000, 7385.36
2024-12-22 19:36:17,795 Loss: -3.79356053, 1.1727e-03, Fidelity: 0.99973963, 992/1000, 7392.62
2024-12-22 19:36:25,019 Loss: -3.79386083, 8.7236e-04, Fidelity: 0.99985475, 993/1000, 7399.85
2024-12-22 19:36:32,566 Loss: -3.79421631, 5.1688e-04, Fidelity: 0.99988915, 994/1000, 7407.39
2024-12-22 19:36:39,995 Loss: -3.79434742, 3.8577e-04, Fidelity: 0.99986378, 995/1000, 7414.82
2024-12-22 19:36:47,518 Loss: -3.79424418, 4.8901e-04, Fidelity: 0.99980380, 996/1000, 7422.35
2024-12-22 19:36:54,697 Loss: -3.79403204, 7.0116e-04, Fidelity: 0.99977925, 997/1000, 7429.52
2024-12-22 19:37:01,951 Loss: -3.79395074, 7.8246e-04, Fidelity: 0.99981317, 998/1000, 7436.78
2024-12-22 19:37:09,090 Loss: -3.79406234, 6.7085e-04, Fidelity: 0.99986572, 999/1000, 7443.92
2024-12-22 19:37:16,267 Loss: -3.79425486, 4.7833e-04, Fidelity: 0.99991306, 1000/1000, 7451.09
2024-12-22 19:37:16,273 Energy Gap: 4.7833e-04, 1000/1000, Save: ./mats/VQE_nqd7_L3_20241222_193716.mat
